{
  "benchmark_name": "SSBQ2v2S100T4",
  "scale_factor": "100",
  "thread_count": "4",
  "all_optimizers": 0.00023100000000000003,
  "cumulative_optimizer_timing": 0.00023100000000000003,
  "planner": 0.000108,
  "planner_binding": 0.000106,
  "physical_planner": 0.000024999999999999998,
  "physical_planner_column_binding": 0.000005,
  "physical_planner_resolve_types": 0.0,
  "physical_planner_create_plan": 0.000017,
  "optimizer_expression_rewriter": 0.000022,
  "optimizer_filter_pullup": 0.000002,
  "optimizer_filter_pushdown": 0.000036,
  "optimizer_cte_filter_pusher": 0.000001,
  "optimizer_regex_range": 0.0,
  "optimizer_in_clause": 0.000001,
  "optimizer_join_order": 0.000069,
  "optimizer_deliminator": 0.0,
  "optimizer_unnest_rewriter": 0.0,
  "optimizer_unused_columns": 0.000006,
  "optimizer_statistics_propagation": 0.000062,
  "optimizer_limit_pushdown": 0.000001,
  "optimizer_top_n": 0.0,
  "optimizer_compressed_materialization": 0.0,
  "optimizer_duplicate_groups": 0.000002,
  "optimizer_reorder_filter": 0.000003,
  "optimizer_join_filter_pushdown": 0.000008,
  "optimizer_extension": 0.0,
  "optimizer_materialized_cte": 0.0,
  "optimizer_build_side_probe_side": 0.000005,
  "result_set_size": 1904,
  "optimizer_column_lifetime": 0.000011,
  "operator_timing": 1.728291,
  "optimizer_common_aggregate": 0.000001,
  "operator_rows_scanned": 0,
  "optimizer_common_subexpressions": 0.000001,
  "cumulative_rows_scanned": 2406155136,
  "operator_cardinality": 0,
  "cumulative_cardinality": 724142810,
  "extra_info": {},
  "cpu_time": 8.375544000000327,
  "blocked_thread_time": 0.0,
  "query_name": "SELECT SUM(lo_revenue), d_year, p_brand1 FROM lineorder, date, part, supplier WHERE lo_orderdate = d_datekey AND lo_partkey = p_partkey AND lo_suppkey = s_suppkey AND p_brand1 BETWEEN 'MFGR#2221' AND 'MFGR#2228' AND s_region = 'ASIA' GROUP BY d_year, p_brand1 ORDER BY d_year, p_brand1;",
  "children": [
    {
      "result_set_size": 1904,
      "operator_timing": 0.000003,
      "operator_rows_scanned": 0,
      "cumulative_rows_scanned": 2406155136,
      "operator_cardinality": 56,
      "cumulative_cardinality": 724142810,
      "extra_info": {
        "Projections": [
          "#0",
          "__internal_decompress_integral_smallint(#1, 1992)",
          "__internal_decompress_string(#2)"
        ],
        "Estimated Cardinality": "953343"
      },
      "operator_type": "PROJECTION",
      "cpu_time": 6.647253000000327,
      "children": [
        {
          "result_set_size": 1848,
          "operator_timing": 0.00021899999999999996,
          "operator_rows_scanned": 0,
          "cumulative_rows_scanned": 2406155136,
          "operator_cardinality": 56,
          "cumulative_cardinality": 724142754,
          "extra_info": {
            "Order By": [
              "date.d_year ASC",
              "part.p_brand1 ASC"
            ]
          },
          "operator_type": "ORDER_BY",
          "cpu_time": 6.6472500000003265,
          "children": [
            {
              "result_set_size": 1848,
              "operator_timing": 0.000003,
              "operator_rows_scanned": 0,
              "cumulative_rows_scanned": 2406155136,
              "operator_cardinality": 56,
              "cumulative_cardinality": 724142698,
              "extra_info": {
                "Projections": [
                  "#0",
                  "__internal_compress_integral_utinyint(#1, 1992)",
                  "__internal_compress_string_hugeint(#2)"
                ],
                "Estimated Cardinality": "953343"
              },
              "operator_type": "PROJECTION",
              "cpu_time": 6.647031000000326,
              "children": [
                {
                  "result_set_size": 1904,
                  "operator_timing": 0.000001,
                  "operator_rows_scanned": 0,
                  "cumulative_rows_scanned": 2406155136,
                  "operator_cardinality": 56,
                  "cumulative_cardinality": 724142642,
                  "extra_info": {
                    "Projections": [
                      "sum(lo_revenue)",
                      "d_year",
                      "p_brand1"
                    ],
                    "Estimated Cardinality": "953343"
                  },
                  "operator_type": "PROJECTION",
                  "cpu_time": 6.647028000000326,
                  "children": [
                    {
                      "result_set_size": 1904,
                      "operator_timing": 0.000006,
                      "operator_rows_scanned": 0,
                      "cumulative_rows_scanned": 2406155136,
                      "operator_cardinality": 56,
                      "cumulative_cardinality": 724142586,
                      "extra_info": {
                        "Projections": [
                          "__internal_decompress_integral_smallint(#0, 1992)",
                          "__internal_decompress_string(#1)",
                          "#2"
                        ],
                        "Estimated Cardinality": "953343"
                      },
                      "operator_type": "PROJECTION",
                      "cpu_time": 6.6470270000003255,
                      "children": [
                        {
                          "result_set_size": 1848,
                          "operator_timing": 0.010939000000000008,
                          "operator_rows_scanned": 0,
                          "cumulative_rows_scanned": 2406155136,
                          "operator_cardinality": 56,
                          "cumulative_cardinality": 724142530,
                          "extra_info": {
                            "Groups": [
                              "#0",
                              "#1"
                            ],
                            "Aggregates": "sum(#2)",
                            "Estimated Cardinality": "953343"
                          },
                          "operator_type": "HASH_GROUP_BY",
                          "cpu_time": 6.647021000000326,
                          "children": [
                            {
                              "result_set_size": 20287953,
                              "operator_timing": 0.000121,
                              "operator_rows_scanned": 0,
                              "cumulative_rows_scanned": 2406155136,
                              "operator_cardinality": 966093,
                              "cumulative_cardinality": 724142474,
                              "extra_info": {
                                "Projections": [
                                  "d_year",
                                  "p_brand1",
                                  "lo_revenue"
                                ],
                                "Estimated Cardinality": "31908648"
                              },
                              "operator_type": "PROJECTION",
                              "cpu_time": 6.636082000000326,
                              "children": [
                                {
                                  "result_set_size": 43474185,
                                  "operator_timing": 0.003697999999999993,
                                  "operator_rows_scanned": 0,
                                  "cumulative_rows_scanned": 2406155136,
                                  "operator_cardinality": 966093,
                                  "cumulative_cardinality": 723176381,
                                  "extra_info": {
                                    "Projections": [
                                      "#0",
                                      "#1",
                                      "#2",
                                      "#3",
                                      "#4",
                                      "#5",
                                      "__internal_compress_string_hugeint(#6)",
                                      "#7",
                                      "__internal_compress_integral_utinyint(#8, 1992)"
                                    ],
                                    "Estimated Cardinality": "31908648"
                                  },
                                  "operator_type": "PROJECTION",
                                  "cpu_time": 6.635961000000326,
                                  "children": [
                                    {
                                      "result_set_size": 44440278,
                                      "operator_timing": 0.001680000000000001,
                                      "operator_rows_scanned": 0,
                                      "cumulative_rows_scanned": 2406155136,
                                      "operator_cardinality": 966093,
                                      "cumulative_cardinality": 722210288,
                                      "extra_info": {
                                        "Join Type": "INNER",
                                        "Conditions": "lo_orderdate = d_datekey",
                                        "Build Min": "1992-01-01",
                                        "Build Max": "1998-12-30",
                                        "Estimated Cardinality": "31908648"
                                      },
                                      "operator_type": "HASH_JOIN",
                                      "cpu_time": 6.632263000000326,
                                      "children": [
                                        {
                                          "result_set_size": 38643720,
                                          "operator_timing": 0.8482910000006507,
                                          "operator_rows_scanned": 0,
                                          "cumulative_rows_scanned": 2406152580,
                                          "operator_cardinality": 966093,
                                          "cumulative_cardinality": 721241639,
                                          "extra_info": {
                                            "Join Type": "INNER",
                                            "Conditions": "lo_partkey = p_partkey",
                                            "Build Min": "1",
                                            "Build Max": "1000000",
                                            "Estimated Cardinality": "28974950"
                                          },
                                          "operator_type": "HASH_JOIN",
                                          "cpu_time": 6.630579000000326,
                                          "children": [
                                            {
                                              "result_set_size": 2406944580,
                                              "operator_timing": 2.1007719999981513,
                                              "operator_rows_scanned": 0,
                                              "cumulative_rows_scanned": 2400552580,
                                              "operator_cardinality": 120347229,
                                              "cumulative_cardinality": 720256261,
                                              "extra_info": {
                                                "Join Type": "INNER",
                                                "Conditions": "lo_suppkey = s_suppkey",
                                                "Build Min": "1",
                                                "Build Max": "200000",
                                                "Estimated Cardinality": "128755261"
                                              },
                                              "operator_type": "HASH_JOIN",
                                              "cpu_time": 5.773879999999675,
                                              "children": [
                                                {
                                                  "result_set_size": 9597902608,
                                                  "operator_timing": 3.672470000001524,
                                                  "operator_rows_scanned": 2400152580,
                                                  "cumulative_rows_scanned": 2400152580,
                                                  "operator_cardinality": 599868913,
                                                  "cumulative_cardinality": 599868913,
                                                  "extra_info": {
                                                    "Text": "lineorder",
                                                    "Projections": [
                                                      "lo_orderdate",
                                                      "lo_partkey",
                                                      "lo_suppkey",
                                                      "lo_revenue"
                                                    ],
                                                    "Estimated Cardinality": "600038145"
                                                  },
                                                  "operator_type": "TABLE_SCAN",
                                                  "cpu_time": 3.672470000001524,
                                                  "children": []
                                                },
                                                {
                                                  "result_set_size": 160476,
                                                  "operator_timing": 0.0006380000000000001,
                                                  "operator_rows_scanned": 400000,
                                                  "cumulative_rows_scanned": 400000,
                                                  "operator_cardinality": 40119,
                                                  "cumulative_cardinality": 40119,
                                                  "extra_info": {
                                                    "Text": "supplier",
                                                    "Projections": "s_suppkey",
                                                    "Filters": "s_region='ASIA' AND s_region IS NOT NULL",
                                                    "Estimated Cardinality": "40000"
                                                  },
                                                  "operator_type": "TABLE_SCAN",
                                                  "cpu_time": 0.0006380000000000001,
                                                  "children": []
                                                }
                                              ]
                                            },
                                            {
                                              "result_set_size": 160300,
                                              "operator_timing": 0.0005179999999999989,
                                              "operator_rows_scanned": 0,
                                              "cumulative_rows_scanned": 5600000,
                                              "operator_cardinality": 8015,
                                              "cumulative_cardinality": 19285,
                                              "extra_info": {
                                                "Expression": "(p_partkey <= 1000000)",
                                                "Estimated Cardinality": "280000"
                                              },
                                              "operator_type": "FILTER",
                                              "cpu_time": 0.008407999999999997,
                                              "children": [
                                                {
                                                  "result_set_size": 225400,
                                                  "operator_timing": 0.007889999999999998,
                                                  "operator_rows_scanned": 5600000,
                                                  "cumulative_rows_scanned": 5600000,
                                                  "operator_cardinality": 11270,
                                                  "cumulative_cardinality": 11270,
                                                  "extra_info": {
                                                    "Text": "part",
                                                    "Projections": [
                                                      "p_partkey",
                                                      "p_brand1"
                                                    ],
                                                    "Filters": "p_brand1>='MFGR#2221' AND p_brand1<='MFGR#2228' AND p_brand1 IS NOT NULL",
                                                    "Estimated Cardinality": "280000"
                                                  },
                                                  "operator_type": "TABLE_SCAN",
                                                  "cpu_time": 0.007889999999999998,
                                                  "children": []
                                                }
                                              ]
                                            }
                                          ]
                                        },
                                        {
                                          "result_set_size": 15336,
                                          "operator_timing": 0.000004,
                                          "operator_rows_scanned": 2556,
                                          "cumulative_rows_scanned": 2556,
                                          "operator_cardinality": 2556,
                                          "cumulative_cardinality": 2556,
                                          "extra_info": {
                                            "Text": "date",
                                            "Projections": [
                                              "d_datekey",
                                              "d_year"
                                            ],
                                            "Estimated Cardinality": "2556"
                                          },
                                          "operator_type": "TABLE_SCAN",
                                          "cpu_time": 0.000004,
                                          "children": []
                                        }
                                      ]
                                    }
                                  ]
                                }
                              ]
                            }
                          ]
                        }
                      ]
                    }
                  ]
                }
              ]
            }
          ]
        }
      ]
    }
  ]
}
{
  "benchmark_name": "SSBQ2v2S100T4",
  "scale_factor": "100",
  "thread_count": "4",
  "all_optimizers": 0.000242,
  "cumulative_optimizer_timing": 0.00023899999999999998,
  "planner": 0.000116,
  "planner_binding": 0.000114,
  "physical_planner": 0.000026000000000000002,
  "physical_planner_column_binding": 0.000005,
  "physical_planner_resolve_types": 0.0,
  "physical_planner_create_plan": 0.000018,
  "optimizer_expression_rewriter": 0.000021,
  "optimizer_filter_pullup": 0.000001,
  "optimizer_filter_pushdown": 0.000039,
  "optimizer_cte_filter_pusher": 0.000001,
  "optimizer_regex_range": 0.0,
  "optimizer_in_clause": 0.000001,
  "optimizer_join_order": 0.000073,
  "optimizer_deliminator": 0.000001,
  "optimizer_unnest_rewriter": 0.0,
  "optimizer_unused_columns": 0.000005,
  "optimizer_statistics_propagation": 0.000064,
  "optimizer_limit_pushdown": 0.0,
  "optimizer_top_n": 0.0,
  "optimizer_compressed_materialization": 0.0,
  "optimizer_duplicate_groups": 0.000003,
  "optimizer_reorder_filter": 0.000004,
  "optimizer_join_filter_pushdown": 0.000007,
  "optimizer_extension": 0.0,
  "optimizer_materialized_cte": 0.0,
  "optimizer_build_side_probe_side": 0.000006,
  "result_set_size": 1904,
  "optimizer_column_lifetime": 0.00001,
  "operator_timing": 1.66684,
  "optimizer_common_aggregate": 0.000002,
  "operator_rows_scanned": 0,
  "optimizer_common_subexpressions": 0.000001,
  "cumulative_rows_scanned": 2406155136,
  "operator_cardinality": 0,
  "cumulative_cardinality": 724142810,
  "extra_info": {},
  "cpu_time": 8.099379000000972,
  "blocked_thread_time": 0.0,
  "query_name": "SELECT SUM(lo_revenue), d_year, p_brand1 FROM lineorder, date, part, supplier WHERE lo_orderdate = d_datekey AND lo_partkey = p_partkey AND lo_suppkey = s_suppkey AND p_brand1 BETWEEN 'MFGR#2221' AND 'MFGR#2228' AND s_region = 'ASIA' GROUP BY d_year, p_brand1 ORDER BY d_year, p_brand1;",
  "children": [
    {
      "result_set_size": 1904,
      "operator_timing": 0.000002,
      "operator_rows_scanned": 0,
      "cumulative_rows_scanned": 2406155136,
      "operator_cardinality": 56,
      "cumulative_cardinality": 724142810,
      "extra_info": {
        "Projections": [
          "#0",
          "__internal_decompress_integral_smallint(#1, 1992)",
          "__internal_decompress_string(#2)"
        ],
        "Estimated Cardinality": "953343"
      },
      "operator_type": "PROJECTION",
      "cpu_time": 6.432539000000973,
      "children": [
        {
          "result_set_size": 1848,
          "operator_timing": 0.00033699999999999995,
          "operator_rows_scanned": 0,
          "cumulative_rows_scanned": 2406155136,
          "operator_cardinality": 56,
          "cumulative_cardinality": 724142754,
          "extra_info": {
            "Order By": [
              "date.d_year ASC",
              "part.p_brand1 ASC"
            ]
          },
          "operator_type": "ORDER_BY",
          "cpu_time": 6.4325370000009725,
          "children": [
            {
              "result_set_size": 1848,
              "operator_timing": 0.000003,
              "operator_rows_scanned": 0,
              "cumulative_rows_scanned": 2406155136,
              "operator_cardinality": 56,
              "cumulative_cardinality": 724142698,
              "extra_info": {
                "Projections": [
                  "#0",
                  "__internal_compress_integral_utinyint(#1, 1992)",
                  "__internal_compress_string_hugeint(#2)"
                ],
                "Estimated Cardinality": "953343"
              },
              "operator_type": "PROJECTION",
              "cpu_time": 6.4322000000009725,
              "children": [
                {
                  "result_set_size": 1904,
                  "operator_timing": 0.000001,
                  "operator_rows_scanned": 0,
                  "cumulative_rows_scanned": 2406155136,
                  "operator_cardinality": 56,
                  "cumulative_cardinality": 724142642,
                  "extra_info": {
                    "Projections": [
                      "sum(lo_revenue)",
                      "d_year",
                      "p_brand1"
                    ],
                    "Estimated Cardinality": "953343"
                  },
                  "operator_type": "PROJECTION",
                  "cpu_time": 6.432197000000972,
                  "children": [
                    {
                      "result_set_size": 1904,
                      "operator_timing": 0.0000049999999999999996,
                      "operator_rows_scanned": 0,
                      "cumulative_rows_scanned": 2406155136,
                      "operator_cardinality": 56,
                      "cumulative_cardinality": 724142586,
                      "extra_info": {
                        "Projections": [
                          "__internal_decompress_integral_smallint(#0, 1992)",
                          "__internal_decompress_string(#1)",
                          "#2"
                        ],
                        "Estimated Cardinality": "953343"
                      },
                      "operator_type": "PROJECTION",
                      "cpu_time": 6.432196000000972,
                      "children": [
                        {
                          "result_set_size": 1848,
                          "operator_timing": 0.010594000000000006,
                          "operator_rows_scanned": 0,
                          "cumulative_rows_scanned": 2406155136,
                          "operator_cardinality": 56,
                          "cumulative_cardinality": 724142530,
                          "extra_info": {
                            "Groups": [
                              "#0",
                              "#1"
                            ],
                            "Aggregates": "sum(#2)",
                            "Estimated Cardinality": "953343"
                          },
                          "operator_type": "HASH_GROUP_BY",
                          "cpu_time": 6.432191000000972,
                          "children": [
                            {
                              "result_set_size": 20287953,
                              "operator_timing": 0.00015499999999999992,
                              "operator_rows_scanned": 0,
                              "cumulative_rows_scanned": 2406155136,
                              "operator_cardinality": 966093,
                              "cumulative_cardinality": 724142474,
                              "extra_info": {
                                "Projections": [
                                  "d_year",
                                  "p_brand1",
                                  "lo_revenue"
                                ],
                                "Estimated Cardinality": "31908648"
                              },
                              "operator_type": "PROJECTION",
                              "cpu_time": 6.421597000000972,
                              "children": [
                                {
                                  "result_set_size": 43474185,
                                  "operator_timing": 0.003725999999999993,
                                  "operator_rows_scanned": 0,
                                  "cumulative_rows_scanned": 2406155136,
                                  "operator_cardinality": 966093,
                                  "cumulative_cardinality": 723176381,
                                  "extra_info": {
                                    "Projections": [
                                      "#0",
                                      "#1",
                                      "#2",
                                      "#3",
                                      "#4",
                                      "#5",
                                      "__internal_compress_string_hugeint(#6)",
                                      "#7",
                                      "__internal_compress_integral_utinyint(#8, 1992)"
                                    ],
                                    "Estimated Cardinality": "31908648"
                                  },
                                  "operator_type": "PROJECTION",
                                  "cpu_time": 6.4214420000009715,
                                  "children": [
                                    {
                                      "result_set_size": 44440278,
                                      "operator_timing": 0.0016380000000000006,
                                      "operator_rows_scanned": 0,
                                      "cumulative_rows_scanned": 2406155136,
                                      "operator_cardinality": 966093,
                                      "cumulative_cardinality": 722210288,
                                      "extra_info": {
                                        "Join Type": "INNER",
                                        "Conditions": "lo_orderdate = d_datekey",
                                        "Build Min": "1992-01-01",
                                        "Build Max": "1998-12-30",
                                        "Estimated Cardinality": "31908648"
                                      },
                                      "operator_type": "HASH_JOIN",
                                      "cpu_time": 6.417716000000971,
                                      "children": [
                                        {
                                          "result_set_size": 38643720,
                                          "operator_timing": 0.8267190000006361,
                                          "operator_rows_scanned": 0,
                                          "cumulative_rows_scanned": 2406152580,
                                          "operator_cardinality": 966093,
                                          "cumulative_cardinality": 721241639,
                                          "extra_info": {
                                            "Join Type": "INNER",
                                            "Conditions": "lo_partkey = p_partkey",
                                            "Build Min": "1",
                                            "Build Max": "1000000",
                                            "Estimated Cardinality": "28974950"
                                          },
                                          "operator_type": "HASH_JOIN",
                                          "cpu_time": 6.416073000000972,
                                          "children": [
                                            {
                                              "result_set_size": 2406944580,
                                              "operator_timing": 2.0735619999981774,
                                              "operator_rows_scanned": 0,
                                              "cumulative_rows_scanned": 2400552580,
                                              "operator_cardinality": 120347229,
                                              "cumulative_cardinality": 720256261,
                                              "extra_info": {
                                                "Join Type": "INNER",
                                                "Conditions": "lo_suppkey = s_suppkey",
                                                "Build Min": "1",
                                                "Build Max": "200000",
                                                "Estimated Cardinality": "128755261"
                                              },
                                              "operator_type": "HASH_JOIN",
                                              "cpu_time": 5.581344000000336,
                                              "children": [
                                                {
                                                  "result_set_size": 9597902608,
                                                  "operator_timing": 3.507169000002158,
                                                  "operator_rows_scanned": 2400152580,
                                                  "cumulative_rows_scanned": 2400152580,
                                                  "operator_cardinality": 599868913,
                                                  "cumulative_cardinality": 599868913,
                                                  "extra_info": {
                                                    "Text": "lineorder",
                                                    "Projections": [
                                                      "lo_orderdate",
                                                      "lo_partkey",
                                                      "lo_suppkey",
                                                      "lo_revenue"
                                                    ],
                                                    "Estimated Cardinality": "600038145"
                                                  },
                                                  "operator_type": "TABLE_SCAN",
                                                  "cpu_time": 3.507169000002158,
                                                  "children": []
                                                },
                                                {
                                                  "result_set_size": 160476,
                                                  "operator_timing": 0.000613,
                                                  "operator_rows_scanned": 400000,
                                                  "cumulative_rows_scanned": 400000,
                                                  "operator_cardinality": 40119,
                                                  "cumulative_cardinality": 40119,
                                                  "extra_info": {
                                                    "Text": "supplier",
                                                    "Projections": "s_suppkey",
                                                    "Filters": "s_region='ASIA' AND s_region IS NOT NULL",
                                                    "Estimated Cardinality": "40000"
                                                  },
                                                  "operator_type": "TABLE_SCAN",
                                                  "cpu_time": 0.000613,
                                                  "children": []
                                                }
                                              ]
                                            },
                                            {
                                              "result_set_size": 160300,
                                              "operator_timing": 0.0004619999999999991,
                                              "operator_rows_scanned": 0,
                                              "cumulative_rows_scanned": 5600000,
                                              "operator_cardinality": 8015,
                                              "cumulative_cardinality": 19285,
                                              "extra_info": {
                                                "Expression": "(p_partkey <= 1000000)",
                                                "Estimated Cardinality": "280000"
                                              },
                                              "operator_type": "FILTER",
                                              "cpu_time": 0.008009999999999995,
                                              "children": [
                                                {
                                                  "result_set_size": 225400,
                                                  "operator_timing": 0.007547999999999996,
                                                  "operator_rows_scanned": 5600000,
                                                  "cumulative_rows_scanned": 5600000,
                                                  "operator_cardinality": 11270,
                                                  "cumulative_cardinality": 11270,
                                                  "extra_info": {
                                                    "Text": "part",
                                                    "Projections": [
                                                      "p_partkey",
                                                      "p_brand1"
                                                    ],
                                                    "Filters": "p_brand1>='MFGR#2221' AND p_brand1<='MFGR#2228' AND p_brand1 IS NOT NULL",
                                                    "Estimated Cardinality": "280000"
                                                  },
                                                  "operator_type": "TABLE_SCAN",
                                                  "cpu_time": 0.007547999999999996,
                                                  "children": []
                                                }
                                              ]
                                            }
                                          ]
                                        },
                                        {
                                          "result_set_size": 15336,
                                          "operator_timing": 0.0000049999999999999996,
                                          "operator_rows_scanned": 2556,
                                          "cumulative_rows_scanned": 2556,
                                          "operator_cardinality": 2556,
                                          "cumulative_cardinality": 2556,
                                          "extra_info": {
                                            "Text": "date",
                                            "Projections": [
                                              "d_datekey",
                                              "d_year"
                                            ],
                                            "Estimated Cardinality": "2556"
                                          },
                                          "operator_type": "TABLE_SCAN",
                                          "cpu_time": 0.0000049999999999999996,
                                          "children": []
                                        }
                                      ]
                                    }
                                  ]
                                }
                              ]
                            }
                          ]
                        }
                      ]
                    }
                  ]
                }
              ]
            }
          ]
        }
      ]
    }
  ]
}
{
  "benchmark_name": "SSBQ2v2S100T4",
  "scale_factor": "100",
  "thread_count": "4",
  "all_optimizers": 0.0011359999999999999,
  "cumulative_optimizer_timing": 0.001133,
  "planner": 0.00038500000000000003,
  "planner_binding": 0.000382,
  "physical_planner": 0.000126,
  "physical_planner_column_binding": 0.000013,
  "physical_planner_resolve_types": 0.000002,
  "physical_planner_create_plan": 0.0001,
  "optimizer_expression_rewriter": 0.000139,
  "optimizer_filter_pullup": 0.000001,
  "optimizer_filter_pushdown": 0.000041,
  "optimizer_cte_filter_pusher": 0.0,
  "optimizer_regex_range": 0.000001,
  "optimizer_in_clause": 0.000001,
  "optimizer_join_order": 0.000197,
  "optimizer_deliminator": 0.0,
  "optimizer_unnest_rewriter": 0.0,
  "optimizer_unused_columns": 0.000007,
  "optimizer_statistics_propagation": 0.000672,
  "optimizer_limit_pushdown": 0.000001,
  "optimizer_top_n": 0.0,
  "optimizer_compressed_materialization": 0.0,
  "optimizer_duplicate_groups": 0.000002,
  "optimizer_reorder_filter": 0.000007,
  "optimizer_join_filter_pushdown": 0.000019,
  "optimizer_extension": 0.0,
  "optimizer_materialized_cte": 0.0,
  "optimizer_build_side_probe_side": 0.000007,
  "result_set_size": 1904,
  "optimizer_column_lifetime": 0.000027,
  "operator_timing": 1.702382,
  "optimizer_common_aggregate": 0.000009,
  "operator_rows_scanned": 0,
  "optimizer_common_subexpressions": 0.000002,
  "cumulative_rows_scanned": 2406155136,
  "operator_cardinality": 0,
  "cumulative_cardinality": 724142810,
  "extra_info": {},
  "cpu_time": 8.24706600000081,
  "blocked_thread_time": 0.0,
  "query_name": "SELECT SUM(lo_revenue), d_year, p_brand1 FROM lineorder, date, part, supplier WHERE lo_orderdate = d_datekey AND lo_partkey = p_partkey AND lo_suppkey = s_suppkey AND p_brand1 BETWEEN 'MFGR#2221' AND 'MFGR#2228' AND s_region = 'ASIA' GROUP BY d_year, p_brand1 ORDER BY d_year, p_brand1;",
  "children": [
    {
      "result_set_size": 1904,
      "operator_timing": 0.000002,
      "operator_rows_scanned": 0,
      "cumulative_rows_scanned": 2406155136,
      "operator_cardinality": 56,
      "cumulative_cardinality": 724142810,
      "extra_info": {
        "Projections": [
          "#0",
          "__internal_decompress_integral_smallint(#1, 1992)",
          "__internal_decompress_string(#2)"
        ],
        "Estimated Cardinality": "953343"
      },
      "operator_type": "PROJECTION",
      "cpu_time": 6.544684000000809,
      "children": [
        {
          "result_set_size": 1848,
          "operator_timing": 0.00028100000000000005,
          "operator_rows_scanned": 0,
          "cumulative_rows_scanned": 2406155136,
          "operator_cardinality": 56,
          "cumulative_cardinality": 724142754,
          "extra_info": {
            "Order By": [
              "date.d_year ASC",
              "part.p_brand1 ASC"
            ]
          },
          "operator_type": "ORDER_BY",
          "cpu_time": 6.544682000000809,
          "children": [
            {
              "result_set_size": 1848,
              "operator_timing": 0.000003,
              "operator_rows_scanned": 0,
              "cumulative_rows_scanned": 2406155136,
              "operator_cardinality": 56,
              "cumulative_cardinality": 724142698,
              "extra_info": {
                "Projections": [
                  "#0",
                  "__internal_compress_integral_utinyint(#1, 1992)",
                  "__internal_compress_string_hugeint(#2)"
                ],
                "Estimated Cardinality": "953343"
              },
              "operator_type": "PROJECTION",
              "cpu_time": 6.544401000000809,
              "children": [
                {
                  "result_set_size": 1904,
                  "operator_timing": 0.000001,
                  "operator_rows_scanned": 0,
                  "cumulative_rows_scanned": 2406155136,
                  "operator_cardinality": 56,
                  "cumulative_cardinality": 724142642,
                  "extra_info": {
                    "Projections": [
                      "sum(lo_revenue)",
                      "d_year",
                      "p_brand1"
                    ],
                    "Estimated Cardinality": "953343"
                  },
                  "operator_type": "PROJECTION",
                  "cpu_time": 6.544398000000808,
                  "children": [
                    {
                      "result_set_size": 1904,
                      "operator_timing": 0.0000049999999999999996,
                      "operator_rows_scanned": 0,
                      "cumulative_rows_scanned": 2406155136,
                      "operator_cardinality": 56,
                      "cumulative_cardinality": 724142586,
                      "extra_info": {
                        "Projections": [
                          "__internal_decompress_integral_smallint(#0, 1992)",
                          "__internal_decompress_string(#1)",
                          "#2"
                        ],
                        "Estimated Cardinality": "953343"
                      },
                      "operator_type": "PROJECTION",
                      "cpu_time": 6.544397000000808,
                      "children": [
                        {
                          "result_set_size": 1848,
                          "operator_timing": 0.01099300000000001,
                          "operator_rows_scanned": 0,
                          "cumulative_rows_scanned": 2406155136,
                          "operator_cardinality": 56,
                          "cumulative_cardinality": 724142530,
                          "extra_info": {
                            "Groups": [
                              "#0",
                              "#1"
                            ],
                            "Aggregates": "sum(#2)",
                            "Estimated Cardinality": "953343"
                          },
                          "operator_type": "HASH_GROUP_BY",
                          "cpu_time": 6.5443920000008085,
                          "children": [
                            {
                              "result_set_size": 20287953,
                              "operator_timing": 0.00013099999999999999,
                              "operator_rows_scanned": 0,
                              "cumulative_rows_scanned": 2406155136,
                              "operator_cardinality": 966093,
                              "cumulative_cardinality": 724142474,
                              "extra_info": {
                                "Projections": [
                                  "d_year",
                                  "p_brand1",
                                  "lo_revenue"
                                ],
                                "Estimated Cardinality": "31908648"
                              },
                              "operator_type": "PROJECTION",
                              "cpu_time": 6.533399000000808,
                              "children": [
                                {
                                  "result_set_size": 43474185,
                                  "operator_timing": 0.003835999999999993,
                                  "operator_rows_scanned": 0,
                                  "cumulative_rows_scanned": 2406155136,
                                  "operator_cardinality": 966093,
                                  "cumulative_cardinality": 723176381,
                                  "extra_info": {
                                    "Projections": [
                                      "#0",
                                      "#1",
                                      "#2",
                                      "#3",
                                      "#4",
                                      "#5",
                                      "__internal_compress_string_hugeint(#6)",
                                      "#7",
                                      "__internal_compress_integral_utinyint(#8, 1992)"
                                    ],
                                    "Estimated Cardinality": "31908648"
                                  },
                                  "operator_type": "PROJECTION",
                                  "cpu_time": 6.533268000000809,
                                  "children": [
                                    {
                                      "result_set_size": 44440278,
                                      "operator_timing": 0.005830000000000002,
                                      "operator_rows_scanned": 0,
                                      "cumulative_rows_scanned": 2406155136,
                                      "operator_cardinality": 966093,
                                      "cumulative_cardinality": 722210288,
                                      "extra_info": {
                                        "Join Type": "INNER",
                                        "Conditions": "lo_orderdate = d_datekey",
                                        "Build Min": "1992-01-01",
                                        "Build Max": "1998-12-30",
                                        "Estimated Cardinality": "31908648"
                                      },
                                      "operator_type": "HASH_JOIN",
                                      "cpu_time": 6.529432000000809,
                                      "children": [
                                        {
                                          "result_set_size": 38643720,
                                          "operator_timing": 0.8504970000006749,
                                          "operator_rows_scanned": 0,
                                          "cumulative_rows_scanned": 2406152580,
                                          "operator_cardinality": 966093,
                                          "cumulative_cardinality": 721241639,
                                          "extra_info": {
                                            "Join Type": "INNER",
                                            "Conditions": "lo_partkey = p_partkey",
                                            "Build Min": "1",
                                            "Build Max": "1000000",
                                            "Estimated Cardinality": "28974950"
                                          },
                                          "operator_type": "HASH_JOIN",
                                          "cpu_time": 6.523591000000809,
                                          "children": [
                                            {
                                              "result_set_size": 2406944580,
                                              "operator_timing": 2.06825199999806,
                                              "operator_rows_scanned": 0,
                                              "cumulative_rows_scanned": 2400552580,
                                              "operator_cardinality": 120347229,
                                              "cumulative_cardinality": 720256261,
                                              "extra_info": {
                                                "Join Type": "INNER",
                                                "Conditions": "lo_suppkey = s_suppkey",
                                                "Build Min": "1",
                                                "Build Max": "200000",
                                                "Estimated Cardinality": "128755261"
                                              },
                                              "operator_type": "HASH_JOIN",
                                              "cpu_time": 5.586172000000134,
                                              "children": [
                                                {
                                                  "result_set_size": 9597902608,
                                                  "operator_timing": 3.5173180000020734,
                                                  "operator_rows_scanned": 2400152580,
                                                  "cumulative_rows_scanned": 2400152580,
                                                  "operator_cardinality": 599868913,
                                                  "cumulative_cardinality": 599868913,
                                                  "extra_info": {
                                                    "Text": "lineorder",
                                                    "Projections": [
                                                      "lo_orderdate",
                                                      "lo_partkey",
                                                      "lo_suppkey",
                                                      "lo_revenue"
                                                    ],
                                                    "Estimated Cardinality": "600038145"
                                                  },
                                                  "operator_type": "TABLE_SCAN",
                                                  "cpu_time": 3.5173180000020734,
                                                  "children": []
                                                },
                                                {
                                                  "result_set_size": 160476,
                                                  "operator_timing": 0.0006020000000000001,
                                                  "operator_rows_scanned": 400000,
                                                  "cumulative_rows_scanned": 400000,
                                                  "operator_cardinality": 40119,
                                                  "cumulative_cardinality": 40119,
                                                  "extra_info": {
                                                    "Text": "supplier",
                                                    "Projections": "s_suppkey",
                                                    "Filters": "s_region='ASIA' AND s_region IS NOT NULL",
                                                    "Estimated Cardinality": "40000"
                                                  },
                                                  "operator_type": "TABLE_SCAN",
                                                  "cpu_time": 0.0006020000000000001,
                                                  "children": []
                                                }
                                              ]
                                            },
                                            {
                                              "result_set_size": 160300,
                                              "operator_timing": 0.01783400000000003,
                                              "operator_rows_scanned": 0,
                                              "cumulative_rows_scanned": 5600000,
                                              "operator_cardinality": 8015,
                                              "cumulative_cardinality": 19285,
                                              "extra_info": {
                                                "Expression": "(p_partkey <= 1000000)",
                                                "Estimated Cardinality": "280000"
                                              },
                                              "operator_type": "FILTER",
                                              "cpu_time": 0.08692200000000032,
                                              "children": [
                                                {
                                                  "result_set_size": 225400,
                                                  "operator_timing": 0.06908800000000029,
                                                  "operator_rows_scanned": 5600000,
                                                  "cumulative_rows_scanned": 5600000,
                                                  "operator_cardinality": 11270,
                                                  "cumulative_cardinality": 11270,
                                                  "extra_info": {
                                                    "Text": "part",
                                                    "Projections": [
                                                      "p_partkey",
                                                      "p_brand1"
                                                    ],
                                                    "Filters": "p_brand1>='MFGR#2221' AND p_brand1<='MFGR#2228' AND p_brand1 IS NOT NULL",
                                                    "Estimated Cardinality": "280000"
                                                  },
                                                  "operator_type": "TABLE_SCAN",
                                                  "cpu_time": 0.06908800000000029,
                                                  "children": []
                                                }
                                              ]
                                            }
                                          ]
                                        },
                                        {
                                          "result_set_size": 15336,
                                          "operator_timing": 0.000011,
                                          "operator_rows_scanned": 2556,
                                          "cumulative_rows_scanned": 2556,
                                          "operator_cardinality": 2556,
                                          "cumulative_cardinality": 2556,
                                          "extra_info": {
                                            "Text": "date",
                                            "Projections": [
                                              "d_datekey",
                                              "d_year"
                                            ],
                                            "Estimated Cardinality": "2556"
                                          },
                                          "operator_type": "TABLE_SCAN",
                                          "cpu_time": 0.000011,
                                          "children": []
                                        }
                                      ]
                                    }
                                  ]
                                }
                              ]
                            }
                          ]
                        }
                      ]
                    }
                  ]
                }
              ]
            }
          ]
        }
      ]
    }
  ]
}
{
  "benchmark_name": "SSBQ2v2S100T4",
  "scale_factor": "100",
  "thread_count": "4",
  "all_optimizers": 0.000229,
  "cumulative_optimizer_timing": 0.00022899999999999998,
  "planner": 0.000113,
  "planner_binding": 0.000111,
  "physical_planner": 0.000026000000000000002,
  "physical_planner_column_binding": 0.000004,
  "physical_planner_resolve_types": 0.000001,
  "physical_planner_create_plan": 0.000018,
  "optimizer_expression_rewriter": 0.000021,
  "optimizer_filter_pullup": 0.000001,
  "optimizer_filter_pushdown": 0.000038,
  "optimizer_cte_filter_pusher": 0.000001,
  "optimizer_regex_range": 0.0,
  "optimizer_in_clause": 0.000001,
  "optimizer_join_order": 0.00007,
  "optimizer_deliminator": 0.0,
  "optimizer_unnest_rewriter": 0.0,
  "optimizer_unused_columns": 0.000005,
  "optimizer_statistics_propagation": 0.000061,
  "optimizer_limit_pushdown": 0.000001,
  "optimizer_top_n": 0.0,
  "optimizer_compressed_materialization": 0.0,
  "optimizer_duplicate_groups": 0.000002,
  "optimizer_reorder_filter": 0.000002,
  "optimizer_join_filter_pushdown": 0.000007,
  "optimizer_extension": 0.0,
  "optimizer_materialized_cte": 0.0,
  "optimizer_build_side_probe_side": 0.000007,
  "result_set_size": 1904,
  "optimizer_column_lifetime": 0.000009,
  "operator_timing": 1.667843,
  "optimizer_common_aggregate": 0.000001,
  "operator_rows_scanned": 0,
  "optimizer_common_subexpressions": 0.000002,
  "cumulative_rows_scanned": 2406155136,
  "operator_cardinality": 0,
  "cumulative_cardinality": 724142810,
  "extra_info": {},
  "cpu_time": 8.096941000000943,
  "blocked_thread_time": 0.0,
  "query_name": "SELECT SUM(lo_revenue), d_year, p_brand1 FROM lineorder, date, part, supplier WHERE lo_orderdate = d_datekey AND lo_partkey = p_partkey AND lo_suppkey = s_suppkey AND p_brand1 BETWEEN 'MFGR#2221' AND 'MFGR#2228' AND s_region = 'ASIA' GROUP BY d_year, p_brand1 ORDER BY d_year, p_brand1;",
  "children": [
    {
      "result_set_size": 1904,
      "operator_timing": 0.000001,
      "operator_rows_scanned": 0,
      "cumulative_rows_scanned": 2406155136,
      "operator_cardinality": 56,
      "cumulative_cardinality": 724142810,
      "extra_info": {
        "Projections": [
          "#0",
          "__internal_decompress_integral_smallint(#1, 1992)",
          "__internal_decompress_string(#2)"
        ],
        "Estimated Cardinality": "953343"
      },
      "operator_type": "PROJECTION",
      "cpu_time": 6.429098000000943,
      "children": [
        {
          "result_set_size": 1848,
          "operator_timing": 0.00024999999999999995,
          "operator_rows_scanned": 0,
          "cumulative_rows_scanned": 2406155136,
          "operator_cardinality": 56,
          "cumulative_cardinality": 724142754,
          "extra_info": {
            "Order By": [
              "date.d_year ASC",
              "part.p_brand1 ASC"
            ]
          },
          "operator_type": "ORDER_BY",
          "cpu_time": 6.429097000000943,
          "children": [
            {
              "result_set_size": 1848,
              "operator_timing": 0.000003,
              "operator_rows_scanned": 0,
              "cumulative_rows_scanned": 2406155136,
              "operator_cardinality": 56,
              "cumulative_cardinality": 724142698,
              "extra_info": {
                "Projections": [
                  "#0",
                  "__internal_compress_integral_utinyint(#1, 1992)",
                  "__internal_compress_string_hugeint(#2)"
                ],
                "Estimated Cardinality": "953343"
              },
              "operator_type": "PROJECTION",
              "cpu_time": 6.428847000000943,
              "children": [
                {
                  "result_set_size": 1904,
                  "operator_timing": 0.000002,
                  "operator_rows_scanned": 0,
                  "cumulative_rows_scanned": 2406155136,
                  "operator_cardinality": 56,
                  "cumulative_cardinality": 724142642,
                  "extra_info": {
                    "Projections": [
                      "sum(lo_revenue)",
                      "d_year",
                      "p_brand1"
                    ],
                    "Estimated Cardinality": "953343"
                  },
                  "operator_type": "PROJECTION",
                  "cpu_time": 6.428844000000942,
                  "children": [
                    {
                      "result_set_size": 1904,
                      "operator_timing": 0.0000049999999999999996,
                      "operator_rows_scanned": 0,
                      "cumulative_rows_scanned": 2406155136,
                      "operator_cardinality": 56,
                      "cumulative_cardinality": 724142586,
                      "extra_info": {
                        "Projections": [
                          "__internal_decompress_integral_smallint(#0, 1992)",
                          "__internal_decompress_string(#1)",
                          "#2"
                        ],
                        "Estimated Cardinality": "953343"
                      },
                      "operator_type": "PROJECTION",
                      "cpu_time": 6.428842000000942,
                      "children": [
                        {
                          "result_set_size": 1848,
                          "operator_timing": 0.010886000000000007,
                          "operator_rows_scanned": 0,
                          "cumulative_rows_scanned": 2406155136,
                          "operator_cardinality": 56,
                          "cumulative_cardinality": 724142530,
                          "extra_info": {
                            "Groups": [
                              "#0",
                              "#1"
                            ],
                            "Aggregates": "sum(#2)",
                            "Estimated Cardinality": "953343"
                          },
                          "operator_type": "HASH_GROUP_BY",
                          "cpu_time": 6.428837000000942,
                          "children": [
                            {
                              "result_set_size": 20287953,
                              "operator_timing": 0.00014699999999999994,
                              "operator_rows_scanned": 0,
                              "cumulative_rows_scanned": 2406155136,
                              "operator_cardinality": 966093,
                              "cumulative_cardinality": 724142474,
                              "extra_info": {
                                "Projections": [
                                  "d_year",
                                  "p_brand1",
                                  "lo_revenue"
                                ],
                                "Estimated Cardinality": "31908648"
                              },
                              "operator_type": "PROJECTION",
                              "cpu_time": 6.417951000000942,
                              "children": [
                                {
                                  "result_set_size": 43474185,
                                  "operator_timing": 0.003749999999999993,
                                  "operator_rows_scanned": 0,
                                  "cumulative_rows_scanned": 2406155136,
                                  "operator_cardinality": 966093,
                                  "cumulative_cardinality": 723176381,
                                  "extra_info": {
                                    "Projections": [
                                      "#0",
                                      "#1",
                                      "#2",
                                      "#3",
                                      "#4",
                                      "#5",
                                      "__internal_compress_string_hugeint(#6)",
                                      "#7",
                                      "__internal_compress_integral_utinyint(#8, 1992)"
                                    ],
                                    "Estimated Cardinality": "31908648"
                                  },
                                  "operator_type": "PROJECTION",
                                  "cpu_time": 6.417804000000942,
                                  "children": [
                                    {
                                      "result_set_size": 44440278,
                                      "operator_timing": 0.001600000000000001,
                                      "operator_rows_scanned": 0,
                                      "cumulative_rows_scanned": 2406155136,
                                      "operator_cardinality": 966093,
                                      "cumulative_cardinality": 722210288,
                                      "extra_info": {
                                        "Join Type": "INNER",
                                        "Conditions": "lo_orderdate = d_datekey",
                                        "Build Min": "1992-01-01",
                                        "Build Max": "1998-12-30",
                                        "Estimated Cardinality": "31908648"
                                      },
                                      "operator_type": "HASH_JOIN",
                                      "cpu_time": 6.414054000000942,
                                      "children": [
                                        {
                                          "result_set_size": 38643720,
                                          "operator_timing": 0.8323580000006454,
                                          "operator_rows_scanned": 0,
                                          "cumulative_rows_scanned": 2406152580,
                                          "operator_cardinality": 966093,
                                          "cumulative_cardinality": 721241639,
                                          "extra_info": {
                                            "Join Type": "INNER",
                                            "Conditions": "lo_partkey = p_partkey",
                                            "Build Min": "1",
                                            "Build Max": "1000000",
                                            "Estimated Cardinality": "28974950"
                                          },
                                          "operator_type": "HASH_JOIN",
                                          "cpu_time": 6.412447000000942,
                                          "children": [
                                            {
                                              "result_set_size": 2406944580,
                                              "operator_timing": 2.055552999998084,
                                              "operator_rows_scanned": 0,
                                              "cumulative_rows_scanned": 2400552580,
                                              "operator_cardinality": 120347229,
                                              "cumulative_cardinality": 720256261,
                                              "extra_info": {
                                                "Join Type": "INNER",
                                                "Conditions": "lo_suppkey = s_suppkey",
                                                "Build Min": "1",
                                                "Build Max": "200000",
                                                "Estimated Cardinality": "128755261"
                                              },
                                              "operator_type": "HASH_JOIN",
                                              "cpu_time": 5.5721640000002965,
                                              "children": [
                                                {
                                                  "result_set_size": 9597902608,
                                                  "operator_timing": 3.5159760000022127,
                                                  "operator_rows_scanned": 2400152580,
                                                  "cumulative_rows_scanned": 2400152580,
                                                  "operator_cardinality": 599868913,
                                                  "cumulative_cardinality": 599868913,
                                                  "extra_info": {
                                                    "Text": "lineorder",
                                                    "Projections": [
                                                      "lo_orderdate",
                                                      "lo_partkey",
                                                      "lo_suppkey",
                                                      "lo_revenue"
                                                    ],
                                                    "Estimated Cardinality": "600038145"
                                                  },
                                                  "operator_type": "TABLE_SCAN",
                                                  "cpu_time": 3.5159760000022127,
                                                  "children": []
                                                },
                                                {
                                                  "result_set_size": 160476,
                                                  "operator_timing": 0.000635,
                                                  "operator_rows_scanned": 400000,
                                                  "cumulative_rows_scanned": 400000,
                                                  "operator_cardinality": 40119,
                                                  "cumulative_cardinality": 40119,
                                                  "extra_info": {
                                                    "Text": "supplier",
                                                    "Projections": "s_suppkey",
                                                    "Filters": "s_region='ASIA' AND s_region IS NOT NULL",
                                                    "Estimated Cardinality": "40000"
                                                  },
                                                  "operator_type": "TABLE_SCAN",
                                                  "cpu_time": 0.000635,
                                                  "children": []
                                                }
                                              ]
                                            },
                                            {
                                              "result_set_size": 160300,
                                              "operator_timing": 0.0004219999999999992,
                                              "operator_rows_scanned": 0,
                                              "cumulative_rows_scanned": 5600000,
                                              "operator_cardinality": 8015,
                                              "cumulative_cardinality": 19285,
                                              "extra_info": {
                                                "Expression": "(p_partkey <= 1000000)",
                                                "Estimated Cardinality": "280000"
                                              },
                                              "operator_type": "FILTER",
                                              "cpu_time": 0.007924999999999996,
                                              "children": [
                                                {
                                                  "result_set_size": 225400,
                                                  "operator_timing": 0.0075029999999999975,
                                                  "operator_rows_scanned": 5600000,
                                                  "cumulative_rows_scanned": 5600000,
                                                  "operator_cardinality": 11270,
                                                  "cumulative_cardinality": 11270,
                                                  "extra_info": {
                                                    "Text": "part",
                                                    "Projections": [
                                                      "p_partkey",
                                                      "p_brand1"
                                                    ],
                                                    "Filters": "p_brand1>='MFGR#2221' AND p_brand1<='MFGR#2228' AND p_brand1 IS NOT NULL",
                                                    "Estimated Cardinality": "280000"
                                                  },
                                                  "operator_type": "TABLE_SCAN",
                                                  "cpu_time": 0.0075029999999999975,
                                                  "children": []
                                                }
                                              ]
                                            }
                                          ]
                                        },
                                        {
                                          "result_set_size": 15336,
                                          "operator_timing": 0.000007,
                                          "operator_rows_scanned": 2556,
                                          "cumulative_rows_scanned": 2556,
                                          "operator_cardinality": 2556,
                                          "cumulative_cardinality": 2556,
                                          "extra_info": {
                                            "Text": "date",
                                            "Projections": [
                                              "d_datekey",
                                              "d_year"
                                            ],
                                            "Estimated Cardinality": "2556"
                                          },
                                          "operator_type": "TABLE_SCAN",
                                          "cpu_time": 0.000007,
                                          "children": []
                                        }
                                      ]
                                    }
                                  ]
                                }
                              ]
                            }
                          ]
                        }
                      ]
                    }
                  ]
                }
              ]
            }
          ]
        }
      ]
    }
  ]
}
{
  "benchmark_name": "SSBQ2v2S100T4",
  "scale_factor": "100",
  "thread_count": "4",
  "all_optimizers": 0.00024500000000000005,
  "cumulative_optimizer_timing": 0.000244,
  "planner": 0.000115,
  "planner_binding": 0.000112,
  "physical_planner": 0.000026000000000000002,
  "physical_planner_column_binding": 0.000004,
  "physical_planner_resolve_types": 0.000001,
  "physical_planner_create_plan": 0.000018,
  "optimizer_expression_rewriter": 0.000025,
  "optimizer_filter_pullup": 0.000004,
  "optimizer_filter_pushdown": 0.000036,
  "optimizer_cte_filter_pusher": 0.000001,
  "optimizer_regex_range": 0.0,
  "optimizer_in_clause": 0.000001,
  "optimizer_join_order": 0.000069,
  "optimizer_deliminator": 0.000001,
  "optimizer_unnest_rewriter": 0.0,
  "optimizer_unused_columns": 0.000005,
  "optimizer_statistics_propagation": 0.000069,
  "optimizer_limit_pushdown": 0.0,
  "optimizer_top_n": 0.0,
  "optimizer_compressed_materialization": 0.0,
  "optimizer_duplicate_groups": 0.000002,
  "optimizer_reorder_filter": 0.000003,
  "optimizer_join_filter_pushdown": 0.000008,
  "optimizer_extension": 0.0,
  "optimizer_materialized_cte": 0.0,
  "optimizer_build_side_probe_side": 0.000006,
  "result_set_size": 1904,
  "optimizer_column_lifetime": 0.00001,
  "operator_timing": 1.669342,
  "optimizer_common_aggregate": 0.000002,
  "operator_rows_scanned": 0,
  "optimizer_common_subexpressions": 0.000002,
  "cumulative_rows_scanned": 2406155136,
  "operator_cardinality": 0,
  "cumulative_cardinality": 724142810,
  "extra_info": {},
  "cpu_time": 8.102967000000861,
  "blocked_thread_time": 0.0,
  "query_name": "SELECT SUM(lo_revenue), d_year, p_brand1 FROM lineorder, date, part, supplier WHERE lo_orderdate = d_datekey AND lo_partkey = p_partkey AND lo_suppkey = s_suppkey AND p_brand1 BETWEEN 'MFGR#2221' AND 'MFGR#2228' AND s_region = 'ASIA' GROUP BY d_year, p_brand1 ORDER BY d_year, p_brand1;",
  "children": [
    {
      "result_set_size": 1904,
      "operator_timing": 0.000002,
      "operator_rows_scanned": 0,
      "cumulative_rows_scanned": 2406155136,
      "operator_cardinality": 56,
      "cumulative_cardinality": 724142810,
      "extra_info": {
        "Projections": [
          "#0",
          "__internal_decompress_integral_smallint(#1, 1992)",
          "__internal_decompress_string(#2)"
        ],
        "Estimated Cardinality": "953343"
      },
      "operator_type": "PROJECTION",
      "cpu_time": 6.433625000000861,
      "children": [
        {
          "result_set_size": 1848,
          "operator_timing": 0.00022899999999999998,
          "operator_rows_scanned": 0,
          "cumulative_rows_scanned": 2406155136,
          "operator_cardinality": 56,
          "cumulative_cardinality": 724142754,
          "extra_info": {
            "Order By": [
              "date.d_year ASC",
              "part.p_brand1 ASC"
            ]
          },
          "operator_type": "ORDER_BY",
          "cpu_time": 6.4336230000008605,
          "children": [
            {
              "result_set_size": 1848,
              "operator_timing": 0.000002,
              "operator_rows_scanned": 0,
              "cumulative_rows_scanned": 2406155136,
              "operator_cardinality": 56,
              "cumulative_cardinality": 724142698,
              "extra_info": {
                "Projections": [
                  "#0",
                  "__internal_compress_integral_utinyint(#1, 1992)",
                  "__internal_compress_string_hugeint(#2)"
                ],
                "Estimated Cardinality": "953343"
              },
              "operator_type": "PROJECTION",
              "cpu_time": 6.4333940000008605,
              "children": [
                {
                  "result_set_size": 1904,
                  "operator_timing": 0.000001,
                  "operator_rows_scanned": 0,
                  "cumulative_rows_scanned": 2406155136,
                  "operator_cardinality": 56,
                  "cumulative_cardinality": 724142642,
                  "extra_info": {
                    "Projections": [
                      "sum(lo_revenue)",
                      "d_year",
                      "p_brand1"
                    ],
                    "Estimated Cardinality": "953343"
                  },
                  "operator_type": "PROJECTION",
                  "cpu_time": 6.43339200000086,
                  "children": [
                    {
                      "result_set_size": 1904,
                      "operator_timing": 0.000003,
                      "operator_rows_scanned": 0,
                      "cumulative_rows_scanned": 2406155136,
                      "operator_cardinality": 56,
                      "cumulative_cardinality": 724142586,
                      "extra_info": {
                        "Projections": [
                          "__internal_decompress_integral_smallint(#0, 1992)",
                          "__internal_decompress_string(#1)",
                          "#2"
                        ],
                        "Estimated Cardinality": "953343"
                      },
                      "operator_type": "PROJECTION",
                      "cpu_time": 6.43339100000086,
                      "children": [
                        {
                          "result_set_size": 1848,
                          "operator_timing": 0.010738000000000004,
                          "operator_rows_scanned": 0,
                          "cumulative_rows_scanned": 2406155136,
                          "operator_cardinality": 56,
                          "cumulative_cardinality": 724142530,
                          "extra_info": {
                            "Groups": [
                              "#0",
                              "#1"
                            ],
                            "Aggregates": "sum(#2)",
                            "Estimated Cardinality": "953343"
                          },
                          "operator_type": "HASH_GROUP_BY",
                          "cpu_time": 6.43338800000086,
                          "children": [
                            {
                              "result_set_size": 20287953,
                              "operator_timing": 0.00014099999999999996,
                              "operator_rows_scanned": 0,
                              "cumulative_rows_scanned": 2406155136,
                              "operator_cardinality": 966093,
                              "cumulative_cardinality": 724142474,
                              "extra_info": {
                                "Projections": [
                                  "d_year",
                                  "p_brand1",
                                  "lo_revenue"
                                ],
                                "Estimated Cardinality": "31908648"
                              },
                              "operator_type": "PROJECTION",
                              "cpu_time": 6.42265000000086,
                              "children": [
                                {
                                  "result_set_size": 43474185,
                                  "operator_timing": 0.0038079999999999932,
                                  "operator_rows_scanned": 0,
                                  "cumulative_rows_scanned": 2406155136,
                                  "operator_cardinality": 966093,
                                  "cumulative_cardinality": 723176381,
                                  "extra_info": {
                                    "Projections": [
                                      "#0",
                                      "#1",
                                      "#2",
                                      "#3",
                                      "#4",
                                      "#5",
                                      "__internal_compress_string_hugeint(#6)",
                                      "#7",
                                      "__internal_compress_integral_utinyint(#8, 1992)"
                                    ],
                                    "Estimated Cardinality": "31908648"
                                  },
                                  "operator_type": "PROJECTION",
                                  "cpu_time": 6.42250900000086,
                                  "children": [
                                    {
                                      "result_set_size": 44440278,
                                      "operator_timing": 0.0016780000000000002,
                                      "operator_rows_scanned": 0,
                                      "cumulative_rows_scanned": 2406155136,
                                      "operator_cardinality": 966093,
                                      "cumulative_cardinality": 722210288,
                                      "extra_info": {
                                        "Join Type": "INNER",
                                        "Conditions": "lo_orderdate = d_datekey",
                                        "Build Min": "1992-01-01",
                                        "Build Max": "1998-12-30",
                                        "Estimated Cardinality": "31908648"
                                      },
                                      "operator_type": "HASH_JOIN",
                                      "cpu_time": 6.418701000000859,
                                      "children": [
                                        {
                                          "result_set_size": 38643720,
                                          "operator_timing": 0.8461990000006703,
                                          "operator_rows_scanned": 0,
                                          "cumulative_rows_scanned": 2406152580,
                                          "operator_cardinality": 966093,
                                          "cumulative_cardinality": 721241639,
                                          "extra_info": {
                                            "Join Type": "INNER",
                                            "Conditions": "lo_partkey = p_partkey",
                                            "Build Min": "1",
                                            "Build Max": "1000000",
                                            "Estimated Cardinality": "28974950"
                                          },
                                          "operator_type": "HASH_JOIN",
                                          "cpu_time": 6.417018000000859,
                                          "children": [
                                            {
                                              "result_set_size": 2406944580,
                                              "operator_timing": 2.0566949999981157,
                                              "operator_rows_scanned": 0,
                                              "cumulative_rows_scanned": 2400552580,
                                              "operator_cardinality": 120347229,
                                              "cumulative_cardinality": 720256261,
                                              "extra_info": {
                                                "Join Type": "INNER",
                                                "Conditions": "lo_suppkey = s_suppkey",
                                                "Build Min": "1",
                                                "Build Max": "200000",
                                                "Estimated Cardinality": "128755261"
                                              },
                                              "operator_type": "HASH_JOIN",
                                              "cpu_time": 5.562887000000189,
                                              "children": [
                                                {
                                                  "result_set_size": 9597902608,
                                                  "operator_timing": 3.505574000002073,
                                                  "operator_rows_scanned": 2400152580,
                                                  "cumulative_rows_scanned": 2400152580,
                                                  "operator_cardinality": 599868913,
                                                  "cumulative_cardinality": 599868913,
                                                  "extra_info": {
                                                    "Text": "lineorder",
                                                    "Projections": [
                                                      "lo_orderdate",
                                                      "lo_partkey",
                                                      "lo_suppkey",
                                                      "lo_revenue"
                                                    ],
                                                    "Estimated Cardinality": "600038145"
                                                  },
                                                  "operator_type": "TABLE_SCAN",
                                                  "cpu_time": 3.505574000002073,
                                                  "children": []
                                                },
                                                {
                                                  "result_set_size": 160476,
                                                  "operator_timing": 0.0006180000000000001,
                                                  "operator_rows_scanned": 400000,
                                                  "cumulative_rows_scanned": 400000,
                                                  "operator_cardinality": 40119,
                                                  "cumulative_cardinality": 40119,
                                                  "extra_info": {
                                                    "Text": "supplier",
                                                    "Projections": "s_suppkey",
                                                    "Filters": "s_region='ASIA' AND s_region IS NOT NULL",
                                                    "Estimated Cardinality": "40000"
                                                  },
                                                  "operator_type": "TABLE_SCAN",
                                                  "cpu_time": 0.0006180000000000001,
                                                  "children": []
                                                }
                                              ]
                                            },
                                            {
                                              "result_set_size": 160300,
                                              "operator_timing": 0.0004219999999999992,
                                              "operator_rows_scanned": 0,
                                              "cumulative_rows_scanned": 5600000,
                                              "operator_cardinality": 8015,
                                              "cumulative_cardinality": 19285,
                                              "extra_info": {
                                                "Expression": "(p_partkey <= 1000000)",
                                                "Estimated Cardinality": "280000"
                                              },
                                              "operator_type": "FILTER",
                                              "cpu_time": 0.007931999999999995,
                                              "children": [
                                                {
                                                  "result_set_size": 225400,
                                                  "operator_timing": 0.007509999999999996,
                                                  "operator_rows_scanned": 5600000,
                                                  "cumulative_rows_scanned": 5600000,
                                                  "operator_cardinality": 11270,
                                                  "cumulative_cardinality": 11270,
                                                  "extra_info": {
                                                    "Text": "part",
                                                    "Projections": [
                                                      "p_partkey",
                                                      "p_brand1"
                                                    ],
                                                    "Filters": "p_brand1>='MFGR#2221' AND p_brand1<='MFGR#2228' AND p_brand1 IS NOT NULL",
                                                    "Estimated Cardinality": "280000"
                                                  },
                                                  "operator_type": "TABLE_SCAN",
                                                  "cpu_time": 0.007509999999999996,
                                                  "children": []
                                                }
                                              ]
                                            }
                                          ]
                                        },
                                        {
                                          "result_set_size": 15336,
                                          "operator_timing": 0.0000049999999999999996,
                                          "operator_rows_scanned": 2556,
                                          "cumulative_rows_scanned": 2556,
                                          "operator_cardinality": 2556,
                                          "cumulative_cardinality": 2556,
                                          "extra_info": {
                                            "Text": "date",
                                            "Projections": [
                                              "d_datekey",
                                              "d_year"
                                            ],
                                            "Estimated Cardinality": "2556"
                                          },
                                          "operator_type": "TABLE_SCAN",
                                          "cpu_time": 0.0000049999999999999996,
                                          "children": []
                                        }
                                      ]
                                    }
                                  ]
                                }
                              ]
                            }
                          ]
                        }
                      ]
                    }
                  ]
                }
              ]
            }
          ]
        }
      ]
    }
  ]
}
