[
{ "benchmark_name": "SSBQ1v1S10T4", "scale_factor": "10", "thread_count": "4", "all_optimizers": 0.00012499999999999998, "cumulative_optimizer_timing": 0.000125, "planner": 0.000089, "planner_binding": 0.000087, "physical_planner": 0.000011, "physical_planner_column_binding": 0.000001, "physical_planner_resolve_types": 0.0, "physical_planner_create_plan": 0.000008, "optimizer_expression_rewriter": 0.000029, "optimizer_filter_pullup": 0.000001, "optimizer_filter_pushdown": 0.000025, "optimizer_cte_filter_pusher": 0.0, "optimizer_regex_range": 0.000001, "optimizer_in_clause": 0.0, "optimizer_join_order": 0.000031, "optimizer_deliminator": 0.000001, "optimizer_unnest_rewriter": 0.0, "optimizer_unused_columns": 0.000004, "optimizer_statistics_propagation": 0.000014, "optimizer_limit_pushdown": 0.000001, "optimizer_top_n": 0.0, "optimizer_compressed_materialization": 0.0, "optimizer_duplicate_groups": 0.000001, "optimizer_reorder_filter": 0.000004, "optimizer_join_filter_pushdown": 0.000005, "optimizer_extension": 0.0, "optimizer_materialized_cte": 0.0, "optimizer_build_side_probe_side": 0.000002, "result_set_size": 16, "optimizer_column_lifetime": 0.000003, "operator_timing": 0.086935, "optimizer_common_aggregate": 0.000001, "operator_rows_scanned": 0, "optimizer_common_subexpressions": 0.000002, "cumulative_rows_scanned": 239972956, "operator_cardinality": 0, "cumulative_cardinality": 3573831, "extra_info": {}, "cpu_time": 0.42555300000000157, "blocked_thread_time": 0.0, "query_name": "SELECT SUM(lo_extendedprice CITATION.cff CMakeLists.txt CODE_OF_CONDUCT.md CONTRIBUTING.md Doxyfile DuckDBConfig.cmake.in DuckDBConfigVersion.cmake.in LICENSE Makefile README.md benchmark build clean-profile.sh data duckdb_benchmark_data duckdb_benchmark_db.db duckdb_unittest_tempdir examples extension extension_config.cmake logo scripts sf_1_t1.out src ssb-benchmark-fixed.log ssb-benchmark.log ssb-elapsed.out ssb_sf1.duckdb ssb_sf10.duckdb ssb_sf100.duckdb test test-detailed-profile copy.log test-detailed-profile.log test-detailed-profile.out test-profile.out test.out test2-profile.json test2-profile.out third_party tools lo_discount) AS revenue FROM lineorder, date WHERE lo_orderdate = d_datekey AND d_year = 1994 AND lo_discount BETWEEN 1 AND 3 AND lo_quantity < 25;", "children": [ { "result_set_size": 16, "operator_timing": 0.000939999999999998, "operator_rows_scanned": 0, "cumulative_rows_scanned": 239972956, "operator_cardinality": 1, "cumulative_cardinality": 3573831, "extra_info": { "Aggregates": "sum(#0)" }, "operator_type": "UNGROUPED_AGGREGATE", "cpu_time": 0.3386180000000016, "children": [ { "result_set_size": 4764620, "operator_timing": 0.000517999999999999, "operator_rows_scanned": 0, "cumulative_rows_scanned": 239972956, "operator_cardinality": 1191155, "cumulative_cardinality": 3573830, "extra_info": { "Projections": "(lo_extendedprice CITATION.cff CMakeLists.txt CODE_OF_CONDUCT.md CONTRIBUTING.md Doxyfile DuckDBConfig.cmake.in DuckDBConfigVersion.cmake.in LICENSE Makefile README.md benchmark build clean-profile.sh data duckdb_benchmark_data duckdb_benchmark_db.db duckdb_unittest_tempdir examples extension extension_config.cmake logo scripts sf_1_t1.out src ssb-benchmark-fixed.log ssb-benchmark.log ssb-elapsed.out ssb_sf1.duckdb ssb_sf10.duckdb ssb_sf100.duckdb test test-detailed-profile copy.log test-detailed-profile.log test-detailed-profile.out test-profile.out test.out test2-profile.json test2-profile.out third_party tools CAST(lo_discount AS INTEGER))", "Estimated Cardinality": "3303340" }, "operator_type": "PROJECTION", "cpu_time": 0.3376780000000016, "children": [ { "result_set_size": 15485015, "operator_timing": 0.048571999999999886, "operator_rows_scanned": 0, "cumulative_rows_scanned": 239972956, "operator_cardinality": 1191155, "cumulative_cardinality": 2382675, "extra_info": { "Join Type": "INNER", "Conditions": "lo_orderdate = d_datekey", "Build Min": "1992-01-01", "Build Max": "1998-12-30", "Estimated Cardinality": "3303340" }, "operator_type": "HASH_JOIN", "cpu_time": 0.33716000000000157, "children": [ { "result_set_size": 10720395, "operator_timing": 0.28857800000000167, "operator_rows_scanned": 239970400, "cumulative_rows_scanned": 239970400, "operator_cardinality": 1191155, "cumulative_cardinality": 1191155, "extra_info": { "Text": "lineorder", "Projections": [ "lo_orderdate", "lo_discount", "lo_extendedprice" ], "Filters": [ "lo_discount>=1 AND lo_discount<=3 AND lo_discount IS NOT NULL", "lo_quantity<25 AND lo_quantity IS NOT NULL" ], "Estimated Cardinality": "11998520" }, "operator_type": "TABLE_SCAN", "cpu_time": 0.28857800000000167, "children": [] }, { "result_set_size": 1460, "operator_timing": 0.000009999999999999999, "operator_rows_scanned": 2556, "cumulative_rows_scanned": 2556, "operator_cardinality": 365, "cumulative_cardinality": 365, "extra_info": { "Text": "date", "Projections": "d_datekey", "Filters": "d_year=1994 AND d_year IS NOT NULL", "Estimated Cardinality": "639" }, "operator_type": "TABLE_SCAN", "cpu_time": 0.000009999999999999999, "children": [] } ] } ] } ] } ] }, { "benchmark_name": "SSBQ1v1S10T4", "scale_factor": "10", "thread_count": "4", "all_optimizers": 0.00012, "cumulative_optimizer_timing": 0.00012, "planner": 0.000093, "planner_binding": 0.000091, "physical_planner": 0.000011, "physical_planner_column_binding": 0.000002, "physical_planner_resolve_types": 0.0, "physical_planner_create_plan": 0.000007, "optimizer_expression_rewriter": 0.000021, "optimizer_filter_pullup": 0.000001, "optimizer_filter_pushdown": 0.000031, "optimizer_cte_filter_pusher": 0.0, "optimizer_regex_range": 0.000001, "optimizer_in_clause": 0.000001, "optimizer_join_order": 0.000032, "optimizer_deliminator": 0.0, "optimizer_unnest_rewriter": 0.0, "optimizer_unused_columns": 0.000004, "optimizer_statistics_propagation": 0.000013, "optimizer_limit_pushdown": 0.0, "optimizer_top_n": 0.0, "optimizer_compressed_materialization": 0.0, "optimizer_duplicate_groups": 0.000001, "optimizer_reorder_filter": 0.000002, "optimizer_join_filter_pushdown": 0.000004, "optimizer_extension": 0.0, "optimizer_materialized_cte": 0.0, "optimizer_build_side_probe_side": 0.000003, "result_set_size": 16, "optimizer_column_lifetime": 0.000002, "operator_timing": 0.087854, "optimizer_common_aggregate": 0.000001, "operator_rows_scanned": 0, "optimizer_common_subexpressions": 0.000003, "cumulative_rows_scanned": 239972956, "operator_cardinality": 0, "cumulative_cardinality": 3573831, "extra_info": {}, "cpu_time": 0.42999900000000185, "blocked_thread_time": 0.0, "query_name": "SELECT SUM(lo_extendedprice CITATION.cff CMakeLists.txt CODE_OF_CONDUCT.md CONTRIBUTING.md Doxyfile DuckDBConfig.cmake.in DuckDBConfigVersion.cmake.in LICENSE Makefile README.md benchmark build clean-profile.sh data duckdb_benchmark_data duckdb_benchmark_db.db duckdb_unittest_tempdir examples extension extension_config.cmake logo scripts sf_1_t1.out src ssb-benchmark-fixed.log ssb-benchmark.log ssb-elapsed.out ssb_sf1.duckdb ssb_sf10.duckdb ssb_sf100.duckdb test test-detailed-profile copy.log test-detailed-profile.log test-detailed-profile.out test-profile.out test.out test2-profile.json test2-profile.out third_party tools lo_discount) AS revenue FROM lineorder, date WHERE lo_orderdate = d_datekey AND d_year = 1994 AND lo_discount BETWEEN 1 AND 3 AND lo_quantity < 25;", "children": [ { "result_set_size": 16, "operator_timing": 0.000965999999999998, "operator_rows_scanned": 0, "cumulative_rows_scanned": 239972956, "operator_cardinality": 1, "cumulative_cardinality": 3573831, "extra_info": { "Aggregates": "sum(#0)" }, "operator_type": "UNGROUPED_AGGREGATE", "cpu_time": 0.34214500000000186, "children": [ { "result_set_size": 4764620, "operator_timing": 0.0006129999999999989, "operator_rows_scanned": 0, "cumulative_rows_scanned": 239972956, "operator_cardinality": 1191155, "cumulative_cardinality": 3573830, "extra_info": { "Projections": "(lo_extendedprice CITATION.cff CMakeLists.txt CODE_OF_CONDUCT.md CONTRIBUTING.md Doxyfile DuckDBConfig.cmake.in DuckDBConfigVersion.cmake.in LICENSE Makefile README.md benchmark build clean-profile.sh data duckdb_benchmark_data duckdb_benchmark_db.db duckdb_unittest_tempdir examples extension extension_config.cmake logo scripts sf_1_t1.out src ssb-benchmark-fixed.log ssb-benchmark.log ssb-elapsed.out ssb_sf1.duckdb ssb_sf10.duckdb ssb_sf100.duckdb test test-detailed-profile copy.log test-detailed-profile.log test-detailed-profile.out test-profile.out test.out test2-profile.json test2-profile.out third_party tools CAST(lo_discount AS INTEGER))", "Estimated Cardinality": "3303340" }, "operator_type": "PROJECTION", "cpu_time": 0.34117900000000184, "children": [ { "result_set_size": 15485015, "operator_timing": 0.05054199999999938, "operator_rows_scanned": 0, "cumulative_rows_scanned": 239972956, "operator_cardinality": 1191155, "cumulative_cardinality": 2382675, "extra_info": { "Join Type": "INNER", "Conditions": "lo_orderdate = d_datekey", "Build Min": "1992-01-01", "Build Max": "1998-12-30", "Estimated Cardinality": "3303340" }, "operator_type": "HASH_JOIN", "cpu_time": 0.34056600000000187, "children": [ { "result_set_size": 10720395, "operator_timing": 0.2900150000000025, "operator_rows_scanned": 239970400, "cumulative_rows_scanned": 239970400, "operator_cardinality": 1191155, "cumulative_cardinality": 1191155, "extra_info": { "Text": "lineorder", "Projections": [ "lo_orderdate", "lo_discount", "lo_extendedprice" ], "Filters": [ "lo_discount>=1 AND lo_discount<=3 AND lo_discount IS NOT NULL", "lo_quantity<25 AND lo_quantity IS NOT NULL" ], "Estimated Cardinality": "11998520" }, "operator_type": "TABLE_SCAN", "cpu_time": 0.2900150000000025, "children": [] }, { "result_set_size": 1460, "operator_timing": 0.000009, "operator_rows_scanned": 2556, "cumulative_rows_scanned": 2556, "operator_cardinality": 365, "cumulative_cardinality": 365, "extra_info": { "Text": "date", "Projections": "d_datekey", "Filters": "d_year=1994 AND d_year IS NOT NULL", "Estimated Cardinality": "639" }, "operator_type": "TABLE_SCAN", "cpu_time": 0.000009, "children": [] } ] } ] } ] } ] }, { "benchmark_name": "SSBQ1v1S10T4", "scale_factor": "10", "thread_count": "4", "all_optimizers": 0.00011499999999999999, "cumulative_optimizer_timing": 0.000114, "planner": 0.000094, "planner_binding": 0.000092, "physical_planner": 0.000011, "physical_planner_column_binding": 0.000002, "physical_planner_resolve_types": 0.0, "physical_planner_create_plan": 0.000007, "optimizer_expression_rewriter": 0.000021, "optimizer_filter_pullup": 0.000001, "optimizer_filter_pushdown": 0.000025, "optimizer_cte_filter_pusher": 0.000001, "optimizer_regex_range": 0.0, "optimizer_in_clause": 0.000001, "optimizer_join_order": 0.000031, "optimizer_deliminator": 0.0, "optimizer_unnest_rewriter": 0.000001, "optimizer_unused_columns": 0.000004, "optimizer_statistics_propagation": 0.000013, "optimizer_limit_pushdown": 0.0, "optimizer_top_n": 0.0, "optimizer_compressed_materialization": 0.0, "optimizer_duplicate_groups": 0.000001, "optimizer_reorder_filter": 0.000003, "optimizer_join_filter_pushdown": 0.000004, "optimizer_extension": 0.0, "optimizer_materialized_cte": 0.0, "optimizer_build_side_probe_side": 0.000003, "result_set_size": 16, "optimizer_column_lifetime": 0.000003, "operator_timing": 0.08629, "optimizer_common_aggregate": 0.0, "operator_rows_scanned": 0, "optimizer_common_subexpressions": 0.000002, "cumulative_rows_scanned": 239972956, "operator_cardinality": 0, "cumulative_cardinality": 3573831, "extra_info": {}, "cpu_time": 0.42213300000000775, "blocked_thread_time": 0.0, "query_name": "SELECT SUM(lo_extendedprice CITATION.cff CMakeLists.txt CODE_OF_CONDUCT.md CONTRIBUTING.md Doxyfile DuckDBConfig.cmake.in DuckDBConfigVersion.cmake.in LICENSE Makefile README.md benchmark build clean-profile.sh data duckdb_benchmark_data duckdb_benchmark_db.db duckdb_unittest_tempdir examples extension extension_config.cmake logo scripts sf_1_t1.out src ssb-benchmark-fixed.log ssb-benchmark.log ssb-elapsed.out ssb_sf1.duckdb ssb_sf10.duckdb ssb_sf100.duckdb test test-detailed-profile copy.log test-detailed-profile.log test-detailed-profile.out test-profile.out test.out test2-profile.json test2-profile.out third_party tools lo_discount) AS revenue FROM lineorder, date WHERE lo_orderdate = d_datekey AND d_year = 1994 AND lo_discount BETWEEN 1 AND 3 AND lo_quantity < 25;", "children": [ { "result_set_size": 16, "operator_timing": 0.000948999999999998, "operator_rows_scanned": 0, "cumulative_rows_scanned": 239972956, "operator_cardinality": 1, "cumulative_cardinality": 3573831, "extra_info": { "Aggregates": "sum(#0)" }, "operator_type": "UNGROUPED_AGGREGATE", "cpu_time": 0.3358430000000078, "children": [ { "result_set_size": 4764620, "operator_timing": 0.0005519999999999989, "operator_rows_scanned": 0, "cumulative_rows_scanned": 239972956, "operator_cardinality": 1191155, "cumulative_cardinality": 3573830, "extra_info": { "Projections": "(lo_extendedprice CITATION.cff CMakeLists.txt CODE_OF_CONDUCT.md CONTRIBUTING.md Doxyfile DuckDBConfig.cmake.in DuckDBConfigVersion.cmake.in LICENSE Makefile README.md benchmark build clean-profile.sh data duckdb_benchmark_data duckdb_benchmark_db.db duckdb_unittest_tempdir examples extension extension_config.cmake logo scripts sf_1_t1.out src ssb-benchmark-fixed.log ssb-benchmark.log ssb-elapsed.out ssb_sf1.duckdb ssb_sf10.duckdb ssb_sf100.duckdb test test-detailed-profile copy.log test-detailed-profile.log test-detailed-profile.out test-profile.out test.out test2-profile.json test2-profile.out third_party tools CAST(lo_discount AS INTEGER))", "Estimated Cardinality": "3303340" }, "operator_type": "PROJECTION", "cpu_time": 0.3348940000000078, "children": [ { "result_set_size": 15485015, "operator_timing": 0.04879099999999957, "operator_rows_scanned": 0, "cumulative_rows_scanned": 239972956, "operator_cardinality": 1191155, "cumulative_cardinality": 2382675, "extra_info": { "Join Type": "INNER", "Conditions": "lo_orderdate = d_datekey", "Build Min": "1992-01-01", "Build Max": "1998-12-30", "Estimated Cardinality": "3303340" }, "operator_type": "HASH_JOIN", "cpu_time": 0.3343420000000078, "children": [ { "result_set_size": 10720395, "operator_timing": 0.28554400000000824, "operator_rows_scanned": 239970400, "cumulative_rows_scanned": 239970400, "operator_cardinality": 1191155, "cumulative_cardinality": 1191155, "extra_info": { "Text": "lineorder", "Projections": [ "lo_orderdate", "lo_discount", "lo_extendedprice" ], "Filters": [ "lo_discount>=1 AND lo_discount<=3 AND lo_discount IS NOT NULL", "lo_quantity<25 AND lo_quantity IS NOT NULL" ], "Estimated Cardinality": "11998520" }, "operator_type": "TABLE_SCAN", "cpu_time": 0.28554400000000824, "children": [] }, { "result_set_size": 1460, "operator_timing": 0.000007000000000000001, "operator_rows_scanned": 2556, "cumulative_rows_scanned": 2556, "operator_cardinality": 365, "cumulative_cardinality": 365, "extra_info": { "Text": "date", "Projections": "d_datekey", "Filters": "d_year=1994 AND d_year IS NOT NULL", "Estimated Cardinality": "639" }, "operator_type": "TABLE_SCAN", "cpu_time": 0.000007000000000000001, "children": [] } ] } ] } ] } ] }, { "benchmark_name": "SSBQ1v1S10T4", "scale_factor": "10", "thread_count": "4", "all_optimizers": 0.00011199999999999998, "cumulative_optimizer_timing": 0.00011199999999999998, "planner": 0.000094, "planner_binding": 0.000092, "physical_planner": 0.000011, "physical_planner_column_binding": 0.000002, "physical_planner_resolve_types": 0.0, "physical_planner_create_plan": 0.000008, "optimizer_expression_rewriter": 0.000021, "optimizer_filter_pullup": 0.000001, "optimizer_filter_pushdown": 0.000025, "optimizer_cte_filter_pusher": 0.0, "optimizer_regex_range": 0.000001, "optimizer_in_clause": 0.000001, "optimizer_join_order": 0.000031, "optimizer_deliminator": 0.0, "optimizer_unnest_rewriter": 0.000001, "optimizer_unused_columns": 0.000004, "optimizer_statistics_propagation": 0.000013, "optimizer_limit_pushdown": 0.0, "optimizer_top_n": 0.000001, "optimizer_compressed_materialization": 0.0, "optimizer_duplicate_groups": 0.000001, "optimizer_reorder_filter": 0.000001, "optimizer_join_filter_pushdown": 0.000004, "optimizer_extension": 0.0, "optimizer_materialized_cte": 0.0, "optimizer_build_side_probe_side": 0.000003, "result_set_size": 16, "optimizer_column_lifetime": 0.000001, "operator_timing": 0.087051, "optimizer_common_aggregate": 0.000001, "operator_rows_scanned": 0, "optimizer_common_subexpressions": 0.000002, "cumulative_rows_scanned": 239972956, "operator_cardinality": 0, "cumulative_cardinality": 3573831, "extra_info": {}, "cpu_time": 0.4261570000000046, "blocked_thread_time": 0.0, "query_name": "SELECT SUM(lo_extendedprice CITATION.cff CMakeLists.txt CODE_OF_CONDUCT.md CONTRIBUTING.md Doxyfile DuckDBConfig.cmake.in DuckDBConfigVersion.cmake.in LICENSE Makefile README.md benchmark build clean-profile.sh data duckdb_benchmark_data duckdb_benchmark_db.db duckdb_unittest_tempdir examples extension extension_config.cmake logo scripts sf_1_t1.out src ssb-benchmark-fixed.log ssb-benchmark.log ssb-elapsed.out ssb_sf1.duckdb ssb_sf10.duckdb ssb_sf100.duckdb test test-detailed-profile copy.log test-detailed-profile.log test-detailed-profile.out test-profile.out test.out test2-profile.json test2-profile.out third_party tools lo_discount) AS revenue FROM lineorder, date WHERE lo_orderdate = d_datekey AND d_year = 1994 AND lo_discount BETWEEN 1 AND 3 AND lo_quantity < 25;", "children": [ { "result_set_size": 16, "operator_timing": 0.0009709999999999982, "operator_rows_scanned": 0, "cumulative_rows_scanned": 239972956, "operator_cardinality": 1, "cumulative_cardinality": 3573831, "extra_info": { "Aggregates": "sum(#0)" }, "operator_type": "UNGROUPED_AGGREGATE", "cpu_time": 0.3391060000000046, "children": [ { "result_set_size": 4764620, "operator_timing": 0.000524999999999999, "operator_rows_scanned": 0, "cumulative_rows_scanned": 239972956, "operator_cardinality": 1191155, "cumulative_cardinality": 3573830, "extra_info": { "Projections": "(lo_extendedprice CITATION.cff CMakeLists.txt CODE_OF_CONDUCT.md CONTRIBUTING.md Doxyfile DuckDBConfig.cmake.in DuckDBConfigVersion.cmake.in LICENSE Makefile README.md benchmark build clean-profile.sh data duckdb_benchmark_data duckdb_benchmark_db.db duckdb_unittest_tempdir examples extension extension_config.cmake logo scripts sf_1_t1.out src ssb-benchmark-fixed.log ssb-benchmark.log ssb-elapsed.out ssb_sf1.duckdb ssb_sf10.duckdb ssb_sf100.duckdb test test-detailed-profile copy.log test-detailed-profile.log test-detailed-profile.out test-profile.out test.out test2-profile.json test2-profile.out third_party tools CAST(lo_discount AS INTEGER))", "Estimated Cardinality": "3303340" }, "operator_type": "PROJECTION", "cpu_time": 0.3381350000000046, "children": [ { "result_set_size": 15485015, "operator_timing": 0.04878800000000019, "operator_rows_scanned": 0, "cumulative_rows_scanned": 239972956, "operator_cardinality": 1191155, "cumulative_cardinality": 2382675, "extra_info": { "Join Type": "INNER", "Conditions": "lo_orderdate = d_datekey", "Build Min": "1992-01-01", "Build Max": "1998-12-30", "Estimated Cardinality": "3303340" }, "operator_type": "HASH_JOIN", "cpu_time": 0.33761000000000463, "children": [ { "result_set_size": 10720395, "operator_timing": 0.28881400000000446, "operator_rows_scanned": 239970400, "cumulative_rows_scanned": 239970400, "operator_cardinality": 1191155, "cumulative_cardinality": 1191155, "extra_info": { "Text": "lineorder", "Projections": [ "lo_orderdate", "lo_discount", "lo_extendedprice" ], "Filters": [ "lo_discount>=1 AND lo_discount<=3 AND lo_discount IS NOT NULL", "lo_quantity<25 AND lo_quantity IS NOT NULL" ], "Estimated Cardinality": "11998520" }, "operator_type": "TABLE_SCAN", "cpu_time": 0.28881400000000446, "children": [] }, { "result_set_size": 1460, "operator_timing": 0.000008, "operator_rows_scanned": 2556, "cumulative_rows_scanned": 2556, "operator_cardinality": 365, "cumulative_cardinality": 365, "extra_info": { "Text": "date", "Projections": "d_datekey", "Filters": "d_year=1994 AND d_year IS NOT NULL", "Estimated Cardinality": "639" }, "operator_type": "TABLE_SCAN", "cpu_time": 0.000008, "children": [] } ] } ] } ] } ] }, { "benchmark_name": "SSBQ1v1S10T4", "scale_factor": "10", "thread_count": "4", "all_optimizers": 0.00011, "cumulative_optimizer_timing": 0.00011, "planner": 0.000088, "planner_binding": 0.000086, "physical_planner": 0.000011, "physical_planner_column_binding": 0.000002, "physical_planner_resolve_types": 0.0, "physical_planner_create_plan": 0.000007, "optimizer_expression_rewriter": 0.000022, "optimizer_filter_pullup": 0.000001, "optimizer_filter_pushdown": 0.000024, "optimizer_cte_filter_pusher": 0.0, "optimizer_regex_range": 0.0, "optimizer_in_clause": 0.000001, "optimizer_join_order": 0.000029, "optimizer_deliminator": 0.0, "optimizer_unnest_rewriter": 0.000001, "optimizer_unused_columns": 0.000004, "optimizer_statistics_propagation": 0.000013, "optimizer_limit_pushdown": 0.0, "optimizer_top_n": 0.000001, "optimizer_compressed_materialization": 0.0, "optimizer_duplicate_groups": 0.000001, "optimizer_reorder_filter": 0.000003, "optimizer_join_filter_pushdown": 0.000004, "optimizer_extension": 0.0, "optimizer_materialized_cte": 0.0, "optimizer_build_side_probe_side": 0.000003, "result_set_size": 16, "optimizer_column_lifetime": 0.000001, "operator_timing": 0.088783, "optimizer_common_aggregate": 0.0, "operator_rows_scanned": 0, "optimizer_common_subexpressions": 0.000002, "cumulative_rows_scanned": 239972956, "operator_cardinality": 0, "cumulative_cardinality": 3573831, "extra_info": {}, "cpu_time": 0.4338500000000023, "blocked_thread_time": 0.0, "query_name": "SELECT SUM(lo_extendedprice CITATION.cff CMakeLists.txt CODE_OF_CONDUCT.md CONTRIBUTING.md Doxyfile DuckDBConfig.cmake.in DuckDBConfigVersion.cmake.in LICENSE Makefile README.md benchmark build clean-profile.sh data duckdb_benchmark_data duckdb_benchmark_db.db duckdb_unittest_tempdir examples extension extension_config.cmake logo scripts sf_1_t1.out src ssb-benchmark-fixed.log ssb-benchmark.log ssb-elapsed.out ssb_sf1.duckdb ssb_sf10.duckdb ssb_sf100.duckdb test test-detailed-profile copy.log test-detailed-profile.log test-detailed-profile.out test-profile.out test.out test2-profile.json test2-profile.out third_party tools lo_discount) AS revenue FROM lineorder, date WHERE lo_orderdate = d_datekey AND d_year = 1994 AND lo_discount BETWEEN 1 AND 3 AND lo_quantity < 25;", "children": [ { "result_set_size": 16, "operator_timing": 0.0010509999999999981, "operator_rows_scanned": 0, "cumulative_rows_scanned": 239972956, "operator_cardinality": 1, "cumulative_cardinality": 3573831, "extra_info": { "Aggregates": "sum(#0)" }, "operator_type": "UNGROUPED_AGGREGATE", "cpu_time": 0.3450670000000023, "children": [ { "result_set_size": 4764620, "operator_timing": 0.000583999999999999, "operator_rows_scanned": 0, "cumulative_rows_scanned": 239972956, "operator_cardinality": 1191155, "cumulative_cardinality": 3573830, "extra_info": { "Projections": "(lo_extendedprice CITATION.cff CMakeLists.txt CODE_OF_CONDUCT.md CONTRIBUTING.md Doxyfile DuckDBConfig.cmake.in DuckDBConfigVersion.cmake.in LICENSE Makefile README.md benchmark build clean-profile.sh data duckdb_benchmark_data duckdb_benchmark_db.db duckdb_unittest_tempdir examples extension extension_config.cmake logo scripts sf_1_t1.out src ssb-benchmark-fixed.log ssb-benchmark.log ssb-elapsed.out ssb_sf1.duckdb ssb_sf10.duckdb ssb_sf100.duckdb test test-detailed-profile copy.log test-detailed-profile.log test-detailed-profile.out test-profile.out test.out test2-profile.json test2-profile.out third_party tools CAST(lo_discount AS INTEGER))", "Estimated Cardinality": "3303340" }, "operator_type": "PROJECTION", "cpu_time": 0.34401600000000226, "children": [ { "result_set_size": 15485015, "operator_timing": 0.05096999999999985, "operator_rows_scanned": 0, "cumulative_rows_scanned": 239972956, "operator_cardinality": 1191155, "cumulative_cardinality": 2382675, "extra_info": { "Join Type": "INNER", "Conditions": "lo_orderdate = d_datekey", "Build Min": "1992-01-01", "Build Max": "1998-12-30", "Estimated Cardinality": "3303340" }, "operator_type": "HASH_JOIN", "cpu_time": 0.3434320000000023, "children": [ { "result_set_size": 10720395, "operator_timing": 0.29245300000000246, "operator_rows_scanned": 239970400, "cumulative_rows_scanned": 239970400, "operator_cardinality": 1191155, "cumulative_cardinality": 1191155, "extra_info": { "Text": "lineorder", "Projections": [ "lo_orderdate", "lo_discount", "lo_extendedprice" ], "Filters": [ "lo_discount>=1 AND lo_discount<=3 AND lo_discount IS NOT NULL", "lo_quantity<25 AND lo_quantity IS NOT NULL" ], "Estimated Cardinality": "11998520" }, "operator_type": "TABLE_SCAN", "cpu_time": 0.29245300000000246, "children": [] }, { "result_set_size": 1460, "operator_timing": 0.000009, "operator_rows_scanned": 2556, "cumulative_rows_scanned": 2556, "operator_cardinality": 365, "cumulative_cardinality": 365, "extra_info": { "Text": "date", "Projections": "d_datekey", "Filters": "d_year=1994 AND d_year IS NOT NULL", "Estimated Cardinality": "639" }, "operator_type": "TABLE_SCAN", "cpu_time": 0.000009, "children": [] } ] } ] } ] } ] }
]
