[
{ "benchmark_name": "SSBQ4v1S100T8", "scale_factor": "100", "thread_count": "8", "all_optimizers": 0.000345, "cumulative_optimizer_timing": 0.000344, "planner": 0.000127, "planner_binding": 0.000125, "physical_planner": 0.00003, "physical_planner_column_binding": 0.000006, "physical_planner_resolve_types": 0.000001, "physical_planner_create_plan": 0.000018, "optimizer_expression_rewriter": 0.000034, "optimizer_filter_pullup": 0.000002, "optimizer_filter_pushdown": 0.00004, "optimizer_cte_filter_pusher": 0.0, "optimizer_regex_range": 0.000001, "optimizer_in_clause": 0.000002, "optimizer_join_order": 0.000129, "optimizer_deliminator": 0.0, "optimizer_unnest_rewriter": 0.000001, "optimizer_unused_columns": 0.000007, "optimizer_statistics_propagation": 0.000084, "optimizer_limit_pushdown": 0.000001, "optimizer_top_n": 0.0, "optimizer_compressed_materialization": 0.0, "optimizer_duplicate_groups": 0.000003, "optimizer_reorder_filter": 0.000004, "optimizer_join_filter_pushdown": 0.000009, "optimizer_extension": 0.0, "optimizer_materialized_cte": 0.0, "optimizer_build_side_probe_side": 0.000008, "result_set_size": 1190, "optimizer_column_lifetime": 0.000016, "operator_timing": 1.947653, "optimizer_common_aggregate": 0.000001, "operator_rows_scanned": 0, "optimizer_common_subexpressions": 0.000002, "cumulative_rows_scanned": 4835907716, "operator_cardinality": 0, "cumulative_cardinality": 809563021, "extra_info": {}, "cpu_time": 16.576966000001107, "blocked_thread_time": 0.0, "query_name": "SELECT d_year, c_nation, SUM(lo_revenue - lo_supplycost) AS profit FROM date, customer, supplier, part, lineorder WHERE lo_custkey = c_custkey AND lo_suppkey = s_suppkey AND lo_partkey = p_partkey AND lo_orderdate = d_datekey AND c_region = 'AMERICA' AND s_region = 'AMERICA' AND (p_mfgr = 'MFGR#1' OR p_mfgr = 'MFGR#2') GROUP BY d_year, c_nation ORDER BY d_year, c_nation;", "children": [ { "result_set_size": 1190, "operator_timing": 0.000003, "operator_rows_scanned": 0, "cumulative_rows_scanned": 4835907716, "operator_cardinality": 35, "cumulative_cardinality": 809563021, "extra_info": { "Projections": [ "__internal_decompress_integral_smallint(#0, 1992)", "__internal_decompress_string(#1)", "#2" ], "Estimated Cardinality": "154231" }, "operator_type": "PROJECTION", "cpu_time": 14.629313000001106, "children": [ { "result_set_size": 1155, "operator_timing": 0.000809, "operator_rows_scanned": 0, "cumulative_rows_scanned": 4835907716, "operator_cardinality": 35, "cumulative_cardinality": 809562986, "extra_info": { "Order By": [ "date.d_year ASC", "customer.c_nation ASC" ] }, "operator_type": "ORDER_BY", "cpu_time": 14.629310000001107, "children": [ { "result_set_size": 1155, "operator_timing": 0.000009, "operator_rows_scanned": 0, "cumulative_rows_scanned": 4835907716, "operator_cardinality": 35, "cumulative_cardinality": 809562951, "extra_info": { "Projections": [ "__internal_compress_integral_utinyint(#0, 1992)", "__internal_compress_string_hugeint(#1)", "#2" ], "Estimated Cardinality": "154231" }, "operator_type": "PROJECTION", "cpu_time": 14.628501000001107, "children": [ { "result_set_size": 1190, "operator_timing": 0.000013, "operator_rows_scanned": 0, "cumulative_rows_scanned": 4835907716, "operator_cardinality": 35, "cumulative_cardinality": 809562916, "extra_info": { "Projections": [ "__internal_decompress_integral_smallint(#0, 1992)", "__internal_decompress_string(#1)", "#2" ], "Estimated Cardinality": "154231" }, "operator_type": "PROJECTION", "cpu_time": 14.628492000001106, "children": [ { "result_set_size": 1155, "operator_timing": 0.12305299999999963, "operator_rows_scanned": 0, "cumulative_rows_scanned": 4835907716, "operator_cardinality": 35, "cumulative_cardinality": 809562881, "extra_info": { "Groups": [ "#0", "#1" ], "Aggregates": "sum(#2)", "Estimated Cardinality": "154231" }, "operator_type": "HASH_GROUP_BY", "cpu_time": 14.628479000001107, "children": [ { "result_set_size": 201608253, "operator_timing": 0.01612200000000004, "operator_rows_scanned": 0, "cumulative_rows_scanned": 4835907716, "operator_cardinality": 9600393, "cumulative_cardinality": 809562846, "extra_info": { "Projections": [ "d_year", "c_nation", "(lo_revenue - lo_supplycost)" ], "Estimated Cardinality": "7851106" }, "operator_type": "PROJECTION", "cpu_time": 14.505426000001108, "children": [ { "result_set_size": 547222401, "operator_timing": 0.08286800000000036, "operator_rows_scanned": 0, "cumulative_rows_scanned": 4835907716, "operator_cardinality": 9600393, "cumulative_cardinality": 799962453, "extra_info": { "Projections": [ "#0", "#1", "#2", "#3", "#4", "#5", "#6", "#7", "#8", "__internal_compress_string_hugeint(#9)", "#10", "__internal_compress_integral_utinyint(#11, 1992)" ], "Estimated Cardinality": "7851106" }, "operator_type": "PROJECTION", "cpu_time": 14.489304000001109, "children": [ { "result_set_size": 556822794, "operator_timing": 0.020531000000000035, "operator_rows_scanned": 0, "cumulative_rows_scanned": 4835907716, "operator_cardinality": 9600393, "cumulative_cardinality": 790362060, "extra_info": { "Join Type": "INNER", "Conditions": "lo_orderdate = d_datekey", "Build Min": "1992-01-01", "Build Max": "1998-12-30", "Estimated Cardinality": "7851106" }, "operator_type": "HASH_JOIN", "cpu_time": 14.40643600000111, "children": [ { "result_set_size": 499220436, "operator_timing": 2.6526160000000445, "operator_rows_scanned": 0, "cumulative_rows_scanned": 4835905160, "operator_cardinality": 9600393, "cumulative_cardinality": 780759111, "extra_info": { "Join Type": "INNER", "Conditions": "lo_custkey = c_custkey", "Estimated Cardinality": "7129271" }, "operator_type": "HASH_JOIN", "cpu_time": 14.38590000000111, "children": [ { "result_set_size": 1539313760, "operator_timing": 1.4868450000006936, "operator_rows_scanned": 0, "cumulative_rows_scanned": 4811905160, "operator_cardinality": 48103555, "cumulative_cardinality": 769959340, "extra_info": { "Join Type": "INNER", "Conditions": "lo_partkey = p_partkey", "Build Min": "1", "Build Max": "1000000", "Estimated Cardinality": "28974950" }, "operator_type": "HASH_JOIN", "cpu_time": 11.718793000001066, "children": [ { "result_set_size": 3370834208, "operator_timing": 2.728557000000096, "operator_rows_scanned": 0, "cumulative_rows_scanned": 4800705160, "operator_cardinality": 120386936, "cumulative_cardinality": 720456188, "extra_info": { "Join Type": "INNER", "Conditions": "lo_suppkey = s_suppkey", "Build Min": "1", "Build Max": "200000", "Estimated Cardinality": "128755261" }, "operator_type": "HASH_JOIN", "cpu_time": 10.223612000000372, "children": [ { "result_set_size": 14400699048, "operator_timing": 7.493391000000277, "operator_rows_scanned": 4800305160, "cumulative_rows_scanned": 4800305160, "operator_cardinality": 600029127, "cumulative_cardinality": 600029127, "extra_info": { "Text": "lineorder", "Projections": [ "lo_custkey", "lo_suppkey", "lo_partkey", "lo_orderdate", "lo_revenue", "lo_supplycost" ], "Estimated Cardinality": "600038145" }, "operator_type": "TABLE_SCAN", "cpu_time": 7.493391000000277, "children": [] }, { "result_set_size": 160500, "operator_timing": 0.0016640000000000001, "operator_rows_scanned": 400000, "cumulative_rows_scanned": 400000, "operator_cardinality": 40125, "cumulative_cardinality": 40125, "extra_info": { "Text": "supplier", "Projections": "s_suppkey", "Filters": "s_region='AMERICA' AND s_region IS NOT NULL", "Estimated Cardinality": "40000" }, "operator_type": "TABLE_SCAN", "cpu_time": 0.0016640000000000001, "children": [] } ] }, { "result_set_size": 7991940, "operator_timing": 0.007570999999999998, "operator_rows_scanned": 0, "cumulative_rows_scanned": 11200000, "operator_cardinality": 399597, "cumulative_cardinality": 1399597, "extra_info": { "Expression": "((p_mfgr = 'MFGR#1') OR (p_mfgr = 'MFGR#2'))", "Estimated Cardinality": "1400000" }, "operator_type": "FILTER", "cpu_time": 0.008335999999999996, "children": [ { "result_set_size": 20000000, "operator_timing": 0.000764999999999999, "operator_rows_scanned": 11200000, "cumulative_rows_scanned": 11200000, "operator_cardinality": 1000000, "cumulative_cardinality": 1000000, "extra_info": { "Text": "part", "Projections": [ "p_partkey", "p_mfgr" ], "Filters": "p_partkey<=1000000 AND p_partkey IS NOT NULL", "Estimated Cardinality": "1400000" }, "operator_type": "TABLE_SCAN", "cpu_time": 0.000764999999999999, "children": [] } ] } ] }, { "result_set_size": 11993780, "operator_timing": 0.0014619999999999976, "operator_rows_scanned": 0, "cumulative_rows_scanned": 24000000, "operator_cardinality": 599689, "cumulative_cardinality": 1199378, "extra_info": { "Expression": "(c_custkey <= 2999999)", "Estimated Cardinality": "600000" }, "operator_type": "FILTER", "cpu_time": 0.014490999999999993, "children": [ { "result_set_size": 11993780, "operator_timing": 0.013028999999999995, "operator_rows_scanned": 24000000, "cumulative_rows_scanned": 24000000, "operator_cardinality": 599689, "cumulative_cardinality": 599689, "extra_info": { "Text": "customer", "Projections": [ "c_custkey", "c_nation" ], "Filters": "c_region='AMERICA' AND c_region IS NOT NULL", "Estimated Cardinality": "600000" }, "operator_type": "TABLE_SCAN", "cpu_time": 0.013028999999999995, "children": [] } ] } ] }, { "result_set_size": 15336, "operator_timing": 0.0000049999999999999996, "operator_rows_scanned": 2556, "cumulative_rows_scanned": 2556, "operator_cardinality": 2556, "cumulative_cardinality": 2556, "extra_info": { "Text": "date", "Projections": [ "d_datekey", "d_year" ], "Estimated Cardinality": "2556" }, "operator_type": "TABLE_SCAN", "cpu_time": 0.0000049999999999999996, "children": [] } ] } ] } ] } ] } ] } ] } ] } ] } ] }, { "benchmark_name": "SSBQ4v1S100T8", "scale_factor": "100", "thread_count": "8", "all_optimizers": 0.000385, "cumulative_optimizer_timing": 0.000384, "planner": 0.000134, "planner_binding": 0.000132, "physical_planner": 0.000032000000000000005, "physical_planner_column_binding": 0.000006, "physical_planner_resolve_types": 0.000001, "physical_planner_create_plan": 0.00002, "optimizer_expression_rewriter": 0.000037, "optimizer_filter_pullup": 0.000001, "optimizer_filter_pushdown": 0.000039, "optimizer_cte_filter_pusher": 0.0, "optimizer_regex_range": 0.000001, "optimizer_in_clause": 0.000001, "optimizer_join_order": 0.000122, "optimizer_deliminator": 0.000001, "optimizer_unnest_rewriter": 0.000023, "optimizer_unused_columns": 0.000011, "optimizer_statistics_propagation": 0.000096, "optimizer_limit_pushdown": 0.0, "optimizer_top_n": 0.000001, "optimizer_compressed_materialization": 0.0, "optimizer_duplicate_groups": 0.000003, "optimizer_reorder_filter": 0.000004, "optimizer_join_filter_pushdown": 0.00001, "optimizer_extension": 0.0, "optimizer_materialized_cte": 0.0, "optimizer_build_side_probe_side": 0.000012, "result_set_size": 1190, "optimizer_column_lifetime": 0.000017, "operator_timing": 1.748424, "optimizer_common_aggregate": 0.000002, "operator_rows_scanned": 0, "optimizer_common_subexpressions": 0.000003, "cumulative_rows_scanned": 4835907716, "operator_cardinality": 0, "cumulative_cardinality": 809563021, "extra_info": {}, "cpu_time": 14.764408000001493, "blocked_thread_time": 0.0, "query_name": "SELECT d_year, c_nation, SUM(lo_revenue - lo_supplycost) AS profit FROM date, customer, supplier, part, lineorder WHERE lo_custkey = c_custkey AND lo_suppkey = s_suppkey AND lo_partkey = p_partkey AND lo_orderdate = d_datekey AND c_region = 'AMERICA' AND s_region = 'AMERICA' AND (p_mfgr = 'MFGR#1' OR p_mfgr = 'MFGR#2') GROUP BY d_year, c_nation ORDER BY d_year, c_nation;", "children": [ { "result_set_size": 1190, "operator_timing": 0.000003, "operator_rows_scanned": 0, "cumulative_rows_scanned": 4835907716, "operator_cardinality": 35, "cumulative_cardinality": 809563021, "extra_info": { "Projections": [ "__internal_decompress_integral_smallint(#0, 1992)", "__internal_decompress_string(#1)", "#2" ], "Estimated Cardinality": "154231" }, "operator_type": "PROJECTION", "cpu_time": 13.015984000001493, "children": [ { "result_set_size": 1155, "operator_timing": 0.0005049999999999999, "operator_rows_scanned": 0, "cumulative_rows_scanned": 4835907716, "operator_cardinality": 35, "cumulative_cardinality": 809562986, "extra_info": { "Order By": [ "date.d_year ASC", "customer.c_nation ASC" ] }, "operator_type": "ORDER_BY", "cpu_time": 13.015981000001494, "children": [ { "result_set_size": 1155, "operator_timing": 0.000008, "operator_rows_scanned": 0, "cumulative_rows_scanned": 4835907716, "operator_cardinality": 35, "cumulative_cardinality": 809562951, "extra_info": { "Projections": [ "__internal_compress_integral_utinyint(#0, 1992)", "__internal_compress_string_hugeint(#1)", "#2" ], "Estimated Cardinality": "154231" }, "operator_type": "PROJECTION", "cpu_time": 13.015476000001494, "children": [ { "result_set_size": 1190, "operator_timing": 0.000009999999999999999, "operator_rows_scanned": 0, "cumulative_rows_scanned": 4835907716, "operator_cardinality": 35, "cumulative_cardinality": 809562916, "extra_info": { "Projections": [ "__internal_decompress_integral_smallint(#0, 1992)", "__internal_decompress_string(#1)", "#2" ], "Estimated Cardinality": "154231" }, "operator_type": "PROJECTION", "cpu_time": 13.015468000001494, "children": [ { "result_set_size": 1155, "operator_timing": 0.1310339999999998, "operator_rows_scanned": 0, "cumulative_rows_scanned": 4835907716, "operator_cardinality": 35, "cumulative_cardinality": 809562881, "extra_info": { "Groups": [ "#0", "#1" ], "Aggregates": "sum(#2)", "Estimated Cardinality": "154231" }, "operator_type": "HASH_GROUP_BY", "cpu_time": 13.015458000001495, "children": [ { "result_set_size": 201608253, "operator_timing": 0.008433000000000065, "operator_rows_scanned": 0, "cumulative_rows_scanned": 4835907716, "operator_cardinality": 9600393, "cumulative_cardinality": 809562846, "extra_info": { "Projections": [ "d_year", "c_nation", "(lo_revenue - lo_supplycost)" ], "Estimated Cardinality": "7851106" }, "operator_type": "PROJECTION", "cpu_time": 12.884424000001495, "children": [ { "result_set_size": 547222401, "operator_timing": 0.07577900000000012, "operator_rows_scanned": 0, "cumulative_rows_scanned": 4835907716, "operator_cardinality": 9600393, "cumulative_cardinality": 799962453, "extra_info": { "Projections": [ "#0", "#1", "#2", "#3", "#4", "#5", "#6", "#7", "#8", "__internal_compress_string_hugeint(#9)", "#10", "__internal_compress_integral_utinyint(#11, 1992)" ], "Estimated Cardinality": "7851106" }, "operator_type": "PROJECTION", "cpu_time": 12.875991000001495, "children": [ { "result_set_size": 556822794, "operator_timing": 0.01942399999999997, "operator_rows_scanned": 0, "cumulative_rows_scanned": 4835907716, "operator_cardinality": 9600393, "cumulative_cardinality": 790362060, "extra_info": { "Join Type": "INNER", "Conditions": "lo_orderdate = d_datekey", "Build Min": "1992-01-01", "Build Max": "1998-12-30", "Estimated Cardinality": "7851106" }, "operator_type": "HASH_JOIN", "cpu_time": 12.800212000001494, "children": [ { "result_set_size": 499220436, "operator_timing": 2.671506000000001, "operator_rows_scanned": 0, "cumulative_rows_scanned": 4835905160, "operator_cardinality": 9600393, "cumulative_cardinality": 780759111, "extra_info": { "Join Type": "INNER", "Conditions": "lo_custkey = c_custkey", "Estimated Cardinality": "7129271" }, "operator_type": "HASH_JOIN", "cpu_time": 12.780781000001493, "children": [ { "result_set_size": 1539313760, "operator_timing": 1.4705620000006774, "operator_rows_scanned": 0, "cumulative_rows_scanned": 4811905160, "operator_cardinality": 48103555, "cumulative_cardinality": 769959340, "extra_info": { "Join Type": "INNER", "Conditions": "lo_partkey = p_partkey", "Build Min": "1", "Build Max": "1000000", "Estimated Cardinality": "28974950" }, "operator_type": "HASH_JOIN", "cpu_time": 10.090851000001493, "children": [ { "result_set_size": 3370834208, "operator_timing": 2.775360000000194, "operator_rows_scanned": 0, "cumulative_rows_scanned": 4800705160, "operator_cardinality": 120386936, "cumulative_cardinality": 720456188, "extra_info": { "Join Type": "INNER", "Conditions": "lo_suppkey = s_suppkey", "Build Min": "1", "Build Max": "200000", "Estimated Cardinality": "128755261" }, "operator_type": "HASH_JOIN", "cpu_time": 8.608846000000815, "children": [ { "result_set_size": 14400699048, "operator_timing": 5.83284800000062, "operator_rows_scanned": 4800305160, "cumulative_rows_scanned": 4800305160, "operator_cardinality": 600029127, "cumulative_cardinality": 600029127, "extra_info": { "Text": "lineorder", "Projections": [ "lo_custkey", "lo_suppkey", "lo_partkey", "lo_orderdate", "lo_revenue", "lo_supplycost" ], "Estimated Cardinality": "600038145" }, "operator_type": "TABLE_SCAN", "cpu_time": 5.83284800000062, "children": [] }, { "result_set_size": 160500, "operator_timing": 0.000638, "operator_rows_scanned": 400000, "cumulative_rows_scanned": 400000, "operator_cardinality": 40125, "cumulative_cardinality": 40125, "extra_info": { "Text": "supplier", "Projections": "s_suppkey", "Filters": "s_region='AMERICA' AND s_region IS NOT NULL", "Estimated Cardinality": "40000" }, "operator_type": "TABLE_SCAN", "cpu_time": 0.000638, "children": [] } ] }, { "result_set_size": 7991940, "operator_timing": 0.010306, "operator_rows_scanned": 0, "cumulative_rows_scanned": 11200000, "operator_cardinality": 399597, "cumulative_cardinality": 1399597, "extra_info": { "Expression": "((p_mfgr = 'MFGR#1') OR (p_mfgr = 'MFGR#2'))", "Estimated Cardinality": "1400000" }, "operator_type": "FILTER", "cpu_time": 0.011442999999999998, "children": [ { "result_set_size": 20000000, "operator_timing": 0.001136999999999999, "operator_rows_scanned": 11200000, "cumulative_rows_scanned": 11200000, "operator_cardinality": 1000000, "cumulative_cardinality": 1000000, "extra_info": { "Text": "part", "Projections": [ "p_partkey", "p_mfgr" ], "Filters": "p_partkey<=1000000 AND p_partkey IS NOT NULL", "Estimated Cardinality": "1400000" }, "operator_type": "TABLE_SCAN", "cpu_time": 0.001136999999999999, "children": [] } ] } ] }, { "result_set_size": 11993780, "operator_timing": 0.0015539999999999983, "operator_rows_scanned": 0, "cumulative_rows_scanned": 24000000, "operator_cardinality": 599689, "cumulative_cardinality": 1199378, "extra_info": { "Expression": "(c_custkey <= 2999999)", "Estimated Cardinality": "600000" }, "operator_type": "FILTER", "cpu_time": 0.01842400000000001, "children": [ { "result_set_size": 11993780, "operator_timing": 0.01687000000000001, "operator_rows_scanned": 24000000, "cumulative_rows_scanned": 24000000, "operator_cardinality": 599689, "cumulative_cardinality": 599689, "extra_info": { "Text": "customer", "Projections": [ "c_custkey", "c_nation" ], "Filters": "c_region='AMERICA' AND c_region IS NOT NULL", "Estimated Cardinality": "600000" }, "operator_type": "TABLE_SCAN", "cpu_time": 0.01687000000000001, "children": [] } ] } ] }, { "result_set_size": 15336, "operator_timing": 0.000007, "operator_rows_scanned": 2556, "cumulative_rows_scanned": 2556, "operator_cardinality": 2556, "cumulative_cardinality": 2556, "extra_info": { "Text": "date", "Projections": [ "d_datekey", "d_year" ], "Estimated Cardinality": "2556" }, "operator_type": "TABLE_SCAN", "cpu_time": 0.000007, "children": [] } ] } ] } ] } ] } ] } ] } ] } ] } ] }, { "benchmark_name": "SSBQ4v1S100T8", "scale_factor": "100", "thread_count": "8", "all_optimizers": 0.000324, "cumulative_optimizer_timing": 0.00032399999999999996, "planner": 0.000128, "planner_binding": 0.000125, "physical_planner": 0.000029, "physical_planner_column_binding": 0.000005, "physical_planner_resolve_types": 0.000001, "physical_planner_create_plan": 0.000018, "optimizer_expression_rewriter": 0.000032, "optimizer_filter_pullup": 0.000002, "optimizer_filter_pushdown": 0.000037, "optimizer_cte_filter_pusher": 0.000001, "optimizer_regex_range": 0.0, "optimizer_in_clause": 0.000001, "optimizer_join_order": 0.000118, "optimizer_deliminator": 0.0, "optimizer_unnest_rewriter": 0.000001, "optimizer_unused_columns": 0.000007, "optimizer_statistics_propagation": 0.000081, "optimizer_limit_pushdown": 0.0, "optimizer_top_n": 0.0, "optimizer_compressed_materialization": 0.0, "optimizer_duplicate_groups": 0.000002, "optimizer_reorder_filter": 0.000004, "optimizer_join_filter_pushdown": 0.00001, "optimizer_extension": 0.0, "optimizer_materialized_cte": 0.0, "optimizer_build_side_probe_side": 0.000008, "result_set_size": 1190, "optimizer_column_lifetime": 0.000014999999999999999, "operator_timing": 1.748454, "optimizer_common_aggregate": 0.000002, "operator_rows_scanned": 0, "optimizer_common_subexpressions": 0.000003, "cumulative_rows_scanned": 4835907716, "operator_cardinality": 0, "cumulative_cardinality": 809563021, "extra_info": {}, "cpu_time": 14.808328000001168, "blocked_thread_time": 0.0, "query_name": "SELECT d_year, c_nation, SUM(lo_revenue - lo_supplycost) AS profit FROM date, customer, supplier, part, lineorder WHERE lo_custkey = c_custkey AND lo_suppkey = s_suppkey AND lo_partkey = p_partkey AND lo_orderdate = d_datekey AND c_region = 'AMERICA' AND s_region = 'AMERICA' AND (p_mfgr = 'MFGR#1' OR p_mfgr = 'MFGR#2') GROUP BY d_year, c_nation ORDER BY d_year, c_nation;", "children": [ { "result_set_size": 1190, "operator_timing": 0.000006, "operator_rows_scanned": 0, "cumulative_rows_scanned": 4835907716, "operator_cardinality": 35, "cumulative_cardinality": 809563021, "extra_info": { "Projections": [ "__internal_decompress_integral_smallint(#0, 1992)", "__internal_decompress_string(#1)", "#2" ], "Estimated Cardinality": "154231" }, "operator_type": "PROJECTION", "cpu_time": 13.059874000001168, "children": [ { "result_set_size": 1155, "operator_timing": 0.0015549999999999997, "operator_rows_scanned": 0, "cumulative_rows_scanned": 4835907716, "operator_cardinality": 35, "cumulative_cardinality": 809562986, "extra_info": { "Order By": [ "date.d_year ASC", "customer.c_nation ASC" ] }, "operator_type": "ORDER_BY", "cpu_time": 13.059868000001167, "children": [ { "result_set_size": 1155, "operator_timing": 0.00001, "operator_rows_scanned": 0, "cumulative_rows_scanned": 4835907716, "operator_cardinality": 35, "cumulative_cardinality": 809562951, "extra_info": { "Projections": [ "__internal_compress_integral_utinyint(#0, 1992)", "__internal_compress_string_hugeint(#1)", "#2" ], "Estimated Cardinality": "154231" }, "operator_type": "PROJECTION", "cpu_time": 13.058313000001167, "children": [ { "result_set_size": 1190, "operator_timing": 0.000011000000000000001, "operator_rows_scanned": 0, "cumulative_rows_scanned": 4835907716, "operator_cardinality": 35, "cumulative_cardinality": 809562916, "extra_info": { "Projections": [ "__internal_decompress_integral_smallint(#0, 1992)", "__internal_decompress_string(#1)", "#2" ], "Estimated Cardinality": "154231" }, "operator_type": "PROJECTION", "cpu_time": 13.058303000001168, "children": [ { "result_set_size": 1155, "operator_timing": 0.11602499999999975, "operator_rows_scanned": 0, "cumulative_rows_scanned": 4835907716, "operator_cardinality": 35, "cumulative_cardinality": 809562881, "extra_info": { "Groups": [ "#0", "#1" ], "Aggregates": "sum(#2)", "Estimated Cardinality": "154231" }, "operator_type": "HASH_GROUP_BY", "cpu_time": 13.058292000001167, "children": [ { "result_set_size": 201608253, "operator_timing": 0.007915000000000071, "operator_rows_scanned": 0, "cumulative_rows_scanned": 4835907716, "operator_cardinality": 9600393, "cumulative_cardinality": 809562846, "extra_info": { "Projections": [ "d_year", "c_nation", "(lo_revenue - lo_supplycost)" ], "Estimated Cardinality": "7851106" }, "operator_type": "PROJECTION", "cpu_time": 12.942267000001166, "children": [ { "result_set_size": 547222401, "operator_timing": 0.0916910000000003, "operator_rows_scanned": 0, "cumulative_rows_scanned": 4835907716, "operator_cardinality": 9600393, "cumulative_cardinality": 799962453, "extra_info": { "Projections": [ "#0", "#1", "#2", "#3", "#4", "#5", "#6", "#7", "#8", "__internal_compress_string_hugeint(#9)", "#10", "__internal_compress_integral_utinyint(#11, 1992)" ], "Estimated Cardinality": "7851106" }, "operator_type": "PROJECTION", "cpu_time": 12.934352000001166, "children": [ { "result_set_size": 556822794, "operator_timing": 0.025803999999999976, "operator_rows_scanned": 0, "cumulative_rows_scanned": 4835907716, "operator_cardinality": 9600393, "cumulative_cardinality": 790362060, "extra_info": { "Join Type": "INNER", "Conditions": "lo_orderdate = d_datekey", "Build Min": "1992-01-01", "Build Max": "1998-12-30", "Estimated Cardinality": "7851106" }, "operator_type": "HASH_JOIN", "cpu_time": 12.842661000001165, "children": [ { "result_set_size": 499220436, "operator_timing": 2.7368339999998015, "operator_rows_scanned": 0, "cumulative_rows_scanned": 4835905160, "operator_cardinality": 9600393, "cumulative_cardinality": 780759111, "extra_info": { "Join Type": "INNER", "Conditions": "lo_custkey = c_custkey", "Estimated Cardinality": "7129271" }, "operator_type": "HASH_JOIN", "cpu_time": 12.816850000001164, "children": [ { "result_set_size": 1539313760, "operator_timing": 1.481513000000697, "operator_rows_scanned": 0, "cumulative_rows_scanned": 4811905160, "operator_cardinality": 48103555, "cumulative_cardinality": 769959340, "extra_info": { "Join Type": "INNER", "Conditions": "lo_partkey = p_partkey", "Build Min": "1", "Build Max": "1000000", "Estimated Cardinality": "28974950" }, "operator_type": "HASH_JOIN", "cpu_time": 10.064535000001364, "children": [ { "result_set_size": 3370834208, "operator_timing": 2.8278520000001066, "operator_rows_scanned": 0, "cumulative_rows_scanned": 4800705160, "operator_cardinality": 120386936, "cumulative_cardinality": 720456188, "extra_info": { "Join Type": "INNER", "Conditions": "lo_suppkey = s_suppkey", "Build Min": "1", "Build Max": "200000", "Estimated Cardinality": "128755261" }, "operator_type": "HASH_JOIN", "cpu_time": 8.574270000000666, "children": [ { "result_set_size": 14400699048, "operator_timing": 5.74545800000056, "operator_rows_scanned": 4800305160, "cumulative_rows_scanned": 4800305160, "operator_cardinality": 600029127, "cumulative_cardinality": 600029127, "extra_info": { "Text": "lineorder", "Projections": [ "lo_custkey", "lo_suppkey", "lo_partkey", "lo_orderdate", "lo_revenue", "lo_supplycost" ], "Estimated Cardinality": "600038145" }, "operator_type": "TABLE_SCAN", "cpu_time": 5.74545800000056, "children": [] }, { "result_set_size": 160500, "operator_timing": 0.0009600000000000002, "operator_rows_scanned": 400000, "cumulative_rows_scanned": 400000, "operator_cardinality": 40125, "cumulative_cardinality": 40125, "extra_info": { "Text": "supplier", "Projections": "s_suppkey", "Filters": "s_region='AMERICA' AND s_region IS NOT NULL", "Estimated Cardinality": "40000" }, "operator_type": "TABLE_SCAN", "cpu_time": 0.0009600000000000002, "children": [] } ] }, { "result_set_size": 7991940, "operator_timing": 0.007925000000000001, "operator_rows_scanned": 0, "cumulative_rows_scanned": 11200000, "operator_cardinality": 399597, "cumulative_cardinality": 1399597, "extra_info": { "Expression": "((p_mfgr = 'MFGR#1') OR (p_mfgr = 'MFGR#2'))", "Estimated Cardinality": "1400000" }, "operator_type": "FILTER", "cpu_time": 0.008752000000000001, "children": [ { "result_set_size": 20000000, "operator_timing": 0.0008269999999999992, "operator_rows_scanned": 11200000, "cumulative_rows_scanned": 11200000, "operator_cardinality": 1000000, "cumulative_cardinality": 1000000, "extra_info": { "Text": "part", "Projections": [ "p_partkey", "p_mfgr" ], "Filters": "p_partkey<=1000000 AND p_partkey IS NOT NULL", "Estimated Cardinality": "1400000" }, "operator_type": "TABLE_SCAN", "cpu_time": 0.0008269999999999992, "children": [] } ] } ] }, { "result_set_size": 11993780, "operator_timing": 0.0017599999999999985, "operator_rows_scanned": 0, "cumulative_rows_scanned": 24000000, "operator_cardinality": 599689, "cumulative_cardinality": 1199378, "extra_info": { "Expression": "(c_custkey <= 2999999)", "Estimated Cardinality": "600000" }, "operator_type": "FILTER", "cpu_time": 0.015480999999999984, "children": [ { "result_set_size": 11993780, "operator_timing": 0.013720999999999987, "operator_rows_scanned": 24000000, "cumulative_rows_scanned": 24000000, "operator_cardinality": 599689, "cumulative_cardinality": 599689, "extra_info": { "Text": "customer", "Projections": [ "c_custkey", "c_nation" ], "Filters": "c_region='AMERICA' AND c_region IS NOT NULL", "Estimated Cardinality": "600000" }, "operator_type": "TABLE_SCAN", "cpu_time": 0.013720999999999987, "children": [] } ] } ] }, { "result_set_size": 15336, "operator_timing": 0.000007, "operator_rows_scanned": 2556, "cumulative_rows_scanned": 2556, "operator_cardinality": 2556, "cumulative_cardinality": 2556, "extra_info": { "Text": "date", "Projections": [ "d_datekey", "d_year" ], "Estimated Cardinality": "2556" }, "operator_type": "TABLE_SCAN", "cpu_time": 0.000007, "children": [] } ] } ] } ] } ] } ] } ] } ] } ] } ] }, { "benchmark_name": "SSBQ4v1S100T8", "scale_factor": "100", "thread_count": "8", "all_optimizers": 0.000324, "cumulative_optimizer_timing": 0.000323, "planner": 0.000124, "planner_binding": 0.000121, "physical_planner": 0.000031, "physical_planner_column_binding": 0.000007, "physical_planner_resolve_types": 0.000001, "physical_planner_create_plan": 0.000019, "optimizer_expression_rewriter": 0.000032, "optimizer_filter_pullup": 0.000001, "optimizer_filter_pushdown": 0.000037, "optimizer_cte_filter_pusher": 0.000001, "optimizer_regex_range": 0.000001, "optimizer_in_clause": 0.000001, "optimizer_join_order": 0.000118, "optimizer_deliminator": 0.0, "optimizer_unnest_rewriter": 0.000001, "optimizer_unused_columns": 0.000006, "optimizer_statistics_propagation": 0.000081, "optimizer_limit_pushdown": 0.000001, "optimizer_top_n": 0.0, "optimizer_compressed_materialization": 0.0, "optimizer_duplicate_groups": 0.000003, "optimizer_reorder_filter": 0.000003, "optimizer_join_filter_pushdown": 0.000009, "optimizer_extension": 0.0, "optimizer_materialized_cte": 0.0, "optimizer_build_side_probe_side": 0.000008, "result_set_size": 1190, "optimizer_column_lifetime": 0.000016, "operator_timing": 1.719446, "optimizer_common_aggregate": 0.000002, "operator_rows_scanned": 0, "optimizer_common_subexpressions": 0.000002, "cumulative_rows_scanned": 4835907716, "operator_cardinality": 0, "cumulative_cardinality": 809563021, "extra_info": {}, "cpu_time": 14.579400000001453, "blocked_thread_time": 0.0, "query_name": "SELECT d_year, c_nation, SUM(lo_revenue - lo_supplycost) AS profit FROM date, customer, supplier, part, lineorder WHERE lo_custkey = c_custkey AND lo_suppkey = s_suppkey AND lo_partkey = p_partkey AND lo_orderdate = d_datekey AND c_region = 'AMERICA' AND s_region = 'AMERICA' AND (p_mfgr = 'MFGR#1' OR p_mfgr = 'MFGR#2') GROUP BY d_year, c_nation ORDER BY d_year, c_nation;", "children": [ { "result_set_size": 1190, "operator_timing": 0.0000049999999999999996, "operator_rows_scanned": 0, "cumulative_rows_scanned": 4835907716, "operator_cardinality": 35, "cumulative_cardinality": 809563021, "extra_info": { "Projections": [ "__internal_decompress_integral_smallint(#0, 1992)", "__internal_decompress_string(#1)", "#2" ], "Estimated Cardinality": "154231" }, "operator_type": "PROJECTION", "cpu_time": 12.859954000001453, "children": [ { "result_set_size": 1155, "operator_timing": 0.0009390000000000003, "operator_rows_scanned": 0, "cumulative_rows_scanned": 4835907716, "operator_cardinality": 35, "cumulative_cardinality": 809562986, "extra_info": { "Order By": [ "date.d_year ASC", "customer.c_nation ASC" ] }, "operator_type": "ORDER_BY", "cpu_time": 12.859949000001453, "children": [ { "result_set_size": 1155, "operator_timing": 0.000008, "operator_rows_scanned": 0, "cumulative_rows_scanned": 4835907716, "operator_cardinality": 35, "cumulative_cardinality": 809562951, "extra_info": { "Projections": [ "__internal_compress_integral_utinyint(#0, 1992)", "__internal_compress_string_hugeint(#1)", "#2" ], "Estimated Cardinality": "154231" }, "operator_type": "PROJECTION", "cpu_time": 12.859010000001453, "children": [ { "result_set_size": 1190, "operator_timing": 0.00001, "operator_rows_scanned": 0, "cumulative_rows_scanned": 4835907716, "operator_cardinality": 35, "cumulative_cardinality": 809562916, "extra_info": { "Projections": [ "__internal_decompress_integral_smallint(#0, 1992)", "__internal_decompress_string(#1)", "#2" ], "Estimated Cardinality": "154231" }, "operator_type": "PROJECTION", "cpu_time": 12.859002000001453, "children": [ { "result_set_size": 1155, "operator_timing": 0.11944399999999984, "operator_rows_scanned": 0, "cumulative_rows_scanned": 4835907716, "operator_cardinality": 35, "cumulative_cardinality": 809562881, "extra_info": { "Groups": [ "#0", "#1" ], "Aggregates": "sum(#2)", "Estimated Cardinality": "154231" }, "operator_type": "HASH_GROUP_BY", "cpu_time": 12.858992000001454, "children": [ { "result_set_size": 201608253, "operator_timing": 0.007742000000000066, "operator_rows_scanned": 0, "cumulative_rows_scanned": 4835907716, "operator_cardinality": 9600393, "cumulative_cardinality": 809562846, "extra_info": { "Projections": [ "d_year", "c_nation", "(lo_revenue - lo_supplycost)" ], "Estimated Cardinality": "7851106" }, "operator_type": "PROJECTION", "cpu_time": 12.739548000001454, "children": [ { "result_set_size": 547222401, "operator_timing": 0.07742000000000009, "operator_rows_scanned": 0, "cumulative_rows_scanned": 4835907716, "operator_cardinality": 9600393, "cumulative_cardinality": 799962453, "extra_info": { "Projections": [ "#0", "#1", "#2", "#3", "#4", "#5", "#6", "#7", "#8", "__internal_compress_string_hugeint(#9)", "#10", "__internal_compress_integral_utinyint(#11, 1992)" ], "Estimated Cardinality": "7851106" }, "operator_type": "PROJECTION", "cpu_time": 12.731806000001454, "children": [ { "result_set_size": 556822794, "operator_timing": 0.019358999999999942, "operator_rows_scanned": 0, "cumulative_rows_scanned": 4835907716, "operator_cardinality": 9600393, "cumulative_cardinality": 790362060, "extra_info": { "Join Type": "INNER", "Conditions": "lo_orderdate = d_datekey", "Build Min": "1992-01-01", "Build Max": "1998-12-30", "Estimated Cardinality": "7851106" }, "operator_type": "HASH_JOIN", "cpu_time": 12.654386000001454, "children": [ { "result_set_size": 499220436, "operator_timing": 2.576787000000047, "operator_rows_scanned": 0, "cumulative_rows_scanned": 4835905160, "operator_cardinality": 9600393, "cumulative_cardinality": 780759111, "extra_info": { "Join Type": "INNER", "Conditions": "lo_custkey = c_custkey", "Estimated Cardinality": "7129271" }, "operator_type": "HASH_JOIN", "cpu_time": 12.635023000001453, "children": [ { "result_set_size": 1539313760, "operator_timing": 1.4541480000007028, "operator_rows_scanned": 0, "cumulative_rows_scanned": 4811905160, "operator_cardinality": 48103555, "cumulative_cardinality": 769959340, "extra_info": { "Join Type": "INNER", "Conditions": "lo_partkey = p_partkey", "Build Min": "1", "Build Max": "1000000", "Estimated Cardinality": "28974950" }, "operator_type": "HASH_JOIN", "cpu_time": 10.043765000001406, "children": [ { "result_set_size": 3370834208, "operator_timing": 2.704727000000106, "operator_rows_scanned": 0, "cumulative_rows_scanned": 4800705160, "operator_cardinality": 120386936, "cumulative_cardinality": 720456188, "extra_info": { "Join Type": "INNER", "Conditions": "lo_suppkey = s_suppkey", "Build Min": "1", "Build Max": "200000", "Estimated Cardinality": "128755261" }, "operator_type": "HASH_JOIN", "cpu_time": 8.579066000000703, "children": [ { "result_set_size": 14400699048, "operator_timing": 5.8736500000005964, "operator_rows_scanned": 4800305160, "cumulative_rows_scanned": 4800305160, "operator_cardinality": 600029127, "cumulative_cardinality": 600029127, "extra_info": { "Text": "lineorder", "Projections": [ "lo_custkey", "lo_suppkey", "lo_partkey", "lo_orderdate", "lo_revenue", "lo_supplycost" ], "Estimated Cardinality": "600038145" }, "operator_type": "TABLE_SCAN", "cpu_time": 5.8736500000005964, "children": [] }, { "result_set_size": 160500, "operator_timing": 0.000689, "operator_rows_scanned": 400000, "cumulative_rows_scanned": 400000, "operator_cardinality": 40125, "cumulative_cardinality": 40125, "extra_info": { "Text": "supplier", "Projections": "s_suppkey", "Filters": "s_region='AMERICA' AND s_region IS NOT NULL", "Estimated Cardinality": "40000" }, "operator_type": "TABLE_SCAN", "cpu_time": 0.000689, "children": [] } ] }, { "result_set_size": 7991940, "operator_timing": 0.009491, "operator_rows_scanned": 0, "cumulative_rows_scanned": 11200000, "operator_cardinality": 399597, "cumulative_cardinality": 1399597, "extra_info": { "Expression": "((p_mfgr = 'MFGR#1') OR (p_mfgr = 'MFGR#2'))", "Estimated Cardinality": "1400000" }, "operator_type": "FILTER", "cpu_time": 0.010550999999999998, "children": [ { "result_set_size": 20000000, "operator_timing": 0.0010599999999999989, "operator_rows_scanned": 11200000, "cumulative_rows_scanned": 11200000, "operator_cardinality": 1000000, "cumulative_cardinality": 1000000, "extra_info": { "Text": "part", "Projections": [ "p_partkey", "p_mfgr" ], "Filters": "p_partkey<=1000000 AND p_partkey IS NOT NULL", "Estimated Cardinality": "1400000" }, "operator_type": "TABLE_SCAN", "cpu_time": 0.0010599999999999989, "children": [] } ] } ] }, { "result_set_size": 11993780, "operator_timing": 0.001447999999999997, "operator_rows_scanned": 0, "cumulative_rows_scanned": 24000000, "operator_cardinality": 599689, "cumulative_cardinality": 1199378, "extra_info": { "Expression": "(c_custkey <= 2999999)", "Estimated Cardinality": "600000" }, "operator_type": "FILTER", "cpu_time": 0.014470999999999994, "children": [ { "result_set_size": 11993780, "operator_timing": 0.013022999999999996, "operator_rows_scanned": 24000000, "cumulative_rows_scanned": 24000000, "operator_cardinality": 599689, "cumulative_cardinality": 599689, "extra_info": { "Text": "customer", "Projections": [ "c_custkey", "c_nation" ], "Filters": "c_region='AMERICA' AND c_region IS NOT NULL", "Estimated Cardinality": "600000" }, "operator_type": "TABLE_SCAN", "cpu_time": 0.013022999999999996, "children": [] } ] } ] }, { "result_set_size": 15336, "operator_timing": 0.000004, "operator_rows_scanned": 2556, "cumulative_rows_scanned": 2556, "operator_cardinality": 2556, "cumulative_cardinality": 2556, "extra_info": { "Text": "date", "Projections": [ "d_datekey", "d_year" ], "Estimated Cardinality": "2556" }, "operator_type": "TABLE_SCAN", "cpu_time": 0.000004, "children": [] } ] } ] } ] } ] } ] } ] } ] } ] } ] }, { "benchmark_name": "SSBQ4v1S100T8", "scale_factor": "100", "thread_count": "8", "all_optimizers": 0.000336, "cumulative_optimizer_timing": 0.000336, "planner": 0.000144, "planner_binding": 0.000142, "physical_planner": 0.000033, "physical_planner_column_binding": 0.000006, "physical_planner_resolve_types": 0.000002, "physical_planner_create_plan": 0.000021, "optimizer_expression_rewriter": 0.000036, "optimizer_filter_pullup": 0.000002, "optimizer_filter_pushdown": 0.000038, "optimizer_cte_filter_pusher": 0.0, "optimizer_regex_range": 0.000001, "optimizer_in_clause": 0.000001, "optimizer_join_order": 0.000123, "optimizer_deliminator": 0.000001, "optimizer_unnest_rewriter": 0.0, "optimizer_unused_columns": 0.000007, "optimizer_statistics_propagation": 0.000083, "optimizer_limit_pushdown": 0.0, "optimizer_top_n": 0.0, "optimizer_compressed_materialization": 0.0, "optimizer_duplicate_groups": 0.000003, "optimizer_reorder_filter": 0.000004, "optimizer_join_filter_pushdown": 0.00001, "optimizer_extension": 0.0, "optimizer_materialized_cte": 0.0, "optimizer_build_side_probe_side": 0.000008, "result_set_size": 1190, "optimizer_column_lifetime": 0.000014999999999999999, "operator_timing": 1.800199, "optimizer_common_aggregate": 0.000002, "operator_rows_scanned": 0, "optimizer_common_subexpressions": 0.000002, "cumulative_rows_scanned": 4835907716, "operator_cardinality": 0, "cumulative_cardinality": 809563021, "extra_info": {}, "cpu_time": 15.216933000001376, "blocked_thread_time": 0.0, "query_name": "SELECT d_year, c_nation, SUM(lo_revenue - lo_supplycost) AS profit FROM date, customer, supplier, part, lineorder WHERE lo_custkey = c_custkey AND lo_suppkey = s_suppkey AND lo_partkey = p_partkey AND lo_orderdate = d_datekey AND c_region = 'AMERICA' AND s_region = 'AMERICA' AND (p_mfgr = 'MFGR#1' OR p_mfgr = 'MFGR#2') GROUP BY d_year, c_nation ORDER BY d_year, c_nation;", "children": [ { "result_set_size": 1190, "operator_timing": 0.000003, "operator_rows_scanned": 0, "cumulative_rows_scanned": 4835907716, "operator_cardinality": 35, "cumulative_cardinality": 809563021, "extra_info": { "Projections": [ "__internal_decompress_integral_smallint(#0, 1992)", "__internal_decompress_string(#1)", "#2" ], "Estimated Cardinality": "154231" }, "operator_type": "PROJECTION", "cpu_time": 13.416734000001375, "children": [ { "result_set_size": 1155, "operator_timing": 0.000551, "operator_rows_scanned": 0, "cumulative_rows_scanned": 4835907716, "operator_cardinality": 35, "cumulative_cardinality": 809562986, "extra_info": { "Order By": [ "date.d_year ASC", "customer.c_nation ASC" ] }, "operator_type": "ORDER_BY", "cpu_time": 13.416731000001375, "children": [ { "result_set_size": 1155, "operator_timing": 0.000008, "operator_rows_scanned": 0, "cumulative_rows_scanned": 4835907716, "operator_cardinality": 35, "cumulative_cardinality": 809562951, "extra_info": { "Projections": [ "__internal_compress_integral_utinyint(#0, 1992)", "__internal_compress_string_hugeint(#1)", "#2" ], "Estimated Cardinality": "154231" }, "operator_type": "PROJECTION", "cpu_time": 13.416180000001376, "children": [ { "result_set_size": 1190, "operator_timing": 0.000009999999999999999, "operator_rows_scanned": 0, "cumulative_rows_scanned": 4835907716, "operator_cardinality": 35, "cumulative_cardinality": 809562916, "extra_info": { "Projections": [ "__internal_decompress_integral_smallint(#0, 1992)", "__internal_decompress_string(#1)", "#2" ], "Estimated Cardinality": "154231" }, "operator_type": "PROJECTION", "cpu_time": 13.416172000001376, "children": [ { "result_set_size": 1155, "operator_timing": 0.13501500000000008, "operator_rows_scanned": 0, "cumulative_rows_scanned": 4835907716, "operator_cardinality": 35, "cumulative_cardinality": 809562881, "extra_info": { "Groups": [ "#0", "#1" ], "Aggregates": "sum(#2)", "Estimated Cardinality": "154231" }, "operator_type": "HASH_GROUP_BY", "cpu_time": 13.416162000001377, "children": [ { "result_set_size": 201608253, "operator_timing": 0.008301000000000058, "operator_rows_scanned": 0, "cumulative_rows_scanned": 4835907716, "operator_cardinality": 9600393, "cumulative_cardinality": 809562846, "extra_info": { "Projections": [ "d_year", "c_nation", "(lo_revenue - lo_supplycost)" ], "Estimated Cardinality": "7851106" }, "operator_type": "PROJECTION", "cpu_time": 13.281147000001377, "children": [ { "result_set_size": 547222401, "operator_timing": 0.08705800000000039, "operator_rows_scanned": 0, "cumulative_rows_scanned": 4835907716, "operator_cardinality": 9600393, "cumulative_cardinality": 799962453, "extra_info": { "Projections": [ "#0", "#1", "#2", "#3", "#4", "#5", "#6", "#7", "#8", "__internal_compress_string_hugeint(#9)", "#10", "__internal_compress_integral_utinyint(#11, 1992)" ], "Estimated Cardinality": "7851106" }, "operator_type": "PROJECTION", "cpu_time": 13.272846000001378, "children": [ { "result_set_size": 556822794, "operator_timing": 0.020093999999999973, "operator_rows_scanned": 0, "cumulative_rows_scanned": 4835907716, "operator_cardinality": 9600393, "cumulative_cardinality": 790362060, "extra_info": { "Join Type": "INNER", "Conditions": "lo_orderdate = d_datekey", "Build Min": "1992-01-01", "Build Max": "1998-12-30", "Estimated Cardinality": "7851106" }, "operator_type": "HASH_JOIN", "cpu_time": 13.185788000001377, "children": [ { "result_set_size": 499220436, "operator_timing": 2.8245419999997794, "operator_rows_scanned": 0, "cumulative_rows_scanned": 4835905160, "operator_cardinality": 9600393, "cumulative_cardinality": 780759111, "extra_info": { "Join Type": "INNER", "Conditions": "lo_custkey = c_custkey", "Estimated Cardinality": "7129271" }, "operator_type": "HASH_JOIN", "cpu_time": 13.165673000001377, "children": [ { "result_set_size": 1539313760, "operator_timing": 1.5230640000007227, "operator_rows_scanned": 0, "cumulative_rows_scanned": 4811905160, "operator_cardinality": 48103555, "cumulative_cardinality": 769959340, "extra_info": { "Join Type": "INNER", "Conditions": "lo_partkey = p_partkey", "Build Min": "1", "Build Max": "1000000", "Estimated Cardinality": "28974950" }, "operator_type": "HASH_JOIN", "cpu_time": 10.321257000001598, "children": [ { "result_set_size": 3370834208, "operator_timing": 2.8096150000001643, "operator_rows_scanned": 0, "cumulative_rows_scanned": 4800705160, "operator_cardinality": 120386936, "cumulative_cardinality": 720456188, "extra_info": { "Join Type": "INNER", "Conditions": "lo_suppkey = s_suppkey", "Build Min": "1", "Build Max": "200000", "Estimated Cardinality": "128755261" }, "operator_type": "HASH_JOIN", "cpu_time": 8.789367000000874, "children": [ { "result_set_size": 14400699048, "operator_timing": 5.97908800000071, "operator_rows_scanned": 4800305160, "cumulative_rows_scanned": 4800305160, "operator_cardinality": 600029127, "cumulative_cardinality": 600029127, "extra_info": { "Text": "lineorder", "Projections": [ "lo_custkey", "lo_suppkey", "lo_partkey", "lo_orderdate", "lo_revenue", "lo_supplycost" ], "Estimated Cardinality": "600038145" }, "operator_type": "TABLE_SCAN", "cpu_time": 5.97908800000071, "children": [] }, { "result_set_size": 160500, "operator_timing": 0.000664, "operator_rows_scanned": 400000, "cumulative_rows_scanned": 400000, "operator_cardinality": 40125, "cumulative_cardinality": 40125, "extra_info": { "Text": "supplier", "Projections": "s_suppkey", "Filters": "s_region='AMERICA' AND s_region IS NOT NULL", "Estimated Cardinality": "40000" }, "operator_type": "TABLE_SCAN", "cpu_time": 0.000664, "children": [] } ] }, { "result_set_size": 7991940, "operator_timing": 0.008005000000000002, "operator_rows_scanned": 0, "cumulative_rows_scanned": 11200000, "operator_cardinality": 399597, "cumulative_cardinality": 1399597, "extra_info": { "Expression": "((p_mfgr = 'MFGR#1') OR (p_mfgr = 'MFGR#2'))", "Estimated Cardinality": "1400000" }, "operator_type": "FILTER", "cpu_time": 0.008826, "children": [ { "result_set_size": 20000000, "operator_timing": 0.0008209999999999991, "operator_rows_scanned": 11200000, "cumulative_rows_scanned": 11200000, "operator_cardinality": 1000000, "cumulative_cardinality": 1000000, "extra_info": { "Text": "part", "Projections": [ "p_partkey", "p_mfgr" ], "Filters": "p_partkey<=1000000 AND p_partkey IS NOT NULL", "Estimated Cardinality": "1400000" }, "operator_type": "TABLE_SCAN", "cpu_time": 0.0008209999999999991, "children": [] } ] } ] }, { "result_set_size": 11993780, "operator_timing": 0.0019659999999999986, "operator_rows_scanned": 0, "cumulative_rows_scanned": 24000000, "operator_cardinality": 599689, "cumulative_cardinality": 1199378, "extra_info": { "Expression": "(c_custkey <= 2999999)", "Estimated Cardinality": "600000" }, "operator_type": "FILTER", "cpu_time": 0.01987400000000002, "children": [ { "result_set_size": 11993780, "operator_timing": 0.01790800000000002, "operator_rows_scanned": 24000000, "cumulative_rows_scanned": 24000000, "operator_cardinality": 599689, "cumulative_cardinality": 599689, "extra_info": { "Text": "customer", "Projections": [ "c_custkey", "c_nation" ], "Filters": "c_region='AMERICA' AND c_region IS NOT NULL", "Estimated Cardinality": "600000" }, "operator_type": "TABLE_SCAN", "cpu_time": 0.01790800000000002, "children": [] } ] } ] }, { "result_set_size": 15336, "operator_timing": 0.000021000000000000002, "operator_rows_scanned": 2556, "cumulative_rows_scanned": 2556, "operator_cardinality": 2556, "cumulative_cardinality": 2556, "extra_info": { "Text": "date", "Projections": [ "d_datekey", "d_year" ], "Estimated Cardinality": "2556" }, "operator_type": "TABLE_SCAN", "cpu_time": 0.000021000000000000002, "children": [] } ] } ] } ] } ] } ] } ] } ] } ] } ] }
]
