{
  "benchmark_name": "SSBQ1v1S100T8",
  "scale_factor": "100",
  "thread_count": "8",
  "all_optimizers": 0.00013099999999999999,
  "cumulative_optimizer_timing": 0.00013099999999999996,
  "planner": 0.00010599999999999999,
  "planner_binding": 0.000104,
  "physical_planner": 0.000011999999999999999,
  "physical_planner_column_binding": 0.000002,
  "physical_planner_resolve_types": 0.0,
  "physical_planner_create_plan": 0.000008,
  "optimizer_expression_rewriter": 0.000024,
  "optimizer_filter_pullup": 0.000001,
  "optimizer_filter_pushdown": 0.000031,
  "optimizer_cte_filter_pusher": 0.0,
  "optimizer_regex_range": 0.000001,
  "optimizer_in_clause": 0.000001,
  "optimizer_join_order": 0.000034,
  "optimizer_deliminator": 0.0,
  "optimizer_unnest_rewriter": 0.000001,
  "optimizer_unused_columns": 0.000007,
  "optimizer_statistics_propagation": 0.000013,
  "optimizer_limit_pushdown": 0.0,
  "optimizer_top_n": 0.0,
  "optimizer_compressed_materialization": 0.0,
  "optimizer_duplicate_groups": 0.000001,
  "optimizer_reorder_filter": 0.000002,
  "optimizer_join_filter_pushdown": 0.000005,
  "optimizer_extension": 0.0,
  "optimizer_materialized_cte": 0.0,
  "optimizer_build_side_probe_side": 0.000004,
  "result_set_size": 16,
  "optimizer_column_lifetime": 0.000003,
  "operator_timing": 0.593561,
  "optimizer_common_aggregate": 0.000001,
  "operator_rows_scanned": 0,
  "optimizer_common_subexpressions": 0.000002,
  "cumulative_rows_scanned": 4800307716,
  "operator_cardinality": 0,
  "cumulative_cardinality": 35759295,
  "extra_info": {},
  "cpu_time": 5.218435000000744,
  "blocked_thread_time": 0.0,
  "query_name": "SELECT SUM(lo_extendedprice CITATION.cff CMakeLists.txt CODE_OF_CONDUCT.md CONTRIBUTING.md Doxyfile DuckDBConfig.cmake.in DuckDBConfigVersion.cmake.in LICENSE Makefile README.md benchmark build clean-profile.sh data duckdb_benchmark_data duckdb_benchmark_db.db duckdb_unittest_tempdir examples extension extension_config.cmake logo scripts sf_1_t1.out src ssb-benchmark-fixed.log ssb-benchmark.log ssb-elapsed.out ssb_sf1.duckdb ssb_sf10.duckdb ssb_sf100.duckdb test test-detailed-profile copy.log test-detailed-profile.log test-detailed-profile.out test-profile.out test.out test2-profile.json test2-profile.out third_party tools lo_discount) AS revenue FROM lineorder, date WHERE lo_orderdate = d_datekey AND d_year = 1994 AND lo_discount BETWEEN 1 AND 3 AND lo_quantity < 25;",
  "children": [
    {
      "result_set_size": 16,
      "operator_timing": 0.01155100000000009,
      "operator_rows_scanned": 0,
      "cumulative_rows_scanned": 4800307716,
      "operator_cardinality": 1,
      "cumulative_cardinality": 35759295,
      "extra_info": {
        "Aggregates": "sum(#0)"
      },
      "operator_type": "UNGROUPED_AGGREGATE",
      "cpu_time": 4.624874000000744,
      "children": [
        {
          "result_set_size": 47678572,
          "operator_timing": 0.008642000000000052,
          "operator_rows_scanned": 0,
          "cumulative_rows_scanned": 4800307716,
          "operator_cardinality": 11919643,
          "cumulative_cardinality": 35759294,
          "extra_info": {
            "Projections": "(lo_extendedprice CITATION.cff CMakeLists.txt CODE_OF_CONDUCT.md CONTRIBUTING.md Doxyfile DuckDBConfig.cmake.in DuckDBConfigVersion.cmake.in LICENSE Makefile README.md benchmark build clean-profile.sh data duckdb_benchmark_data duckdb_benchmark_db.db duckdb_unittest_tempdir examples extension extension_config.cmake logo scripts sf_1_t1.out src ssb-benchmark-fixed.log ssb-benchmark.log ssb-elapsed.out ssb_sf1.duckdb ssb_sf10.duckdb ssb_sf100.duckdb test test-detailed-profile copy.log test-detailed-profile.log test-detailed-profile.out test-profile.out test.out test2-profile.json test2-profile.out third_party tools CAST(lo_discount AS INTEGER))",
            "Estimated Cardinality": "33039584"
          },
          "operator_type": "PROJECTION",
          "cpu_time": 4.613323000000744,
          "children": [
            {
              "result_set_size": 154955359,
              "operator_timing": 0.7984630000003223,
              "operator_rows_scanned": 0,
              "cumulative_rows_scanned": 4800307716,
              "operator_cardinality": 11919643,
              "cumulative_cardinality": 23839651,
              "extra_info": {
                "Join Type": "INNER",
                "Conditions": "lo_orderdate = d_datekey",
                "Build Min": "1992-01-01",
                "Build Max": "1998-12-30",
                "Estimated Cardinality": "33039584"
              },
              "operator_type": "HASH_JOIN",
              "cpu_time": 4.604681000000744,
              "children": [
                {
                  "result_set_size": 107276787,
                  "operator_timing": 3.8062110000004217,
                  "operator_rows_scanned": 4800305160,
                  "cumulative_rows_scanned": 4800305160,
                  "operator_cardinality": 11919643,
                  "cumulative_cardinality": 11919643,
                  "extra_info": {
                    "Text": "lineorder",
                    "Projections": [
                      "lo_orderdate",
                      "lo_discount",
                      "lo_extendedprice"
                    ],
                    "Filters": [
                      "lo_discount>=1 AND lo_discount<=3 AND lo_discount IS NOT NULL",
                      "lo_quantity<25 AND lo_quantity IS NOT NULL"
                    ],
                    "Estimated Cardinality": "120007629"
                  },
                  "operator_type": "TABLE_SCAN",
                  "cpu_time": 3.8062110000004217,
                  "children": []
                },
                {
                  "result_set_size": 1460,
                  "operator_timing": 0.000007000000000000001,
                  "operator_rows_scanned": 2556,
                  "cumulative_rows_scanned": 2556,
                  "operator_cardinality": 365,
                  "cumulative_cardinality": 365,
                  "extra_info": {
                    "Text": "date",
                    "Projections": "d_datekey",
                    "Filters": "d_year=1994 AND d_year IS NOT NULL",
                    "Estimated Cardinality": "639"
                  },
                  "operator_type": "TABLE_SCAN",
                  "cpu_time": 0.000007000000000000001,
                  "children": []
                }
              ]
            }
          ]
        }
      ]
    }
  ]
}
{
  "benchmark_name": "SSBQ1v1S100T8",
  "scale_factor": "100",
  "thread_count": "8",
  "all_optimizers": 0.00013099999999999999,
  "cumulative_optimizer_timing": 0.00012999999999999996,
  "planner": 0.00010099999999999999,
  "planner_binding": 0.000099,
  "physical_planner": 0.000011,
  "physical_planner_column_binding": 0.000002,
  "physical_planner_resolve_types": 0.0,
  "physical_planner_create_plan": 0.000008,
  "optimizer_expression_rewriter": 0.000026,
  "optimizer_filter_pullup": 0.000001,
  "optimizer_filter_pushdown": 0.000028,
  "optimizer_cte_filter_pusher": 0.000001,
  "optimizer_regex_range": 0.0,
  "optimizer_in_clause": 0.000001,
  "optimizer_join_order": 0.000034,
  "optimizer_deliminator": 0.000001,
  "optimizer_unnest_rewriter": 0.0,
  "optimizer_unused_columns": 0.000004,
  "optimizer_statistics_propagation": 0.000014,
  "optimizer_limit_pushdown": 0.0,
  "optimizer_top_n": 0.0,
  "optimizer_compressed_materialization": 0.0,
  "optimizer_duplicate_groups": 0.000001,
  "optimizer_reorder_filter": 0.000002,
  "optimizer_join_filter_pushdown": 0.000007,
  "optimizer_extension": 0.0,
  "optimizer_materialized_cte": 0.0,
  "optimizer_build_side_probe_side": 0.000004,
  "result_set_size": 16,
  "optimizer_column_lifetime": 0.000003,
  "operator_timing": 0.569031,
  "optimizer_common_aggregate": 0.000001,
  "operator_rows_scanned": 0,
  "optimizer_common_subexpressions": 0.000002,
  "cumulative_rows_scanned": 4800307716,
  "operator_cardinality": 0,
  "cumulative_cardinality": 35759295,
  "extra_info": {},
  "cpu_time": 5.005007000000854,
  "blocked_thread_time": 0.0,
  "query_name": "SELECT SUM(lo_extendedprice CITATION.cff CMakeLists.txt CODE_OF_CONDUCT.md CONTRIBUTING.md Doxyfile DuckDBConfig.cmake.in DuckDBConfigVersion.cmake.in LICENSE Makefile README.md benchmark build clean-profile.sh data duckdb_benchmark_data duckdb_benchmark_db.db duckdb_unittest_tempdir examples extension extension_config.cmake logo scripts sf_1_t1.out src ssb-benchmark-fixed.log ssb-benchmark.log ssb-elapsed.out ssb_sf1.duckdb ssb_sf10.duckdb ssb_sf100.duckdb test test-detailed-profile copy.log test-detailed-profile.log test-detailed-profile.out test-profile.out test.out test2-profile.json test2-profile.out third_party tools lo_discount) AS revenue FROM lineorder, date WHERE lo_orderdate = d_datekey AND d_year = 1994 AND lo_discount BETWEEN 1 AND 3 AND lo_quantity < 25;",
  "children": [
    {
      "result_set_size": 16,
      "operator_timing": 0.011784000000000091,
      "operator_rows_scanned": 0,
      "cumulative_rows_scanned": 4800307716,
      "operator_cardinality": 1,
      "cumulative_cardinality": 35759295,
      "extra_info": {
        "Aggregates": "sum(#0)"
      },
      "operator_type": "UNGROUPED_AGGREGATE",
      "cpu_time": 4.435976000000855,
      "children": [
        {
          "result_set_size": 47678572,
          "operator_timing": 0.008571000000000049,
          "operator_rows_scanned": 0,
          "cumulative_rows_scanned": 4800307716,
          "operator_cardinality": 11919643,
          "cumulative_cardinality": 35759294,
          "extra_info": {
            "Projections": "(lo_extendedprice CITATION.cff CMakeLists.txt CODE_OF_CONDUCT.md CONTRIBUTING.md Doxyfile DuckDBConfig.cmake.in DuckDBConfigVersion.cmake.in LICENSE Makefile README.md benchmark build clean-profile.sh data duckdb_benchmark_data duckdb_benchmark_db.db duckdb_unittest_tempdir examples extension extension_config.cmake logo scripts sf_1_t1.out src ssb-benchmark-fixed.log ssb-benchmark.log ssb-elapsed.out ssb_sf1.duckdb ssb_sf10.duckdb ssb_sf100.duckdb test test-detailed-profile copy.log test-detailed-profile.log test-detailed-profile.out test-profile.out test.out test2-profile.json test2-profile.out third_party tools CAST(lo_discount AS INTEGER))",
            "Estimated Cardinality": "33039584"
          },
          "operator_type": "PROJECTION",
          "cpu_time": 4.424192000000854,
          "children": [
            {
              "result_set_size": 154955359,
              "operator_timing": 0.755333000000304,
              "operator_rows_scanned": 0,
              "cumulative_rows_scanned": 4800307716,
              "operator_cardinality": 11919643,
              "cumulative_cardinality": 23839651,
              "extra_info": {
                "Join Type": "INNER",
                "Conditions": "lo_orderdate = d_datekey",
                "Build Min": "1992-01-01",
                "Build Max": "1998-12-30",
                "Estimated Cardinality": "33039584"
              },
              "operator_type": "HASH_JOIN",
              "cpu_time": 4.415621000000854,
              "children": [
                {
                  "result_set_size": 107276787,
                  "operator_timing": 3.66028000000055,
                  "operator_rows_scanned": 4800305160,
                  "cumulative_rows_scanned": 4800305160,
                  "operator_cardinality": 11919643,
                  "cumulative_cardinality": 11919643,
                  "extra_info": {
                    "Text": "lineorder",
                    "Projections": [
                      "lo_orderdate",
                      "lo_discount",
                      "lo_extendedprice"
                    ],
                    "Filters": [
                      "lo_discount>=1 AND lo_discount<=3 AND lo_discount IS NOT NULL",
                      "lo_quantity<25 AND lo_quantity IS NOT NULL"
                    ],
                    "Estimated Cardinality": "120007629"
                  },
                  "operator_type": "TABLE_SCAN",
                  "cpu_time": 3.66028000000055,
                  "children": []
                },
                {
                  "result_set_size": 1460,
                  "operator_timing": 0.000008,
                  "operator_rows_scanned": 2556,
                  "cumulative_rows_scanned": 2556,
                  "operator_cardinality": 365,
                  "cumulative_cardinality": 365,
                  "extra_info": {
                    "Text": "date",
                    "Projections": "d_datekey",
                    "Filters": "d_year=1994 AND d_year IS NOT NULL",
                    "Estimated Cardinality": "639"
                  },
                  "operator_type": "TABLE_SCAN",
                  "cpu_time": 0.000008,
                  "children": []
                }
              ]
            }
          ]
        }
      ]
    }
  ]
}
{
  "benchmark_name": "SSBQ1v1S100T8",
  "scale_factor": "100",
  "thread_count": "8",
  "all_optimizers": 0.00011899999999999998,
  "cumulative_optimizer_timing": 0.000119,
  "planner": 0.000098,
  "planner_binding": 0.000096,
  "physical_planner": 0.000011999999999999999,
  "physical_planner_column_binding": 0.000002,
  "physical_planner_resolve_types": 0.0,
  "physical_planner_create_plan": 0.000008,
  "optimizer_expression_rewriter": 0.000022,
  "optimizer_filter_pullup": 0.000001,
  "optimizer_filter_pushdown": 0.000027,
  "optimizer_cte_filter_pusher": 0.0,
  "optimizer_regex_range": 0.0,
  "optimizer_in_clause": 0.000001,
  "optimizer_join_order": 0.000033,
  "optimizer_deliminator": 0.0,
  "optimizer_unnest_rewriter": 0.0,
  "optimizer_unused_columns": 0.000004,
  "optimizer_statistics_propagation": 0.000013,
  "optimizer_limit_pushdown": 0.0,
  "optimizer_top_n": 0.0,
  "optimizer_compressed_materialization": 0.0,
  "optimizer_duplicate_groups": 0.000001,
  "optimizer_reorder_filter": 0.000002,
  "optimizer_join_filter_pushdown": 0.000005,
  "optimizer_extension": 0.0,
  "optimizer_materialized_cte": 0.0,
  "optimizer_build_side_probe_side": 0.000004,
  "result_set_size": 16,
  "optimizer_column_lifetime": 0.000003,
  "operator_timing": 0.586077,
  "optimizer_common_aggregate": 0.000001,
  "operator_rows_scanned": 0,
  "optimizer_common_subexpressions": 0.000002,
  "cumulative_rows_scanned": 4800307716,
  "operator_cardinality": 0,
  "cumulative_cardinality": 35759295,
  "extra_info": {},
  "cpu_time": 5.160467000000679,
  "blocked_thread_time": 0.0,
  "query_name": "SELECT SUM(lo_extendedprice CITATION.cff CMakeLists.txt CODE_OF_CONDUCT.md CONTRIBUTING.md Doxyfile DuckDBConfig.cmake.in DuckDBConfigVersion.cmake.in LICENSE Makefile README.md benchmark build clean-profile.sh data duckdb_benchmark_data duckdb_benchmark_db.db duckdb_unittest_tempdir examples extension extension_config.cmake logo scripts sf_1_t1.out src ssb-benchmark-fixed.log ssb-benchmark.log ssb-elapsed.out ssb_sf1.duckdb ssb_sf10.duckdb ssb_sf100.duckdb test test-detailed-profile copy.log test-detailed-profile.log test-detailed-profile.out test-profile.out test.out test2-profile.json test2-profile.out third_party tools lo_discount) AS revenue FROM lineorder, date WHERE lo_orderdate = d_datekey AND d_year = 1994 AND lo_discount BETWEEN 1 AND 3 AND lo_quantity < 25;",
  "children": [
    {
      "result_set_size": 16,
      "operator_timing": 0.011774000000000085,
      "operator_rows_scanned": 0,
      "cumulative_rows_scanned": 4800307716,
      "operator_cardinality": 1,
      "cumulative_cardinality": 35759295,
      "extra_info": {
        "Aggregates": "sum(#0)"
      },
      "operator_type": "UNGROUPED_AGGREGATE",
      "cpu_time": 4.57439000000068,
      "children": [
        {
          "result_set_size": 47678572,
          "operator_timing": 0.008630000000000061,
          "operator_rows_scanned": 0,
          "cumulative_rows_scanned": 4800307716,
          "operator_cardinality": 11919643,
          "cumulative_cardinality": 35759294,
          "extra_info": {
            "Projections": "(lo_extendedprice CITATION.cff CMakeLists.txt CODE_OF_CONDUCT.md CONTRIBUTING.md Doxyfile DuckDBConfig.cmake.in DuckDBConfigVersion.cmake.in LICENSE Makefile README.md benchmark build clean-profile.sh data duckdb_benchmark_data duckdb_benchmark_db.db duckdb_unittest_tempdir examples extension extension_config.cmake logo scripts sf_1_t1.out src ssb-benchmark-fixed.log ssb-benchmark.log ssb-elapsed.out ssb_sf1.duckdb ssb_sf10.duckdb ssb_sf100.duckdb test test-detailed-profile copy.log test-detailed-profile.log test-detailed-profile.out test-profile.out test.out test2-profile.json test2-profile.out third_party tools CAST(lo_discount AS INTEGER))",
            "Estimated Cardinality": "33039584"
          },
          "operator_type": "PROJECTION",
          "cpu_time": 4.56261600000068,
          "children": [
            {
              "result_set_size": 154955359,
              "operator_timing": 0.8324320000003517,
              "operator_rows_scanned": 0,
              "cumulative_rows_scanned": 4800307716,
              "operator_cardinality": 11919643,
              "cumulative_cardinality": 23839651,
              "extra_info": {
                "Join Type": "INNER",
                "Conditions": "lo_orderdate = d_datekey",
                "Build Min": "1992-01-01",
                "Build Max": "1998-12-30",
                "Estimated Cardinality": "33039584"
              },
              "operator_type": "HASH_JOIN",
              "cpu_time": 4.5539860000006795,
              "children": [
                {
                  "result_set_size": 107276787,
                  "operator_timing": 3.721542000000328,
                  "operator_rows_scanned": 4800305160,
                  "cumulative_rows_scanned": 4800305160,
                  "operator_cardinality": 11919643,
                  "cumulative_cardinality": 11919643,
                  "extra_info": {
                    "Text": "lineorder",
                    "Projections": [
                      "lo_orderdate",
                      "lo_discount",
                      "lo_extendedprice"
                    ],
                    "Filters": [
                      "lo_discount>=1 AND lo_discount<=3 AND lo_discount IS NOT NULL",
                      "lo_quantity<25 AND lo_quantity IS NOT NULL"
                    ],
                    "Estimated Cardinality": "120007629"
                  },
                  "operator_type": "TABLE_SCAN",
                  "cpu_time": 3.721542000000328,
                  "children": []
                },
                {
                  "result_set_size": 1460,
                  "operator_timing": 0.000012,
                  "operator_rows_scanned": 2556,
                  "cumulative_rows_scanned": 2556,
                  "operator_cardinality": 365,
                  "cumulative_cardinality": 365,
                  "extra_info": {
                    "Text": "date",
                    "Projections": "d_datekey",
                    "Filters": "d_year=1994 AND d_year IS NOT NULL",
                    "Estimated Cardinality": "639"
                  },
                  "operator_type": "TABLE_SCAN",
                  "cpu_time": 0.000012,
                  "children": []
                }
              ]
            }
          ]
        }
      ]
    }
  ]
}
{
  "benchmark_name": "SSBQ1v1S100T8",
  "scale_factor": "100",
  "thread_count": "8",
  "all_optimizers": 0.00011999999999999998,
  "cumulative_optimizer_timing": 0.00011999999999999999,
  "planner": 0.00010099999999999999,
  "planner_binding": 0.000099,
  "physical_planner": 0.000011999999999999999,
  "physical_planner_column_binding": 0.000002,
  "physical_planner_resolve_types": 0.0,
  "physical_planner_create_plan": 0.000008,
  "optimizer_expression_rewriter": 0.000023,
  "optimizer_filter_pullup": 0.000001,
  "optimizer_filter_pushdown": 0.000027,
  "optimizer_cte_filter_pusher": 0.000001,
  "optimizer_regex_range": 0.0,
  "optimizer_in_clause": 0.000001,
  "optimizer_join_order": 0.000032,
  "optimizer_deliminator": 0.000001,
  "optimizer_unnest_rewriter": 0.0,
  "optimizer_unused_columns": 0.000004,
  "optimizer_statistics_propagation": 0.000013,
  "optimizer_limit_pushdown": 0.0,
  "optimizer_top_n": 0.0,
  "optimizer_compressed_materialization": 0.0,
  "optimizer_duplicate_groups": 0.000001,
  "optimizer_reorder_filter": 0.000002,
  "optimizer_join_filter_pushdown": 0.000005,
  "optimizer_extension": 0.0,
  "optimizer_materialized_cte": 0.0,
  "optimizer_build_side_probe_side": 0.000004,
  "result_set_size": 16,
  "optimizer_column_lifetime": 0.000002,
  "operator_timing": 0.585541,
  "optimizer_common_aggregate": 0.000001,
  "operator_rows_scanned": 0,
  "optimizer_common_subexpressions": 0.000002,
  "cumulative_rows_scanned": 4800307716,
  "operator_cardinality": 0,
  "cumulative_cardinality": 35759295,
  "extra_info": {},
  "cpu_time": 5.14944600000063,
  "blocked_thread_time": 0.0,
  "query_name": "SELECT SUM(lo_extendedprice CITATION.cff CMakeLists.txt CODE_OF_CONDUCT.md CONTRIBUTING.md Doxyfile DuckDBConfig.cmake.in DuckDBConfigVersion.cmake.in LICENSE Makefile README.md benchmark build clean-profile.sh data duckdb_benchmark_data duckdb_benchmark_db.db duckdb_unittest_tempdir examples extension extension_config.cmake logo scripts sf_1_t1.out src ssb-benchmark-fixed.log ssb-benchmark.log ssb-elapsed.out ssb_sf1.duckdb ssb_sf10.duckdb ssb_sf100.duckdb test test-detailed-profile copy.log test-detailed-profile.log test-detailed-profile.out test-profile.out test.out test2-profile.json test2-profile.out third_party tools lo_discount) AS revenue FROM lineorder, date WHERE lo_orderdate = d_datekey AND d_year = 1994 AND lo_discount BETWEEN 1 AND 3 AND lo_quantity < 25;",
  "children": [
    {
      "result_set_size": 16,
      "operator_timing": 0.011734000000000078,
      "operator_rows_scanned": 0,
      "cumulative_rows_scanned": 4800307716,
      "operator_cardinality": 1,
      "cumulative_cardinality": 35759295,
      "extra_info": {
        "Aggregates": "sum(#0)"
      },
      "operator_type": "UNGROUPED_AGGREGATE",
      "cpu_time": 4.56390500000063,
      "children": [
        {
          "result_set_size": 47678572,
          "operator_timing": 0.00884000000000004,
          "operator_rows_scanned": 0,
          "cumulative_rows_scanned": 4800307716,
          "operator_cardinality": 11919643,
          "cumulative_cardinality": 35759294,
          "extra_info": {
            "Projections": "(lo_extendedprice CITATION.cff CMakeLists.txt CODE_OF_CONDUCT.md CONTRIBUTING.md Doxyfile DuckDBConfig.cmake.in DuckDBConfigVersion.cmake.in LICENSE Makefile README.md benchmark build clean-profile.sh data duckdb_benchmark_data duckdb_benchmark_db.db duckdb_unittest_tempdir examples extension extension_config.cmake logo scripts sf_1_t1.out src ssb-benchmark-fixed.log ssb-benchmark.log ssb-elapsed.out ssb_sf1.duckdb ssb_sf10.duckdb ssb_sf100.duckdb test test-detailed-profile copy.log test-detailed-profile.log test-detailed-profile.out test-profile.out test.out test2-profile.json test2-profile.out third_party tools CAST(lo_discount AS INTEGER))",
            "Estimated Cardinality": "33039584"
          },
          "operator_type": "PROJECTION",
          "cpu_time": 4.55217100000063,
          "children": [
            {
              "result_set_size": 154955359,
              "operator_timing": 0.8258590000003413,
              "operator_rows_scanned": 0,
              "cumulative_rows_scanned": 4800307716,
              "operator_cardinality": 11919643,
              "cumulative_cardinality": 23839651,
              "extra_info": {
                "Join Type": "INNER",
                "Conditions": "lo_orderdate = d_datekey",
                "Build Min": "1992-01-01",
                "Build Max": "1998-12-30",
                "Estimated Cardinality": "33039584"
              },
              "operator_type": "HASH_JOIN",
              "cpu_time": 4.54333100000063,
              "children": [
                {
                  "result_set_size": 107276787,
                  "operator_timing": 3.7174610000002892,
                  "operator_rows_scanned": 4800305160,
                  "cumulative_rows_scanned": 4800305160,
                  "operator_cardinality": 11919643,
                  "cumulative_cardinality": 11919643,
                  "extra_info": {
                    "Text": "lineorder",
                    "Projections": [
                      "lo_orderdate",
                      "lo_discount",
                      "lo_extendedprice"
                    ],
                    "Filters": [
                      "lo_discount>=1 AND lo_discount<=3 AND lo_discount IS NOT NULL",
                      "lo_quantity<25 AND lo_quantity IS NOT NULL"
                    ],
                    "Estimated Cardinality": "120007629"
                  },
                  "operator_type": "TABLE_SCAN",
                  "cpu_time": 3.7174610000002892,
                  "children": []
                },
                {
                  "result_set_size": 1460,
                  "operator_timing": 0.000011,
                  "operator_rows_scanned": 2556,
                  "cumulative_rows_scanned": 2556,
                  "operator_cardinality": 365,
                  "cumulative_cardinality": 365,
                  "extra_info": {
                    "Text": "date",
                    "Projections": "d_datekey",
                    "Filters": "d_year=1994 AND d_year IS NOT NULL",
                    "Estimated Cardinality": "639"
                  },
                  "operator_type": "TABLE_SCAN",
                  "cpu_time": 0.000011,
                  "children": []
                }
              ]
            }
          ]
        }
      ]
    }
  ]
}
{
  "benchmark_name": "SSBQ1v1S100T8",
  "scale_factor": "100",
  "thread_count": "8",
  "all_optimizers": 0.00012199999999999998,
  "cumulative_optimizer_timing": 0.00012199999999999998,
  "planner": 0.000137,
  "planner_binding": 0.000135,
  "physical_planner": 0.000011,
  "physical_planner_column_binding": 0.000001,
  "physical_planner_resolve_types": 0.0,
  "physical_planner_create_plan": 0.000008,
  "optimizer_expression_rewriter": 0.000024,
  "optimizer_filter_pullup": 0.000001,
  "optimizer_filter_pushdown": 0.000027,
  "optimizer_cte_filter_pusher": 0.000001,
  "optimizer_regex_range": 0.0,
  "optimizer_in_clause": 0.000001,
  "optimizer_join_order": 0.000033,
  "optimizer_deliminator": 0.0,
  "optimizer_unnest_rewriter": 0.0,
  "optimizer_unused_columns": 0.000004,
  "optimizer_statistics_propagation": 0.000014,
  "optimizer_limit_pushdown": 0.0,
  "optimizer_top_n": 0.0,
  "optimizer_compressed_materialization": 0.0,
  "optimizer_duplicate_groups": 0.000001,
  "optimizer_reorder_filter": 0.000002,
  "optimizer_join_filter_pushdown": 0.000005,
  "optimizer_extension": 0.0,
  "optimizer_materialized_cte": 0.0,
  "optimizer_build_side_probe_side": 0.000004,
  "result_set_size": 16,
  "optimizer_column_lifetime": 0.000002,
  "operator_timing": 0.567999,
  "optimizer_common_aggregate": 0.000001,
  "operator_rows_scanned": 0,
  "optimizer_common_subexpressions": 0.000002,
  "cumulative_rows_scanned": 4800307716,
  "operator_cardinality": 0,
  "cumulative_cardinality": 35759295,
  "extra_info": {},
  "cpu_time": 5.0016190000007965,
  "blocked_thread_time": 0.0,
  "query_name": "SELECT SUM(lo_extendedprice CITATION.cff CMakeLists.txt CODE_OF_CONDUCT.md CONTRIBUTING.md Doxyfile DuckDBConfig.cmake.in DuckDBConfigVersion.cmake.in LICENSE Makefile README.md benchmark build clean-profile.sh data duckdb_benchmark_data duckdb_benchmark_db.db duckdb_unittest_tempdir examples extension extension_config.cmake logo scripts sf_1_t1.out src ssb-benchmark-fixed.log ssb-benchmark.log ssb-elapsed.out ssb_sf1.duckdb ssb_sf10.duckdb ssb_sf100.duckdb test test-detailed-profile copy.log test-detailed-profile.log test-detailed-profile.out test-profile.out test.out test2-profile.json test2-profile.out third_party tools lo_discount) AS revenue FROM lineorder, date WHERE lo_orderdate = d_datekey AND d_year = 1994 AND lo_discount BETWEEN 1 AND 3 AND lo_quantity < 25;",
  "children": [
    {
      "result_set_size": 16,
      "operator_timing": 0.011438000000000078,
      "operator_rows_scanned": 0,
      "cumulative_rows_scanned": 4800307716,
      "operator_cardinality": 1,
      "cumulative_cardinality": 35759295,
      "extra_info": {
        "Aggregates": "sum(#0)"
      },
      "operator_type": "UNGROUPED_AGGREGATE",
      "cpu_time": 4.433620000000796,
      "children": [
        {
          "result_set_size": 47678572,
          "operator_timing": 0.010338000000000075,
          "operator_rows_scanned": 0,
          "cumulative_rows_scanned": 4800307716,
          "operator_cardinality": 11919643,
          "cumulative_cardinality": 35759294,
          "extra_info": {
            "Projections": "(lo_extendedprice CITATION.cff CMakeLists.txt CODE_OF_CONDUCT.md CONTRIBUTING.md Doxyfile DuckDBConfig.cmake.in DuckDBConfigVersion.cmake.in LICENSE Makefile README.md benchmark build clean-profile.sh data duckdb_benchmark_data duckdb_benchmark_db.db duckdb_unittest_tempdir examples extension extension_config.cmake logo scripts sf_1_t1.out src ssb-benchmark-fixed.log ssb-benchmark.log ssb-elapsed.out ssb_sf1.duckdb ssb_sf10.duckdb ssb_sf100.duckdb test test-detailed-profile copy.log test-detailed-profile.log test-detailed-profile.out test-profile.out test.out test2-profile.json test2-profile.out third_party tools CAST(lo_discount AS INTEGER))",
            "Estimated Cardinality": "33039584"
          },
          "operator_type": "PROJECTION",
          "cpu_time": 4.422182000000796,
          "children": [
            {
              "result_set_size": 154955359,
              "operator_timing": 0.7814050000003095,
              "operator_rows_scanned": 0,
              "cumulative_rows_scanned": 4800307716,
              "operator_cardinality": 11919643,
              "cumulative_cardinality": 23839651,
              "extra_info": {
                "Join Type": "INNER",
                "Conditions": "lo_orderdate = d_datekey",
                "Build Min": "1992-01-01",
                "Build Max": "1998-12-30",
                "Estimated Cardinality": "33039584"
              },
              "operator_type": "HASH_JOIN",
              "cpu_time": 4.411844000000796,
              "children": [
                {
                  "result_set_size": 107276787,
                  "operator_timing": 3.6304310000004865,
                  "operator_rows_scanned": 4800305160,
                  "cumulative_rows_scanned": 4800305160,
                  "operator_cardinality": 11919643,
                  "cumulative_cardinality": 11919643,
                  "extra_info": {
                    "Text": "lineorder",
                    "Projections": [
                      "lo_orderdate",
                      "lo_discount",
                      "lo_extendedprice"
                    ],
                    "Filters": [
                      "lo_discount>=1 AND lo_discount<=3 AND lo_discount IS NOT NULL",
                      "lo_quantity<25 AND lo_quantity IS NOT NULL"
                    ],
                    "Estimated Cardinality": "120007629"
                  },
                  "operator_type": "TABLE_SCAN",
                  "cpu_time": 3.6304310000004865,
                  "children": []
                },
                {
                  "result_set_size": 1460,
                  "operator_timing": 0.000008,
                  "operator_rows_scanned": 2556,
                  "cumulative_rows_scanned": 2556,
                  "operator_cardinality": 365,
                  "cumulative_cardinality": 365,
                  "extra_info": {
                    "Text": "date",
                    "Projections": "d_datekey",
                    "Filters": "d_year=1994 AND d_year IS NOT NULL",
                    "Estimated Cardinality": "639"
                  },
                  "operator_type": "TABLE_SCAN",
                  "cpu_time": 0.000008,
                  "children": []
                }
              ]
            }
          ]
        }
      ]
    }
  ]
}
