{
  "benchmark_name": "SSBQ1v1S100T4",
  "scale_factor": "100",
  "thread_count": "4",
  "all_optimizers": 0.00012199999999999998,
  "cumulative_optimizer_timing": 0.00012199999999999998,
  "planner": 0.000097,
  "planner_binding": 0.000096,
  "physical_planner": 0.000011999999999999999,
  "physical_planner_column_binding": 0.000002,
  "physical_planner_resolve_types": 0.0,
  "physical_planner_create_plan": 0.000008,
  "optimizer_expression_rewriter": 0.000024,
  "optimizer_filter_pullup": 0.000001,
  "optimizer_filter_pushdown": 0.000027,
  "optimizer_cte_filter_pusher": 0.000001,
  "optimizer_regex_range": 0.0,
  "optimizer_in_clause": 0.000001,
  "optimizer_join_order": 0.000033,
  "optimizer_deliminator": 0.000001,
  "optimizer_unnest_rewriter": 0.000001,
  "optimizer_unused_columns": 0.000004,
  "optimizer_statistics_propagation": 0.000013,
  "optimizer_limit_pushdown": 0.000001,
  "optimizer_top_n": 0.0,
  "optimizer_compressed_materialization": 0.0,
  "optimizer_duplicate_groups": 0.000001,
  "optimizer_reorder_filter": 0.000002,
  "optimizer_join_filter_pushdown": 0.000005,
  "optimizer_extension": 0.0,
  "optimizer_materialized_cte": 0.0,
  "optimizer_build_side_probe_side": 0.000003,
  "result_set_size": 16,
  "optimizer_column_lifetime": 0.000002,
  "operator_timing": 0.920608,
  "optimizer_common_aggregate": 0.0,
  "operator_rows_scanned": 0,
  "optimizer_common_subexpressions": 0.000002,
  "cumulative_rows_scanned": 2400155136,
  "operator_cardinality": 0,
  "cumulative_cardinality": 35759295,
  "extra_info": {},
  "cpu_time": 4.531459999999046,
  "blocked_thread_time": 0.0,
  "query_name": "SELECT SUM(lo_extendedprice CITATION.cff CMakeLists.txt CODE_OF_CONDUCT.md CONTRIBUTING.md Doxyfile DuckDBConfig.cmake.in DuckDBConfigVersion.cmake.in LICENSE Makefile README.md benchmark build clean-profile.sh data duckdb_benchmark_data duckdb_benchmark_db.db duckdb_unittest_tempdir examples extension extension_config.cmake logo scripts sf_1_t1.out src ssb-benchmark-fixed.log ssb-benchmark.log ssb-elapsed.out ssb_sf1.duckdb ssb_sf10.duckdb ssb_sf100.duckdb test test-detailed-profile copy.log test-detailed-profile.log test-detailed-profile.out test-profile.out test.out test2-profile.json test2-profile.out third_party tools lo_discount) AS revenue FROM lineorder, date WHERE lo_orderdate = d_datekey AND d_year = 1994 AND lo_discount BETWEEN 1 AND 3 AND lo_quantity < 25;",
  "children": [
    {
      "result_set_size": 16,
      "operator_timing": 0.009880999999999987,
      "operator_rows_scanned": 0,
      "cumulative_rows_scanned": 2400155136,
      "operator_cardinality": 1,
      "cumulative_cardinality": 35759295,
      "extra_info": {
        "Aggregates": "sum(#0)"
      },
      "operator_type": "UNGROUPED_AGGREGATE",
      "cpu_time": 3.6108519999990465,
      "children": [
        {
          "result_set_size": 47678572,
          "operator_timing": 0.0066159999999999535,
          "operator_rows_scanned": 0,
          "cumulative_rows_scanned": 2400155136,
          "operator_cardinality": 11919643,
          "cumulative_cardinality": 35759294,
          "extra_info": {
            "Projections": "(lo_extendedprice CITATION.cff CMakeLists.txt CODE_OF_CONDUCT.md CONTRIBUTING.md Doxyfile DuckDBConfig.cmake.in DuckDBConfigVersion.cmake.in LICENSE Makefile README.md benchmark build clean-profile.sh data duckdb_benchmark_data duckdb_benchmark_db.db duckdb_unittest_tempdir examples extension extension_config.cmake logo scripts sf_1_t1.out src ssb-benchmark-fixed.log ssb-benchmark.log ssb-elapsed.out ssb_sf1.duckdb ssb_sf10.duckdb ssb_sf100.duckdb test test-detailed-profile copy.log test-detailed-profile.log test-detailed-profile.out test-profile.out test.out test2-profile.json test2-profile.out third_party tools CAST(lo_discount AS INTEGER))",
            "Estimated Cardinality": "33039584"
          },
          "operator_type": "PROJECTION",
          "cpu_time": 3.6009709999990465,
          "children": [
            {
              "result_set_size": 154955359,
              "operator_timing": 0.4930540000003282,
              "operator_rows_scanned": 0,
              "cumulative_rows_scanned": 2400155136,
              "operator_cardinality": 11919643,
              "cumulative_cardinality": 23839651,
              "extra_info": {
                "Join Type": "INNER",
                "Conditions": "lo_orderdate = d_datekey",
                "Build Min": "1992-01-01",
                "Build Max": "1998-12-30",
                "Estimated Cardinality": "33039584"
              },
              "operator_type": "HASH_JOIN",
              "cpu_time": 3.5943549999990467,
              "children": [
                {
                  "result_set_size": 107276787,
                  "operator_timing": 3.101292999998719,
                  "operator_rows_scanned": 2400152580,
                  "cumulative_rows_scanned": 2400152580,
                  "operator_cardinality": 11919643,
                  "cumulative_cardinality": 11919643,
                  "extra_info": {
                    "Text": "lineorder",
                    "Projections": [
                      "lo_orderdate",
                      "lo_discount",
                      "lo_extendedprice"
                    ],
                    "Filters": [
                      "lo_discount>=1 AND lo_discount<=3 AND lo_discount IS NOT NULL",
                      "lo_quantity<25 AND lo_quantity IS NOT NULL"
                    ],
                    "Estimated Cardinality": "120007629"
                  },
                  "operator_type": "TABLE_SCAN",
                  "cpu_time": 3.101292999998719,
                  "children": []
                },
                {
                  "result_set_size": 1460,
                  "operator_timing": 0.000008,
                  "operator_rows_scanned": 2556,
                  "cumulative_rows_scanned": 2556,
                  "operator_cardinality": 365,
                  "cumulative_cardinality": 365,
                  "extra_info": {
                    "Text": "date",
                    "Projections": "d_datekey",
                    "Filters": "d_year=1994 AND d_year IS NOT NULL",
                    "Estimated Cardinality": "639"
                  },
                  "operator_type": "TABLE_SCAN",
                  "cpu_time": 0.000008,
                  "children": []
                }
              ]
            }
          ]
        }
      ]
    }
  ]
}
{
  "benchmark_name": "SSBQ1v1S100T4",
  "scale_factor": "100",
  "thread_count": "4",
  "all_optimizers": 0.000154,
  "cumulative_optimizer_timing": 0.00015299999999999998,
  "planner": 0.000104,
  "planner_binding": 0.000102,
  "physical_planner": 0.000023000000000000003,
  "physical_planner_column_binding": 0.000003,
  "physical_planner_resolve_types": 0.0,
  "physical_planner_create_plan": 0.000018,
  "optimizer_expression_rewriter": 0.000025,
  "optimizer_filter_pullup": 0.000002,
  "optimizer_filter_pushdown": 0.000029,
  "optimizer_cte_filter_pusher": 0.0,
  "optimizer_regex_range": 0.000001,
  "optimizer_in_clause": 0.000001,
  "optimizer_join_order": 0.000037,
  "optimizer_deliminator": 0.0,
  "optimizer_unnest_rewriter": 0.0,
  "optimizer_unused_columns": 0.000004,
  "optimizer_statistics_propagation": 0.000014,
  "optimizer_limit_pushdown": 0.0,
  "optimizer_top_n": 0.000001,
  "optimizer_compressed_materialization": 0.0,
  "optimizer_duplicate_groups": 0.000001,
  "optimizer_reorder_filter": 0.000002,
  "optimizer_join_filter_pushdown": 0.000027,
  "optimizer_extension": 0.0,
  "optimizer_materialized_cte": 0.0,
  "optimizer_build_side_probe_side": 0.000004,
  "result_set_size": 16,
  "optimizer_column_lifetime": 0.000002,
  "operator_timing": 0.916236,
  "optimizer_common_aggregate": 0.000001,
  "operator_rows_scanned": 0,
  "optimizer_common_subexpressions": 0.000002,
  "cumulative_rows_scanned": 2400155136,
  "operator_cardinality": 0,
  "cumulative_cardinality": 35759295,
  "extra_info": {},
  "cpu_time": 4.5039709999985735,
  "blocked_thread_time": 0.0,
  "query_name": "SELECT SUM(lo_extendedprice CITATION.cff CMakeLists.txt CODE_OF_CONDUCT.md CONTRIBUTING.md Doxyfile DuckDBConfig.cmake.in DuckDBConfigVersion.cmake.in LICENSE Makefile README.md benchmark build clean-profile.sh data duckdb_benchmark_data duckdb_benchmark_db.db duckdb_unittest_tempdir examples extension extension_config.cmake logo scripts sf_1_t1.out src ssb-benchmark-fixed.log ssb-benchmark.log ssb-elapsed.out ssb_sf1.duckdb ssb_sf10.duckdb ssb_sf100.duckdb test test-detailed-profile copy.log test-detailed-profile.log test-detailed-profile.out test-profile.out test.out test2-profile.json test2-profile.out third_party tools lo_discount) AS revenue FROM lineorder, date WHERE lo_orderdate = d_datekey AND d_year = 1994 AND lo_discount BETWEEN 1 AND 3 AND lo_quantity < 25;",
  "children": [
    {
      "result_set_size": 16,
      "operator_timing": 0.009674999999999984,
      "operator_rows_scanned": 0,
      "cumulative_rows_scanned": 2400155136,
      "operator_cardinality": 1,
      "cumulative_cardinality": 35759295,
      "extra_info": {
        "Aggregates": "sum(#0)"
      },
      "operator_type": "UNGROUPED_AGGREGATE",
      "cpu_time": 3.587734999998573,
      "children": [
        {
          "result_set_size": 47678572,
          "operator_timing": 0.006276999999999935,
          "operator_rows_scanned": 0,
          "cumulative_rows_scanned": 2400155136,
          "operator_cardinality": 11919643,
          "cumulative_cardinality": 35759294,
          "extra_info": {
            "Projections": "(lo_extendedprice CITATION.cff CMakeLists.txt CODE_OF_CONDUCT.md CONTRIBUTING.md Doxyfile DuckDBConfig.cmake.in DuckDBConfigVersion.cmake.in LICENSE Makefile README.md benchmark build clean-profile.sh data duckdb_benchmark_data duckdb_benchmark_db.db duckdb_unittest_tempdir examples extension extension_config.cmake logo scripts sf_1_t1.out src ssb-benchmark-fixed.log ssb-benchmark.log ssb-elapsed.out ssb_sf1.duckdb ssb_sf10.duckdb ssb_sf100.duckdb test test-detailed-profile copy.log test-detailed-profile.log test-detailed-profile.out test-profile.out test.out test2-profile.json test2-profile.out third_party tools CAST(lo_discount AS INTEGER))",
            "Estimated Cardinality": "33039584"
          },
          "operator_type": "PROJECTION",
          "cpu_time": 3.578059999998573,
          "children": [
            {
              "result_set_size": 154955359,
              "operator_timing": 0.5153270000003466,
              "operator_rows_scanned": 0,
              "cumulative_rows_scanned": 2400155136,
              "operator_cardinality": 11919643,
              "cumulative_cardinality": 23839651,
              "extra_info": {
                "Join Type": "INNER",
                "Conditions": "lo_orderdate = d_datekey",
                "Build Min": "1992-01-01",
                "Build Max": "1998-12-30",
                "Estimated Cardinality": "33039584"
              },
              "operator_type": "HASH_JOIN",
              "cpu_time": 3.571782999998573,
              "children": [
                {
                  "result_set_size": 107276787,
                  "operator_timing": 3.0564459999982265,
                  "operator_rows_scanned": 2400152580,
                  "cumulative_rows_scanned": 2400152580,
                  "operator_cardinality": 11919643,
                  "cumulative_cardinality": 11919643,
                  "extra_info": {
                    "Text": "lineorder",
                    "Projections": [
                      "lo_orderdate",
                      "lo_discount",
                      "lo_extendedprice"
                    ],
                    "Filters": [
                      "lo_discount>=1 AND lo_discount<=3 AND lo_discount IS NOT NULL",
                      "lo_quantity<25 AND lo_quantity IS NOT NULL"
                    ],
                    "Estimated Cardinality": "120007629"
                  },
                  "operator_type": "TABLE_SCAN",
                  "cpu_time": 3.0564459999982265,
                  "children": []
                },
                {
                  "result_set_size": 1460,
                  "operator_timing": 0.000009999999999999999,
                  "operator_rows_scanned": 2556,
                  "cumulative_rows_scanned": 2556,
                  "operator_cardinality": 365,
                  "cumulative_cardinality": 365,
                  "extra_info": {
                    "Text": "date",
                    "Projections": "d_datekey",
                    "Filters": "d_year=1994 AND d_year IS NOT NULL",
                    "Estimated Cardinality": "639"
                  },
                  "operator_type": "TABLE_SCAN",
                  "cpu_time": 0.000009999999999999999,
                  "children": []
                }
              ]
            }
          ]
        }
      ]
    }
  ]
}
{
  "benchmark_name": "SSBQ1v1S100T4",
  "scale_factor": "100",
  "thread_count": "4",
  "all_optimizers": 0.00011899999999999998,
  "cumulative_optimizer_timing": 0.000119,
  "planner": 0.000098,
  "planner_binding": 0.000096,
  "physical_planner": 0.000011,
  "physical_planner_column_binding": 0.000002,
  "physical_planner_resolve_types": 0.0,
  "physical_planner_create_plan": 0.000007,
  "optimizer_expression_rewriter": 0.000022,
  "optimizer_filter_pullup": 0.000002,
  "optimizer_filter_pushdown": 0.000026,
  "optimizer_cte_filter_pusher": 0.0,
  "optimizer_regex_range": 0.0,
  "optimizer_in_clause": 0.000001,
  "optimizer_join_order": 0.000033,
  "optimizer_deliminator": 0.000001,
  "optimizer_unnest_rewriter": 0.0,
  "optimizer_unused_columns": 0.000004,
  "optimizer_statistics_propagation": 0.000013,
  "optimizer_limit_pushdown": 0.0,
  "optimizer_top_n": 0.0,
  "optimizer_compressed_materialization": 0.0,
  "optimizer_duplicate_groups": 0.000001,
  "optimizer_reorder_filter": 0.000002,
  "optimizer_join_filter_pushdown": 0.000005,
  "optimizer_extension": 0.0,
  "optimizer_materialized_cte": 0.0,
  "optimizer_build_side_probe_side": 0.000003,
  "result_set_size": 16,
  "optimizer_column_lifetime": 0.000003,
  "operator_timing": 0.878915,
  "optimizer_common_aggregate": 0.000001,
  "operator_rows_scanned": 0,
  "optimizer_common_subexpressions": 0.000002,
  "cumulative_rows_scanned": 2400155136,
  "operator_cardinality": 0,
  "cumulative_cardinality": 35759295,
  "extra_info": {},
  "cpu_time": 4.323785999998366,
  "blocked_thread_time": 0.0,
  "query_name": "SELECT SUM(lo_extendedprice CITATION.cff CMakeLists.txt CODE_OF_CONDUCT.md CONTRIBUTING.md Doxyfile DuckDBConfig.cmake.in DuckDBConfigVersion.cmake.in LICENSE Makefile README.md benchmark build clean-profile.sh data duckdb_benchmark_data duckdb_benchmark_db.db duckdb_unittest_tempdir examples extension extension_config.cmake logo scripts sf_1_t1.out src ssb-benchmark-fixed.log ssb-benchmark.log ssb-elapsed.out ssb_sf1.duckdb ssb_sf10.duckdb ssb_sf100.duckdb test test-detailed-profile copy.log test-detailed-profile.log test-detailed-profile.out test-profile.out test.out test2-profile.json test2-profile.out third_party tools lo_discount) AS revenue FROM lineorder, date WHERE lo_orderdate = d_datekey AND d_year = 1994 AND lo_discount BETWEEN 1 AND 3 AND lo_quantity < 25;",
  "children": [
    {
      "result_set_size": 16,
      "operator_timing": 0.009710999999999987,
      "operator_rows_scanned": 0,
      "cumulative_rows_scanned": 2400155136,
      "operator_cardinality": 1,
      "cumulative_cardinality": 35759295,
      "extra_info": {
        "Aggregates": "sum(#0)"
      },
      "operator_type": "UNGROUPED_AGGREGATE",
      "cpu_time": 3.4448709999983658,
      "children": [
        {
          "result_set_size": 47678572,
          "operator_timing": 0.00541599999999996,
          "operator_rows_scanned": 0,
          "cumulative_rows_scanned": 2400155136,
          "operator_cardinality": 11919643,
          "cumulative_cardinality": 35759294,
          "extra_info": {
            "Projections": "(lo_extendedprice CITATION.cff CMakeLists.txt CODE_OF_CONDUCT.md CONTRIBUTING.md Doxyfile DuckDBConfig.cmake.in DuckDBConfigVersion.cmake.in LICENSE Makefile README.md benchmark build clean-profile.sh data duckdb_benchmark_data duckdb_benchmark_db.db duckdb_unittest_tempdir examples extension extension_config.cmake logo scripts sf_1_t1.out src ssb-benchmark-fixed.log ssb-benchmark.log ssb-elapsed.out ssb_sf1.duckdb ssb_sf10.duckdb ssb_sf100.duckdb test test-detailed-profile copy.log test-detailed-profile.log test-detailed-profile.out test-profile.out test.out test2-profile.json test2-profile.out third_party tools CAST(lo_discount AS INTEGER))",
            "Estimated Cardinality": "33039584"
          },
          "operator_type": "PROJECTION",
          "cpu_time": 3.435159999998366,
          "children": [
            {
              "result_set_size": 154955359,
              "operator_timing": 0.48452100000033643,
              "operator_rows_scanned": 0,
              "cumulative_rows_scanned": 2400155136,
              "operator_cardinality": 11919643,
              "cumulative_cardinality": 23839651,
              "extra_info": {
                "Join Type": "INNER",
                "Conditions": "lo_orderdate = d_datekey",
                "Build Min": "1992-01-01",
                "Build Max": "1998-12-30",
                "Estimated Cardinality": "33039584"
              },
              "operator_type": "HASH_JOIN",
              "cpu_time": 3.429743999998366,
              "children": [
                {
                  "result_set_size": 107276787,
                  "operator_timing": 2.9452149999980297,
                  "operator_rows_scanned": 2400152580,
                  "cumulative_rows_scanned": 2400152580,
                  "operator_cardinality": 11919643,
                  "cumulative_cardinality": 11919643,
                  "extra_info": {
                    "Text": "lineorder",
                    "Projections": [
                      "lo_orderdate",
                      "lo_discount",
                      "lo_extendedprice"
                    ],
                    "Filters": [
                      "lo_discount>=1 AND lo_discount<=3 AND lo_discount IS NOT NULL",
                      "lo_quantity<25 AND lo_quantity IS NOT NULL"
                    ],
                    "Estimated Cardinality": "120007629"
                  },
                  "operator_type": "TABLE_SCAN",
                  "cpu_time": 2.9452149999980297,
                  "children": []
                },
                {
                  "result_set_size": 1460,
                  "operator_timing": 0.000008,
                  "operator_rows_scanned": 2556,
                  "cumulative_rows_scanned": 2556,
                  "operator_cardinality": 365,
                  "cumulative_cardinality": 365,
                  "extra_info": {
                    "Text": "date",
                    "Projections": "d_datekey",
                    "Filters": "d_year=1994 AND d_year IS NOT NULL",
                    "Estimated Cardinality": "639"
                  },
                  "operator_type": "TABLE_SCAN",
                  "cpu_time": 0.000008,
                  "children": []
                }
              ]
            }
          ]
        }
      ]
    }
  ]
}
{
  "benchmark_name": "SSBQ1v1S100T4",
  "scale_factor": "100",
  "thread_count": "4",
  "all_optimizers": 0.00011999999999999998,
  "cumulative_optimizer_timing": 0.00011999999999999999,
  "planner": 0.000097,
  "planner_binding": 0.000096,
  "physical_planner": 0.000011999999999999999,
  "physical_planner_column_binding": 0.000002,
  "physical_planner_resolve_types": 0.0,
  "physical_planner_create_plan": 0.000008,
  "optimizer_expression_rewriter": 0.000022,
  "optimizer_filter_pullup": 0.000002,
  "optimizer_filter_pushdown": 0.000026,
  "optimizer_cte_filter_pusher": 0.0,
  "optimizer_regex_range": 0.000001,
  "optimizer_in_clause": 0.000001,
  "optimizer_join_order": 0.000033,
  "optimizer_deliminator": 0.0,
  "optimizer_unnest_rewriter": 0.000001,
  "optimizer_unused_columns": 0.000004,
  "optimizer_statistics_propagation": 0.000013,
  "optimizer_limit_pushdown": 0.0,
  "optimizer_top_n": 0.000001,
  "optimizer_compressed_materialization": 0.0,
  "optimizer_duplicate_groups": 0.000001,
  "optimizer_reorder_filter": 0.000002,
  "optimizer_join_filter_pushdown": 0.000005,
  "optimizer_extension": 0.0,
  "optimizer_materialized_cte": 0.0,
  "optimizer_build_side_probe_side": 0.000003,
  "result_set_size": 16,
  "optimizer_column_lifetime": 0.000002,
  "operator_timing": 0.875909,
  "optimizer_common_aggregate": 0.000001,
  "operator_rows_scanned": 0,
  "optimizer_common_subexpressions": 0.000002,
  "cumulative_rows_scanned": 2400155136,
  "operator_cardinality": 0,
  "cumulative_cardinality": 35759295,
  "extra_info": {},
  "cpu_time": 4.308616999998497,
  "blocked_thread_time": 0.0,
  "query_name": "SELECT SUM(lo_extendedprice CITATION.cff CMakeLists.txt CODE_OF_CONDUCT.md CONTRIBUTING.md Doxyfile DuckDBConfig.cmake.in DuckDBConfigVersion.cmake.in LICENSE Makefile README.md benchmark build clean-profile.sh data duckdb_benchmark_data duckdb_benchmark_db.db duckdb_unittest_tempdir examples extension extension_config.cmake logo scripts sf_1_t1.out src ssb-benchmark-fixed.log ssb-benchmark.log ssb-elapsed.out ssb_sf1.duckdb ssb_sf10.duckdb ssb_sf100.duckdb test test-detailed-profile copy.log test-detailed-profile.log test-detailed-profile.out test-profile.out test.out test2-profile.json test2-profile.out third_party tools lo_discount) AS revenue FROM lineorder, date WHERE lo_orderdate = d_datekey AND d_year = 1994 AND lo_discount BETWEEN 1 AND 3 AND lo_quantity < 25;",
  "children": [
    {
      "result_set_size": 16,
      "operator_timing": 0.009648999999999975,
      "operator_rows_scanned": 0,
      "cumulative_rows_scanned": 2400155136,
      "operator_cardinality": 1,
      "cumulative_cardinality": 35759295,
      "extra_info": {
        "Aggregates": "sum(#0)"
      },
      "operator_type": "UNGROUPED_AGGREGATE",
      "cpu_time": 3.432707999998497,
      "children": [
        {
          "result_set_size": 47678572,
          "operator_timing": 0.005650999999999951,
          "operator_rows_scanned": 0,
          "cumulative_rows_scanned": 2400155136,
          "operator_cardinality": 11919643,
          "cumulative_cardinality": 35759294,
          "extra_info": {
            "Projections": "(lo_extendedprice CITATION.cff CMakeLists.txt CODE_OF_CONDUCT.md CONTRIBUTING.md Doxyfile DuckDBConfig.cmake.in DuckDBConfigVersion.cmake.in LICENSE Makefile README.md benchmark build clean-profile.sh data duckdb_benchmark_data duckdb_benchmark_db.db duckdb_unittest_tempdir examples extension extension_config.cmake logo scripts sf_1_t1.out src ssb-benchmark-fixed.log ssb-benchmark.log ssb-elapsed.out ssb_sf1.duckdb ssb_sf10.duckdb ssb_sf100.duckdb test test-detailed-profile copy.log test-detailed-profile.log test-detailed-profile.out test-profile.out test.out test2-profile.json test2-profile.out third_party tools CAST(lo_discount AS INTEGER))",
            "Estimated Cardinality": "33039584"
          },
          "operator_type": "PROJECTION",
          "cpu_time": 3.423058999998497,
          "children": [
            {
              "result_set_size": 154955359,
              "operator_timing": 0.47652000000032807,
              "operator_rows_scanned": 0,
              "cumulative_rows_scanned": 2400155136,
              "operator_cardinality": 11919643,
              "cumulative_cardinality": 23839651,
              "extra_info": {
                "Join Type": "INNER",
                "Conditions": "lo_orderdate = d_datekey",
                "Build Min": "1992-01-01",
                "Build Max": "1998-12-30",
                "Estimated Cardinality": "33039584"
              },
              "operator_type": "HASH_JOIN",
              "cpu_time": 3.417407999998497,
              "children": [
                {
                  "result_set_size": 107276787,
                  "operator_timing": 2.9408799999981694,
                  "operator_rows_scanned": 2400152580,
                  "cumulative_rows_scanned": 2400152580,
                  "operator_cardinality": 11919643,
                  "cumulative_cardinality": 11919643,
                  "extra_info": {
                    "Text": "lineorder",
                    "Projections": [
                      "lo_orderdate",
                      "lo_discount",
                      "lo_extendedprice"
                    ],
                    "Filters": [
                      "lo_discount>=1 AND lo_discount<=3 AND lo_discount IS NOT NULL",
                      "lo_quantity<25 AND lo_quantity IS NOT NULL"
                    ],
                    "Estimated Cardinality": "120007629"
                  },
                  "operator_type": "TABLE_SCAN",
                  "cpu_time": 2.9408799999981694,
                  "children": []
                },
                {
                  "result_set_size": 1460,
                  "operator_timing": 0.000008,
                  "operator_rows_scanned": 2556,
                  "cumulative_rows_scanned": 2556,
                  "operator_cardinality": 365,
                  "cumulative_cardinality": 365,
                  "extra_info": {
                    "Text": "date",
                    "Projections": "d_datekey",
                    "Filters": "d_year=1994 AND d_year IS NOT NULL",
                    "Estimated Cardinality": "639"
                  },
                  "operator_type": "TABLE_SCAN",
                  "cpu_time": 0.000008,
                  "children": []
                }
              ]
            }
          ]
        }
      ]
    }
  ]
}
{
  "benchmark_name": "SSBQ1v1S100T4",
  "scale_factor": "100",
  "thread_count": "4",
  "all_optimizers": 0.00011699999999999997,
  "cumulative_optimizer_timing": 0.00011699999999999997,
  "planner": 0.000093,
  "planner_binding": 0.000091,
  "physical_planner": 0.000011999999999999999,
  "physical_planner_column_binding": 0.000002,
  "physical_planner_resolve_types": 0.0,
  "physical_planner_create_plan": 0.000008,
  "optimizer_expression_rewriter": 0.000022,
  "optimizer_filter_pullup": 0.000001,
  "optimizer_filter_pushdown": 0.000025,
  "optimizer_cte_filter_pusher": 0.0,
  "optimizer_regex_range": 0.0,
  "optimizer_in_clause": 0.000001,
  "optimizer_join_order": 0.000032,
  "optimizer_deliminator": 0.000001,
  "optimizer_unnest_rewriter": 0.0,
  "optimizer_unused_columns": 0.000005,
  "optimizer_statistics_propagation": 0.000014,
  "optimizer_limit_pushdown": 0.0,
  "optimizer_top_n": 0.0,
  "optimizer_compressed_materialization": 0.0,
  "optimizer_duplicate_groups": 0.000001,
  "optimizer_reorder_filter": 0.000002,
  "optimizer_join_filter_pushdown": 0.000005,
  "optimizer_extension": 0.0,
  "optimizer_materialized_cte": 0.0,
  "optimizer_build_side_probe_side": 0.000003,
  "result_set_size": 16,
  "optimizer_column_lifetime": 0.000002,
  "operator_timing": 0.875438,
  "optimizer_common_aggregate": 0.000001,
  "operator_rows_scanned": 0,
  "optimizer_common_subexpressions": 0.000002,
  "cumulative_rows_scanned": 2400155136,
  "operator_cardinality": 0,
  "cumulative_cardinality": 35759295,
  "extra_info": {},
  "cpu_time": 4.305619999998325,
  "blocked_thread_time": 0.0,
  "query_name": "SELECT SUM(lo_extendedprice CITATION.cff CMakeLists.txt CODE_OF_CONDUCT.md CONTRIBUTING.md Doxyfile DuckDBConfig.cmake.in DuckDBConfigVersion.cmake.in LICENSE Makefile README.md benchmark build clean-profile.sh data duckdb_benchmark_data duckdb_benchmark_db.db duckdb_unittest_tempdir examples extension extension_config.cmake logo scripts sf_1_t1.out src ssb-benchmark-fixed.log ssb-benchmark.log ssb-elapsed.out ssb_sf1.duckdb ssb_sf10.duckdb ssb_sf100.duckdb test test-detailed-profile copy.log test-detailed-profile.log test-detailed-profile.out test-profile.out test.out test2-profile.json test2-profile.out third_party tools lo_discount) AS revenue FROM lineorder, date WHERE lo_orderdate = d_datekey AND d_year = 1994 AND lo_discount BETWEEN 1 AND 3 AND lo_quantity < 25;",
  "children": [
    {
      "result_set_size": 16,
      "operator_timing": 0.009907999999999976,
      "operator_rows_scanned": 0,
      "cumulative_rows_scanned": 2400155136,
      "operator_cardinality": 1,
      "cumulative_cardinality": 35759295,
      "extra_info": {
        "Aggregates": "sum(#0)"
      },
      "operator_type": "UNGROUPED_AGGREGATE",
      "cpu_time": 3.4301819999983247,
      "children": [
        {
          "result_set_size": 47678572,
          "operator_timing": 0.005798999999999941,
          "operator_rows_scanned": 0,
          "cumulative_rows_scanned": 2400155136,
          "operator_cardinality": 11919643,
          "cumulative_cardinality": 35759294,
          "extra_info": {
            "Projections": "(lo_extendedprice CITATION.cff CMakeLists.txt CODE_OF_CONDUCT.md CONTRIBUTING.md Doxyfile DuckDBConfig.cmake.in DuckDBConfigVersion.cmake.in LICENSE Makefile README.md benchmark build clean-profile.sh data duckdb_benchmark_data duckdb_benchmark_db.db duckdb_unittest_tempdir examples extension extension_config.cmake logo scripts sf_1_t1.out src ssb-benchmark-fixed.log ssb-benchmark.log ssb-elapsed.out ssb_sf1.duckdb ssb_sf10.duckdb ssb_sf100.duckdb test test-detailed-profile copy.log test-detailed-profile.log test-detailed-profile.out test-profile.out test.out test2-profile.json test2-profile.out third_party tools CAST(lo_discount AS INTEGER))",
            "Estimated Cardinality": "33039584"
          },
          "operator_type": "PROJECTION",
          "cpu_time": 3.420273999998325,
          "children": [
            {
              "result_set_size": 154955359,
              "operator_timing": 0.4840170000003385,
              "operator_rows_scanned": 0,
              "cumulative_rows_scanned": 2400155136,
              "operator_cardinality": 11919643,
              "cumulative_cardinality": 23839651,
              "extra_info": {
                "Join Type": "INNER",
                "Conditions": "lo_orderdate = d_datekey",
                "Build Min": "1992-01-01",
                "Build Max": "1998-12-30",
                "Estimated Cardinality": "33039584"
              },
              "operator_type": "HASH_JOIN",
              "cpu_time": 3.414474999998325,
              "children": [
                {
                  "result_set_size": 107276787,
                  "operator_timing": 2.9304519999979863,
                  "operator_rows_scanned": 2400152580,
                  "cumulative_rows_scanned": 2400152580,
                  "operator_cardinality": 11919643,
                  "cumulative_cardinality": 11919643,
                  "extra_info": {
                    "Text": "lineorder",
                    "Projections": [
                      "lo_orderdate",
                      "lo_discount",
                      "lo_extendedprice"
                    ],
                    "Filters": [
                      "lo_discount>=1 AND lo_discount<=3 AND lo_discount IS NOT NULL",
                      "lo_quantity<25 AND lo_quantity IS NOT NULL"
                    ],
                    "Estimated Cardinality": "120007629"
                  },
                  "operator_type": "TABLE_SCAN",
                  "cpu_time": 2.9304519999979863,
                  "children": []
                },
                {
                  "result_set_size": 1460,
                  "operator_timing": 0.000006,
                  "operator_rows_scanned": 2556,
                  "cumulative_rows_scanned": 2556,
                  "operator_cardinality": 365,
                  "cumulative_cardinality": 365,
                  "extra_info": {
                    "Text": "date",
                    "Projections": "d_datekey",
                    "Filters": "d_year=1994 AND d_year IS NOT NULL",
                    "Estimated Cardinality": "639"
                  },
                  "operator_type": "TABLE_SCAN",
                  "cpu_time": 0.000006,
                  "children": []
                }
              ]
            }
          ]
        }
      ]
    }
  ]
}
