{
  "benchmark_name": "SSBQ4v1S10T4",
  "scale_factor": "10",
  "thread_count": "4",
  "all_optimizers": 0.00034799999999999995,
  "cumulative_optimizer_timing": 0.000347,
  "planner": 0.00013199999999999998,
  "planner_binding": 0.00013,
  "physical_planner": 0.000031,
  "physical_planner_column_binding": 0.000009,
  "physical_planner_resolve_types": 0.000001,
  "physical_planner_create_plan": 0.000018,
  "optimizer_expression_rewriter": 0.000038,
  "optimizer_filter_pullup": 0.000002,
  "optimizer_filter_pushdown": 0.00004,
  "optimizer_cte_filter_pusher": 0.0,
  "optimizer_regex_range": 0.000001,
  "optimizer_in_clause": 0.000001,
  "optimizer_join_order": 0.000123,
  "optimizer_deliminator": 0.000001,
  "optimizer_unnest_rewriter": 0.0,
  "optimizer_unused_columns": 0.000007,
  "optimizer_statistics_propagation": 0.000088,
  "optimizer_limit_pushdown": 0.0,
  "optimizer_top_n": 0.0,
  "optimizer_compressed_materialization": 0.0,
  "optimizer_duplicate_groups": 0.000003,
  "optimizer_reorder_filter": 0.000004,
  "optimizer_join_filter_pushdown": 0.000008,
  "optimizer_extension": 0.0,
  "optimizer_materialized_cte": 0.0,
  "optimizer_build_side_probe_side": 0.000011,
  "result_set_size": 1190,
  "optimizer_column_lifetime": 0.000016,
  "operator_timing": 0.281508,
  "optimizer_common_aggregate": 0.000002,
  "operator_rows_scanned": 0,
  "optimizer_common_subexpressions": 0.000002,
  "cumulative_rows_scanned": 244092956,
  "operator_cardinality": 0,
  "cumulative_cardinality": 79144499,
  "extra_info": {},
  "cpu_time": 1.3177179999999735,
  "blocked_thread_time": 0.0,
  "query_name": "SELECT d_year, c_nation, SUM(lo_revenue - lo_supplycost) AS profit FROM date, customer, supplier, part, lineorder WHERE lo_custkey = c_custkey AND lo_suppkey = s_suppkey AND lo_partkey = p_partkey AND lo_orderdate = d_datekey AND c_region = 'AMERICA' AND s_region = 'AMERICA' AND (p_mfgr = 'MFGR#1' OR p_mfgr = 'MFGR#2') GROUP BY d_year, c_nation ORDER BY d_year, c_nation;",
  "children": [
    {
      "result_set_size": 1190,
      "operator_timing": 0.000004,
      "operator_rows_scanned": 0,
      "cumulative_rows_scanned": 244092956,
      "operator_cardinality": 35,
      "cumulative_cardinality": 79144499,
      "extra_info": {
        "Projections": [
          "__internal_decompress_integral_smallint(#0, 1992)",
          "__internal_decompress_string(#1)",
          "#2"
        ],
        "Estimated Cardinality": "20000"
      },
      "operator_type": "PROJECTION",
      "cpu_time": 1.0362099999999737,
      "children": [
        {
          "result_set_size": 1155,
          "operator_timing": 0.00027299999999999997,
          "operator_rows_scanned": 0,
          "cumulative_rows_scanned": 244092956,
          "operator_cardinality": 35,
          "cumulative_cardinality": 79144464,
          "extra_info": {
            "Order By": [
              "date.d_year ASC",
              "customer.c_nation ASC"
            ]
          },
          "operator_type": "ORDER_BY",
          "cpu_time": 1.0362059999999738,
          "children": [
            {
              "result_set_size": 1155,
              "operator_timing": 0.000003,
              "operator_rows_scanned": 0,
              "cumulative_rows_scanned": 244092956,
              "operator_cardinality": 35,
              "cumulative_cardinality": 79144429,
              "extra_info": {
                "Projections": [
                  "__internal_compress_integral_utinyint(#0, 1992)",
                  "__internal_compress_string_hugeint(#1)",
                  "#2"
                ],
                "Estimated Cardinality": "20000"
              },
              "operator_type": "PROJECTION",
              "cpu_time": 1.0359329999999738,
              "children": [
                {
                  "result_set_size": 1190,
                  "operator_timing": 0.0000049999999999999996,
                  "operator_rows_scanned": 0,
                  "cumulative_rows_scanned": 244092956,
                  "operator_cardinality": 35,
                  "cumulative_cardinality": 79144394,
                  "extra_info": {
                    "Projections": [
                      "__internal_decompress_integral_smallint(#0, 1992)",
                      "__internal_decompress_string(#1)",
                      "#2"
                    ],
                    "Estimated Cardinality": "20000"
                  },
                  "operator_type": "PROJECTION",
                  "cpu_time": 1.0359299999999738,
                  "children": [
                    {
                      "result_set_size": 1155,
                      "operator_timing": 0.009396,
                      "operator_rows_scanned": 0,
                      "cumulative_rows_scanned": 244092956,
                      "operator_cardinality": 35,
                      "cumulative_cardinality": 79144359,
                      "extra_info": {
                        "Groups": [
                          "#0",
                          "#1"
                        ],
                        "Aggregates": "sum(#2)",
                        "Estimated Cardinality": "20000"
                      },
                      "operator_type": "HASH_GROUP_BY",
                      "cpu_time": 1.0359249999999738,
                      "children": [
                        {
                          "result_set_size": 20089818,
                          "operator_timing": 0.0005509999999999992,
                          "operator_rows_scanned": 0,
                          "cumulative_rows_scanned": 244092956,
                          "operator_cardinality": 956658,
                          "cumulative_cardinality": 79144324,
                          "extra_info": {
                            "Projections": [
                              "d_year",
                              "c_nation",
                              "(lo_revenue - lo_supplycost)"
                            ],
                            "Estimated Cardinality": "606217"
                          },
                          "operator_type": "PROJECTION",
                          "cpu_time": 1.0265289999999738,
                          "children": [
                            {
                              "result_set_size": 50702874,
                              "operator_timing": 0.006882999999999997,
                              "operator_rows_scanned": 0,
                              "cumulative_rows_scanned": 244092956,
                              "operator_cardinality": 956658,
                              "cumulative_cardinality": 78187666,
                              "extra_info": {
                                "Projections": [
                                  "#0",
                                  "__internal_compress_integral_usmallint(#1, 1)",
                                  "#2",
                                  "#3",
                                  "#4",
                                  "#5",
                                  "#6",
                                  "__internal_compress_string_hugeint(#7)",
                                  "__internal_compress_integral_usmallint(#8, 1)",
                                  "#9",
                                  "#10",
                                  "__internal_compress_integral_utinyint(#11, 1992)"
                                ],
                                "Estimated Cardinality": "606217"
                              },
                              "operator_type": "PROJECTION",
                              "cpu_time": 1.0259779999999739,
                              "children": [
                                {
                                  "result_set_size": 55486164,
                                  "operator_timing": 0.0014969999999999998,
                                  "operator_rows_scanned": 0,
                                  "cumulative_rows_scanned": 244092956,
                                  "operator_cardinality": 956658,
                                  "cumulative_cardinality": 77231008,
                                  "extra_info": {
                                    "Join Type": "INNER",
                                    "Conditions": "lo_orderdate = d_datekey",
                                    "Build Min": "1992-01-01",
                                    "Build Max": "1998-12-30",
                                    "Estimated Cardinality": "606217"
                                  },
                                  "operator_type": "HASH_JOIN",
                                  "cpu_time": 1.0190949999999739,
                                  "children": [
                                    {
                                      "result_set_size": 49746216,
                                      "operator_timing": 0.16747999999999416,
                                      "operator_rows_scanned": 0,
                                      "cumulative_rows_scanned": 244090400,
                                      "operator_cardinality": 956658,
                                      "cumulative_cardinality": 76271794,
                                      "extra_info": {
                                        "Join Type": "INNER",
                                        "Conditions": "lo_partkey = p_partkey",
                                        "Build Min": "1",
                                        "Build Max": "600000",
                                        "Estimated Cardinality": "550481"
                                      },
                                      "operator_type": "HASH_JOIN",
                                      "cpu_time": 1.0175899999999738,
                                      "children": [
                                        {
                                          "result_set_size": 114819216,
                                          "operator_timing": 0.09864499999999382,
                                          "operator_rows_scanned": 0,
                                          "cumulative_rows_scanned": 240890400,
                                          "operator_cardinality": 2392067,
                                          "cumulative_cardinality": 74475238,
                                          "extra_info": {
                                            "Join Type": "INNER",
                                            "Conditions": "lo_suppkey = s_suppkey",
                                            "Build Min": "1",
                                            "Build Max": "20000",
                                            "Estimated Cardinality": "2399704"
                                          },
                                          "operator_type": "HASH_JOIN",
                                          "cpu_time": 0.8452889999999798,
                                          "children": [
                                            {
                                              "result_set_size": 528154572,
                                              "operator_timing": 0.17851099999999365,
                                              "operator_rows_scanned": 0,
                                              "cumulative_rows_scanned": 240870400,
                                              "operator_cardinality": 12003513,
                                              "cumulative_cardinality": 72079191,
                                              "extra_info": {
                                                "Join Type": "INNER",
                                                "Conditions": "lo_custkey = c_custkey",
                                                "Build Min": "1",
                                                "Build Max": "299999",
                                                "Estimated Cardinality": "11998520"
                                              },
                                              "operator_type": "HASH_JOIN",
                                              "cpu_time": 0.7465599999999859,
                                              "children": [
                                                {
                                                  "result_set_size": 1438933056,
                                                  "operator_timing": 0.5667949999999923,
                                                  "operator_rows_scanned": 239970400,
                                                  "cumulative_rows_scanned": 239970400,
                                                  "operator_cardinality": 59955544,
                                                  "cumulative_cardinality": 59955544,
                                                  "extra_info": {
                                                    "Text": "lineorder",
                                                    "Projections": [
                                                      "lo_custkey",
                                                      "lo_suppkey",
                                                      "lo_partkey",
                                                      "lo_orderdate",
                                                      "lo_revenue",
                                                      "lo_supplycost"
                                                    ],
                                                    "Estimated Cardinality": "59992600"
                                                  },
                                                  "operator_type": "TABLE_SCAN",
                                                  "cpu_time": 0.5667949999999923,
                                                  "children": []
                                                },
                                                {
                                                  "result_set_size": 1201340,
                                                  "operator_timing": 0.00011799999999999993,
                                                  "operator_rows_scanned": 0,
                                                  "cumulative_rows_scanned": 900000,
                                                  "operator_cardinality": 60067,
                                                  "cumulative_cardinality": 120134,
                                                  "extra_info": {
                                                    "Expression": "(c_custkey <= 299999)",
                                                    "Estimated Cardinality": "60000"
                                                  },
                                                  "operator_type": "FILTER",
                                                  "cpu_time": 0.0012540000000000001,
                                                  "children": [
                                                    {
                                                      "result_set_size": 1201340,
                                                      "operator_timing": 0.0011360000000000003,
                                                      "operator_rows_scanned": 900000,
                                                      "cumulative_rows_scanned": 900000,
                                                      "operator_cardinality": 60067,
                                                      "cumulative_cardinality": 60067,
                                                      "extra_info": {
                                                        "Text": "customer",
                                                        "Projections": [
                                                          "c_custkey",
                                                          "c_nation"
                                                        ],
                                                        "Filters": "c_region='AMERICA' AND c_region IS NOT NULL",
                                                        "Estimated Cardinality": "60000"
                                                      },
                                                      "operator_type": "TABLE_SCAN",
                                                      "cpu_time": 0.0011360000000000003,
                                                      "children": []
                                                    }
                                                  ]
                                                }
                                              ]
                                            },
                                            {
                                              "result_set_size": 15920,
                                              "operator_timing": 0.00008400000000000001,
                                              "operator_rows_scanned": 20000,
                                              "cumulative_rows_scanned": 20000,
                                              "operator_cardinality": 3980,
                                              "cumulative_cardinality": 3980,
                                              "extra_info": {
                                                "Text": "supplier",
                                                "Projections": "s_suppkey",
                                                "Filters": "s_region='AMERICA' AND s_region IS NOT NULL",
                                                "Estimated Cardinality": "4000"
                                              },
                                              "operator_type": "TABLE_SCAN",
                                              "cpu_time": 0.00008400000000000001,
                                              "children": []
                                            }
                                          ]
                                        },
                                        {
                                          "result_set_size": 4797960,
                                          "operator_timing": 0.0043580000000000025,
                                          "operator_rows_scanned": 0,
                                          "cumulative_rows_scanned": 3200000,
                                          "operator_cardinality": 239898,
                                          "cumulative_cardinality": 839898,
                                          "extra_info": {
                                            "Expression": "((p_mfgr = 'MFGR#1') OR (p_mfgr = 'MFGR#2'))",
                                            "Estimated Cardinality": "800000"
                                          },
                                          "operator_type": "FILTER",
                                          "cpu_time": 0.004821000000000002,
                                          "children": [
                                            {
                                              "result_set_size": 12000000,
                                              "operator_timing": 0.00046299999999999944,
                                              "operator_rows_scanned": 3200000,
                                              "cumulative_rows_scanned": 3200000,
                                              "operator_cardinality": 600000,
                                              "cumulative_cardinality": 600000,
                                              "extra_info": {
                                                "Text": "part",
                                                "Projections": [
                                                  "p_partkey",
                                                  "p_mfgr"
                                                ],
                                                "Filters": "p_partkey<=600000 AND p_partkey IS NOT NULL",
                                                "Estimated Cardinality": "800000"
                                              },
                                              "operator_type": "TABLE_SCAN",
                                              "cpu_time": 0.00046299999999999944,
                                              "children": []
                                            }
                                          ]
                                        }
                                      ]
                                    },
                                    {
                                      "result_set_size": 15336,
                                      "operator_timing": 0.000008,
                                      "operator_rows_scanned": 2556,
                                      "cumulative_rows_scanned": 2556,
                                      "operator_cardinality": 2556,
                                      "cumulative_cardinality": 2556,
                                      "extra_info": {
                                        "Text": "date",
                                        "Projections": [
                                          "d_datekey",
                                          "d_year"
                                        ],
                                        "Estimated Cardinality": "2556"
                                      },
                                      "operator_type": "TABLE_SCAN",
                                      "cpu_time": 0.000008,
                                      "children": []
                                    }
                                  ]
                                }
                              ]
                            }
                          ]
                        }
                      ]
                    }
                  ]
                }
              ]
            }
          ]
        }
      ]
    }
  ]
}
{
  "benchmark_name": "SSBQ4v1S10T4",
  "scale_factor": "10",
  "thread_count": "4",
  "all_optimizers": 0.000339,
  "cumulative_optimizer_timing": 0.00033800000000000003,
  "planner": 0.00013,
  "planner_binding": 0.000128,
  "physical_planner": 0.000033,
  "physical_planner_column_binding": 0.000006,
  "physical_planner_resolve_types": 0.000001,
  "physical_planner_create_plan": 0.000022,
  "optimizer_expression_rewriter": 0.000038,
  "optimizer_filter_pullup": 0.000001,
  "optimizer_filter_pushdown": 0.000036,
  "optimizer_cte_filter_pusher": 0.000001,
  "optimizer_regex_range": 0.000001,
  "optimizer_in_clause": 0.000001,
  "optimizer_join_order": 0.000116,
  "optimizer_deliminator": 0.0,
  "optimizer_unnest_rewriter": 0.000001,
  "optimizer_unused_columns": 0.000007,
  "optimizer_statistics_propagation": 0.000092,
  "optimizer_limit_pushdown": 0.0,
  "optimizer_top_n": 0.0,
  "optimizer_compressed_materialization": 0.0,
  "optimizer_duplicate_groups": 0.000003,
  "optimizer_reorder_filter": 0.000003,
  "optimizer_join_filter_pushdown": 0.000008,
  "optimizer_extension": 0.0,
  "optimizer_materialized_cte": 0.0,
  "optimizer_build_side_probe_side": 0.00001,
  "result_set_size": 1190,
  "optimizer_column_lifetime": 0.000016,
  "operator_timing": 0.248833,
  "optimizer_common_aggregate": 0.000002,
  "operator_rows_scanned": 0,
  "optimizer_common_subexpressions": 0.000002,
  "cumulative_rows_scanned": 244092956,
  "operator_cardinality": 0,
  "cumulative_cardinality": 79144499,
  "extra_info": {},
  "cpu_time": 1.1614190000000335,
  "blocked_thread_time": 0.0,
  "query_name": "SELECT d_year, c_nation, SUM(lo_revenue - lo_supplycost) AS profit FROM date, customer, supplier, part, lineorder WHERE lo_custkey = c_custkey AND lo_suppkey = s_suppkey AND lo_partkey = p_partkey AND lo_orderdate = d_datekey AND c_region = 'AMERICA' AND s_region = 'AMERICA' AND (p_mfgr = 'MFGR#1' OR p_mfgr = 'MFGR#2') GROUP BY d_year, c_nation ORDER BY d_year, c_nation;",
  "children": [
    {
      "result_set_size": 1190,
      "operator_timing": 0.000003,
      "operator_rows_scanned": 0,
      "cumulative_rows_scanned": 244092956,
      "operator_cardinality": 35,
      "cumulative_cardinality": 79144499,
      "extra_info": {
        "Projections": [
          "__internal_decompress_integral_smallint(#0, 1992)",
          "__internal_decompress_string(#1)",
          "#2"
        ],
        "Estimated Cardinality": "20000"
      },
      "operator_type": "PROJECTION",
      "cpu_time": 0.9125860000000335,
      "children": [
        {
          "result_set_size": 1155,
          "operator_timing": 0.001023,
          "operator_rows_scanned": 0,
          "cumulative_rows_scanned": 244092956,
          "operator_cardinality": 35,
          "cumulative_cardinality": 79144464,
          "extra_info": {
            "Order By": [
              "date.d_year ASC",
              "customer.c_nation ASC"
            ]
          },
          "operator_type": "ORDER_BY",
          "cpu_time": 0.9125830000000336,
          "children": [
            {
              "result_set_size": 1155,
              "operator_timing": 0.000004,
              "operator_rows_scanned": 0,
              "cumulative_rows_scanned": 244092956,
              "operator_cardinality": 35,
              "cumulative_cardinality": 79144429,
              "extra_info": {
                "Projections": [
                  "__internal_compress_integral_utinyint(#0, 1992)",
                  "__internal_compress_string_hugeint(#1)",
                  "#2"
                ],
                "Estimated Cardinality": "20000"
              },
              "operator_type": "PROJECTION",
              "cpu_time": 0.9115600000000336,
              "children": [
                {
                  "result_set_size": 1190,
                  "operator_timing": 0.000005999999999999999,
                  "operator_rows_scanned": 0,
                  "cumulative_rows_scanned": 244092956,
                  "operator_cardinality": 35,
                  "cumulative_cardinality": 79144394,
                  "extra_info": {
                    "Projections": [
                      "__internal_decompress_integral_smallint(#0, 1992)",
                      "__internal_decompress_string(#1)",
                      "#2"
                    ],
                    "Estimated Cardinality": "20000"
                  },
                  "operator_type": "PROJECTION",
                  "cpu_time": 0.9115560000000336,
                  "children": [
                    {
                      "result_set_size": 1155,
                      "operator_timing": 0.008827999999999997,
                      "operator_rows_scanned": 0,
                      "cumulative_rows_scanned": 244092956,
                      "operator_cardinality": 35,
                      "cumulative_cardinality": 79144359,
                      "extra_info": {
                        "Groups": [
                          "#0",
                          "#1"
                        ],
                        "Aggregates": "sum(#2)",
                        "Estimated Cardinality": "20000"
                      },
                      "operator_type": "HASH_GROUP_BY",
                      "cpu_time": 0.9115500000000336,
                      "children": [
                        {
                          "result_set_size": 20089818,
                          "operator_timing": 0.000582999999999999,
                          "operator_rows_scanned": 0,
                          "cumulative_rows_scanned": 244092956,
                          "operator_cardinality": 956658,
                          "cumulative_cardinality": 79144324,
                          "extra_info": {
                            "Projections": [
                              "d_year",
                              "c_nation",
                              "(lo_revenue - lo_supplycost)"
                            ],
                            "Estimated Cardinality": "606217"
                          },
                          "operator_type": "PROJECTION",
                          "cpu_time": 0.9027220000000337,
                          "children": [
                            {
                              "result_set_size": 50702874,
                              "operator_timing": 0.0068659999999999945,
                              "operator_rows_scanned": 0,
                              "cumulative_rows_scanned": 244092956,
                              "operator_cardinality": 956658,
                              "cumulative_cardinality": 78187666,
                              "extra_info": {
                                "Projections": [
                                  "#0",
                                  "__internal_compress_integral_usmallint(#1, 1)",
                                  "#2",
                                  "#3",
                                  "#4",
                                  "#5",
                                  "#6",
                                  "__internal_compress_string_hugeint(#7)",
                                  "__internal_compress_integral_usmallint(#8, 1)",
                                  "#9",
                                  "#10",
                                  "__internal_compress_integral_utinyint(#11, 1992)"
                                ],
                                "Estimated Cardinality": "606217"
                              },
                              "operator_type": "PROJECTION",
                              "cpu_time": 0.9021390000000337,
                              "children": [
                                {
                                  "result_set_size": 55486164,
                                  "operator_timing": 0.0014750000000000006,
                                  "operator_rows_scanned": 0,
                                  "cumulative_rows_scanned": 244092956,
                                  "operator_cardinality": 956658,
                                  "cumulative_cardinality": 77231008,
                                  "extra_info": {
                                    "Join Type": "INNER",
                                    "Conditions": "lo_orderdate = d_datekey",
                                    "Build Min": "1992-01-01",
                                    "Build Max": "1998-12-30",
                                    "Estimated Cardinality": "606217"
                                  },
                                  "operator_type": "HASH_JOIN",
                                  "cpu_time": 0.8952730000000336,
                                  "children": [
                                    {
                                      "result_set_size": 49746216,
                                      "operator_timing": 0.14393400000000164,
                                      "operator_rows_scanned": 0,
                                      "cumulative_rows_scanned": 244090400,
                                      "operator_cardinality": 956658,
                                      "cumulative_cardinality": 76271794,
                                      "extra_info": {
                                        "Join Type": "INNER",
                                        "Conditions": "lo_partkey = p_partkey",
                                        "Build Min": "1",
                                        "Build Max": "600000",
                                        "Estimated Cardinality": "550481"
                                      },
                                      "operator_type": "HASH_JOIN",
                                      "cpu_time": 0.8937920000000337,
                                      "children": [
                                        {
                                          "result_set_size": 114819216,
                                          "operator_timing": 0.07921099999999538,
                                          "operator_rows_scanned": 0,
                                          "cumulative_rows_scanned": 240890400,
                                          "operator_cardinality": 2392067,
                                          "cumulative_cardinality": 74475238,
                                          "extra_info": {
                                            "Join Type": "INNER",
                                            "Conditions": "lo_suppkey = s_suppkey",
                                            "Build Min": "1",
                                            "Build Max": "20000",
                                            "Estimated Cardinality": "2399704"
                                          },
                                          "operator_type": "HASH_JOIN",
                                          "cpu_time": 0.7450530000000319,
                                          "children": [
                                            {
                                              "result_set_size": 528154572,
                                              "operator_timing": 0.15752099999999916,
                                              "operator_rows_scanned": 0,
                                              "cumulative_rows_scanned": 240870400,
                                              "operator_cardinality": 12003513,
                                              "cumulative_cardinality": 72079191,
                                              "extra_info": {
                                                "Join Type": "INNER",
                                                "Conditions": "lo_custkey = c_custkey",
                                                "Build Min": "1",
                                                "Build Max": "299999",
                                                "Estimated Cardinality": "11998520"
                                              },
                                              "operator_type": "HASH_JOIN",
                                              "cpu_time": 0.6657620000000366,
                                              "children": [
                                                {
                                                  "result_set_size": 1438933056,
                                                  "operator_timing": 0.5070230000000374,
                                                  "operator_rows_scanned": 239970400,
                                                  "cumulative_rows_scanned": 239970400,
                                                  "operator_cardinality": 59955544,
                                                  "cumulative_cardinality": 59955544,
                                                  "extra_info": {
                                                    "Text": "lineorder",
                                                    "Projections": [
                                                      "lo_custkey",
                                                      "lo_suppkey",
                                                      "lo_partkey",
                                                      "lo_orderdate",
                                                      "lo_revenue",
                                                      "lo_supplycost"
                                                    ],
                                                    "Estimated Cardinality": "59992600"
                                                  },
                                                  "operator_type": "TABLE_SCAN",
                                                  "cpu_time": 0.5070230000000374,
                                                  "children": []
                                                },
                                                {
                                                  "result_set_size": 1201340,
                                                  "operator_timing": 0.00009999999999999996,
                                                  "operator_rows_scanned": 0,
                                                  "cumulative_rows_scanned": 900000,
                                                  "operator_cardinality": 60067,
                                                  "cumulative_cardinality": 120134,
                                                  "extra_info": {
                                                    "Expression": "(c_custkey <= 299999)",
                                                    "Estimated Cardinality": "60000"
                                                  },
                                                  "operator_type": "FILTER",
                                                  "cpu_time": 0.0012180000000000001,
                                                  "children": [
                                                    {
                                                      "result_set_size": 1201340,
                                                      "operator_timing": 0.001118,
                                                      "operator_rows_scanned": 900000,
                                                      "cumulative_rows_scanned": 900000,
                                                      "operator_cardinality": 60067,
                                                      "cumulative_cardinality": 60067,
                                                      "extra_info": {
                                                        "Text": "customer",
                                                        "Projections": [
                                                          "c_custkey",
                                                          "c_nation"
                                                        ],
                                                        "Filters": "c_region='AMERICA' AND c_region IS NOT NULL",
                                                        "Estimated Cardinality": "60000"
                                                      },
                                                      "operator_type": "TABLE_SCAN",
                                                      "cpu_time": 0.001118,
                                                      "children": []
                                                    }
                                                  ]
                                                }
                                              ]
                                            },
                                            {
                                              "result_set_size": 15920,
                                              "operator_timing": 0.00007999999999999999,
                                              "operator_rows_scanned": 20000,
                                              "cumulative_rows_scanned": 20000,
                                              "operator_cardinality": 3980,
                                              "cumulative_cardinality": 3980,
                                              "extra_info": {
                                                "Text": "supplier",
                                                "Projections": "s_suppkey",
                                                "Filters": "s_region='AMERICA' AND s_region IS NOT NULL",
                                                "Estimated Cardinality": "4000"
                                              },
                                              "operator_type": "TABLE_SCAN",
                                              "cpu_time": 0.00007999999999999999,
                                              "children": []
                                            }
                                          ]
                                        },
                                        {
                                          "result_set_size": 4797960,
                                          "operator_timing": 0.004357000000000004,
                                          "operator_rows_scanned": 0,
                                          "cumulative_rows_scanned": 3200000,
                                          "operator_cardinality": 239898,
                                          "cumulative_cardinality": 839898,
                                          "extra_info": {
                                            "Expression": "((p_mfgr = 'MFGR#1') OR (p_mfgr = 'MFGR#2'))",
                                            "Estimated Cardinality": "800000"
                                          },
                                          "operator_type": "FILTER",
                                          "cpu_time": 0.004805000000000004,
                                          "children": [
                                            {
                                              "result_set_size": 12000000,
                                              "operator_timing": 0.0004479999999999995,
                                              "operator_rows_scanned": 3200000,
                                              "cumulative_rows_scanned": 3200000,
                                              "operator_cardinality": 600000,
                                              "cumulative_cardinality": 600000,
                                              "extra_info": {
                                                "Text": "part",
                                                "Projections": [
                                                  "p_partkey",
                                                  "p_mfgr"
                                                ],
                                                "Filters": "p_partkey<=600000 AND p_partkey IS NOT NULL",
                                                "Estimated Cardinality": "800000"
                                              },
                                              "operator_type": "TABLE_SCAN",
                                              "cpu_time": 0.0004479999999999995,
                                              "children": []
                                            }
                                          ]
                                        }
                                      ]
                                    },
                                    {
                                      "result_set_size": 15336,
                                      "operator_timing": 0.000006,
                                      "operator_rows_scanned": 2556,
                                      "cumulative_rows_scanned": 2556,
                                      "operator_cardinality": 2556,
                                      "cumulative_cardinality": 2556,
                                      "extra_info": {
                                        "Text": "date",
                                        "Projections": [
                                          "d_datekey",
                                          "d_year"
                                        ],
                                        "Estimated Cardinality": "2556"
                                      },
                                      "operator_type": "TABLE_SCAN",
                                      "cpu_time": 0.000006,
                                      "children": []
                                    }
                                  ]
                                }
                              ]
                            }
                          ]
                        }
                      ]
                    }
                  ]
                }
              ]
            }
          ]
        }
      ]
    }
  ]
}
{
  "benchmark_name": "SSBQ4v1S10T4",
  "scale_factor": "10",
  "thread_count": "4",
  "all_optimizers": 0.000337,
  "cumulative_optimizer_timing": 0.000336,
  "planner": 0.00013,
  "planner_binding": 0.000128,
  "physical_planner": 0.000033,
  "physical_planner_column_binding": 0.000006,
  "physical_planner_resolve_types": 0.000001,
  "physical_planner_create_plan": 0.000022,
  "optimizer_expression_rewriter": 0.000035,
  "optimizer_filter_pullup": 0.000005,
  "optimizer_filter_pushdown": 0.000036,
  "optimizer_cte_filter_pusher": 0.0,
  "optimizer_regex_range": 0.000001,
  "optimizer_in_clause": 0.000001,
  "optimizer_join_order": 0.00012,
  "optimizer_deliminator": 0.000001,
  "optimizer_unnest_rewriter": 0.000001,
  "optimizer_unused_columns": 0.000007,
  "optimizer_statistics_propagation": 0.000083,
  "optimizer_limit_pushdown": 0.000001,
  "optimizer_top_n": 0.0,
  "optimizer_compressed_materialization": 0.0,
  "optimizer_duplicate_groups": 0.000003,
  "optimizer_reorder_filter": 0.000004,
  "optimizer_join_filter_pushdown": 0.000008,
  "optimizer_extension": 0.0,
  "optimizer_materialized_cte": 0.0,
  "optimizer_build_side_probe_side": 0.000011,
  "result_set_size": 1190,
  "optimizer_column_lifetime": 0.000016,
  "operator_timing": 0.23954,
  "optimizer_common_aggregate": 0.000001,
  "operator_rows_scanned": 0,
  "optimizer_common_subexpressions": 0.000002,
  "cumulative_rows_scanned": 244092956,
  "operator_cardinality": 0,
  "cumulative_cardinality": 79144499,
  "extra_info": {},
  "cpu_time": 1.1265490000000444,
  "blocked_thread_time": 0.0,
  "query_name": "SELECT d_year, c_nation, SUM(lo_revenue - lo_supplycost) AS profit FROM date, customer, supplier, part, lineorder WHERE lo_custkey = c_custkey AND lo_suppkey = s_suppkey AND lo_partkey = p_partkey AND lo_orderdate = d_datekey AND c_region = 'AMERICA' AND s_region = 'AMERICA' AND (p_mfgr = 'MFGR#1' OR p_mfgr = 'MFGR#2') GROUP BY d_year, c_nation ORDER BY d_year, c_nation;",
  "children": [
    {
      "result_set_size": 1190,
      "operator_timing": 0.000004,
      "operator_rows_scanned": 0,
      "cumulative_rows_scanned": 244092956,
      "operator_cardinality": 35,
      "cumulative_cardinality": 79144499,
      "extra_info": {
        "Projections": [
          "__internal_decompress_integral_smallint(#0, 1992)",
          "__internal_decompress_string(#1)",
          "#2"
        ],
        "Estimated Cardinality": "20000"
      },
      "operator_type": "PROJECTION",
      "cpu_time": 0.8870090000000445,
      "children": [
        {
          "result_set_size": 1155,
          "operator_timing": 0.000271,
          "operator_rows_scanned": 0,
          "cumulative_rows_scanned": 244092956,
          "operator_cardinality": 35,
          "cumulative_cardinality": 79144464,
          "extra_info": {
            "Order By": [
              "date.d_year ASC",
              "customer.c_nation ASC"
            ]
          },
          "operator_type": "ORDER_BY",
          "cpu_time": 0.8870050000000445,
          "children": [
            {
              "result_set_size": 1155,
              "operator_timing": 0.0000049999999999999996,
              "operator_rows_scanned": 0,
              "cumulative_rows_scanned": 244092956,
              "operator_cardinality": 35,
              "cumulative_cardinality": 79144429,
              "extra_info": {
                "Projections": [
                  "__internal_compress_integral_utinyint(#0, 1992)",
                  "__internal_compress_string_hugeint(#1)",
                  "#2"
                ],
                "Estimated Cardinality": "20000"
              },
              "operator_type": "PROJECTION",
              "cpu_time": 0.8867340000000444,
              "children": [
                {
                  "result_set_size": 1190,
                  "operator_timing": 0.000008,
                  "operator_rows_scanned": 0,
                  "cumulative_rows_scanned": 244092956,
                  "operator_cardinality": 35,
                  "cumulative_cardinality": 79144394,
                  "extra_info": {
                    "Projections": [
                      "__internal_decompress_integral_smallint(#0, 1992)",
                      "__internal_decompress_string(#1)",
                      "#2"
                    ],
                    "Estimated Cardinality": "20000"
                  },
                  "operator_type": "PROJECTION",
                  "cpu_time": 0.8867290000000444,
                  "children": [
                    {
                      "result_set_size": 1155,
                      "operator_timing": 0.008581,
                      "operator_rows_scanned": 0,
                      "cumulative_rows_scanned": 244092956,
                      "operator_cardinality": 35,
                      "cumulative_cardinality": 79144359,
                      "extra_info": {
                        "Groups": [
                          "#0",
                          "#1"
                        ],
                        "Aggregates": "sum(#2)",
                        "Estimated Cardinality": "20000"
                      },
                      "operator_type": "HASH_GROUP_BY",
                      "cpu_time": 0.8867210000000444,
                      "children": [
                        {
                          "result_set_size": 20089818,
                          "operator_timing": 0.0005009999999999992,
                          "operator_rows_scanned": 0,
                          "cumulative_rows_scanned": 244092956,
                          "operator_cardinality": 956658,
                          "cumulative_cardinality": 79144324,
                          "extra_info": {
                            "Projections": [
                              "d_year",
                              "c_nation",
                              "(lo_revenue - lo_supplycost)"
                            ],
                            "Estimated Cardinality": "606217"
                          },
                          "operator_type": "PROJECTION",
                          "cpu_time": 0.8781400000000444,
                          "children": [
                            {
                              "result_set_size": 50702874,
                              "operator_timing": 0.006666999999999998,
                              "operator_rows_scanned": 0,
                              "cumulative_rows_scanned": 244092956,
                              "operator_cardinality": 956658,
                              "cumulative_cardinality": 78187666,
                              "extra_info": {
                                "Projections": [
                                  "#0",
                                  "__internal_compress_integral_usmallint(#1, 1)",
                                  "#2",
                                  "#3",
                                  "#4",
                                  "#5",
                                  "#6",
                                  "__internal_compress_string_hugeint(#7)",
                                  "__internal_compress_integral_usmallint(#8, 1)",
                                  "#9",
                                  "#10",
                                  "__internal_compress_integral_utinyint(#11, 1992)"
                                ],
                                "Estimated Cardinality": "606217"
                              },
                              "operator_type": "PROJECTION",
                              "cpu_time": 0.8776390000000445,
                              "children": [
                                {
                                  "result_set_size": 55486164,
                                  "operator_timing": 0.0014210000000000002,
                                  "operator_rows_scanned": 0,
                                  "cumulative_rows_scanned": 244092956,
                                  "operator_cardinality": 956658,
                                  "cumulative_cardinality": 77231008,
                                  "extra_info": {
                                    "Join Type": "INNER",
                                    "Conditions": "lo_orderdate = d_datekey",
                                    "Build Min": "1992-01-01",
                                    "Build Max": "1998-12-30",
                                    "Estimated Cardinality": "606217"
                                  },
                                  "operator_type": "HASH_JOIN",
                                  "cpu_time": 0.8709720000000445,
                                  "children": [
                                    {
                                      "result_set_size": 49746216,
                                      "operator_timing": 0.13547000000000486,
                                      "operator_rows_scanned": 0,
                                      "cumulative_rows_scanned": 244090400,
                                      "operator_cardinality": 956658,
                                      "cumulative_cardinality": 76271794,
                                      "extra_info": {
                                        "Join Type": "INNER",
                                        "Conditions": "lo_partkey = p_partkey",
                                        "Build Min": "1",
                                        "Build Max": "600000",
                                        "Estimated Cardinality": "550481"
                                      },
                                      "operator_type": "HASH_JOIN",
                                      "cpu_time": 0.8695450000000445,
                                      "children": [
                                        {
                                          "result_set_size": 114819216,
                                          "operator_timing": 0.0769159999999955,
                                          "operator_rows_scanned": 0,
                                          "cumulative_rows_scanned": 240890400,
                                          "operator_cardinality": 2392067,
                                          "cumulative_cardinality": 74475238,
                                          "extra_info": {
                                            "Join Type": "INNER",
                                            "Conditions": "lo_suppkey = s_suppkey",
                                            "Build Min": "1",
                                            "Build Max": "20000",
                                            "Estimated Cardinality": "2399704"
                                          },
                                          "operator_type": "HASH_JOIN",
                                          "cpu_time": 0.7290860000000396,
                                          "children": [
                                            {
                                              "result_set_size": 528154572,
                                              "operator_timing": 0.15245200000000067,
                                              "operator_rows_scanned": 0,
                                              "cumulative_rows_scanned": 240870400,
                                              "operator_cardinality": 12003513,
                                              "cumulative_cardinality": 72079191,
                                              "extra_info": {
                                                "Join Type": "INNER",
                                                "Conditions": "lo_custkey = c_custkey",
                                                "Build Min": "1",
                                                "Build Max": "299999",
                                                "Estimated Cardinality": "11998520"
                                              },
                                              "operator_type": "HASH_JOIN",
                                              "cpu_time": 0.652091000000044,
                                              "children": [
                                                {
                                                  "result_set_size": 1438933056,
                                                  "operator_timing": 0.4983860000000434,
                                                  "operator_rows_scanned": 239970400,
                                                  "cumulative_rows_scanned": 239970400,
                                                  "operator_cardinality": 59955544,
                                                  "cumulative_cardinality": 59955544,
                                                  "extra_info": {
                                                    "Text": "lineorder",
                                                    "Projections": [
                                                      "lo_custkey",
                                                      "lo_suppkey",
                                                      "lo_partkey",
                                                      "lo_orderdate",
                                                      "lo_revenue",
                                                      "lo_supplycost"
                                                    ],
                                                    "Estimated Cardinality": "59992600"
                                                  },
                                                  "operator_type": "TABLE_SCAN",
                                                  "cpu_time": 0.4983860000000434,
                                                  "children": []
                                                },
                                                {
                                                  "result_set_size": 1201340,
                                                  "operator_timing": 0.00011999999999999992,
                                                  "operator_rows_scanned": 0,
                                                  "cumulative_rows_scanned": 900000,
                                                  "operator_cardinality": 60067,
                                                  "cumulative_cardinality": 120134,
                                                  "extra_info": {
                                                    "Expression": "(c_custkey <= 299999)",
                                                    "Estimated Cardinality": "60000"
                                                  },
                                                  "operator_type": "FILTER",
                                                  "cpu_time": 0.0012530000000000002,
                                                  "children": [
                                                    {
                                                      "result_set_size": 1201340,
                                                      "operator_timing": 0.0011330000000000003,
                                                      "operator_rows_scanned": 900000,
                                                      "cumulative_rows_scanned": 900000,
                                                      "operator_cardinality": 60067,
                                                      "cumulative_cardinality": 60067,
                                                      "extra_info": {
                                                        "Text": "customer",
                                                        "Projections": [
                                                          "c_custkey",
                                                          "c_nation"
                                                        ],
                                                        "Filters": "c_region='AMERICA' AND c_region IS NOT NULL",
                                                        "Estimated Cardinality": "60000"
                                                      },
                                                      "operator_type": "TABLE_SCAN",
                                                      "cpu_time": 0.0011330000000000003,
                                                      "children": []
                                                    }
                                                  ]
                                                }
                                              ]
                                            },
                                            {
                                              "result_set_size": 15920,
                                              "operator_timing": 0.000079,
                                              "operator_rows_scanned": 20000,
                                              "cumulative_rows_scanned": 20000,
                                              "operator_cardinality": 3980,
                                              "cumulative_cardinality": 3980,
                                              "extra_info": {
                                                "Text": "supplier",
                                                "Projections": "s_suppkey",
                                                "Filters": "s_region='AMERICA' AND s_region IS NOT NULL",
                                                "Estimated Cardinality": "4000"
                                              },
                                              "operator_type": "TABLE_SCAN",
                                              "cpu_time": 0.000079,
                                              "children": []
                                            }
                                          ]
                                        },
                                        {
                                          "result_set_size": 4797960,
                                          "operator_timing": 0.004495000000000001,
                                          "operator_rows_scanned": 0,
                                          "cumulative_rows_scanned": 3200000,
                                          "operator_cardinality": 239898,
                                          "cumulative_cardinality": 839898,
                                          "extra_info": {
                                            "Expression": "((p_mfgr = 'MFGR#1') OR (p_mfgr = 'MFGR#2'))",
                                            "Estimated Cardinality": "800000"
                                          },
                                          "operator_type": "FILTER",
                                          "cpu_time": 0.004989,
                                          "children": [
                                            {
                                              "result_set_size": 12000000,
                                              "operator_timing": 0.0004939999999999994,
                                              "operator_rows_scanned": 3200000,
                                              "cumulative_rows_scanned": 3200000,
                                              "operator_cardinality": 600000,
                                              "cumulative_cardinality": 600000,
                                              "extra_info": {
                                                "Text": "part",
                                                "Projections": [
                                                  "p_partkey",
                                                  "p_mfgr"
                                                ],
                                                "Filters": "p_partkey<=600000 AND p_partkey IS NOT NULL",
                                                "Estimated Cardinality": "800000"
                                              },
                                              "operator_type": "TABLE_SCAN",
                                              "cpu_time": 0.0004939999999999994,
                                              "children": []
                                            }
                                          ]
                                        }
                                      ]
                                    },
                                    {
                                      "result_set_size": 15336,
                                      "operator_timing": 0.000006,
                                      "operator_rows_scanned": 2556,
                                      "cumulative_rows_scanned": 2556,
                                      "operator_cardinality": 2556,
                                      "cumulative_cardinality": 2556,
                                      "extra_info": {
                                        "Text": "date",
                                        "Projections": [
                                          "d_datekey",
                                          "d_year"
                                        ],
                                        "Estimated Cardinality": "2556"
                                      },
                                      "operator_type": "TABLE_SCAN",
                                      "cpu_time": 0.000006,
                                      "children": []
                                    }
                                  ]
                                }
                              ]
                            }
                          ]
                        }
                      ]
                    }
                  ]
                }
              ]
            }
          ]
        }
      ]
    }
  ]
}
{
  "benchmark_name": "SSBQ4v1S10T4",
  "scale_factor": "10",
  "thread_count": "4",
  "all_optimizers": 0.000365,
  "cumulative_optimizer_timing": 0.00036400000000000007,
  "planner": 0.000137,
  "planner_binding": 0.000135,
  "physical_planner": 0.000031,
  "physical_planner_column_binding": 0.000007,
  "physical_planner_resolve_types": 0.000001,
  "physical_planner_create_plan": 0.000019,
  "optimizer_expression_rewriter": 0.000041,
  "optimizer_filter_pullup": 0.000001,
  "optimizer_filter_pushdown": 0.000041,
  "optimizer_cte_filter_pusher": 0.0,
  "optimizer_regex_range": 0.000001,
  "optimizer_in_clause": 0.000001,
  "optimizer_join_order": 0.000127,
  "optimizer_deliminator": 0.000001,
  "optimizer_unnest_rewriter": 0.000001,
  "optimizer_unused_columns": 0.000007,
  "optimizer_statistics_propagation": 0.000097,
  "optimizer_limit_pushdown": 0.000001,
  "optimizer_top_n": 0.0,
  "optimizer_compressed_materialization": 0.0,
  "optimizer_duplicate_groups": 0.000003,
  "optimizer_reorder_filter": 0.000003,
  "optimizer_join_filter_pushdown": 0.000009,
  "optimizer_extension": 0.0,
  "optimizer_materialized_cte": 0.0,
  "optimizer_build_side_probe_side": 0.00001,
  "result_set_size": 1190,
  "optimizer_column_lifetime": 0.000016,
  "operator_timing": 0.243237,
  "optimizer_common_aggregate": 0.000002,
  "operator_rows_scanned": 0,
  "optimizer_common_subexpressions": 0.000002,
  "cumulative_rows_scanned": 244092956,
  "operator_cardinality": 0,
  "cumulative_cardinality": 79144499,
  "extra_info": {},
  "cpu_time": 1.1421350000000428,
  "blocked_thread_time": 0.0,
  "query_name": "SELECT d_year, c_nation, SUM(lo_revenue - lo_supplycost) AS profit FROM date, customer, supplier, part, lineorder WHERE lo_custkey = c_custkey AND lo_suppkey = s_suppkey AND lo_partkey = p_partkey AND lo_orderdate = d_datekey AND c_region = 'AMERICA' AND s_region = 'AMERICA' AND (p_mfgr = 'MFGR#1' OR p_mfgr = 'MFGR#2') GROUP BY d_year, c_nation ORDER BY d_year, c_nation;",
  "children": [
    {
      "result_set_size": 1190,
      "operator_timing": 0.000002,
      "operator_rows_scanned": 0,
      "cumulative_rows_scanned": 244092956,
      "operator_cardinality": 35,
      "cumulative_cardinality": 79144499,
      "extra_info": {
        "Projections": [
          "__internal_decompress_integral_smallint(#0, 1992)",
          "__internal_decompress_string(#1)",
          "#2"
        ],
        "Estimated Cardinality": "20000"
      },
      "operator_type": "PROJECTION",
      "cpu_time": 0.8988980000000427,
      "children": [
        {
          "result_set_size": 1155,
          "operator_timing": 0.00026300000000000005,
          "operator_rows_scanned": 0,
          "cumulative_rows_scanned": 244092956,
          "operator_cardinality": 35,
          "cumulative_cardinality": 79144464,
          "extra_info": {
            "Order By": [
              "date.d_year ASC",
              "customer.c_nation ASC"
            ]
          },
          "operator_type": "ORDER_BY",
          "cpu_time": 0.8988960000000428,
          "children": [
            {
              "result_set_size": 1155,
              "operator_timing": 0.000004,
              "operator_rows_scanned": 0,
              "cumulative_rows_scanned": 244092956,
              "operator_cardinality": 35,
              "cumulative_cardinality": 79144429,
              "extra_info": {
                "Projections": [
                  "__internal_compress_integral_utinyint(#0, 1992)",
                  "__internal_compress_string_hugeint(#1)",
                  "#2"
                ],
                "Estimated Cardinality": "20000"
              },
              "operator_type": "PROJECTION",
              "cpu_time": 0.8986330000000428,
              "children": [
                {
                  "result_set_size": 1190,
                  "operator_timing": 0.0000049999999999999996,
                  "operator_rows_scanned": 0,
                  "cumulative_rows_scanned": 244092956,
                  "operator_cardinality": 35,
                  "cumulative_cardinality": 79144394,
                  "extra_info": {
                    "Projections": [
                      "__internal_decompress_integral_smallint(#0, 1992)",
                      "__internal_decompress_string(#1)",
                      "#2"
                    ],
                    "Estimated Cardinality": "20000"
                  },
                  "operator_type": "PROJECTION",
                  "cpu_time": 0.8986290000000428,
                  "children": [
                    {
                      "result_set_size": 1155,
                      "operator_timing": 0.008595000000000002,
                      "operator_rows_scanned": 0,
                      "cumulative_rows_scanned": 244092956,
                      "operator_cardinality": 35,
                      "cumulative_cardinality": 79144359,
                      "extra_info": {
                        "Groups": [
                          "#0",
                          "#1"
                        ],
                        "Aggregates": "sum(#2)",
                        "Estimated Cardinality": "20000"
                      },
                      "operator_type": "HASH_GROUP_BY",
                      "cpu_time": 0.8986240000000427,
                      "children": [
                        {
                          "result_set_size": 20089818,
                          "operator_timing": 0.0005679999999999991,
                          "operator_rows_scanned": 0,
                          "cumulative_rows_scanned": 244092956,
                          "operator_cardinality": 956658,
                          "cumulative_cardinality": 79144324,
                          "extra_info": {
                            "Projections": [
                              "d_year",
                              "c_nation",
                              "(lo_revenue - lo_supplycost)"
                            ],
                            "Estimated Cardinality": "606217"
                          },
                          "operator_type": "PROJECTION",
                          "cpu_time": 0.8900290000000427,
                          "children": [
                            {
                              "result_set_size": 50702874,
                              "operator_timing": 0.006669999999999995,
                              "operator_rows_scanned": 0,
                              "cumulative_rows_scanned": 244092956,
                              "operator_cardinality": 956658,
                              "cumulative_cardinality": 78187666,
                              "extra_info": {
                                "Projections": [
                                  "#0",
                                  "__internal_compress_integral_usmallint(#1, 1)",
                                  "#2",
                                  "#3",
                                  "#4",
                                  "#5",
                                  "#6",
                                  "__internal_compress_string_hugeint(#7)",
                                  "__internal_compress_integral_usmallint(#8, 1)",
                                  "#9",
                                  "#10",
                                  "__internal_compress_integral_utinyint(#11, 1992)"
                                ],
                                "Estimated Cardinality": "606217"
                              },
                              "operator_type": "PROJECTION",
                              "cpu_time": 0.8894610000000427,
                              "children": [
                                {
                                  "result_set_size": 55486164,
                                  "operator_timing": 0.001433,
                                  "operator_rows_scanned": 0,
                                  "cumulative_rows_scanned": 244092956,
                                  "operator_cardinality": 956658,
                                  "cumulative_cardinality": 77231008,
                                  "extra_info": {
                                    "Join Type": "INNER",
                                    "Conditions": "lo_orderdate = d_datekey",
                                    "Build Min": "1992-01-01",
                                    "Build Max": "1998-12-30",
                                    "Estimated Cardinality": "606217"
                                  },
                                  "operator_type": "HASH_JOIN",
                                  "cpu_time": 0.8827910000000427,
                                  "children": [
                                    {
                                      "result_set_size": 49746216,
                                      "operator_timing": 0.13963800000000356,
                                      "operator_rows_scanned": 0,
                                      "cumulative_rows_scanned": 244090400,
                                      "operator_cardinality": 956658,
                                      "cumulative_cardinality": 76271794,
                                      "extra_info": {
                                        "Join Type": "INNER",
                                        "Conditions": "lo_partkey = p_partkey",
                                        "Build Min": "1",
                                        "Build Max": "600000",
                                        "Estimated Cardinality": "550481"
                                      },
                                      "operator_type": "HASH_JOIN",
                                      "cpu_time": 0.8813520000000428,
                                      "children": [
                                        {
                                          "result_set_size": 114819216,
                                          "operator_timing": 0.07821999999999671,
                                          "operator_rows_scanned": 0,
                                          "cumulative_rows_scanned": 240890400,
                                          "operator_cardinality": 2392067,
                                          "cumulative_cardinality": 74475238,
                                          "extra_info": {
                                            "Join Type": "INNER",
                                            "Conditions": "lo_suppkey = s_suppkey",
                                            "Build Min": "1",
                                            "Build Max": "20000",
                                            "Estimated Cardinality": "2399704"
                                          },
                                          "operator_type": "HASH_JOIN",
                                          "cpu_time": 0.7365820000000391,
                                          "children": [
                                            {
                                              "result_set_size": 528154572,
                                              "operator_timing": 0.15460400000000055,
                                              "operator_rows_scanned": 0,
                                              "cumulative_rows_scanned": 240870400,
                                              "operator_cardinality": 12003513,
                                              "cumulative_cardinality": 72079191,
                                              "extra_info": {
                                                "Join Type": "INNER",
                                                "Conditions": "lo_custkey = c_custkey",
                                                "Build Min": "1",
                                                "Build Max": "299999",
                                                "Estimated Cardinality": "11998520"
                                              },
                                              "operator_type": "HASH_JOIN",
                                              "cpu_time": 0.6582740000000424,
                                              "children": [
                                                {
                                                  "result_set_size": 1438933056,
                                                  "operator_timing": 0.5023570000000419,
                                                  "operator_rows_scanned": 239970400,
                                                  "cumulative_rows_scanned": 239970400,
                                                  "operator_cardinality": 59955544,
                                                  "cumulative_cardinality": 59955544,
                                                  "extra_info": {
                                                    "Text": "lineorder",
                                                    "Projections": [
                                                      "lo_custkey",
                                                      "lo_suppkey",
                                                      "lo_partkey",
                                                      "lo_orderdate",
                                                      "lo_revenue",
                                                      "lo_supplycost"
                                                    ],
                                                    "Estimated Cardinality": "59992600"
                                                  },
                                                  "operator_type": "TABLE_SCAN",
                                                  "cpu_time": 0.5023570000000419,
                                                  "children": []
                                                },
                                                {
                                                  "result_set_size": 1201340,
                                                  "operator_timing": 0.00011299999999999994,
                                                  "operator_rows_scanned": 0,
                                                  "cumulative_rows_scanned": 900000,
                                                  "operator_cardinality": 60067,
                                                  "cumulative_cardinality": 120134,
                                                  "extra_info": {
                                                    "Expression": "(c_custkey <= 299999)",
                                                    "Estimated Cardinality": "60000"
                                                  },
                                                  "operator_type": "FILTER",
                                                  "cpu_time": 0.0013129999999999995,
                                                  "children": [
                                                    {
                                                      "result_set_size": 1201340,
                                                      "operator_timing": 0.0011999999999999995,
                                                      "operator_rows_scanned": 900000,
                                                      "cumulative_rows_scanned": 900000,
                                                      "operator_cardinality": 60067,
                                                      "cumulative_cardinality": 60067,
                                                      "extra_info": {
                                                        "Text": "customer",
                                                        "Projections": [
                                                          "c_custkey",
                                                          "c_nation"
                                                        ],
                                                        "Filters": "c_region='AMERICA' AND c_region IS NOT NULL",
                                                        "Estimated Cardinality": "60000"
                                                      },
                                                      "operator_type": "TABLE_SCAN",
                                                      "cpu_time": 0.0011999999999999995,
                                                      "children": []
                                                    }
                                                  ]
                                                }
                                              ]
                                            },
                                            {
                                              "result_set_size": 15920,
                                              "operator_timing": 0.000088,
                                              "operator_rows_scanned": 20000,
                                              "cumulative_rows_scanned": 20000,
                                              "operator_cardinality": 3980,
                                              "cumulative_cardinality": 3980,
                                              "extra_info": {
                                                "Text": "supplier",
                                                "Projections": "s_suppkey",
                                                "Filters": "s_region='AMERICA' AND s_region IS NOT NULL",
                                                "Estimated Cardinality": "4000"
                                              },
                                              "operator_type": "TABLE_SCAN",
                                              "cpu_time": 0.000088,
                                              "children": []
                                            }
                                          ]
                                        },
                                        {
                                          "result_set_size": 4797960,
                                          "operator_timing": 0.004627999999999999,
                                          "operator_rows_scanned": 0,
                                          "cumulative_rows_scanned": 3200000,
                                          "operator_cardinality": 239898,
                                          "cumulative_cardinality": 839898,
                                          "extra_info": {
                                            "Expression": "((p_mfgr = 'MFGR#1') OR (p_mfgr = 'MFGR#2'))",
                                            "Estimated Cardinality": "800000"
                                          },
                                          "operator_type": "FILTER",
                                          "cpu_time": 0.0051319999999999985,
                                          "children": [
                                            {
                                              "result_set_size": 12000000,
                                              "operator_timing": 0.0005039999999999995,
                                              "operator_rows_scanned": 3200000,
                                              "cumulative_rows_scanned": 3200000,
                                              "operator_cardinality": 600000,
                                              "cumulative_cardinality": 600000,
                                              "extra_info": {
                                                "Text": "part",
                                                "Projections": [
                                                  "p_partkey",
                                                  "p_mfgr"
                                                ],
                                                "Filters": "p_partkey<=600000 AND p_partkey IS NOT NULL",
                                                "Estimated Cardinality": "800000"
                                              },
                                              "operator_type": "TABLE_SCAN",
                                              "cpu_time": 0.0005039999999999995,
                                              "children": []
                                            }
                                          ]
                                        }
                                      ]
                                    },
                                    {
                                      "result_set_size": 15336,
                                      "operator_timing": 0.000006,
                                      "operator_rows_scanned": 2556,
                                      "cumulative_rows_scanned": 2556,
                                      "operator_cardinality": 2556,
                                      "cumulative_cardinality": 2556,
                                      "extra_info": {
                                        "Text": "date",
                                        "Projections": [
                                          "d_datekey",
                                          "d_year"
                                        ],
                                        "Estimated Cardinality": "2556"
                                      },
                                      "operator_type": "TABLE_SCAN",
                                      "cpu_time": 0.000006,
                                      "children": []
                                    }
                                  ]
                                }
                              ]
                            }
                          ]
                        }
                      ]
                    }
                  ]
                }
              ]
            }
          ]
        }
      ]
    }
  ]
}
{
  "benchmark_name": "SSBQ4v1S10T4",
  "scale_factor": "10",
  "thread_count": "4",
  "all_optimizers": 0.00034500000000000004,
  "cumulative_optimizer_timing": 0.000344,
  "planner": 0.000126,
  "planner_binding": 0.000124,
  "physical_planner": 0.000034,
  "physical_planner_column_binding": 0.000007,
  "physical_planner_resolve_types": 0.000001,
  "physical_planner_create_plan": 0.000022,
  "optimizer_expression_rewriter": 0.000037,
  "optimizer_filter_pullup": 0.000001,
  "optimizer_filter_pushdown": 0.00004,
  "optimizer_cte_filter_pusher": 0.0,
  "optimizer_regex_range": 0.000001,
  "optimizer_in_clause": 0.000001,
  "optimizer_join_order": 0.000123,
  "optimizer_deliminator": 0.000001,
  "optimizer_unnest_rewriter": 0.000001,
  "optimizer_unused_columns": 0.000007,
  "optimizer_statistics_propagation": 0.000089,
  "optimizer_limit_pushdown": 0.0,
  "optimizer_top_n": 0.0,
  "optimizer_compressed_materialization": 0.0,
  "optimizer_duplicate_groups": 0.000003,
  "optimizer_reorder_filter": 0.000003,
  "optimizer_join_filter_pushdown": 0.000009,
  "optimizer_extension": 0.0,
  "optimizer_materialized_cte": 0.0,
  "optimizer_build_side_probe_side": 0.000009,
  "result_set_size": 1190,
  "optimizer_column_lifetime": 0.000014999999999999999,
  "operator_timing": 0.239411,
  "optimizer_common_aggregate": 0.000002,
  "operator_rows_scanned": 0,
  "optimizer_common_subexpressions": 0.000002,
  "cumulative_rows_scanned": 244092956,
  "operator_cardinality": 0,
  "cumulative_cardinality": 79144499,
  "extra_info": {},
  "cpu_time": 1.1240120000000509,
  "blocked_thread_time": 0.0,
  "query_name": "SELECT d_year, c_nation, SUM(lo_revenue - lo_supplycost) AS profit FROM date, customer, supplier, part, lineorder WHERE lo_custkey = c_custkey AND lo_suppkey = s_suppkey AND lo_partkey = p_partkey AND lo_orderdate = d_datekey AND c_region = 'AMERICA' AND s_region = 'AMERICA' AND (p_mfgr = 'MFGR#1' OR p_mfgr = 'MFGR#2') GROUP BY d_year, c_nation ORDER BY d_year, c_nation;",
  "children": [
    {
      "result_set_size": 1190,
      "operator_timing": 0.000004,
      "operator_rows_scanned": 0,
      "cumulative_rows_scanned": 244092956,
      "operator_cardinality": 35,
      "cumulative_cardinality": 79144499,
      "extra_info": {
        "Projections": [
          "__internal_decompress_integral_smallint(#0, 1992)",
          "__internal_decompress_string(#1)",
          "#2"
        ],
        "Estimated Cardinality": "20000"
      },
      "operator_type": "PROJECTION",
      "cpu_time": 0.8846010000000508,
      "children": [
        {
          "result_set_size": 1155,
          "operator_timing": 0.0008979999999999999,
          "operator_rows_scanned": 0,
          "cumulative_rows_scanned": 244092956,
          "operator_cardinality": 35,
          "cumulative_cardinality": 79144464,
          "extra_info": {
            "Order By": [
              "date.d_year ASC",
              "customer.c_nation ASC"
            ]
          },
          "operator_type": "ORDER_BY",
          "cpu_time": 0.8845970000000508,
          "children": [
            {
              "result_set_size": 1155,
              "operator_timing": 0.000001,
              "operator_rows_scanned": 0,
              "cumulative_rows_scanned": 244092956,
              "operator_cardinality": 35,
              "cumulative_cardinality": 79144429,
              "extra_info": {
                "Projections": [
                  "__internal_compress_integral_utinyint(#0, 1992)",
                  "__internal_compress_string_hugeint(#1)",
                  "#2"
                ],
                "Estimated Cardinality": "20000"
              },
              "operator_type": "PROJECTION",
              "cpu_time": 0.8836990000000509,
              "children": [
                {
                  "result_set_size": 1190,
                  "operator_timing": 0.000004,
                  "operator_rows_scanned": 0,
                  "cumulative_rows_scanned": 244092956,
                  "operator_cardinality": 35,
                  "cumulative_cardinality": 79144394,
                  "extra_info": {
                    "Projections": [
                      "__internal_decompress_integral_smallint(#0, 1992)",
                      "__internal_decompress_string(#1)",
                      "#2"
                    ],
                    "Estimated Cardinality": "20000"
                  },
                  "operator_type": "PROJECTION",
                  "cpu_time": 0.8836980000000508,
                  "children": [
                    {
                      "result_set_size": 1155,
                      "operator_timing": 0.008826999999999998,
                      "operator_rows_scanned": 0,
                      "cumulative_rows_scanned": 244092956,
                      "operator_cardinality": 35,
                      "cumulative_cardinality": 79144359,
                      "extra_info": {
                        "Groups": [
                          "#0",
                          "#1"
                        ],
                        "Aggregates": "sum(#2)",
                        "Estimated Cardinality": "20000"
                      },
                      "operator_type": "HASH_GROUP_BY",
                      "cpu_time": 0.8836940000000508,
                      "children": [
                        {
                          "result_set_size": 20089818,
                          "operator_timing": 0.0004949999999999991,
                          "operator_rows_scanned": 0,
                          "cumulative_rows_scanned": 244092956,
                          "operator_cardinality": 956658,
                          "cumulative_cardinality": 79144324,
                          "extra_info": {
                            "Projections": [
                              "d_year",
                              "c_nation",
                              "(lo_revenue - lo_supplycost)"
                            ],
                            "Estimated Cardinality": "606217"
                          },
                          "operator_type": "PROJECTION",
                          "cpu_time": 0.8748670000000508,
                          "children": [
                            {
                              "result_set_size": 50702874,
                              "operator_timing": 0.006738999999999997,
                              "operator_rows_scanned": 0,
                              "cumulative_rows_scanned": 244092956,
                              "operator_cardinality": 956658,
                              "cumulative_cardinality": 78187666,
                              "extra_info": {
                                "Projections": [
                                  "#0",
                                  "__internal_compress_integral_usmallint(#1, 1)",
                                  "#2",
                                  "#3",
                                  "#4",
                                  "#5",
                                  "#6",
                                  "__internal_compress_string_hugeint(#7)",
                                  "__internal_compress_integral_usmallint(#8, 1)",
                                  "#9",
                                  "#10",
                                  "__internal_compress_integral_utinyint(#11, 1992)"
                                ],
                                "Estimated Cardinality": "606217"
                              },
                              "operator_type": "PROJECTION",
                              "cpu_time": 0.8743720000000508,
                              "children": [
                                {
                                  "result_set_size": 55486164,
                                  "operator_timing": 0.001422,
                                  "operator_rows_scanned": 0,
                                  "cumulative_rows_scanned": 244092956,
                                  "operator_cardinality": 956658,
                                  "cumulative_cardinality": 77231008,
                                  "extra_info": {
                                    "Join Type": "INNER",
                                    "Conditions": "lo_orderdate = d_datekey",
                                    "Build Min": "1992-01-01",
                                    "Build Max": "1998-12-30",
                                    "Estimated Cardinality": "606217"
                                  },
                                  "operator_type": "HASH_JOIN",
                                  "cpu_time": 0.8676330000000507,
                                  "children": [
                                    {
                                      "result_set_size": 49746216,
                                      "operator_timing": 0.13378800000000632,
                                      "operator_rows_scanned": 0,
                                      "cumulative_rows_scanned": 244090400,
                                      "operator_cardinality": 956658,
                                      "cumulative_cardinality": 76271794,
                                      "extra_info": {
                                        "Join Type": "INNER",
                                        "Conditions": "lo_partkey = p_partkey",
                                        "Build Min": "1",
                                        "Build Max": "600000",
                                        "Estimated Cardinality": "550481"
                                      },
                                      "operator_type": "HASH_JOIN",
                                      "cpu_time": 0.8662060000000507,
                                      "children": [
                                        {
                                          "result_set_size": 114819216,
                                          "operator_timing": 0.07632699999999713,
                                          "operator_rows_scanned": 0,
                                          "cumulative_rows_scanned": 240890400,
                                          "operator_cardinality": 2392067,
                                          "cumulative_cardinality": 74475238,
                                          "extra_info": {
                                            "Join Type": "INNER",
                                            "Conditions": "lo_suppkey = s_suppkey",
                                            "Build Min": "1",
                                            "Build Max": "20000",
                                            "Estimated Cardinality": "2399704"
                                          },
                                          "operator_type": "HASH_JOIN",
                                          "cpu_time": 0.7275130000000443,
                                          "children": [
                                            {
                                              "result_set_size": 528154572,
                                              "operator_timing": 0.1514780000000033,
                                              "operator_rows_scanned": 0,
                                              "cumulative_rows_scanned": 240870400,
                                              "operator_cardinality": 12003513,
                                              "cumulative_cardinality": 72079191,
                                              "extra_info": {
                                                "Join Type": "INNER",
                                                "Conditions": "lo_custkey = c_custkey",
                                                "Build Min": "1",
                                                "Build Max": "299999",
                                                "Estimated Cardinality": "11998520"
                                              },
                                              "operator_type": "HASH_JOIN",
                                              "cpu_time": 0.6511030000000471,
                                              "children": [
                                                {
                                                  "result_set_size": 1438933056,
                                                  "operator_timing": 0.49837100000004375,
                                                  "operator_rows_scanned": 239970400,
                                                  "cumulative_rows_scanned": 239970400,
                                                  "operator_cardinality": 59955544,
                                                  "cumulative_cardinality": 59955544,
                                                  "extra_info": {
                                                    "Text": "lineorder",
                                                    "Projections": [
                                                      "lo_custkey",
                                                      "lo_suppkey",
                                                      "lo_partkey",
                                                      "lo_orderdate",
                                                      "lo_revenue",
                                                      "lo_supplycost"
                                                    ],
                                                    "Estimated Cardinality": "59992600"
                                                  },
                                                  "operator_type": "TABLE_SCAN",
                                                  "cpu_time": 0.49837100000004375,
                                                  "children": []
                                                },
                                                {
                                                  "result_set_size": 1201340,
                                                  "operator_timing": 0.00010899999999999995,
                                                  "operator_rows_scanned": 0,
                                                  "cumulative_rows_scanned": 900000,
                                                  "operator_cardinality": 60067,
                                                  "cumulative_cardinality": 120134,
                                                  "extra_info": {
                                                    "Expression": "(c_custkey <= 299999)",
                                                    "Estimated Cardinality": "60000"
                                                  },
                                                  "operator_type": "FILTER",
                                                  "cpu_time": 0.0012539999999999997,
                                                  "children": [
                                                    {
                                                      "result_set_size": 1201340,
                                                      "operator_timing": 0.0011449999999999998,
                                                      "operator_rows_scanned": 900000,
                                                      "cumulative_rows_scanned": 900000,
                                                      "operator_cardinality": 60067,
                                                      "cumulative_cardinality": 60067,
                                                      "extra_info": {
                                                        "Text": "customer",
                                                        "Projections": [
                                                          "c_custkey",
                                                          "c_nation"
                                                        ],
                                                        "Filters": "c_region='AMERICA' AND c_region IS NOT NULL",
                                                        "Estimated Cardinality": "60000"
                                                      },
                                                      "operator_type": "TABLE_SCAN",
                                                      "cpu_time": 0.0011449999999999998,
                                                      "children": []
                                                    }
                                                  ]
                                                }
                                              ]
                                            },
                                            {
                                              "result_set_size": 15920,
                                              "operator_timing": 0.00008299999999999998,
                                              "operator_rows_scanned": 20000,
                                              "cumulative_rows_scanned": 20000,
                                              "operator_cardinality": 3980,
                                              "cumulative_cardinality": 3980,
                                              "extra_info": {
                                                "Text": "supplier",
                                                "Projections": "s_suppkey",
                                                "Filters": "s_region='AMERICA' AND s_region IS NOT NULL",
                                                "Estimated Cardinality": "4000"
                                              },
                                              "operator_type": "TABLE_SCAN",
                                              "cpu_time": 0.00008299999999999998,
                                              "children": []
                                            }
                                          ]
                                        },
                                        {
                                          "result_set_size": 4797960,
                                          "operator_timing": 0.004419000000000004,
                                          "operator_rows_scanned": 0,
                                          "cumulative_rows_scanned": 3200000,
                                          "operator_cardinality": 239898,
                                          "cumulative_cardinality": 839898,
                                          "extra_info": {
                                            "Expression": "((p_mfgr = 'MFGR#1') OR (p_mfgr = 'MFGR#2'))",
                                            "Estimated Cardinality": "800000"
                                          },
                                          "operator_type": "FILTER",
                                          "cpu_time": 0.004905000000000003,
                                          "children": [
                                            {
                                              "result_set_size": 12000000,
                                              "operator_timing": 0.00048599999999999934,
                                              "operator_rows_scanned": 3200000,
                                              "cumulative_rows_scanned": 3200000,
                                              "operator_cardinality": 600000,
                                              "cumulative_cardinality": 600000,
                                              "extra_info": {
                                                "Text": "part",
                                                "Projections": [
                                                  "p_partkey",
                                                  "p_mfgr"
                                                ],
                                                "Filters": "p_partkey<=600000 AND p_partkey IS NOT NULL",
                                                "Estimated Cardinality": "800000"
                                              },
                                              "operator_type": "TABLE_SCAN",
                                              "cpu_time": 0.00048599999999999934,
                                              "children": []
                                            }
                                          ]
                                        }
                                      ]
                                    },
                                    {
                                      "result_set_size": 15336,
                                      "operator_timing": 0.0000049999999999999996,
                                      "operator_rows_scanned": 2556,
                                      "cumulative_rows_scanned": 2556,
                                      "operator_cardinality": 2556,
                                      "cumulative_cardinality": 2556,
                                      "extra_info": {
                                        "Text": "date",
                                        "Projections": [
                                          "d_datekey",
                                          "d_year"
                                        ],
                                        "Estimated Cardinality": "2556"
                                      },
                                      "operator_type": "TABLE_SCAN",
                                      "cpu_time": 0.0000049999999999999996,
                                      "children": []
                                    }
                                  ]
                                }
                              ]
                            }
                          ]
                        }
                      ]
                    }
                  ]
                }
              ]
            }
          ]
        }
      ]
    }
  ]
}
