{
  "benchmark_name": "SSBQ2v2S1T4",
  "scale_factor": "1",
  "thread_count": "4",
  "all_optimizers": 0.000217,
  "cumulative_optimizer_timing": 0.000217,
  "planner": 0.00009599999999999999,
  "planner_binding": 0.000094,
  "physical_planner": 0.000024999999999999998,
  "physical_planner_column_binding": 0.000006,
  "physical_planner_resolve_types": 0.000001,
  "physical_planner_create_plan": 0.000015,
  "optimizer_expression_rewriter": 0.000021,
  "optimizer_filter_pullup": 0.000001,
  "optimizer_filter_pushdown": 0.000034,
  "optimizer_cte_filter_pusher": 0.0,
  "optimizer_regex_range": 0.000001,
  "optimizer_in_clause": 0.000001,
  "optimizer_join_order": 0.000063,
  "optimizer_deliminator": 0.0,
  "optimizer_unnest_rewriter": 0.0,
  "optimizer_unused_columns": 0.000005,
  "optimizer_statistics_propagation": 0.000061,
  "optimizer_limit_pushdown": 0.0,
  "optimizer_top_n": 0.000001,
  "optimizer_compressed_materialization": 0.0,
  "optimizer_duplicate_groups": 0.000002,
  "optimizer_reorder_filter": 0.000003,
  "optimizer_join_filter_pushdown": 0.000007,
  "optimizer_extension": 0.0,
  "optimizer_materialized_cte": 0.0,
  "optimizer_build_side_probe_side": 0.000006,
  "result_set_size": 1904,
  "optimizer_column_lifetime": 0.000009,
  "operator_timing": 0.02189,
  "optimizer_common_aggregate": 0.000001,
  "operator_rows_scanned": 0,
  "optimizer_common_subexpressions": 0.000001,
  "cumulative_rows_scanned": 24414684,
  "operator_cardinality": 0,
  "cumulative_cardinality": 7205868,
  "extra_info": {},
  "cpu_time": 0.09184399999999973,
  "blocked_thread_time": 0.0,
  "query_name": "SELECT SUM(lo_revenue), d_year, p_brand1 FROM lineorder, date, part, supplier WHERE lo_orderdate = d_datekey AND lo_partkey = p_partkey AND lo_suppkey = s_suppkey AND p_brand1 BETWEEN 'MFGR#2221' AND 'MFGR#2228' AND s_region = 'ASIA' GROUP BY d_year, p_brand1 ORDER BY d_year, p_brand1;",
  "children": [
    {
      "result_set_size": 1904,
      "operator_timing": 0.000004,
      "operator_rows_scanned": 0,
      "cumulative_rows_scanned": 24414684,
      "operator_cardinality": 56,
      "cumulative_cardinality": 7205868,
      "extra_info": {
        "Projections": [
          "#0",
          "__internal_decompress_integral_smallint(#1, 1992)",
          "__internal_decompress_string(#2)"
        ],
        "Estimated Cardinality": "191083"
      },
      "operator_type": "PROJECTION",
      "cpu_time": 0.06995399999999974,
      "children": [
        {
          "result_set_size": 1848,
          "operator_timing": 0.0020399999999999997,
          "operator_rows_scanned": 0,
          "cumulative_rows_scanned": 24414684,
          "operator_cardinality": 56,
          "cumulative_cardinality": 7205812,
          "extra_info": {
            "Order By": [
              "date.d_year ASC",
              "part.p_brand1 ASC"
            ]
          },
          "operator_type": "ORDER_BY",
          "cpu_time": 0.06994999999999973,
          "children": [
            {
              "result_set_size": 1848,
              "operator_timing": 0.000002,
              "operator_rows_scanned": 0,
              "cumulative_rows_scanned": 24414684,
              "operator_cardinality": 56,
              "cumulative_cardinality": 7205756,
              "extra_info": {
                "Projections": [
                  "#0",
                  "__internal_compress_integral_utinyint(#1, 1992)",
                  "__internal_compress_string_hugeint(#2)"
                ],
                "Estimated Cardinality": "191083"
              },
              "operator_type": "PROJECTION",
              "cpu_time": 0.06790999999999973,
              "children": [
                {
                  "result_set_size": 1904,
                  "operator_timing": 0.000001,
                  "operator_rows_scanned": 0,
                  "cumulative_rows_scanned": 24414684,
                  "operator_cardinality": 56,
                  "cumulative_cardinality": 7205700,
                  "extra_info": {
                    "Projections": [
                      "sum(lo_revenue)",
                      "d_year",
                      "p_brand1"
                    ],
                    "Estimated Cardinality": "191083"
                  },
                  "operator_type": "PROJECTION",
                  "cpu_time": 0.06790799999999973,
                  "children": [
                    {
                      "result_set_size": 1904,
                      "operator_timing": 0.0000049999999999999996,
                      "operator_rows_scanned": 0,
                      "cumulative_rows_scanned": 24414684,
                      "operator_cardinality": 56,
                      "cumulative_cardinality": 7205644,
                      "extra_info": {
                        "Projections": [
                          "__internal_decompress_integral_smallint(#0, 1992)",
                          "__internal_decompress_string(#1)",
                          "#2"
                        ],
                        "Estimated Cardinality": "191083"
                      },
                      "operator_type": "PROJECTION",
                      "cpu_time": 0.06790699999999973,
                      "children": [
                        {
                          "result_set_size": 1848,
                          "operator_timing": 0.0058189999999999995,
                          "operator_rows_scanned": 0,
                          "cumulative_rows_scanned": 24414684,
                          "operator_cardinality": 56,
                          "cumulative_cardinality": 7205588,
                          "extra_info": {
                            "Groups": [
                              "#0",
                              "#1"
                            ],
                            "Aggregates": "sum(#2)",
                            "Estimated Cardinality": "191083"
                          },
                          "operator_type": "HASH_GROUP_BY",
                          "cpu_time": 0.06790199999999973,
                          "children": [
                            {
                              "result_set_size": 207711,
                              "operator_timing": 0.0,
                              "operator_rows_scanned": 0,
                              "cumulative_rows_scanned": 24414684,
                              "operator_cardinality": 9891,
                              "cumulative_cardinality": 7205532,
                              "extra_info": {
                                "Projections": [
                                  "d_year",
                                  "p_brand1",
                                  "lo_revenue"
                                ],
                                "Estimated Cardinality": "239818"
                              },
                              "operator_type": "PROJECTION",
                              "cpu_time": 0.06208299999999973,
                              "children": [
                                {
                                  "result_set_size": 405531,
                                  "operator_timing": 0.000053,
                                  "operator_rows_scanned": 0,
                                  "cumulative_rows_scanned": 24414684,
                                  "operator_cardinality": 9891,
                                  "cumulative_cardinality": 7195641,
                                  "extra_info": {
                                    "Projections": [
                                      "#0",
                                      "#1",
                                      "__internal_compress_integral_usmallint(#2, 1)",
                                      "#3",
                                      "__internal_compress_integral_usmallint(#4, 1)",
                                      "#5",
                                      "__internal_compress_string_hugeint(#6)",
                                      "#7",
                                      "__internal_compress_integral_utinyint(#8, 1992)"
                                    ],
                                    "Estimated Cardinality": "239818"
                                  },
                                  "operator_type": "PROJECTION",
                                  "cpu_time": 0.06208299999999973,
                                  "children": [
                                    {
                                      "result_set_size": 454986,
                                      "operator_timing": 0.000111,
                                      "operator_rows_scanned": 0,
                                      "cumulative_rows_scanned": 24414684,
                                      "operator_cardinality": 9891,
                                      "cumulative_cardinality": 7185750,
                                      "extra_info": {
                                        "Join Type": "INNER",
                                        "Conditions": "lo_orderdate = d_datekey",
                                        "Build Min": "1992-01-01",
                                        "Build Max": "1998-12-30",
                                        "Estimated Cardinality": "239818"
                                      },
                                      "operator_type": "HASH_JOIN",
                                      "cpu_time": 0.06202999999999973,
                                      "children": [
                                        {
                                          "result_set_size": 395640,
                                          "operator_timing": 0.00758000000000003,
                                          "operator_rows_scanned": 0,
                                          "cumulative_rows_scanned": 24412128,
                                          "operator_cardinality": 9891,
                                          "cumulative_cardinality": 7173303,
                                          "extra_info": {
                                            "Join Type": "INNER",
                                            "Conditions": "lo_partkey = p_partkey",
                                            "Build Min": "1",
                                            "Build Max": "200000",
                                            "Estimated Cardinality": "217769"
                                          },
                                          "operator_type": "HASH_JOIN",
                                          "cpu_time": 0.061914999999999734,
                                          "children": [
                                            {
                                              "result_set_size": 23948260,
                                              "operator_timing": 0.018451999999999906,
                                              "operator_rows_scanned": 0,
                                              "cumulative_rows_scanned": 24012128,
                                              "operator_cardinality": 1197413,
                                              "cumulative_cardinality": 7161777,
                                              "extra_info": {
                                                "Join Type": "INNER",
                                                "Conditions": "lo_suppkey = s_suppkey",
                                                "Build Min": "1",
                                                "Build Max": "2000",
                                                "Estimated Cardinality": "1040300"
                                              },
                                              "operator_type": "HASH_JOIN",
                                              "cpu_time": 0.0532569999999997,
                                              "children": [
                                                {
                                                  "result_set_size": 95423440,
                                                  "operator_timing": 0.034771999999999796,
                                                  "operator_rows_scanned": 24010128,
                                                  "cumulative_rows_scanned": 24010128,
                                                  "operator_cardinality": 5963965,
                                                  "cumulative_cardinality": 5963965,
                                                  "extra_info": {
                                                    "Text": "lineorder",
                                                    "Projections": [
                                                      "lo_orderdate",
                                                      "lo_partkey",
                                                      "lo_suppkey",
                                                      "lo_revenue"
                                                    ],
                                                    "Estimated Cardinality": "6002532"
                                                  },
                                                  "operator_type": "TABLE_SCAN",
                                                  "cpu_time": 0.034771999999999796,
                                                  "children": []
                                                },
                                                {
                                                  "result_set_size": 1596,
                                                  "operator_timing": 0.000033,
                                                  "operator_rows_scanned": 2000,
                                                  "cumulative_rows_scanned": 2000,
                                                  "operator_cardinality": 399,
                                                  "cumulative_cardinality": 399,
                                                  "extra_info": {
                                                    "Text": "supplier",
                                                    "Projections": "s_suppkey",
                                                    "Filters": "s_region='ASIA' AND s_region IS NOT NULL",
                                                    "Estimated Cardinality": "400"
                                                  },
                                                  "operator_type": "TABLE_SCAN",
                                                  "cpu_time": 0.000033,
                                                  "children": []
                                                }
                                              ]
                                            },
                                            {
                                              "result_set_size": 32700,
                                              "operator_timing": 0.0010780000000000008,
                                              "operator_rows_scanned": 400000,
                                              "cumulative_rows_scanned": 400000,
                                              "operator_cardinality": 1635,
                                              "cumulative_cardinality": 1635,
                                              "extra_info": {
                                                "Text": "part",
                                                "Projections": [
                                                  "p_partkey",
                                                  "p_brand1"
                                                ],
                                                "Filters": "p_brand1>='MFGR#2221' AND p_brand1<='MFGR#2228' AND p_brand1 IS NOT NULL",
                                                "Estimated Cardinality": "40000"
                                              },
                                              "operator_type": "TABLE_SCAN",
                                              "cpu_time": 0.0010780000000000008,
                                              "children": []
                                            }
                                          ]
                                        },
                                        {
                                          "result_set_size": 15336,
                                          "operator_timing": 0.000004,
                                          "operator_rows_scanned": 2556,
                                          "cumulative_rows_scanned": 2556,
                                          "operator_cardinality": 2556,
                                          "cumulative_cardinality": 2556,
                                          "extra_info": {
                                            "Text": "date",
                                            "Projections": [
                                              "d_datekey",
                                              "d_year"
                                            ],
                                            "Estimated Cardinality": "2556"
                                          },
                                          "operator_type": "TABLE_SCAN",
                                          "cpu_time": 0.000004,
                                          "children": []
                                        }
                                      ]
                                    }
                                  ]
                                }
                              ]
                            }
                          ]
                        }
                      ]
                    }
                  ]
                }
              ]
            }
          ]
        }
      ]
    }
  ]
}
{
  "benchmark_name": "SSBQ2v2S1T4",
  "scale_factor": "1",
  "thread_count": "4",
  "all_optimizers": 0.00023199999999999995,
  "cumulative_optimizer_timing": 0.000231,
  "planner": 0.000112,
  "planner_binding": 0.00011,
  "physical_planner": 0.000024,
  "physical_planner_column_binding": 0.000004,
  "physical_planner_resolve_types": 0.000001,
  "physical_planner_create_plan": 0.000016,
  "optimizer_expression_rewriter": 0.000023,
  "optimizer_filter_pullup": 0.000002,
  "optimizer_filter_pushdown": 0.000033,
  "optimizer_cte_filter_pusher": 0.0,
  "optimizer_regex_range": 0.000001,
  "optimizer_in_clause": 0.000001,
  "optimizer_join_order": 0.000073,
  "optimizer_deliminator": 0.0,
  "optimizer_unnest_rewriter": 0.0,
  "optimizer_unused_columns": 0.000005,
  "optimizer_statistics_propagation": 0.000061,
  "optimizer_limit_pushdown": 0.0,
  "optimizer_top_n": 0.000001,
  "optimizer_compressed_materialization": 0.0,
  "optimizer_duplicate_groups": 0.000002,
  "optimizer_reorder_filter": 0.000003,
  "optimizer_join_filter_pushdown": 0.000007,
  "optimizer_extension": 0.0,
  "optimizer_materialized_cte": 0.0,
  "optimizer_build_side_probe_side": 0.000008,
  "result_set_size": 1904,
  "optimizer_column_lifetime": 0.000008,
  "operator_timing": 0.021584,
  "optimizer_common_aggregate": 0.000002,
  "operator_rows_scanned": 0,
  "optimizer_common_subexpressions": 0.000001,
  "cumulative_rows_scanned": 24414684,
  "operator_cardinality": 0,
  "cumulative_cardinality": 7205868,
  "extra_info": {},
  "cpu_time": 0.08983399999999978,
  "blocked_thread_time": 0.0,
  "query_name": "SELECT SUM(lo_revenue), d_year, p_brand1 FROM lineorder, date, part, supplier WHERE lo_orderdate = d_datekey AND lo_partkey = p_partkey AND lo_suppkey = s_suppkey AND p_brand1 BETWEEN 'MFGR#2221' AND 'MFGR#2228' AND s_region = 'ASIA' GROUP BY d_year, p_brand1 ORDER BY d_year, p_brand1;",
  "children": [
    {
      "result_set_size": 1904,
      "operator_timing": 0.0000049999999999999996,
      "operator_rows_scanned": 0,
      "cumulative_rows_scanned": 24414684,
      "operator_cardinality": 56,
      "cumulative_cardinality": 7205868,
      "extra_info": {
        "Projections": [
          "#0",
          "__internal_decompress_integral_smallint(#1, 1992)",
          "__internal_decompress_string(#2)"
        ],
        "Estimated Cardinality": "191083"
      },
      "operator_type": "PROJECTION",
      "cpu_time": 0.06824999999999977,
      "children": [
        {
          "result_set_size": 1848,
          "operator_timing": 0.0032769999999999995,
          "operator_rows_scanned": 0,
          "cumulative_rows_scanned": 24414684,
          "operator_cardinality": 56,
          "cumulative_cardinality": 7205812,
          "extra_info": {
            "Order By": [
              "date.d_year ASC",
              "part.p_brand1 ASC"
            ]
          },
          "operator_type": "ORDER_BY",
          "cpu_time": 0.06824499999999976,
          "children": [
            {
              "result_set_size": 1848,
              "operator_timing": 0.000003,
              "operator_rows_scanned": 0,
              "cumulative_rows_scanned": 24414684,
              "operator_cardinality": 56,
              "cumulative_cardinality": 7205756,
              "extra_info": {
                "Projections": [
                  "#0",
                  "__internal_compress_integral_utinyint(#1, 1992)",
                  "__internal_compress_string_hugeint(#2)"
                ],
                "Estimated Cardinality": "191083"
              },
              "operator_type": "PROJECTION",
              "cpu_time": 0.06496799999999976,
              "children": [
                {
                  "result_set_size": 1904,
                  "operator_timing": 0.0,
                  "operator_rows_scanned": 0,
                  "cumulative_rows_scanned": 24414684,
                  "operator_cardinality": 56,
                  "cumulative_cardinality": 7205700,
                  "extra_info": {
                    "Projections": [
                      "sum(lo_revenue)",
                      "d_year",
                      "p_brand1"
                    ],
                    "Estimated Cardinality": "191083"
                  },
                  "operator_type": "PROJECTION",
                  "cpu_time": 0.06496499999999976,
                  "children": [
                    {
                      "result_set_size": 1904,
                      "operator_timing": 0.000006,
                      "operator_rows_scanned": 0,
                      "cumulative_rows_scanned": 24414684,
                      "operator_cardinality": 56,
                      "cumulative_cardinality": 7205644,
                      "extra_info": {
                        "Projections": [
                          "__internal_decompress_integral_smallint(#0, 1992)",
                          "__internal_decompress_string(#1)",
                          "#2"
                        ],
                        "Estimated Cardinality": "191083"
                      },
                      "operator_type": "PROJECTION",
                      "cpu_time": 0.06496499999999976,
                      "children": [
                        {
                          "result_set_size": 1848,
                          "operator_timing": 0.003227,
                          "operator_rows_scanned": 0,
                          "cumulative_rows_scanned": 24414684,
                          "operator_cardinality": 56,
                          "cumulative_cardinality": 7205588,
                          "extra_info": {
                            "Groups": [
                              "#0",
                              "#1"
                            ],
                            "Aggregates": "sum(#2)",
                            "Estimated Cardinality": "191083"
                          },
                          "operator_type": "HASH_GROUP_BY",
                          "cpu_time": 0.06495899999999975,
                          "children": [
                            {
                              "result_set_size": 207711,
                              "operator_timing": 0.000004,
                              "operator_rows_scanned": 0,
                              "cumulative_rows_scanned": 24414684,
                              "operator_cardinality": 9891,
                              "cumulative_cardinality": 7205532,
                              "extra_info": {
                                "Projections": [
                                  "d_year",
                                  "p_brand1",
                                  "lo_revenue"
                                ],
                                "Estimated Cardinality": "239818"
                              },
                              "operator_type": "PROJECTION",
                              "cpu_time": 0.06173199999999975,
                              "children": [
                                {
                                  "result_set_size": 405531,
                                  "operator_timing": 0.000054,
                                  "operator_rows_scanned": 0,
                                  "cumulative_rows_scanned": 24414684,
                                  "operator_cardinality": 9891,
                                  "cumulative_cardinality": 7195641,
                                  "extra_info": {
                                    "Projections": [
                                      "#0",
                                      "#1",
                                      "__internal_compress_integral_usmallint(#2, 1)",
                                      "#3",
                                      "__internal_compress_integral_usmallint(#4, 1)",
                                      "#5",
                                      "__internal_compress_string_hugeint(#6)",
                                      "#7",
                                      "__internal_compress_integral_utinyint(#8, 1992)"
                                    ],
                                    "Estimated Cardinality": "239818"
                                  },
                                  "operator_type": "PROJECTION",
                                  "cpu_time": 0.061727999999999755,
                                  "children": [
                                    {
                                      "result_set_size": 454986,
                                      "operator_timing": 0.00011899999999999999,
                                      "operator_rows_scanned": 0,
                                      "cumulative_rows_scanned": 24414684,
                                      "operator_cardinality": 9891,
                                      "cumulative_cardinality": 7185750,
                                      "extra_info": {
                                        "Join Type": "INNER",
                                        "Conditions": "lo_orderdate = d_datekey",
                                        "Build Min": "1992-01-01",
                                        "Build Max": "1998-12-30",
                                        "Estimated Cardinality": "239818"
                                      },
                                      "operator_type": "HASH_JOIN",
                                      "cpu_time": 0.06167399999999976,
                                      "children": [
                                        {
                                          "result_set_size": 395640,
                                          "operator_timing": 0.007585000000000036,
                                          "operator_rows_scanned": 0,
                                          "cumulative_rows_scanned": 24412128,
                                          "operator_cardinality": 9891,
                                          "cumulative_cardinality": 7173303,
                                          "extra_info": {
                                            "Join Type": "INNER",
                                            "Conditions": "lo_partkey = p_partkey",
                                            "Build Min": "1",
                                            "Build Max": "200000",
                                            "Estimated Cardinality": "217769"
                                          },
                                          "operator_type": "HASH_JOIN",
                                          "cpu_time": 0.06154999999999976,
                                          "children": [
                                            {
                                              "result_set_size": 23948260,
                                              "operator_timing": 0.0183599999999999,
                                              "operator_rows_scanned": 0,
                                              "cumulative_rows_scanned": 24012128,
                                              "operator_cardinality": 1197413,
                                              "cumulative_cardinality": 7161777,
                                              "extra_info": {
                                                "Join Type": "INNER",
                                                "Conditions": "lo_suppkey = s_suppkey",
                                                "Build Min": "1",
                                                "Build Max": "2000",
                                                "Estimated Cardinality": "1040300"
                                              },
                                              "operator_type": "HASH_JOIN",
                                              "cpu_time": 0.05287499999999972,
                                              "children": [
                                                {
                                                  "result_set_size": 95423440,
                                                  "operator_timing": 0.034482999999999826,
                                                  "operator_rows_scanned": 24010128,
                                                  "cumulative_rows_scanned": 24010128,
                                                  "operator_cardinality": 5963965,
                                                  "cumulative_cardinality": 5963965,
                                                  "extra_info": {
                                                    "Text": "lineorder",
                                                    "Projections": [
                                                      "lo_orderdate",
                                                      "lo_partkey",
                                                      "lo_suppkey",
                                                      "lo_revenue"
                                                    ],
                                                    "Estimated Cardinality": "6002532"
                                                  },
                                                  "operator_type": "TABLE_SCAN",
                                                  "cpu_time": 0.034482999999999826,
                                                  "children": []
                                                },
                                                {
                                                  "result_set_size": 1596,
                                                  "operator_timing": 0.000032,
                                                  "operator_rows_scanned": 2000,
                                                  "cumulative_rows_scanned": 2000,
                                                  "operator_cardinality": 399,
                                                  "cumulative_cardinality": 399,
                                                  "extra_info": {
                                                    "Text": "supplier",
                                                    "Projections": "s_suppkey",
                                                    "Filters": "s_region='ASIA' AND s_region IS NOT NULL",
                                                    "Estimated Cardinality": "400"
                                                  },
                                                  "operator_type": "TABLE_SCAN",
                                                  "cpu_time": 0.000032,
                                                  "children": []
                                                }
                                              ]
                                            },
                                            {
                                              "result_set_size": 32700,
                                              "operator_timing": 0.0010900000000000005,
                                              "operator_rows_scanned": 400000,
                                              "cumulative_rows_scanned": 400000,
                                              "operator_cardinality": 1635,
                                              "cumulative_cardinality": 1635,
                                              "extra_info": {
                                                "Text": "part",
                                                "Projections": [
                                                  "p_partkey",
                                                  "p_brand1"
                                                ],
                                                "Filters": "p_brand1>='MFGR#2221' AND p_brand1<='MFGR#2228' AND p_brand1 IS NOT NULL",
                                                "Estimated Cardinality": "40000"
                                              },
                                              "operator_type": "TABLE_SCAN",
                                              "cpu_time": 0.0010900000000000005,
                                              "children": []
                                            }
                                          ]
                                        },
                                        {
                                          "result_set_size": 15336,
                                          "operator_timing": 0.0000049999999999999996,
                                          "operator_rows_scanned": 2556,
                                          "cumulative_rows_scanned": 2556,
                                          "operator_cardinality": 2556,
                                          "cumulative_cardinality": 2556,
                                          "extra_info": {
                                            "Text": "date",
                                            "Projections": [
                                              "d_datekey",
                                              "d_year"
                                            ],
                                            "Estimated Cardinality": "2556"
                                          },
                                          "operator_type": "TABLE_SCAN",
                                          "cpu_time": 0.0000049999999999999996,
                                          "children": []
                                        }
                                      ]
                                    }
                                  ]
                                }
                              ]
                            }
                          ]
                        }
                      ]
                    }
                  ]
                }
              ]
            }
          ]
        }
      ]
    }
  ]
}
{
  "benchmark_name": "SSBQ2v2S1T4",
  "scale_factor": "1",
  "thread_count": "4",
  "all_optimizers": 0.000211,
  "cumulative_optimizer_timing": 0.00021100000000000003,
  "planner": 0.00009599999999999999,
  "planner_binding": 0.000094,
  "physical_planner": 0.000023,
  "physical_planner_column_binding": 0.000005,
  "physical_planner_resolve_types": 0.0,
  "physical_planner_create_plan": 0.000016,
  "optimizer_expression_rewriter": 0.000019,
  "optimizer_filter_pullup": 0.000002,
  "optimizer_filter_pushdown": 0.000035,
  "optimizer_cte_filter_pusher": 0.000001,
  "optimizer_regex_range": 0.0,
  "optimizer_in_clause": 0.000001,
  "optimizer_join_order": 0.000063,
  "optimizer_deliminator": 0.0,
  "optimizer_unnest_rewriter": 0.0,
  "optimizer_unused_columns": 0.000005,
  "optimizer_statistics_propagation": 0.000057,
  "optimizer_limit_pushdown": 0.0,
  "optimizer_top_n": 0.0,
  "optimizer_compressed_materialization": 0.0,
  "optimizer_duplicate_groups": 0.000002,
  "optimizer_reorder_filter": 0.000003,
  "optimizer_join_filter_pushdown": 0.000007,
  "optimizer_extension": 0.0,
  "optimizer_materialized_cte": 0.0,
  "optimizer_build_side_probe_side": 0.000005,
  "result_set_size": 1904,
  "optimizer_column_lifetime": 0.000009,
  "operator_timing": 0.018664,
  "optimizer_common_aggregate": 0.000001,
  "operator_rows_scanned": 0,
  "optimizer_common_subexpressions": 0.000001,
  "cumulative_rows_scanned": 24414684,
  "operator_cardinality": 0,
  "cumulative_cardinality": 7205868,
  "extra_info": {},
  "cpu_time": 0.08195999999999977,
  "blocked_thread_time": 0.0,
  "query_name": "SELECT SUM(lo_revenue), d_year, p_brand1 FROM lineorder, date, part, supplier WHERE lo_orderdate = d_datekey AND lo_partkey = p_partkey AND lo_suppkey = s_suppkey AND p_brand1 BETWEEN 'MFGR#2221' AND 'MFGR#2228' AND s_region = 'ASIA' GROUP BY d_year, p_brand1 ORDER BY d_year, p_brand1;",
  "children": [
    {
      "result_set_size": 1904,
      "operator_timing": 0.000004,
      "operator_rows_scanned": 0,
      "cumulative_rows_scanned": 24414684,
      "operator_cardinality": 56,
      "cumulative_cardinality": 7205868,
      "extra_info": {
        "Projections": [
          "#0",
          "__internal_decompress_integral_smallint(#1, 1992)",
          "__internal_decompress_string(#2)"
        ],
        "Estimated Cardinality": "191083"
      },
      "operator_type": "PROJECTION",
      "cpu_time": 0.06329599999999977,
      "children": [
        {
          "result_set_size": 1848,
          "operator_timing": 0.000323,
          "operator_rows_scanned": 0,
          "cumulative_rows_scanned": 24414684,
          "operator_cardinality": 56,
          "cumulative_cardinality": 7205812,
          "extra_info": {
            "Order By": [
              "date.d_year ASC",
              "part.p_brand1 ASC"
            ]
          },
          "operator_type": "ORDER_BY",
          "cpu_time": 0.06329199999999977,
          "children": [
            {
              "result_set_size": 1848,
              "operator_timing": 0.000002,
              "operator_rows_scanned": 0,
              "cumulative_rows_scanned": 24414684,
              "operator_cardinality": 56,
              "cumulative_cardinality": 7205756,
              "extra_info": {
                "Projections": [
                  "#0",
                  "__internal_compress_integral_utinyint(#1, 1992)",
                  "__internal_compress_string_hugeint(#2)"
                ],
                "Estimated Cardinality": "191083"
              },
              "operator_type": "PROJECTION",
              "cpu_time": 0.06296899999999976,
              "children": [
                {
                  "result_set_size": 1904,
                  "operator_timing": 0.000002,
                  "operator_rows_scanned": 0,
                  "cumulative_rows_scanned": 24414684,
                  "operator_cardinality": 56,
                  "cumulative_cardinality": 7205700,
                  "extra_info": {
                    "Projections": [
                      "sum(lo_revenue)",
                      "d_year",
                      "p_brand1"
                    ],
                    "Estimated Cardinality": "191083"
                  },
                  "operator_type": "PROJECTION",
                  "cpu_time": 0.06296699999999976,
                  "children": [
                    {
                      "result_set_size": 1904,
                      "operator_timing": 0.0000049999999999999996,
                      "operator_rows_scanned": 0,
                      "cumulative_rows_scanned": 24414684,
                      "operator_cardinality": 56,
                      "cumulative_cardinality": 7205644,
                      "extra_info": {
                        "Projections": [
                          "__internal_decompress_integral_smallint(#0, 1992)",
                          "__internal_decompress_string(#1)",
                          "#2"
                        ],
                        "Estimated Cardinality": "191083"
                      },
                      "operator_type": "PROJECTION",
                      "cpu_time": 0.06296499999999976,
                      "children": [
                        {
                          "result_set_size": 1848,
                          "operator_timing": 0.00076,
                          "operator_rows_scanned": 0,
                          "cumulative_rows_scanned": 24414684,
                          "operator_cardinality": 56,
                          "cumulative_cardinality": 7205588,
                          "extra_info": {
                            "Groups": [
                              "#0",
                              "#1"
                            ],
                            "Aggregates": "sum(#2)",
                            "Estimated Cardinality": "191083"
                          },
                          "operator_type": "HASH_GROUP_BY",
                          "cpu_time": 0.06295999999999975,
                          "children": [
                            {
                              "result_set_size": 207711,
                              "operator_timing": 0.000003,
                              "operator_rows_scanned": 0,
                              "cumulative_rows_scanned": 24414684,
                              "operator_cardinality": 9891,
                              "cumulative_cardinality": 7205532,
                              "extra_info": {
                                "Projections": [
                                  "d_year",
                                  "p_brand1",
                                  "lo_revenue"
                                ],
                                "Estimated Cardinality": "239818"
                              },
                              "operator_type": "PROJECTION",
                              "cpu_time": 0.062199999999999755,
                              "children": [
                                {
                                  "result_set_size": 405531,
                                  "operator_timing": 0.000053,
                                  "operator_rows_scanned": 0,
                                  "cumulative_rows_scanned": 24414684,
                                  "operator_cardinality": 9891,
                                  "cumulative_cardinality": 7195641,
                                  "extra_info": {
                                    "Projections": [
                                      "#0",
                                      "#1",
                                      "__internal_compress_integral_usmallint(#2, 1)",
                                      "#3",
                                      "__internal_compress_integral_usmallint(#4, 1)",
                                      "#5",
                                      "__internal_compress_string_hugeint(#6)",
                                      "#7",
                                      "__internal_compress_integral_utinyint(#8, 1992)"
                                    ],
                                    "Estimated Cardinality": "239818"
                                  },
                                  "operator_type": "PROJECTION",
                                  "cpu_time": 0.06219699999999975,
                                  "children": [
                                    {
                                      "result_set_size": 454986,
                                      "operator_timing": 0.000128,
                                      "operator_rows_scanned": 0,
                                      "cumulative_rows_scanned": 24414684,
                                      "operator_cardinality": 9891,
                                      "cumulative_cardinality": 7185750,
                                      "extra_info": {
                                        "Join Type": "INNER",
                                        "Conditions": "lo_orderdate = d_datekey",
                                        "Build Min": "1992-01-01",
                                        "Build Max": "1998-12-30",
                                        "Estimated Cardinality": "239818"
                                      },
                                      "operator_type": "HASH_JOIN",
                                      "cpu_time": 0.062143999999999755,
                                      "children": [
                                        {
                                          "result_set_size": 395640,
                                          "operator_timing": 0.007767000000000031,
                                          "operator_rows_scanned": 0,
                                          "cumulative_rows_scanned": 24412128,
                                          "operator_cardinality": 9891,
                                          "cumulative_cardinality": 7173303,
                                          "extra_info": {
                                            "Join Type": "INNER",
                                            "Conditions": "lo_partkey = p_partkey",
                                            "Build Min": "1",
                                            "Build Max": "200000",
                                            "Estimated Cardinality": "217769"
                                          },
                                          "operator_type": "HASH_JOIN",
                                          "cpu_time": 0.062010999999999754,
                                          "children": [
                                            {
                                              "result_set_size": 23948260,
                                              "operator_timing": 0.018416999999999913,
                                              "operator_rows_scanned": 0,
                                              "cumulative_rows_scanned": 24012128,
                                              "operator_cardinality": 1197413,
                                              "cumulative_cardinality": 7161777,
                                              "extra_info": {
                                                "Join Type": "INNER",
                                                "Conditions": "lo_suppkey = s_suppkey",
                                                "Build Min": "1",
                                                "Build Max": "2000",
                                                "Estimated Cardinality": "1040300"
                                              },
                                              "operator_type": "HASH_JOIN",
                                              "cpu_time": 0.053148999999999724,
                                              "children": [
                                                {
                                                  "result_set_size": 95423440,
                                                  "operator_timing": 0.03469799999999981,
                                                  "operator_rows_scanned": 24010128,
                                                  "cumulative_rows_scanned": 24010128,
                                                  "operator_cardinality": 5963965,
                                                  "cumulative_cardinality": 5963965,
                                                  "extra_info": {
                                                    "Text": "lineorder",
                                                    "Projections": [
                                                      "lo_orderdate",
                                                      "lo_partkey",
                                                      "lo_suppkey",
                                                      "lo_revenue"
                                                    ],
                                                    "Estimated Cardinality": "6002532"
                                                  },
                                                  "operator_type": "TABLE_SCAN",
                                                  "cpu_time": 0.03469799999999981,
                                                  "children": []
                                                },
                                                {
                                                  "result_set_size": 1596,
                                                  "operator_timing": 0.000034,
                                                  "operator_rows_scanned": 2000,
                                                  "cumulative_rows_scanned": 2000,
                                                  "operator_cardinality": 399,
                                                  "cumulative_cardinality": 399,
                                                  "extra_info": {
                                                    "Text": "supplier",
                                                    "Projections": "s_suppkey",
                                                    "Filters": "s_region='ASIA' AND s_region IS NOT NULL",
                                                    "Estimated Cardinality": "400"
                                                  },
                                                  "operator_type": "TABLE_SCAN",
                                                  "cpu_time": 0.000034,
                                                  "children": []
                                                }
                                              ]
                                            },
                                            {
                                              "result_set_size": 32700,
                                              "operator_timing": 0.0010950000000000005,
                                              "operator_rows_scanned": 400000,
                                              "cumulative_rows_scanned": 400000,
                                              "operator_cardinality": 1635,
                                              "cumulative_cardinality": 1635,
                                              "extra_info": {
                                                "Text": "part",
                                                "Projections": [
                                                  "p_partkey",
                                                  "p_brand1"
                                                ],
                                                "Filters": "p_brand1>='MFGR#2221' AND p_brand1<='MFGR#2228' AND p_brand1 IS NOT NULL",
                                                "Estimated Cardinality": "40000"
                                              },
                                              "operator_type": "TABLE_SCAN",
                                              "cpu_time": 0.0010950000000000005,
                                              "children": []
                                            }
                                          ]
                                        },
                                        {
                                          "result_set_size": 15336,
                                          "operator_timing": 0.0000049999999999999996,
                                          "operator_rows_scanned": 2556,
                                          "cumulative_rows_scanned": 2556,
                                          "operator_cardinality": 2556,
                                          "cumulative_cardinality": 2556,
                                          "extra_info": {
                                            "Text": "date",
                                            "Projections": [
                                              "d_datekey",
                                              "d_year"
                                            ],
                                            "Estimated Cardinality": "2556"
                                          },
                                          "operator_type": "TABLE_SCAN",
                                          "cpu_time": 0.0000049999999999999996,
                                          "children": []
                                        }
                                      ]
                                    }
                                  ]
                                }
                              ]
                            }
                          ]
                        }
                      ]
                    }
                  ]
                }
              ]
            }
          ]
        }
      ]
    }
  ]
}
{
  "benchmark_name": "SSBQ2v2S1T4",
  "scale_factor": "1",
  "thread_count": "4",
  "all_optimizers": 0.000207,
  "cumulative_optimizer_timing": 0.00020600000000000002,
  "planner": 0.000097,
  "planner_binding": 0.000095,
  "physical_planner": 0.000024999999999999998,
  "physical_planner_column_binding": 0.000007,
  "physical_planner_resolve_types": 0.000001,
  "physical_planner_create_plan": 0.000014,
  "optimizer_expression_rewriter": 0.00002,
  "optimizer_filter_pullup": 0.000001,
  "optimizer_filter_pushdown": 0.000033,
  "optimizer_cte_filter_pusher": 0.0,
  "optimizer_regex_range": 0.000001,
  "optimizer_in_clause": 0.0,
  "optimizer_join_order": 0.000062,
  "optimizer_deliminator": 0.000001,
  "optimizer_unnest_rewriter": 0.000001,
  "optimizer_unused_columns": 0.000004,
  "optimizer_statistics_propagation": 0.000055,
  "optimizer_limit_pushdown": 0.0,
  "optimizer_top_n": 0.0,
  "optimizer_compressed_materialization": 0.0,
  "optimizer_duplicate_groups": 0.000002,
  "optimizer_reorder_filter": 0.000002,
  "optimizer_join_filter_pushdown": 0.000007,
  "optimizer_extension": 0.0,
  "optimizer_materialized_cte": 0.0,
  "optimizer_build_side_probe_side": 0.000006,
  "result_set_size": 1904,
  "optimizer_column_lifetime": 0.000009,
  "operator_timing": 0.022349,
  "optimizer_common_aggregate": 0.000001,
  "operator_rows_scanned": 0,
  "optimizer_common_subexpressions": 0.000001,
  "cumulative_rows_scanned": 24414684,
  "operator_cardinality": 0,
  "cumulative_cardinality": 7205868,
  "extra_info": {},
  "cpu_time": 0.09012899999999974,
  "blocked_thread_time": 0.0,
  "query_name": "SELECT SUM(lo_revenue), d_year, p_brand1 FROM lineorder, date, part, supplier WHERE lo_orderdate = d_datekey AND lo_partkey = p_partkey AND lo_suppkey = s_suppkey AND p_brand1 BETWEEN 'MFGR#2221' AND 'MFGR#2228' AND s_region = 'ASIA' GROUP BY d_year, p_brand1 ORDER BY d_year, p_brand1;",
  "children": [
    {
      "result_set_size": 1904,
      "operator_timing": 0.000003,
      "operator_rows_scanned": 0,
      "cumulative_rows_scanned": 24414684,
      "operator_cardinality": 56,
      "cumulative_cardinality": 7205868,
      "extra_info": {
        "Projections": [
          "#0",
          "__internal_decompress_integral_smallint(#1, 1992)",
          "__internal_decompress_string(#2)"
        ],
        "Estimated Cardinality": "191083"
      },
      "operator_type": "PROJECTION",
      "cpu_time": 0.06777999999999973,
      "children": [
        {
          "result_set_size": 1848,
          "operator_timing": 0.002997,
          "operator_rows_scanned": 0,
          "cumulative_rows_scanned": 24414684,
          "operator_cardinality": 56,
          "cumulative_cardinality": 7205812,
          "extra_info": {
            "Order By": [
              "date.d_year ASC",
              "part.p_brand1 ASC"
            ]
          },
          "operator_type": "ORDER_BY",
          "cpu_time": 0.06777699999999973,
          "children": [
            {
              "result_set_size": 1848,
              "operator_timing": 0.000001,
              "operator_rows_scanned": 0,
              "cumulative_rows_scanned": 24414684,
              "operator_cardinality": 56,
              "cumulative_cardinality": 7205756,
              "extra_info": {
                "Projections": [
                  "#0",
                  "__internal_compress_integral_utinyint(#1, 1992)",
                  "__internal_compress_string_hugeint(#2)"
                ],
                "Estimated Cardinality": "191083"
              },
              "operator_type": "PROJECTION",
              "cpu_time": 0.06477999999999973,
              "children": [
                {
                  "result_set_size": 1904,
                  "operator_timing": 0.0,
                  "operator_rows_scanned": 0,
                  "cumulative_rows_scanned": 24414684,
                  "operator_cardinality": 56,
                  "cumulative_cardinality": 7205700,
                  "extra_info": {
                    "Projections": [
                      "sum(lo_revenue)",
                      "d_year",
                      "p_brand1"
                    ],
                    "Estimated Cardinality": "191083"
                  },
                  "operator_type": "PROJECTION",
                  "cpu_time": 0.06477899999999973,
                  "children": [
                    {
                      "result_set_size": 1904,
                      "operator_timing": 0.0000049999999999999996,
                      "operator_rows_scanned": 0,
                      "cumulative_rows_scanned": 24414684,
                      "operator_cardinality": 56,
                      "cumulative_cardinality": 7205644,
                      "extra_info": {
                        "Projections": [
                          "__internal_decompress_integral_smallint(#0, 1992)",
                          "__internal_decompress_string(#1)",
                          "#2"
                        ],
                        "Estimated Cardinality": "191083"
                      },
                      "operator_type": "PROJECTION",
                      "cpu_time": 0.06477899999999973,
                      "children": [
                        {
                          "result_set_size": 1848,
                          "operator_timing": 0.0034070000000000003,
                          "operator_rows_scanned": 0,
                          "cumulative_rows_scanned": 24414684,
                          "operator_cardinality": 56,
                          "cumulative_cardinality": 7205588,
                          "extra_info": {
                            "Groups": [
                              "#0",
                              "#1"
                            ],
                            "Aggregates": "sum(#2)",
                            "Estimated Cardinality": "191083"
                          },
                          "operator_type": "HASH_GROUP_BY",
                          "cpu_time": 0.06477399999999972,
                          "children": [
                            {
                              "result_set_size": 207711,
                              "operator_timing": 0.000002,
                              "operator_rows_scanned": 0,
                              "cumulative_rows_scanned": 24414684,
                              "operator_cardinality": 9891,
                              "cumulative_cardinality": 7205532,
                              "extra_info": {
                                "Projections": [
                                  "d_year",
                                  "p_brand1",
                                  "lo_revenue"
                                ],
                                "Estimated Cardinality": "239818"
                              },
                              "operator_type": "PROJECTION",
                              "cpu_time": 0.06136699999999973,
                              "children": [
                                {
                                  "result_set_size": 405531,
                                  "operator_timing": 0.000052000000000000004,
                                  "operator_rows_scanned": 0,
                                  "cumulative_rows_scanned": 24414684,
                                  "operator_cardinality": 9891,
                                  "cumulative_cardinality": 7195641,
                                  "extra_info": {
                                    "Projections": [
                                      "#0",
                                      "#1",
                                      "__internal_compress_integral_usmallint(#2, 1)",
                                      "#3",
                                      "__internal_compress_integral_usmallint(#4, 1)",
                                      "#5",
                                      "__internal_compress_string_hugeint(#6)",
                                      "#7",
                                      "__internal_compress_integral_utinyint(#8, 1992)"
                                    ],
                                    "Estimated Cardinality": "239818"
                                  },
                                  "operator_type": "PROJECTION",
                                  "cpu_time": 0.061364999999999725,
                                  "children": [
                                    {
                                      "result_set_size": 454986,
                                      "operator_timing": 0.000115,
                                      "operator_rows_scanned": 0,
                                      "cumulative_rows_scanned": 24414684,
                                      "operator_cardinality": 9891,
                                      "cumulative_cardinality": 7185750,
                                      "extra_info": {
                                        "Join Type": "INNER",
                                        "Conditions": "lo_orderdate = d_datekey",
                                        "Build Min": "1992-01-01",
                                        "Build Max": "1998-12-30",
                                        "Estimated Cardinality": "239818"
                                      },
                                      "operator_type": "HASH_JOIN",
                                      "cpu_time": 0.06131299999999972,
                                      "children": [
                                        {
                                          "result_set_size": 395640,
                                          "operator_timing": 0.007533000000000025,
                                          "operator_rows_scanned": 0,
                                          "cumulative_rows_scanned": 24412128,
                                          "operator_cardinality": 9891,
                                          "cumulative_cardinality": 7173303,
                                          "extra_info": {
                                            "Join Type": "INNER",
                                            "Conditions": "lo_partkey = p_partkey",
                                            "Build Min": "1",
                                            "Build Max": "200000",
                                            "Estimated Cardinality": "217769"
                                          },
                                          "operator_type": "HASH_JOIN",
                                          "cpu_time": 0.061191999999999726,
                                          "children": [
                                            {
                                              "result_set_size": 23948260,
                                              "operator_timing": 0.018228999999999898,
                                              "operator_rows_scanned": 0,
                                              "cumulative_rows_scanned": 24012128,
                                              "operator_cardinality": 1197413,
                                              "cumulative_cardinality": 7161777,
                                              "extra_info": {
                                                "Join Type": "INNER",
                                                "Conditions": "lo_suppkey = s_suppkey",
                                                "Build Min": "1",
                                                "Build Max": "2000",
                                                "Estimated Cardinality": "1040300"
                                              },
                                              "operator_type": "HASH_JOIN",
                                              "cpu_time": 0.0525819999999997,
                                              "children": [
                                                {
                                                  "result_set_size": 95423440,
                                                  "operator_timing": 0.0343199999999998,
                                                  "operator_rows_scanned": 24010128,
                                                  "cumulative_rows_scanned": 24010128,
                                                  "operator_cardinality": 5963965,
                                                  "cumulative_cardinality": 5963965,
                                                  "extra_info": {
                                                    "Text": "lineorder",
                                                    "Projections": [
                                                      "lo_orderdate",
                                                      "lo_partkey",
                                                      "lo_suppkey",
                                                      "lo_revenue"
                                                    ],
                                                    "Estimated Cardinality": "6002532"
                                                  },
                                                  "operator_type": "TABLE_SCAN",
                                                  "cpu_time": 0.0343199999999998,
                                                  "children": []
                                                },
                                                {
                                                  "result_set_size": 1596,
                                                  "operator_timing": 0.000032999999999999996,
                                                  "operator_rows_scanned": 2000,
                                                  "cumulative_rows_scanned": 2000,
                                                  "operator_cardinality": 399,
                                                  "cumulative_cardinality": 399,
                                                  "extra_info": {
                                                    "Text": "supplier",
                                                    "Projections": "s_suppkey",
                                                    "Filters": "s_region='ASIA' AND s_region IS NOT NULL",
                                                    "Estimated Cardinality": "400"
                                                  },
                                                  "operator_type": "TABLE_SCAN",
                                                  "cpu_time": 0.000032999999999999996,
                                                  "children": []
                                                }
                                              ]
                                            },
                                            {
                                              "result_set_size": 32700,
                                              "operator_timing": 0.001077000000000001,
                                              "operator_rows_scanned": 400000,
                                              "cumulative_rows_scanned": 400000,
                                              "operator_cardinality": 1635,
                                              "cumulative_cardinality": 1635,
                                              "extra_info": {
                                                "Text": "part",
                                                "Projections": [
                                                  "p_partkey",
                                                  "p_brand1"
                                                ],
                                                "Filters": "p_brand1>='MFGR#2221' AND p_brand1<='MFGR#2228' AND p_brand1 IS NOT NULL",
                                                "Estimated Cardinality": "40000"
                                              },
                                              "operator_type": "TABLE_SCAN",
                                              "cpu_time": 0.001077000000000001,
                                              "children": []
                                            }
                                          ]
                                        },
                                        {
                                          "result_set_size": 15336,
                                          "operator_timing": 0.000006,
                                          "operator_rows_scanned": 2556,
                                          "cumulative_rows_scanned": 2556,
                                          "operator_cardinality": 2556,
                                          "cumulative_cardinality": 2556,
                                          "extra_info": {
                                            "Text": "date",
                                            "Projections": [
                                              "d_datekey",
                                              "d_year"
                                            ],
                                            "Estimated Cardinality": "2556"
                                          },
                                          "operator_type": "TABLE_SCAN",
                                          "cpu_time": 0.000006,
                                          "children": []
                                        }
                                      ]
                                    }
                                  ]
                                }
                              ]
                            }
                          ]
                        }
                      ]
                    }
                  ]
                }
              ]
            }
          ]
        }
      ]
    }
  ]
}
{
  "benchmark_name": "SSBQ2v2S1T4",
  "scale_factor": "1",
  "thread_count": "4",
  "all_optimizers": 0.00021199999999999998,
  "cumulative_optimizer_timing": 0.000211,
  "planner": 0.000099,
  "planner_binding": 0.000097,
  "physical_planner": 0.000022,
  "physical_planner_column_binding": 0.000005,
  "physical_planner_resolve_types": 0.0,
  "physical_planner_create_plan": 0.000014,
  "optimizer_expression_rewriter": 0.00002,
  "optimizer_filter_pullup": 0.000001,
  "optimizer_filter_pushdown": 0.000033,
  "optimizer_cte_filter_pusher": 0.000001,
  "optimizer_regex_range": 0.0,
  "optimizer_in_clause": 0.000001,
  "optimizer_join_order": 0.000063,
  "optimizer_deliminator": 0.0,
  "optimizer_unnest_rewriter": 0.0,
  "optimizer_unused_columns": 0.000005,
  "optimizer_statistics_propagation": 0.000059,
  "optimizer_limit_pushdown": 0.0,
  "optimizer_top_n": 0.0,
  "optimizer_compressed_materialization": 0.0,
  "optimizer_duplicate_groups": 0.000002,
  "optimizer_reorder_filter": 0.000003,
  "optimizer_join_filter_pushdown": 0.000007,
  "optimizer_extension": 0.0,
  "optimizer_materialized_cte": 0.0,
  "optimizer_build_side_probe_side": 0.000005,
  "result_set_size": 1904,
  "optimizer_column_lifetime": 0.000008,
  "operator_timing": 0.018261,
  "optimizer_common_aggregate": 0.000002,
  "operator_rows_scanned": 0,
  "optimizer_common_subexpressions": 0.000001,
  "cumulative_rows_scanned": 24414684,
  "operator_cardinality": 0,
  "cumulative_cardinality": 7205868,
  "extra_info": {},
  "cpu_time": 0.08069799999999971,
  "blocked_thread_time": 0.0,
  "query_name": "SELECT SUM(lo_revenue), d_year, p_brand1 FROM lineorder, date, part, supplier WHERE lo_orderdate = d_datekey AND lo_partkey = p_partkey AND lo_suppkey = s_suppkey AND p_brand1 BETWEEN 'MFGR#2221' AND 'MFGR#2228' AND s_region = 'ASIA' GROUP BY d_year, p_brand1 ORDER BY d_year, p_brand1;",
  "children": [
    {
      "result_set_size": 1904,
      "operator_timing": 0.000002,
      "operator_rows_scanned": 0,
      "cumulative_rows_scanned": 24414684,
      "operator_cardinality": 56,
      "cumulative_cardinality": 7205868,
      "extra_info": {
        "Projections": [
          "#0",
          "__internal_decompress_integral_smallint(#1, 1992)",
          "__internal_decompress_string(#2)"
        ],
        "Estimated Cardinality": "191083"
      },
      "operator_type": "PROJECTION",
      "cpu_time": 0.06243699999999972,
      "children": [
        {
          "result_set_size": 1848,
          "operator_timing": 0.000241,
          "operator_rows_scanned": 0,
          "cumulative_rows_scanned": 24414684,
          "operator_cardinality": 56,
          "cumulative_cardinality": 7205812,
          "extra_info": {
            "Order By": [
              "date.d_year ASC",
              "part.p_brand1 ASC"
            ]
          },
          "operator_type": "ORDER_BY",
          "cpu_time": 0.06243499999999972,
          "children": [
            {
              "result_set_size": 1848,
              "operator_timing": 0.000002,
              "operator_rows_scanned": 0,
              "cumulative_rows_scanned": 24414684,
              "operator_cardinality": 56,
              "cumulative_cardinality": 7205756,
              "extra_info": {
                "Projections": [
                  "#0",
                  "__internal_compress_integral_utinyint(#1, 1992)",
                  "__internal_compress_string_hugeint(#2)"
                ],
                "Estimated Cardinality": "191083"
              },
              "operator_type": "PROJECTION",
              "cpu_time": 0.06219399999999972,
              "children": [
                {
                  "result_set_size": 1904,
                  "operator_timing": 0.0,
                  "operator_rows_scanned": 0,
                  "cumulative_rows_scanned": 24414684,
                  "operator_cardinality": 56,
                  "cumulative_cardinality": 7205700,
                  "extra_info": {
                    "Projections": [
                      "sum(lo_revenue)",
                      "d_year",
                      "p_brand1"
                    ],
                    "Estimated Cardinality": "191083"
                  },
                  "operator_type": "PROJECTION",
                  "cpu_time": 0.06219199999999972,
                  "children": [
                    {
                      "result_set_size": 1904,
                      "operator_timing": 0.0000049999999999999996,
                      "operator_rows_scanned": 0,
                      "cumulative_rows_scanned": 24414684,
                      "operator_cardinality": 56,
                      "cumulative_cardinality": 7205644,
                      "extra_info": {
                        "Projections": [
                          "__internal_decompress_integral_smallint(#0, 1992)",
                          "__internal_decompress_string(#1)",
                          "#2"
                        ],
                        "Estimated Cardinality": "191083"
                      },
                      "operator_type": "PROJECTION",
                      "cpu_time": 0.06219199999999972,
                      "children": [
                        {
                          "result_set_size": 1848,
                          "operator_timing": 0.000824,
                          "operator_rows_scanned": 0,
                          "cumulative_rows_scanned": 24414684,
                          "operator_cardinality": 56,
                          "cumulative_cardinality": 7205588,
                          "extra_info": {
                            "Groups": [
                              "#0",
                              "#1"
                            ],
                            "Aggregates": "sum(#2)",
                            "Estimated Cardinality": "191083"
                          },
                          "operator_type": "HASH_GROUP_BY",
                          "cpu_time": 0.06218699999999972,
                          "children": [
                            {
                              "result_set_size": 207711,
                              "operator_timing": 0.000004,
                              "operator_rows_scanned": 0,
                              "cumulative_rows_scanned": 24414684,
                              "operator_cardinality": 9891,
                              "cumulative_cardinality": 7205532,
                              "extra_info": {
                                "Projections": [
                                  "d_year",
                                  "p_brand1",
                                  "lo_revenue"
                                ],
                                "Estimated Cardinality": "239818"
                              },
                              "operator_type": "PROJECTION",
                              "cpu_time": 0.06136299999999972,
                              "children": [
                                {
                                  "result_set_size": 405531,
                                  "operator_timing": 0.00005,
                                  "operator_rows_scanned": 0,
                                  "cumulative_rows_scanned": 24414684,
                                  "operator_cardinality": 9891,
                                  "cumulative_cardinality": 7195641,
                                  "extra_info": {
                                    "Projections": [
                                      "#0",
                                      "#1",
                                      "__internal_compress_integral_usmallint(#2, 1)",
                                      "#3",
                                      "__internal_compress_integral_usmallint(#4, 1)",
                                      "#5",
                                      "__internal_compress_string_hugeint(#6)",
                                      "#7",
                                      "__internal_compress_integral_utinyint(#8, 1992)"
                                    ],
                                    "Estimated Cardinality": "239818"
                                  },
                                  "operator_type": "PROJECTION",
                                  "cpu_time": 0.061358999999999726,
                                  "children": [
                                    {
                                      "result_set_size": 454986,
                                      "operator_timing": 0.000116,
                                      "operator_rows_scanned": 0,
                                      "cumulative_rows_scanned": 24414684,
                                      "operator_cardinality": 9891,
                                      "cumulative_cardinality": 7185750,
                                      "extra_info": {
                                        "Join Type": "INNER",
                                        "Conditions": "lo_orderdate = d_datekey",
                                        "Build Min": "1992-01-01",
                                        "Build Max": "1998-12-30",
                                        "Estimated Cardinality": "239818"
                                      },
                                      "operator_type": "HASH_JOIN",
                                      "cpu_time": 0.061308999999999725,
                                      "children": [
                                        {
                                          "result_set_size": 395640,
                                          "operator_timing": 0.007534000000000033,
                                          "operator_rows_scanned": 0,
                                          "cumulative_rows_scanned": 24412128,
                                          "operator_cardinality": 9891,
                                          "cumulative_cardinality": 7173303,
                                          "extra_info": {
                                            "Join Type": "INNER",
                                            "Conditions": "lo_partkey = p_partkey",
                                            "Build Min": "1",
                                            "Build Max": "200000",
                                            "Estimated Cardinality": "217769"
                                          },
                                          "operator_type": "HASH_JOIN",
                                          "cpu_time": 0.06118799999999973,
                                          "children": [
                                            {
                                              "result_set_size": 23948260,
                                              "operator_timing": 0.018177999999999892,
                                              "operator_rows_scanned": 0,
                                              "cumulative_rows_scanned": 24012128,
                                              "operator_cardinality": 1197413,
                                              "cumulative_cardinality": 7161777,
                                              "extra_info": {
                                                "Join Type": "INNER",
                                                "Conditions": "lo_suppkey = s_suppkey",
                                                "Build Min": "1",
                                                "Build Max": "2000",
                                                "Estimated Cardinality": "1040300"
                                              },
                                              "operator_type": "HASH_JOIN",
                                              "cpu_time": 0.05255399999999969,
                                              "children": [
                                                {
                                                  "result_set_size": 95423440,
                                                  "operator_timing": 0.0343439999999998,
                                                  "operator_rows_scanned": 24010128,
                                                  "cumulative_rows_scanned": 24010128,
                                                  "operator_cardinality": 5963965,
                                                  "cumulative_cardinality": 5963965,
                                                  "extra_info": {
                                                    "Text": "lineorder",
                                                    "Projections": [
                                                      "lo_orderdate",
                                                      "lo_partkey",
                                                      "lo_suppkey",
                                                      "lo_revenue"
                                                    ],
                                                    "Estimated Cardinality": "6002532"
                                                  },
                                                  "operator_type": "TABLE_SCAN",
                                                  "cpu_time": 0.0343439999999998,
                                                  "children": []
                                                },
                                                {
                                                  "result_set_size": 1596,
                                                  "operator_timing": 0.000032,
                                                  "operator_rows_scanned": 2000,
                                                  "cumulative_rows_scanned": 2000,
                                                  "operator_cardinality": 399,
                                                  "cumulative_cardinality": 399,
                                                  "extra_info": {
                                                    "Text": "supplier",
                                                    "Projections": "s_suppkey",
                                                    "Filters": "s_region='ASIA' AND s_region IS NOT NULL",
                                                    "Estimated Cardinality": "400"
                                                  },
                                                  "operator_type": "TABLE_SCAN",
                                                  "cpu_time": 0.000032,
                                                  "children": []
                                                }
                                              ]
                                            },
                                            {
                                              "result_set_size": 32700,
                                              "operator_timing": 0.0011000000000000007,
                                              "operator_rows_scanned": 400000,
                                              "cumulative_rows_scanned": 400000,
                                              "operator_cardinality": 1635,
                                              "cumulative_cardinality": 1635,
                                              "extra_info": {
                                                "Text": "part",
                                                "Projections": [
                                                  "p_partkey",
                                                  "p_brand1"
                                                ],
                                                "Filters": "p_brand1>='MFGR#2221' AND p_brand1<='MFGR#2228' AND p_brand1 IS NOT NULL",
                                                "Estimated Cardinality": "40000"
                                              },
                                              "operator_type": "TABLE_SCAN",
                                              "cpu_time": 0.0011000000000000007,
                                              "children": []
                                            }
                                          ]
                                        },
                                        {
                                          "result_set_size": 15336,
                                          "operator_timing": 0.0000049999999999999996,
                                          "operator_rows_scanned": 2556,
                                          "cumulative_rows_scanned": 2556,
                                          "operator_cardinality": 2556,
                                          "cumulative_cardinality": 2556,
                                          "extra_info": {
                                            "Text": "date",
                                            "Projections": [
                                              "d_datekey",
                                              "d_year"
                                            ],
                                            "Estimated Cardinality": "2556"
                                          },
                                          "operator_type": "TABLE_SCAN",
                                          "cpu_time": 0.0000049999999999999996,
                                          "children": []
                                        }
                                      ]
                                    }
                                  ]
                                }
                              ]
                            }
                          ]
                        }
                      ]
                    }
                  ]
                }
              ]
            }
          ]
        }
      ]
    }
  ]
}
