[
{ "benchmark_name": "SSBQ1v1S100T1", "scale_factor": "100", "thread_count": "1", "all_optimizers": 0.00012399999999999998, "cumulative_optimizer_timing": 0.000123, "planner": 0.000102, "planner_binding": 0.0001, "physical_planner": 0.000011999999999999999, "physical_planner_column_binding": 0.000001, "physical_planner_resolve_types": 0.000001, "physical_planner_create_plan": 0.000008, "optimizer_expression_rewriter": 0.000023, "optimizer_filter_pullup": 0.000001, "optimizer_filter_pushdown": 0.000028, "optimizer_cte_filter_pusher": 0.000001, "optimizer_regex_range": 0.0, "optimizer_in_clause": 0.000001, "optimizer_join_order": 0.000035, "optimizer_deliminator": 0.000001, "optimizer_unnest_rewriter": 0.0, "optimizer_unused_columns": 0.000004, "optimizer_statistics_propagation": 0.000012, "optimizer_limit_pushdown": 0.000001, "optimizer_top_n": 0.0, "optimizer_compressed_materialization": 0.0, "optimizer_duplicate_groups": 0.000001, "optimizer_reorder_filter": 0.000003, "optimizer_join_filter_pushdown": 0.000004, "optimizer_extension": 0.0, "optimizer_materialized_cte": 0.0, "optimizer_build_side_probe_side": 0.000003, "result_set_size": 16, "optimizer_column_lifetime": 0.000002, "operator_timing": 3.138446, "optimizer_common_aggregate": 0.000001, "operator_rows_scanned": 0, "optimizer_common_subexpressions": 0.000002, "cumulative_rows_scanned": 600040701, "operator_cardinality": 0, "cumulative_cardinality": 35759295, "extra_info": {}, "cpu_time": 6.223542999994315, "blocked_thread_time": 0.0, "query_name": "SELECT SUM(lo_extendedprice CITATION.cff CMakeLists.txt CODE_OF_CONDUCT.md CONTRIBUTING.md Doxyfile DuckDBConfig.cmake.in DuckDBConfigVersion.cmake.in LICENSE Makefile README.md benchmark build clean-profile.sh data duckdb_benchmark_data duckdb_benchmark_db.db duckdb_unittest_tempdir examples extension extension_config.cmake logo scripts sf_1_t1.out src ssb-benchmark-fixed.log ssb-benchmark.log ssb-elapsed.out ssb_sf1.duckdb ssb_sf10.duckdb ssb_sf100.duckdb test test-detailed-profile copy.log test-detailed-profile.log test-detailed-profile.out test-profile.out test.out test2-profile.json test2-profile.out third_party tools lo_discount) AS revenue FROM lineorder, date WHERE lo_orderdate = d_datekey AND d_year = 1994 AND lo_discount BETWEEN 1 AND 3 AND lo_quantity < 25;", "children": [ { "result_set_size": 16, "operator_timing": 0.009193000000000198, "operator_rows_scanned": 0, "cumulative_rows_scanned": 600040701, "operator_cardinality": 1, "cumulative_cardinality": 35759295, "extra_info": { "Aggregates": "sum(#0)" }, "operator_type": "UNGROUPED_AGGREGATE", "cpu_time": 3.0850969999943145, "children": [ { "result_set_size": 47678572, "operator_timing": 0.004567000000000257, "operator_rows_scanned": 0, "cumulative_rows_scanned": 600040701, "operator_cardinality": 11919643, "cumulative_cardinality": 35759294, "extra_info": { "Projections": "(lo_extendedprice CITATION.cff CMakeLists.txt CODE_OF_CONDUCT.md CONTRIBUTING.md Doxyfile DuckDBConfig.cmake.in DuckDBConfigVersion.cmake.in LICENSE Makefile README.md benchmark build clean-profile.sh data duckdb_benchmark_data duckdb_benchmark_db.db duckdb_unittest_tempdir examples extension extension_config.cmake logo scripts sf_1_t1.out src ssb-benchmark-fixed.log ssb-benchmark.log ssb-elapsed.out ssb_sf1.duckdb ssb_sf10.duckdb ssb_sf100.duckdb test test-detailed-profile copy.log test-detailed-profile.log test-detailed-profile.out test-profile.out test.out test2-profile.json test2-profile.out third_party tools CAST(lo_discount AS INTEGER))", "Estimated Cardinality": "33039584" }, "operator_type": "PROJECTION", "cpu_time": 3.0759039999943143, "children": [ { "result_set_size": 154955359, "operator_timing": 0.3020249999989094, "operator_rows_scanned": 0, "cumulative_rows_scanned": 600040701, "operator_cardinality": 11919643, "cumulative_cardinality": 23839651, "extra_info": { "Join Type": "INNER", "Conditions": "lo_orderdate = d_datekey", "Build Min": "1992-01-01", "Build Max": "1998-12-30", "Estimated Cardinality": "33039584" }, "operator_type": "HASH_JOIN", "cpu_time": 3.071336999994314, "children": [ { "result_set_size": 107276787, "operator_timing": 2.769299999995405, "operator_rows_scanned": 600038145, "cumulative_rows_scanned": 600038145, "operator_cardinality": 11919643, "cumulative_cardinality": 11919643, "extra_info": { "Text": "lineorder", "Projections": [ "lo_orderdate", "lo_discount", "lo_extendedprice" ], "Filters": [ "lo_discount>=1 AND lo_discount<=3 AND lo_discount IS NOT NULL", "lo_quantity<25 AND lo_quantity IS NOT NULL" ], "Estimated Cardinality": "120007629" }, "operator_type": "TABLE_SCAN", "cpu_time": 2.769299999995405, "children": [] }, { "result_set_size": 1460, "operator_timing": 0.000012, "operator_rows_scanned": 2556, "cumulative_rows_scanned": 2556, "operator_cardinality": 365, "cumulative_cardinality": 365, "extra_info": { "Text": "date", "Projections": "d_datekey", "Filters": "d_year=1994 AND d_year IS NOT NULL", "Estimated Cardinality": "639" }, "operator_type": "TABLE_SCAN", "cpu_time": 0.000012, "children": [] } ] } ] } ] } ] }, { "benchmark_name": "SSBQ1v1S100T1", "scale_factor": "100", "thread_count": "1", "all_optimizers": 0.000126, "cumulative_optimizer_timing": 0.000126, "planner": 0.000101, "planner_binding": 0.000098, "physical_planner": 0.000011, "physical_planner_column_binding": 0.000001, "physical_planner_resolve_types": 0.0, "physical_planner_create_plan": 0.000008, "optimizer_expression_rewriter": 0.000024, "optimizer_filter_pullup": 0.000001, "optimizer_filter_pushdown": 0.000032, "optimizer_cte_filter_pusher": 0.0, "optimizer_regex_range": 0.000001, "optimizer_in_clause": 0.0, "optimizer_join_order": 0.000034, "optimizer_deliminator": 0.0, "optimizer_unnest_rewriter": 0.0, "optimizer_unused_columns": 0.000004, "optimizer_statistics_propagation": 0.000013, "optimizer_limit_pushdown": 0.0, "optimizer_top_n": 0.0, "optimizer_compressed_materialization": 0.0, "optimizer_duplicate_groups": 0.000001, "optimizer_reorder_filter": 0.000002, "optimizer_join_filter_pushdown": 0.000005, "optimizer_extension": 0.0, "optimizer_materialized_cte": 0.0, "optimizer_build_side_probe_side": 0.000003, "result_set_size": 16, "optimizer_column_lifetime": 0.000003, "operator_timing": 3.076763, "optimizer_common_aggregate": 0.000001, "operator_rows_scanned": 0, "optimizer_common_subexpressions": 0.000002, "cumulative_rows_scanned": 600040701, "operator_cardinality": 0, "cumulative_cardinality": 35759295, "extra_info": {}, "cpu_time": 6.102746999989186, "blocked_thread_time": 0.0, "query_name": "SELECT SUM(lo_extendedprice CITATION.cff CMakeLists.txt CODE_OF_CONDUCT.md CONTRIBUTING.md Doxyfile DuckDBConfig.cmake.in DuckDBConfigVersion.cmake.in LICENSE Makefile README.md benchmark build clean-profile.sh data duckdb_benchmark_data duckdb_benchmark_db.db duckdb_unittest_tempdir examples extension extension_config.cmake logo scripts sf_1_t1.out src ssb-benchmark-fixed.log ssb-benchmark.log ssb-elapsed.out ssb_sf1.duckdb ssb_sf10.duckdb ssb_sf100.duckdb test test-detailed-profile copy.log test-detailed-profile.log test-detailed-profile.out test-profile.out test.out test2-profile.json test2-profile.out third_party tools lo_discount) AS revenue FROM lineorder, date WHERE lo_orderdate = d_datekey AND d_year = 1994 AND lo_discount BETWEEN 1 AND 3 AND lo_quantity < 25;", "children": [ { "result_set_size": 16, "operator_timing": 0.009138000000000228, "operator_rows_scanned": 0, "cumulative_rows_scanned": 600040701, "operator_cardinality": 1, "cumulative_cardinality": 35759295, "extra_info": { "Aggregates": "sum(#0)" }, "operator_type": "UNGROUPED_AGGREGATE", "cpu_time": 3.0259839999891858, "children": [ { "result_set_size": 47678572, "operator_timing": 0.004783000000000298, "operator_rows_scanned": 0, "cumulative_rows_scanned": 600040701, "operator_cardinality": 11919643, "cumulative_cardinality": 35759294, "extra_info": { "Projections": "(lo_extendedprice CITATION.cff CMakeLists.txt CODE_OF_CONDUCT.md CONTRIBUTING.md Doxyfile DuckDBConfig.cmake.in DuckDBConfigVersion.cmake.in LICENSE Makefile README.md benchmark build clean-profile.sh data duckdb_benchmark_data duckdb_benchmark_db.db duckdb_unittest_tempdir examples extension extension_config.cmake logo scripts sf_1_t1.out src ssb-benchmark-fixed.log ssb-benchmark.log ssb-elapsed.out ssb_sf1.duckdb ssb_sf10.duckdb ssb_sf100.duckdb test test-detailed-profile copy.log test-detailed-profile.log test-detailed-profile.out test-profile.out test.out test2-profile.json test2-profile.out third_party tools CAST(lo_discount AS INTEGER))", "Estimated Cardinality": "33039584" }, "operator_type": "PROJECTION", "cpu_time": 3.0168459999891857, "children": [ { "result_set_size": 154955359, "operator_timing": 0.3041499999988427, "operator_rows_scanned": 0, "cumulative_rows_scanned": 600040701, "operator_cardinality": 11919643, "cumulative_cardinality": 23839651, "extra_info": { "Join Type": "INNER", "Conditions": "lo_orderdate = d_datekey", "Build Min": "1992-01-01", "Build Max": "1998-12-30", "Estimated Cardinality": "33039584" }, "operator_type": "HASH_JOIN", "cpu_time": 3.0120629999891855, "children": [ { "result_set_size": 107276787, "operator_timing": 2.707902999990343, "operator_rows_scanned": 600038145, "cumulative_rows_scanned": 600038145, "operator_cardinality": 11919643, "cumulative_cardinality": 11919643, "extra_info": { "Text": "lineorder", "Projections": [ "lo_orderdate", "lo_discount", "lo_extendedprice" ], "Filters": [ "lo_discount>=1 AND lo_discount<=3 AND lo_discount IS NOT NULL", "lo_quantity<25 AND lo_quantity IS NOT NULL" ], "Estimated Cardinality": "120007629" }, "operator_type": "TABLE_SCAN", "cpu_time": 2.707902999990343, "children": [] }, { "result_set_size": 1460, "operator_timing": 0.000009999999999999999, "operator_rows_scanned": 2556, "cumulative_rows_scanned": 2556, "operator_cardinality": 365, "cumulative_cardinality": 365, "extra_info": { "Text": "date", "Projections": "d_datekey", "Filters": "d_year=1994 AND d_year IS NOT NULL", "Estimated Cardinality": "639" }, "operator_type": "TABLE_SCAN", "cpu_time": 0.000009999999999999999, "children": [] } ] } ] } ] } ] }, { "benchmark_name": "SSBQ1v1S100T1", "scale_factor": "100", "thread_count": "1", "all_optimizers": 0.00011999999999999998, "cumulative_optimizer_timing": 0.00012, "planner": 0.000102, "planner_binding": 0.0001, "physical_planner": 0.000011, "physical_planner_column_binding": 0.000002, "physical_planner_resolve_types": 0.0, "physical_planner_create_plan": 0.000007, "optimizer_expression_rewriter": 0.000023, "optimizer_filter_pullup": 0.000001, "optimizer_filter_pushdown": 0.000026, "optimizer_cte_filter_pusher": 0.0, "optimizer_regex_range": 0.0, "optimizer_in_clause": 0.000001, "optimizer_join_order": 0.000033, "optimizer_deliminator": 0.000001, "optimizer_unnest_rewriter": 0.0, "optimizer_unused_columns": 0.000004, "optimizer_statistics_propagation": 0.000013, "optimizer_limit_pushdown": 0.0, "optimizer_top_n": 0.0, "optimizer_compressed_materialization": 0.0, "optimizer_duplicate_groups": 0.000001, "optimizer_reorder_filter": 0.000002, "optimizer_join_filter_pushdown": 0.000005, "optimizer_extension": 0.0, "optimizer_materialized_cte": 0.0, "optimizer_build_side_probe_side": 0.000004, "result_set_size": 16, "optimizer_column_lifetime": 0.000003, "operator_timing": 3.030403, "optimizer_common_aggregate": 0.000001, "operator_rows_scanned": 0, "optimizer_common_subexpressions": 0.000002, "cumulative_rows_scanned": 600040701, "operator_cardinality": 0, "cumulative_cardinality": 35759295, "extra_info": {}, "cpu_time": 6.014283999990388, "blocked_thread_time": 0.0, "query_name": "SELECT SUM(lo_extendedprice CITATION.cff CMakeLists.txt CODE_OF_CONDUCT.md CONTRIBUTING.md Doxyfile DuckDBConfig.cmake.in DuckDBConfigVersion.cmake.in LICENSE Makefile README.md benchmark build clean-profile.sh data duckdb_benchmark_data duckdb_benchmark_db.db duckdb_unittest_tempdir examples extension extension_config.cmake logo scripts sf_1_t1.out src ssb-benchmark-fixed.log ssb-benchmark.log ssb-elapsed.out ssb_sf1.duckdb ssb_sf10.duckdb ssb_sf100.duckdb test test-detailed-profile copy.log test-detailed-profile.log test-detailed-profile.out test-profile.out test.out test2-profile.json test2-profile.out third_party tools lo_discount) AS revenue FROM lineorder, date WHERE lo_orderdate = d_datekey AND d_year = 1994 AND lo_discount BETWEEN 1 AND 3 AND lo_quantity < 25;", "children": [ { "result_set_size": 16, "operator_timing": 0.008905000000000305, "operator_rows_scanned": 0, "cumulative_rows_scanned": 600040701, "operator_cardinality": 1, "cumulative_cardinality": 35759295, "extra_info": { "Aggregates": "sum(#0)" }, "operator_type": "UNGROUPED_AGGREGATE", "cpu_time": 2.9838809999903875, "children": [ { "result_set_size": 47678572, "operator_timing": 0.004085000000000195, "operator_rows_scanned": 0, "cumulative_rows_scanned": 600040701, "operator_cardinality": 11919643, "cumulative_cardinality": 35759294, "extra_info": { "Projections": "(lo_extendedprice CITATION.cff CMakeLists.txt CODE_OF_CONDUCT.md CONTRIBUTING.md Doxyfile DuckDBConfig.cmake.in DuckDBConfigVersion.cmake.in LICENSE Makefile README.md benchmark build clean-profile.sh data duckdb_benchmark_data duckdb_benchmark_db.db duckdb_unittest_tempdir examples extension extension_config.cmake logo scripts sf_1_t1.out src ssb-benchmark-fixed.log ssb-benchmark.log ssb-elapsed.out ssb_sf1.duckdb ssb_sf10.duckdb ssb_sf100.duckdb test test-detailed-profile copy.log test-detailed-profile.log test-detailed-profile.out test-profile.out test.out test2-profile.json test2-profile.out third_party tools CAST(lo_discount AS INTEGER))", "Estimated Cardinality": "33039584" }, "operator_type": "PROJECTION", "cpu_time": 2.974975999990387, "children": [ { "result_set_size": 154955359, "operator_timing": 0.2933729999991895, "operator_rows_scanned": 0, "cumulative_rows_scanned": 600040701, "operator_cardinality": 11919643, "cumulative_cardinality": 23839651, "extra_info": { "Join Type": "INNER", "Conditions": "lo_orderdate = d_datekey", "Build Min": "1992-01-01", "Build Max": "1998-12-30", "Estimated Cardinality": "33039584" }, "operator_type": "HASH_JOIN", "cpu_time": 2.9708909999903867, "children": [ { "result_set_size": 107276787, "operator_timing": 2.6775049999911973, "operator_rows_scanned": 600038145, "cumulative_rows_scanned": 600038145, "operator_cardinality": 11919643, "cumulative_cardinality": 11919643, "extra_info": { "Text": "lineorder", "Projections": [ "lo_orderdate", "lo_discount", "lo_extendedprice" ], "Filters": [ "lo_discount>=1 AND lo_discount<=3 AND lo_discount IS NOT NULL", "lo_quantity<25 AND lo_quantity IS NOT NULL" ], "Estimated Cardinality": "120007629" }, "operator_type": "TABLE_SCAN", "cpu_time": 2.6775049999911973, "children": [] }, { "result_set_size": 1460, "operator_timing": 0.000013, "operator_rows_scanned": 2556, "cumulative_rows_scanned": 2556, "operator_cardinality": 365, "cumulative_cardinality": 365, "extra_info": { "Text": "date", "Projections": "d_datekey", "Filters": "d_year=1994 AND d_year IS NOT NULL", "Estimated Cardinality": "639" }, "operator_type": "TABLE_SCAN", "cpu_time": 0.000013, "children": [] } ] } ] } ] } ] }, { "benchmark_name": "SSBQ1v1S100T1", "scale_factor": "100", "thread_count": "1", "all_optimizers": 0.00012299999999999998, "cumulative_optimizer_timing": 0.000123, "planner": 0.000098, "planner_binding": 0.000096, "physical_planner": 0.000011, "physical_planner_column_binding": 0.000001, "physical_planner_resolve_types": 0.0, "physical_planner_create_plan": 0.000008, "optimizer_expression_rewriter": 0.000022, "optimizer_filter_pullup": 0.000002, "optimizer_filter_pushdown": 0.000027, "optimizer_cte_filter_pusher": 0.000001, "optimizer_regex_range": 0.0, "optimizer_in_clause": 0.000001, "optimizer_join_order": 0.000034, "optimizer_deliminator": 0.0, "optimizer_unnest_rewriter": 0.000001, "optimizer_unused_columns": 0.000004, "optimizer_statistics_propagation": 0.000014, "optimizer_limit_pushdown": 0.0, "optimizer_top_n": 0.0, "optimizer_compressed_materialization": 0.0, "optimizer_duplicate_groups": 0.000001, "optimizer_reorder_filter": 0.000002, "optimizer_join_filter_pushdown": 0.000004, "optimizer_extension": 0.0, "optimizer_materialized_cte": 0.0, "optimizer_build_side_probe_side": 0.000004, "result_set_size": 16, "optimizer_column_lifetime": 0.000003, "operator_timing": 3.008703, "optimizer_common_aggregate": 0.000001, "operator_rows_scanned": 0, "optimizer_common_subexpressions": 0.000002, "cumulative_rows_scanned": 600040701, "operator_cardinality": 0, "cumulative_cardinality": 35759295, "extra_info": {}, "cpu_time": 5.970455999990147, "blocked_thread_time": 0.0, "query_name": "SELECT SUM(lo_extendedprice CITATION.cff CMakeLists.txt CODE_OF_CONDUCT.md CONTRIBUTING.md Doxyfile DuckDBConfig.cmake.in DuckDBConfigVersion.cmake.in LICENSE Makefile README.md benchmark build clean-profile.sh data duckdb_benchmark_data duckdb_benchmark_db.db duckdb_unittest_tempdir examples extension extension_config.cmake logo scripts sf_1_t1.out src ssb-benchmark-fixed.log ssb-benchmark.log ssb-elapsed.out ssb_sf1.duckdb ssb_sf10.duckdb ssb_sf100.duckdb test test-detailed-profile copy.log test-detailed-profile.log test-detailed-profile.out test-profile.out test.out test2-profile.json test2-profile.out third_party tools lo_discount) AS revenue FROM lineorder, date WHERE lo_orderdate = d_datekey AND d_year = 1994 AND lo_discount BETWEEN 1 AND 3 AND lo_quantity < 25;", "children": [ { "result_set_size": 16, "operator_timing": 0.008874000000000293, "operator_rows_scanned": 0, "cumulative_rows_scanned": 600040701, "operator_cardinality": 1, "cumulative_cardinality": 35759295, "extra_info": { "Aggregates": "sum(#0)" }, "operator_type": "UNGROUPED_AGGREGATE", "cpu_time": 2.9617529999901473, "children": [ { "result_set_size": 47678572, "operator_timing": 0.004035000000000195, "operator_rows_scanned": 0, "cumulative_rows_scanned": 600040701, "operator_cardinality": 11919643, "cumulative_cardinality": 35759294, "extra_info": { "Projections": "(lo_extendedprice CITATION.cff CMakeLists.txt CODE_OF_CONDUCT.md CONTRIBUTING.md Doxyfile DuckDBConfig.cmake.in DuckDBConfigVersion.cmake.in LICENSE Makefile README.md benchmark build clean-profile.sh data duckdb_benchmark_data duckdb_benchmark_db.db duckdb_unittest_tempdir examples extension extension_config.cmake logo scripts sf_1_t1.out src ssb-benchmark-fixed.log ssb-benchmark.log ssb-elapsed.out ssb_sf1.duckdb ssb_sf10.duckdb ssb_sf100.duckdb test test-detailed-profile copy.log test-detailed-profile.log test-detailed-profile.out test-profile.out test.out test2-profile.json test2-profile.out third_party tools CAST(lo_discount AS INTEGER))", "Estimated Cardinality": "33039584" }, "operator_type": "PROJECTION", "cpu_time": 2.952878999990147, "children": [ { "result_set_size": 154955359, "operator_timing": 0.28999199999918884, "operator_rows_scanned": 0, "cumulative_rows_scanned": 600040701, "operator_cardinality": 11919643, "cumulative_cardinality": 23839651, "extra_info": { "Join Type": "INNER", "Conditions": "lo_orderdate = d_datekey", "Build Min": "1992-01-01", "Build Max": "1998-12-30", "Estimated Cardinality": "33039584" }, "operator_type": "HASH_JOIN", "cpu_time": 2.948843999990147, "children": [ { "result_set_size": 107276787, "operator_timing": 2.658842999990958, "operator_rows_scanned": 600038145, "cumulative_rows_scanned": 600038145, "operator_cardinality": 11919643, "cumulative_cardinality": 11919643, "extra_info": { "Text": "lineorder", "Projections": [ "lo_orderdate", "lo_discount", "lo_extendedprice" ], "Filters": [ "lo_discount>=1 AND lo_discount<=3 AND lo_discount IS NOT NULL", "lo_quantity<25 AND lo_quantity IS NOT NULL" ], "Estimated Cardinality": "120007629" }, "operator_type": "TABLE_SCAN", "cpu_time": 2.658842999990958, "children": [] }, { "result_set_size": 1460, "operator_timing": 0.000009, "operator_rows_scanned": 2556, "cumulative_rows_scanned": 2556, "operator_cardinality": 365, "cumulative_cardinality": 365, "extra_info": { "Text": "date", "Projections": "d_datekey", "Filters": "d_year=1994 AND d_year IS NOT NULL", "Estimated Cardinality": "639" }, "operator_type": "TABLE_SCAN", "cpu_time": 0.000009, "children": [] } ] } ] } ] } ] }, { "benchmark_name": "SSBQ1v1S100T1", "scale_factor": "100", "thread_count": "1", "all_optimizers": 0.00011799999999999998, "cumulative_optimizer_timing": 0.00011800000000000001, "planner": 0.00009499999999999999, "planner_binding": 0.000093, "physical_planner": 0.000011999999999999999, "physical_planner_column_binding": 0.000002, "physical_planner_resolve_types": 0.0, "physical_planner_create_plan": 0.000008, "optimizer_expression_rewriter": 0.000022, "optimizer_filter_pullup": 0.000001, "optimizer_filter_pushdown": 0.000025, "optimizer_cte_filter_pusher": 0.000001, "optimizer_regex_range": 0.0, "optimizer_in_clause": 0.000001, "optimizer_join_order": 0.000032, "optimizer_deliminator": 0.0, "optimizer_unnest_rewriter": 0.0, "optimizer_unused_columns": 0.000004, "optimizer_statistics_propagation": 0.000013, "optimizer_limit_pushdown": 0.000001, "optimizer_top_n": 0.0, "optimizer_compressed_materialization": 0.0, "optimizer_duplicate_groups": 0.000001, "optimizer_reorder_filter": 0.000002, "optimizer_join_filter_pushdown": 0.000005, "optimizer_extension": 0.0, "optimizer_materialized_cte": 0.0, "optimizer_build_side_probe_side": 0.000003, "result_set_size": 16, "optimizer_column_lifetime": 0.000003, "operator_timing": 2.96533, "optimizer_common_aggregate": 0.000001, "operator_rows_scanned": 0, "optimizer_common_subexpressions": 0.000003, "cumulative_rows_scanned": 600040701, "operator_cardinality": 0, "cumulative_cardinality": 35759295, "extra_info": {}, "cpu_time": 5.885400999989935, "blocked_thread_time": 0.0, "query_name": "SELECT SUM(lo_extendedprice CITATION.cff CMakeLists.txt CODE_OF_CONDUCT.md CONTRIBUTING.md Doxyfile DuckDBConfig.cmake.in DuckDBConfigVersion.cmake.in LICENSE Makefile README.md benchmark build clean-profile.sh data duckdb_benchmark_data duckdb_benchmark_db.db duckdb_unittest_tempdir examples extension extension_config.cmake logo scripts sf_1_t1.out src ssb-benchmark-fixed.log ssb-benchmark.log ssb-elapsed.out ssb_sf1.duckdb ssb_sf10.duckdb ssb_sf100.duckdb test test-detailed-profile copy.log test-detailed-profile.log test-detailed-profile.out test-profile.out test.out test2-profile.json test2-profile.out third_party tools lo_discount) AS revenue FROM lineorder, date WHERE lo_orderdate = d_datekey AND d_year = 1994 AND lo_discount BETWEEN 1 AND 3 AND lo_quantity < 25;", "children": [ { "result_set_size": 16, "operator_timing": 0.008646000000000315, "operator_rows_scanned": 0, "cumulative_rows_scanned": 600040701, "operator_cardinality": 1, "cumulative_cardinality": 35759295, "extra_info": { "Aggregates": "sum(#0)" }, "operator_type": "UNGROUPED_AGGREGATE", "cpu_time": 2.9200709999899357, "children": [ { "result_set_size": 47678572, "operator_timing": 0.00390100000000019, "operator_rows_scanned": 0, "cumulative_rows_scanned": 600040701, "operator_cardinality": 11919643, "cumulative_cardinality": 35759294, "extra_info": { "Projections": "(lo_extendedprice CITATION.cff CMakeLists.txt CODE_OF_CONDUCT.md CONTRIBUTING.md Doxyfile DuckDBConfig.cmake.in DuckDBConfigVersion.cmake.in LICENSE Makefile README.md benchmark build clean-profile.sh data duckdb_benchmark_data duckdb_benchmark_db.db duckdb_unittest_tempdir examples extension extension_config.cmake logo scripts sf_1_t1.out src ssb-benchmark-fixed.log ssb-benchmark.log ssb-elapsed.out ssb_sf1.duckdb ssb_sf10.duckdb ssb_sf100.duckdb test test-detailed-profile copy.log test-detailed-profile.log test-detailed-profile.out test-profile.out test.out test2-profile.json test2-profile.out third_party tools CAST(lo_discount AS INTEGER))", "Estimated Cardinality": "33039584" }, "operator_type": "PROJECTION", "cpu_time": 2.9114249999899355, "children": [ { "result_set_size": 154955359, "operator_timing": 0.28130699999941666, "operator_rows_scanned": 0, "cumulative_rows_scanned": 600040701, "operator_cardinality": 11919643, "cumulative_cardinality": 23839651, "extra_info": { "Join Type": "INNER", "Conditions": "lo_orderdate = d_datekey", "Build Min": "1992-01-01", "Build Max": "1998-12-30", "Estimated Cardinality": "33039584" }, "operator_type": "HASH_JOIN", "cpu_time": 2.907523999989935, "children": [ { "result_set_size": 107276787, "operator_timing": 2.6262069999905187, "operator_rows_scanned": 600038145, "cumulative_rows_scanned": 600038145, "operator_cardinality": 11919643, "cumulative_cardinality": 11919643, "extra_info": { "Text": "lineorder", "Projections": [ "lo_orderdate", "lo_discount", "lo_extendedprice" ], "Filters": [ "lo_discount>=1 AND lo_discount<=3 AND lo_discount IS NOT NULL", "lo_quantity<25 AND lo_quantity IS NOT NULL" ], "Estimated Cardinality": "120007629" }, "operator_type": "TABLE_SCAN", "cpu_time": 2.6262069999905187, "children": [] }, { "result_set_size": 1460, "operator_timing": 0.000009999999999999999, "operator_rows_scanned": 2556, "cumulative_rows_scanned": 2556, "operator_cardinality": 365, "cumulative_cardinality": 365, "extra_info": { "Text": "date", "Projections": "d_datekey", "Filters": "d_year=1994 AND d_year IS NOT NULL", "Estimated Cardinality": "639" }, "operator_type": "TABLE_SCAN", "cpu_time": 0.000009999999999999999, "children": [] } ] } ] } ] } ] }
]
