[
    {
        "benchmark_name": "SSBQ2v2S10T4",
        "scale_factor": "10",
        "thread_count": "4",
        "all_optimizers": 0.00024199999999999997,
        "cumulative_optimizer_timing": 0.000242,
        "planner": 0.000115,
        "planner_binding": 0.000112,
        "physical_planner": 0.000027,
        "physical_planner_column_binding": 0.000005,
        "physical_planner_resolve_types": 0.000001,
        "physical_planner_create_plan": 0.000016,
        "optimizer_expression_rewriter": 0.000021,
        "optimizer_filter_pullup": 0.000004,
        "optimizer_filter_pushdown": 0.000035,
        "optimizer_cte_filter_pusher": 0.000001,
        "optimizer_regex_range": 0.0,
        "optimizer_in_clause": 0.000001,
        "optimizer_join_order": 0.000071,
        "optimizer_deliminator": 0.0,
        "optimizer_unnest_rewriter": 0.000001,
        "optimizer_unused_columns": 0.000005,
        "optimizer_statistics_propagation": 0.000067,
        "optimizer_limit_pushdown": 0.0,
        "optimizer_top_n": 0.000001,
        "optimizer_compressed_materialization": 0.0,
        "optimizer_duplicate_groups": 0.000002,
        "optimizer_reorder_filter": 0.000003,
        "optimizer_join_filter_pushdown": 0.000008,
        "optimizer_extension": 0.0,
        "optimizer_materialized_cte": 0.0,
        "optimizer_build_side_probe_side": 0.000009,
        "result_set_size": 1904,
        "optimizer_column_lifetime": 0.000009999999999999999,
        "operator_timing": 0.163455,
        "optimizer_common_aggregate": 0.000002,
        "operator_rows_scanned": 0,
        "optimizer_common_subexpressions": 0.000001,
        "cumulative_rows_scanned": 243192956,
        "operator_cardinality": 0,
        "cumulative_cardinality": 72248540,
        "extra_info": {},
        "cpu_time": 0.7860379999999605,
        "blocked_thread_time": 0.0,
        "query_name": "SELECT SUM(lo_revenue), d_year, p_brand1 FROM lineorder, date, part, supplier WHERE lo_orderdate = d_datekey AND lo_partkey = p_partkey AND lo_suppkey = s_suppkey AND p_brand1 BETWEEN 'MFGR#2221' AND 'MFGR#2228' AND s_region = 'ASIA' GROUP BY d_year, p_brand1 ORDER BY d_year, p_brand1;",
        "children": [
            {
                "result_set_size": 1904,
                "operator_timing": 0.000003,
                "operator_rows_scanned": 0,
                "cumulative_rows_scanned": 243192956,
                "operator_cardinality": 56,
                "cumulative_cardinality": 72248540,
                "extra_info": {
                    "Projections": [
                        "#0",
                        "__internal_decompress_integral_smallint(#1, 1992)",
                        "__internal_decompress_string(#2)"
                    ],
                    "Estimated Cardinality": "679734"
                },
                "operator_type": "PROJECTION",
                "cpu_time": 0.6225829999999605,
                "children": [
                    {
                        "result_set_size": 1848,
                        "operator_timing": 0.000341,
                        "operator_rows_scanned": 0,
                        "cumulative_rows_scanned": 243192956,
                        "operator_cardinality": 56,
                        "cumulative_cardinality": 72248484,
                        "extra_info": {
                            "Order By": [
                                "date.d_year ASC",
                                "part.p_brand1 ASC"
                            ]
                        },
                        "operator_type": "ORDER_BY",
                        "cpu_time": 0.6225799999999605,
                        "children": [
                            {
                                "result_set_size": 1848,
                                "operator_timing": 0.000002,
                                "operator_rows_scanned": 0,
                                "cumulative_rows_scanned": 243192956,
                                "operator_cardinality": 56,
                                "cumulative_cardinality": 72248428,
                                "extra_info": {
                                    "Projections": [
                                        "#0",
                                        "__internal_compress_integral_utinyint(#1, 1992)",
                                        "__internal_compress_string_hugeint(#2)"
                                    ],
                                    "Estimated Cardinality": "679734"
                                },
                                "operator_type": "PROJECTION",
                                "cpu_time": 0.6222389999999605,
                                "children": [
                                    {
                                        "result_set_size": 1904,
                                        "operator_timing": 0.000002,
                                        "operator_rows_scanned": 0,
                                        "cumulative_rows_scanned": 243192956,
                                        "operator_cardinality": 56,
                                        "cumulative_cardinality": 72248372,
                                        "extra_info": {
                                            "Projections": [
                                                "sum(lo_revenue)",
                                                "d_year",
                                                "p_brand1"
                                            ],
                                            "Estimated Cardinality": "679734"
                                        },
                                        "operator_type": "PROJECTION",
                                        "cpu_time": 0.6222369999999605,
                                        "children": [
                                            {
                                                "result_set_size": 1904,
                                                "operator_timing": 0.0000049999999999999996,
                                                "operator_rows_scanned": 0,
                                                "cumulative_rows_scanned": 243192956,
                                                "operator_cardinality": 56,
                                                "cumulative_cardinality": 72248316,
                                                "extra_info": {
                                                    "Projections": [
                                                        "__internal_decompress_integral_smallint(#0, 1992)",
                                                        "__internal_decompress_string(#1)",
                                                        "#2"
                                                    ],
                                                    "Estimated Cardinality": "679734"
                                                },
                                                "operator_type": "PROJECTION",
                                                "cpu_time": 0.6222349999999606,
                                                "children": [
                                                    {
                                                        "result_set_size": 1848,
                                                        "operator_timing": 0.00157,
                                                        "operator_rows_scanned": 0,
                                                        "cumulative_rows_scanned": 243192956,
                                                        "operator_cardinality": 56,
                                                        "cumulative_cardinality": 72248260,
                                                        "extra_info": {
                                                            "Groups": [
                                                                "#0",
                                                                "#1"
                                                            ],
                                                            "Aggregates": "sum(#2)",
                                                            "Estimated Cardinality": "679734"
                                                        },
                                                        "operator_type": "HASH_GROUP_BY",
                                                        "cpu_time": 0.6222299999999605,
                                                        "children": [
                                                            {
                                                                "result_set_size": 2004408,
                                                                "operator_timing": 0.000006,
                                                                "operator_rows_scanned": 0,
                                                                "cumulative_rows_scanned": 243192956,
                                                                "operator_cardinality": 95448,
                                                                "cumulative_cardinality": 72248204,
                                                                "extra_info": {
                                                                    "Projections": [
                                                                        "d_year",
                                                                        "p_brand1",
                                                                        "lo_revenue"
                                                                    ],
                                                                    "Estimated Cardinality": "3031087"
                                                                },
                                                                "operator_type": "PROJECTION",
                                                                "cpu_time": 0.6206599999999606,
                                                                "children": [
                                                                    {
                                                                        "result_set_size": 3913368,
                                                                        "operator_timing": 0.00047999999999999996,
                                                                        "operator_rows_scanned": 0,
                                                                        "cumulative_rows_scanned": 243192956,
                                                                        "operator_cardinality": 95448,
                                                                        "cumulative_cardinality": 72152756,
                                                                        "extra_info": {
                                                                            "Projections": [
                                                                                "#0",
                                                                                "#1",
                                                                                "__internal_compress_integral_usmallint(#2, 1)",
                                                                                "#3",
                                                                                "__internal_compress_integral_usmallint(#4, 1)",
                                                                                "#5",
                                                                                "__internal_compress_string_hugeint(#6)",
                                                                                "#7",
                                                                                "__internal_compress_integral_utinyint(#8, 1992)"
                                                                            ],
                                                                            "Estimated Cardinality": "3031087"
                                                                        },
                                                                        "operator_type": "PROJECTION",
                                                                        "cpu_time": 0.6206539999999606,
                                                                        "children": [
                                                                            {
                                                                                "result_set_size": 4390608,
                                                                                "operator_timing": 0.000205,
                                                                                "operator_rows_scanned": 0,
                                                                                "cumulative_rows_scanned": 243192956,
                                                                                "operator_cardinality": 95448,
                                                                                "cumulative_cardinality": 72057308,
                                                                                "extra_info": {
                                                                                    "Join Type": "INNER",
                                                                                    "Conditions": "lo_orderdate = d_datekey",
                                                                                    "Build Min": "1992-01-01",
                                                                                    "Build Max": "1998-12-30",
                                                                                    "Estimated Cardinality": "3031087"
                                                                                },
                                                                                "operator_type": "HASH_JOIN",
                                                                                "cpu_time": 0.6201739999999606,
                                                                                "children": [
                                                                                    {
                                                                                        "result_set_size": 3817920,
                                                                                        "operator_timing": 0.0801009999999967,
                                                                                        "operator_rows_scanned": 0,
                                                                                        "cumulative_rows_scanned": 243190400,
                                                                                        "operator_cardinality": 95448,
                                                                                        "cumulative_cardinality": 71959304,
                                                                                        "extra_info": {
                                                                                            "Join Type": "INNER",
                                                                                            "Conditions": "lo_partkey = p_partkey",
                                                                                            "Build Min": "1",
                                                                                            "Build Max": "600000",
                                                                                            "Estimated Cardinality": "2752407"
                                                                                        },
                                                                                        "operator_type": "HASH_JOIN",
                                                                                        "cpu_time": 0.6199649999999606,
                                                                                        "children": [
                                                                                            {
                                                                                                "result_set_size": 238331920,
                                                                                                "operator_timing": 0.18704999999999158,
                                                                                                "operator_rows_scanned": 0,
                                                                                                "cumulative_rows_scanned": 239990400,
                                                                                                "operator_cardinality": 11916596,
                                                                                                "cumulative_cardinality": 71852694,
                                                                                                "extra_info": {
                                                                                                    "Join Type": "INNER",
                                                                                                    "Conditions": "lo_suppkey = s_suppkey",
                                                                                                    "Build Min": "1",
                                                                                                    "Build Max": "20000",
                                                                                                    "Estimated Cardinality": "11998520"
                                                                                                },
                                                                                                "operator_type": "HASH_JOIN",
                                                                                                "cpu_time": 0.5352839999999639,
                                                                                                "children": [
                                                                                                    {
                                                                                                        "result_set_size": 958913984,
                                                                                                        "operator_timing": 0.3481539999999723,
                                                                                                        "operator_rows_scanned": 239970400,
                                                                                                        "cumulative_rows_scanned": 239970400,
                                                                                                        "operator_cardinality": 59932124,
                                                                                                        "cumulative_cardinality": 59932124,
                                                                                                        "extra_info": {
                                                                                                            "Text": "lineorder",
                                                                                                            "Projections": [
                                                                                                                "lo_orderdate",
                                                                                                                "lo_partkey",
                                                                                                                "lo_suppkey",
                                                                                                                "lo_revenue"
                                                                                                            ],
                                                                                                            "Estimated Cardinality": "59992600"
                                                                                                        },
                                                                                                        "operator_type": "TABLE_SCAN",
                                                                                                        "cpu_time": 0.3481539999999723,
                                                                                                        "children": []
                                                                                                    },
                                                                                                    {
                                                                                                        "result_set_size": 15896,
                                                                                                        "operator_timing": 0.00007999999999999999,
                                                                                                        "operator_rows_scanned": 20000,
                                                                                                        "cumulative_rows_scanned": 20000,
                                                                                                        "operator_cardinality": 3974,
                                                                                                        "cumulative_cardinality": 3974,
                                                                                                        "extra_info": {
                                                                                                            "Text": "supplier",
                                                                                                            "Projections": "s_suppkey",
                                                                                                            "Filters": "s_region='ASIA' AND s_region IS NOT NULL",
                                                                                                            "Estimated Cardinality": "4000"
                                                                                                        },
                                                                                                        "operator_type": "TABLE_SCAN",
                                                                                                        "cpu_time": 0.00007999999999999999,
                                                                                                        "children": []
                                                                                                    }
                                                                                                ]
                                                                                            },
                                                                                            {
                                                                                                "result_set_size": 95380,
                                                                                                "operator_timing": 0.00025999999999999965,
                                                                                                "operator_rows_scanned": 0,
                                                                                                "cumulative_rows_scanned": 3200000,
                                                                                                "operator_cardinality": 4769,
                                                                                                "cumulative_cardinality": 11162,
                                                                                                "extra_info": {
                                                                                                    "Expression": "(p_partkey <= 600000)",
                                                                                                    "Estimated Cardinality": "160000"
                                                                                                },
                                                                                                "operator_type": "FILTER",
                                                                                                "cpu_time": 0.004580000000000004,
                                                                                                "children": [
                                                                                                    {
                                                                                                        "result_set_size": 127860,
                                                                                                        "operator_timing": 0.004320000000000004,
                                                                                                        "operator_rows_scanned": 3200000,
                                                                                                        "cumulative_rows_scanned": 3200000,
                                                                                                        "operator_cardinality": 6393,
                                                                                                        "cumulative_cardinality": 6393,
                                                                                                        "extra_info": {
                                                                                                            "Text": "part",
                                                                                                            "Projections": [
                                                                                                                "p_partkey",
                                                                                                                "p_brand1"
                                                                                                            ],
                                                                                                            "Filters": "p_brand1>='MFGR#2221' AND p_brand1<='MFGR#2228' AND p_brand1 IS NOT NULL",
                                                                                                            "Estimated Cardinality": "160000"
                                                                                                        },
                                                                                                        "operator_type": "TABLE_SCAN",
                                                                                                        "cpu_time": 0.004320000000000004,
                                                                                                        "children": []
                                                                                                    }
                                                                                                ]
                                                                                            }
                                                                                        ]
                                                                                    },
                                                                                    {
                                                                                        "result_set_size": 15336,
                                                                                        "operator_timing": 0.000004,
                                                                                        "operator_rows_scanned": 2556,
                                                                                        "cumulative_rows_scanned": 2556,
                                                                                        "operator_cardinality": 2556,
                                                                                        "cumulative_cardinality": 2556,
                                                                                        "extra_info": {
                                                                                            "Text": "date",
                                                                                            "Projections": [
                                                                                                "d_datekey",
                                                                                                "d_year"
                                                                                            ],
                                                                                            "Estimated Cardinality": "2556"
                                                                                        },
                                                                                        "operator_type": "TABLE_SCAN",
                                                                                        "cpu_time": 0.000004,
                                                                                        "children": []
                                                                                    }
                                                                                ]
                                                                            }
                                                                        ]
                                                                    }
                                                                ]
                                                            }
                                                        ]
                                                    }
                                                ]
                                            }
                                        ]
                                    }
                                ]
                            }
                        ]
                    }
                ]
            }
        ]
    },
    {
        "benchmark_name": "SSBQ2v2S10T4",
        "scale_factor": "10",
        "thread_count": "4",
        "all_optimizers": 0.000239,
        "cumulative_optimizer_timing": 0.000238,
        "planner": 0.000107,
        "planner_binding": 0.000105,
        "physical_planner": 0.000027,
        "physical_planner_column_binding": 0.000004,
        "physical_planner_resolve_types": 0.000001,
        "physical_planner_create_plan": 0.000019,
        "optimizer_expression_rewriter": 0.000025,
        "optimizer_filter_pullup": 0.000003,
        "optimizer_filter_pushdown": 0.000037,
        "optimizer_cte_filter_pusher": 0.000001,
        "optimizer_regex_range": 0.0,
        "optimizer_in_clause": 0.000001,
        "optimizer_join_order": 0.000068,
        "optimizer_deliminator": 0.000001,
        "optimizer_unnest_rewriter": 0.0,
        "optimizer_unused_columns": 0.000005,
        "optimizer_statistics_propagation": 0.000063,
        "optimizer_limit_pushdown": 0.000001,
        "optimizer_top_n": 0.0,
        "optimizer_compressed_materialization": 0.0,
        "optimizer_duplicate_groups": 0.000003,
        "optimizer_reorder_filter": 0.000003,
        "optimizer_join_filter_pushdown": 0.00001,
        "optimizer_extension": 0.0,
        "optimizer_materialized_cte": 0.0,
        "optimizer_build_side_probe_side": 0.000005,
        "result_set_size": 1904,
        "optimizer_column_lifetime": 0.00001,
        "operator_timing": 0.162739,
        "optimizer_common_aggregate": 0.000001,
        "operator_rows_scanned": 0,
        "optimizer_common_subexpressions": 0.000001,
        "cumulative_rows_scanned": 243192956,
        "operator_cardinality": 0,
        "cumulative_cardinality": 72248540,
        "extra_info": {},
        "cpu_time": 0.7818869999999616,
        "blocked_thread_time": 0.0,
        "query_name": "SELECT SUM(lo_revenue), d_year, p_brand1 FROM lineorder, date, part, supplier WHERE lo_orderdate = d_datekey AND lo_partkey = p_partkey AND lo_suppkey = s_suppkey AND p_brand1 BETWEEN 'MFGR#2221' AND 'MFGR#2228' AND s_region = 'ASIA' GROUP BY d_year, p_brand1 ORDER BY d_year, p_brand1;",
        "children": [
            {
                "result_set_size": 1904,
                "operator_timing": 0.000003,
                "operator_rows_scanned": 0,
                "cumulative_rows_scanned": 243192956,
                "operator_cardinality": 56,
                "cumulative_cardinality": 72248540,
                "extra_info": {
                    "Projections": [
                        "#0",
                        "__internal_decompress_integral_smallint(#1, 1992)",
                        "__internal_decompress_string(#2)"
                    ],
                    "Estimated Cardinality": "679734"
                },
                "operator_type": "PROJECTION",
                "cpu_time": 0.6191479999999616,
                "children": [
                    {
                        "result_set_size": 1848,
                        "operator_timing": 0.000299,
                        "operator_rows_scanned": 0,
                        "cumulative_rows_scanned": 243192956,
                        "operator_cardinality": 56,
                        "cumulative_cardinality": 72248484,
                        "extra_info": {
                            "Order By": [
                                "date.d_year ASC",
                                "part.p_brand1 ASC"
                            ]
                        },
                        "operator_type": "ORDER_BY",
                        "cpu_time": 0.6191449999999616,
                        "children": [
                            {
                                "result_set_size": 1848,
                                "operator_timing": 0.000002,
                                "operator_rows_scanned": 0,
                                "cumulative_rows_scanned": 243192956,
                                "operator_cardinality": 56,
                                "cumulative_cardinality": 72248428,
                                "extra_info": {
                                    "Projections": [
                                        "#0",
                                        "__internal_compress_integral_utinyint(#1, 1992)",
                                        "__internal_compress_string_hugeint(#2)"
                                    ],
                                    "Estimated Cardinality": "679734"
                                },
                                "operator_type": "PROJECTION",
                                "cpu_time": 0.6188459999999616,
                                "children": [
                                    {
                                        "result_set_size": 1904,
                                        "operator_timing": 0.000002,
                                        "operator_rows_scanned": 0,
                                        "cumulative_rows_scanned": 243192956,
                                        "operator_cardinality": 56,
                                        "cumulative_cardinality": 72248372,
                                        "extra_info": {
                                            "Projections": [
                                                "sum(lo_revenue)",
                                                "d_year",
                                                "p_brand1"
                                            ],
                                            "Estimated Cardinality": "679734"
                                        },
                                        "operator_type": "PROJECTION",
                                        "cpu_time": 0.6188439999999616,
                                        "children": [
                                            {
                                                "result_set_size": 1904,
                                                "operator_timing": 0.000006,
                                                "operator_rows_scanned": 0,
                                                "cumulative_rows_scanned": 243192956,
                                                "operator_cardinality": 56,
                                                "cumulative_cardinality": 72248316,
                                                "extra_info": {
                                                    "Projections": [
                                                        "__internal_decompress_integral_smallint(#0, 1992)",
                                                        "__internal_decompress_string(#1)",
                                                        "#2"
                                                    ],
                                                    "Estimated Cardinality": "679734"
                                                },
                                                "operator_type": "PROJECTION",
                                                "cpu_time": 0.6188419999999617,
                                                "children": [
                                                    {
                                                        "result_set_size": 1848,
                                                        "operator_timing": 0.001632,
                                                        "operator_rows_scanned": 0,
                                                        "cumulative_rows_scanned": 243192956,
                                                        "operator_cardinality": 56,
                                                        "cumulative_cardinality": 72248260,
                                                        "extra_info": {
                                                            "Groups": [
                                                                "#0",
                                                                "#1"
                                                            ],
                                                            "Aggregates": "sum(#2)",
                                                            "Estimated Cardinality": "679734"
                                                        },
                                                        "operator_type": "HASH_GROUP_BY",
                                                        "cpu_time": 0.6188359999999618,
                                                        "children": [
                                                            {
                                                                "result_set_size": 2004408,
                                                                "operator_timing": 0.000008,
                                                                "operator_rows_scanned": 0,
                                                                "cumulative_rows_scanned": 243192956,
                                                                "operator_cardinality": 95448,
                                                                "cumulative_cardinality": 72248204,
                                                                "extra_info": {
                                                                    "Projections": [
                                                                        "d_year",
                                                                        "p_brand1",
                                                                        "lo_revenue"
                                                                    ],
                                                                    "Estimated Cardinality": "3031087"
                                                                },
                                                                "operator_type": "PROJECTION",
                                                                "cpu_time": 0.6172039999999618,
                                                                "children": [
                                                                    {
                                                                        "result_set_size": 3913368,
                                                                        "operator_timing": 0.00046699999999999997,
                                                                        "operator_rows_scanned": 0,
                                                                        "cumulative_rows_scanned": 243192956,
                                                                        "operator_cardinality": 95448,
                                                                        "cumulative_cardinality": 72152756,
                                                                        "extra_info": {
                                                                            "Projections": [
                                                                                "#0",
                                                                                "#1",
                                                                                "__internal_compress_integral_usmallint(#2, 1)",
                                                                                "#3",
                                                                                "__internal_compress_integral_usmallint(#4, 1)",
                                                                                "#5",
                                                                                "__internal_compress_string_hugeint(#6)",
                                                                                "#7",
                                                                                "__internal_compress_integral_utinyint(#8, 1992)"
                                                                            ],
                                                                            "Estimated Cardinality": "3031087"
                                                                        },
                                                                        "operator_type": "PROJECTION",
                                                                        "cpu_time": 0.6171959999999618,
                                                                        "children": [
                                                                            {
                                                                                "result_set_size": 4390608,
                                                                                "operator_timing": 0.000215,
                                                                                "operator_rows_scanned": 0,
                                                                                "cumulative_rows_scanned": 243192956,
                                                                                "operator_cardinality": 95448,
                                                                                "cumulative_cardinality": 72057308,
                                                                                "extra_info": {
                                                                                    "Join Type": "INNER",
                                                                                    "Conditions": "lo_orderdate = d_datekey",
                                                                                    "Build Min": "1992-01-01",
                                                                                    "Build Max": "1998-12-30",
                                                                                    "Estimated Cardinality": "3031087"
                                                                                },
                                                                                "operator_type": "HASH_JOIN",
                                                                                "cpu_time": 0.6167289999999618,
                                                                                "children": [
                                                                                    {
                                                                                        "result_set_size": 3817920,
                                                                                        "operator_timing": 0.0791359999999974,
                                                                                        "operator_rows_scanned": 0,
                                                                                        "cumulative_rows_scanned": 243190400,
                                                                                        "operator_cardinality": 95448,
                                                                                        "cumulative_cardinality": 71959304,
                                                                                        "extra_info": {
                                                                                            "Join Type": "INNER",
                                                                                            "Conditions": "lo_partkey = p_partkey",
                                                                                            "Build Min": "1",
                                                                                            "Build Max": "600000",
                                                                                            "Estimated Cardinality": "2752407"
                                                                                        },
                                                                                        "operator_type": "HASH_JOIN",
                                                                                        "cpu_time": 0.6165089999999618,
                                                                                        "children": [
                                                                                            {
                                                                                                "result_set_size": 238331920,
                                                                                                "operator_timing": 0.187251999999992,
                                                                                                "operator_rows_scanned": 0,
                                                                                                "cumulative_rows_scanned": 239990400,
                                                                                                "operator_cardinality": 11916596,
                                                                                                "cumulative_cardinality": 71852694,
                                                                                                "extra_info": {
                                                                                                    "Join Type": "INNER",
                                                                                                    "Conditions": "lo_suppkey = s_suppkey",
                                                                                                    "Build Min": "1",
                                                                                                    "Build Max": "20000",
                                                                                                    "Estimated Cardinality": "11998520"
                                                                                                },
                                                                                                "operator_type": "HASH_JOIN",
                                                                                                "cpu_time": 0.5328399999999643,
                                                                                                "children": [
                                                                                                    {
                                                                                                        "result_set_size": 958913984,
                                                                                                        "operator_timing": 0.3455089999999723,
                                                                                                        "operator_rows_scanned": 239970400,
                                                                                                        "cumulative_rows_scanned": 239970400,
                                                                                                        "operator_cardinality": 59932124,
                                                                                                        "cumulative_cardinality": 59932124,
                                                                                                        "extra_info": {
                                                                                                            "Text": "lineorder",
                                                                                                            "Projections": [
                                                                                                                "lo_orderdate",
                                                                                                                "lo_partkey",
                                                                                                                "lo_suppkey",
                                                                                                                "lo_revenue"
                                                                                                            ],
                                                                                                            "Estimated Cardinality": "59992600"
                                                                                                        },
                                                                                                        "operator_type": "TABLE_SCAN",
                                                                                                        "cpu_time": 0.3455089999999723,
                                                                                                        "children": []
                                                                                                    },
                                                                                                    {
                                                                                                        "result_set_size": 15896,
                                                                                                        "operator_timing": 0.00007899999999999998,
                                                                                                        "operator_rows_scanned": 20000,
                                                                                                        "cumulative_rows_scanned": 20000,
                                                                                                        "operator_cardinality": 3974,
                                                                                                        "cumulative_cardinality": 3974,
                                                                                                        "extra_info": {
                                                                                                            "Text": "supplier",
                                                                                                            "Projections": "s_suppkey",
                                                                                                            "Filters": "s_region='ASIA' AND s_region IS NOT NULL",
                                                                                                            "Estimated Cardinality": "4000"
                                                                                                        },
                                                                                                        "operator_type": "TABLE_SCAN",
                                                                                                        "cpu_time": 0.00007899999999999998,
                                                                                                        "children": []
                                                                                                    }
                                                                                                ]
                                                                                            },
                                                                                            {
                                                                                                "result_set_size": 95380,
                                                                                                "operator_timing": 0.00023699999999999974,
                                                                                                "operator_rows_scanned": 0,
                                                                                                "cumulative_rows_scanned": 3200000,
                                                                                                "operator_cardinality": 4769,
                                                                                                "cumulative_cardinality": 11162,
                                                                                                "extra_info": {
                                                                                                    "Expression": "(p_partkey <= 600000)",
                                                                                                    "Estimated Cardinality": "160000"
                                                                                                },
                                                                                                "operator_type": "FILTER",
                                                                                                "cpu_time": 0.004533000000000004,
                                                                                                "children": [
                                                                                                    {
                                                                                                        "result_set_size": 127860,
                                                                                                        "operator_timing": 0.004296000000000005,
                                                                                                        "operator_rows_scanned": 3200000,
                                                                                                        "cumulative_rows_scanned": 3200000,
                                                                                                        "operator_cardinality": 6393,
                                                                                                        "cumulative_cardinality": 6393,
                                                                                                        "extra_info": {
                                                                                                            "Text": "part",
                                                                                                            "Projections": [
                                                                                                                "p_partkey",
                                                                                                                "p_brand1"
                                                                                                            ],
                                                                                                            "Filters": "p_brand1>='MFGR#2221' AND p_brand1<='MFGR#2228' AND p_brand1 IS NOT NULL",
                                                                                                            "Estimated Cardinality": "160000"
                                                                                                        },
                                                                                                        "operator_type": "TABLE_SCAN",
                                                                                                        "cpu_time": 0.004296000000000005,
                                                                                                        "children": []
                                                                                                    }
                                                                                                ]
                                                                                            }
                                                                                        ]
                                                                                    },
                                                                                    {
                                                                                        "result_set_size": 15336,
                                                                                        "operator_timing": 0.0000049999999999999996,
                                                                                        "operator_rows_scanned": 2556,
                                                                                        "cumulative_rows_scanned": 2556,
                                                                                        "operator_cardinality": 2556,
                                                                                        "cumulative_cardinality": 2556,
                                                                                        "extra_info": {
                                                                                            "Text": "date",
                                                                                            "Projections": [
                                                                                                "d_datekey",
                                                                                                "d_year"
                                                                                            ],
                                                                                            "Estimated Cardinality": "2556"
                                                                                        },
                                                                                        "operator_type": "TABLE_SCAN",
                                                                                        "cpu_time": 0.0000049999999999999996,
                                                                                        "children": []
                                                                                    }
                                                                                ]
                                                                            }
                                                                        ]
                                                                    }
                                                                ]
                                                            }
                                                        ]
                                                    }
                                                ]
                                            }
                                        ]
                                    }
                                ]
                            }
                        ]
                    }
                ]
            }
        ]
    },
    {
        "benchmark_name": "SSBQ2v2S10T4",
        "scale_factor": "10",
        "thread_count": "4",
        "all_optimizers": 0.00022199999999999998,
        "cumulative_optimizer_timing": 0.000221,
        "planner": 0.00010099999999999999,
        "planner_binding": 0.000099,
        "physical_planner": 0.000024,
        "physical_planner_column_binding": 0.000004,
        "physical_planner_resolve_types": 0.000001,
        "physical_planner_create_plan": 0.000016,
        "optimizer_expression_rewriter": 0.00002,
        "optimizer_filter_pullup": 0.000001,
        "optimizer_filter_pushdown": 0.000037,
        "optimizer_cte_filter_pusher": 0.000001,
        "optimizer_regex_range": 0.0,
        "optimizer_in_clause": 0.000001,
        "optimizer_join_order": 0.000064,
        "optimizer_deliminator": 0.0,
        "optimizer_unnest_rewriter": 0.000001,
        "optimizer_unused_columns": 0.000004,
        "optimizer_statistics_propagation": 0.000062,
        "optimizer_limit_pushdown": 0.0,
        "optimizer_top_n": 0.0,
        "optimizer_compressed_materialization": 0.0,
        "optimizer_duplicate_groups": 0.000003,
        "optimizer_reorder_filter": 0.000003,
        "optimizer_join_filter_pushdown": 0.000007,
        "optimizer_extension": 0.0,
        "optimizer_materialized_cte": 0.0,
        "optimizer_build_side_probe_side": 0.000005,
        "result_set_size": 1904,
        "optimizer_column_lifetime": 0.000009,
        "operator_timing": 0.157874,
        "optimizer_common_aggregate": 0.000002,
        "operator_rows_scanned": 0,
        "optimizer_common_subexpressions": 0.000001,
        "cumulative_rows_scanned": 243192956,
        "operator_cardinality": 0,
        "cumulative_cardinality": 72248540,
        "extra_info": {},
        "cpu_time": 0.7636679999999575,
        "blocked_thread_time": 0.0,
        "query_name": "SELECT SUM(lo_revenue), d_year, p_brand1 FROM lineorder, date, part, supplier WHERE lo_orderdate = d_datekey AND lo_partkey = p_partkey AND lo_suppkey = s_suppkey AND p_brand1 BETWEEN 'MFGR#2221' AND 'MFGR#2228' AND s_region = 'ASIA' GROUP BY d_year, p_brand1 ORDER BY d_year, p_brand1;",
        "children": [
            {
                "result_set_size": 1904,
                "operator_timing": 0.000002,
                "operator_rows_scanned": 0,
                "cumulative_rows_scanned": 243192956,
                "operator_cardinality": 56,
                "cumulative_cardinality": 72248540,
                "extra_info": {
                    "Projections": [
                        "#0",
                        "__internal_decompress_integral_smallint(#1, 1992)",
                        "__internal_decompress_string(#2)"
                    ],
                    "Estimated Cardinality": "679734"
                },
                "operator_type": "PROJECTION",
                "cpu_time": 0.6057939999999575,
                "children": [
                    {
                        "result_set_size": 1848,
                        "operator_timing": 0.00015299999999999998,
                        "operator_rows_scanned": 0,
                        "cumulative_rows_scanned": 243192956,
                        "operator_cardinality": 56,
                        "cumulative_cardinality": 72248484,
                        "extra_info": {
                            "Order By": [
                                "date.d_year ASC",
                                "part.p_brand1 ASC"
                            ]
                        },
                        "operator_type": "ORDER_BY",
                        "cpu_time": 0.6057919999999576,
                        "children": [
                            {
                                "result_set_size": 1848,
                                "operator_timing": 0.000003,
                                "operator_rows_scanned": 0,
                                "cumulative_rows_scanned": 243192956,
                                "operator_cardinality": 56,
                                "cumulative_cardinality": 72248428,
                                "extra_info": {
                                    "Projections": [
                                        "#0",
                                        "__internal_compress_integral_utinyint(#1, 1992)",
                                        "__internal_compress_string_hugeint(#2)"
                                    ],
                                    "Estimated Cardinality": "679734"
                                },
                                "operator_type": "PROJECTION",
                                "cpu_time": 0.6056389999999576,
                                "children": [
                                    {
                                        "result_set_size": 1904,
                                        "operator_timing": 0.0,
                                        "operator_rows_scanned": 0,
                                        "cumulative_rows_scanned": 243192956,
                                        "operator_cardinality": 56,
                                        "cumulative_cardinality": 72248372,
                                        "extra_info": {
                                            "Projections": [
                                                "sum(lo_revenue)",
                                                "d_year",
                                                "p_brand1"
                                            ],
                                            "Estimated Cardinality": "679734"
                                        },
                                        "operator_type": "PROJECTION",
                                        "cpu_time": 0.6056359999999577,
                                        "children": [
                                            {
                                                "result_set_size": 1904,
                                                "operator_timing": 0.0000049999999999999996,
                                                "operator_rows_scanned": 0,
                                                "cumulative_rows_scanned": 243192956,
                                                "operator_cardinality": 56,
                                                "cumulative_cardinality": 72248316,
                                                "extra_info": {
                                                    "Projections": [
                                                        "__internal_decompress_integral_smallint(#0, 1992)",
                                                        "__internal_decompress_string(#1)",
                                                        "#2"
                                                    ],
                                                    "Estimated Cardinality": "679734"
                                                },
                                                "operator_type": "PROJECTION",
                                                "cpu_time": 0.6056359999999577,
                                                "children": [
                                                    {
                                                        "result_set_size": 1848,
                                                        "operator_timing": 0.001287,
                                                        "operator_rows_scanned": 0,
                                                        "cumulative_rows_scanned": 243192956,
                                                        "operator_cardinality": 56,
                                                        "cumulative_cardinality": 72248260,
                                                        "extra_info": {
                                                            "Groups": [
                                                                "#0",
                                                                "#1"
                                                            ],
                                                            "Aggregates": "sum(#2)",
                                                            "Estimated Cardinality": "679734"
                                                        },
                                                        "operator_type": "HASH_GROUP_BY",
                                                        "cpu_time": 0.6056309999999576,
                                                        "children": [
                                                            {
                                                                "result_set_size": 2004408,
                                                                "operator_timing": 0.000006999999999999999,
                                                                "operator_rows_scanned": 0,
                                                                "cumulative_rows_scanned": 243192956,
                                                                "operator_cardinality": 95448,
                                                                "cumulative_cardinality": 72248204,
                                                                "extra_info": {
                                                                    "Projections": [
                                                                        "d_year",
                                                                        "p_brand1",
                                                                        "lo_revenue"
                                                                    ],
                                                                    "Estimated Cardinality": "3031087"
                                                                },
                                                                "operator_type": "PROJECTION",
                                                                "cpu_time": 0.6043439999999576,
                                                                "children": [
                                                                    {
                                                                        "result_set_size": 3913368,
                                                                        "operator_timing": 0.000436,
                                                                        "operator_rows_scanned": 0,
                                                                        "cumulative_rows_scanned": 243192956,
                                                                        "operator_cardinality": 95448,
                                                                        "cumulative_cardinality": 72152756,
                                                                        "extra_info": {
                                                                            "Projections": [
                                                                                "#0",
                                                                                "#1",
                                                                                "__internal_compress_integral_usmallint(#2, 1)",
                                                                                "#3",
                                                                                "__internal_compress_integral_usmallint(#4, 1)",
                                                                                "#5",
                                                                                "__internal_compress_string_hugeint(#6)",
                                                                                "#7",
                                                                                "__internal_compress_integral_utinyint(#8, 1992)"
                                                                            ],
                                                                            "Estimated Cardinality": "3031087"
                                                                        },
                                                                        "operator_type": "PROJECTION",
                                                                        "cpu_time": 0.6043369999999576,
                                                                        "children": [
                                                                            {
                                                                                "result_set_size": 4390608,
                                                                                "operator_timing": 0.000198,
                                                                                "operator_rows_scanned": 0,
                                                                                "cumulative_rows_scanned": 243192956,
                                                                                "operator_cardinality": 95448,
                                                                                "cumulative_cardinality": 72057308,
                                                                                "extra_info": {
                                                                                    "Join Type": "INNER",
                                                                                    "Conditions": "lo_orderdate = d_datekey",
                                                                                    "Build Min": "1992-01-01",
                                                                                    "Build Max": "1998-12-30",
                                                                                    "Estimated Cardinality": "3031087"
                                                                                },
                                                                                "operator_type": "HASH_JOIN",
                                                                                "cpu_time": 0.6039009999999576,
                                                                                "children": [
                                                                                    {
                                                                                        "result_set_size": 3817920,
                                                                                        "operator_timing": 0.07308499999999714,
                                                                                        "operator_rows_scanned": 0,
                                                                                        "cumulative_rows_scanned": 243190400,
                                                                                        "operator_cardinality": 95448,
                                                                                        "cumulative_cardinality": 71959304,
                                                                                        "extra_info": {
                                                                                            "Join Type": "INNER",
                                                                                            "Conditions": "lo_partkey = p_partkey",
                                                                                            "Build Min": "1",
                                                                                            "Build Max": "600000",
                                                                                            "Estimated Cardinality": "2752407"
                                                                                        },
                                                                                        "operator_type": "HASH_JOIN",
                                                                                        "cpu_time": 0.6037009999999576,
                                                                                        "children": [
                                                                                            {
                                                                                                "result_set_size": 238331920,
                                                                                                "operator_timing": 0.18459399999999038,
                                                                                                "operator_rows_scanned": 0,
                                                                                                "cumulative_rows_scanned": 239990400,
                                                                                                "operator_cardinality": 11916596,
                                                                                                "cumulative_cardinality": 71852694,
                                                                                                "extra_info": {
                                                                                                    "Join Type": "INNER",
                                                                                                    "Conditions": "lo_suppkey = s_suppkey",
                                                                                                    "Build Min": "1",
                                                                                                    "Build Max": "20000",
                                                                                                    "Estimated Cardinality": "11998520"
                                                                                                },
                                                                                                "operator_type": "HASH_JOIN",
                                                                                                "cpu_time": 0.5260499999999605,
                                                                                                "children": [
                                                                                                    {
                                                                                                        "result_set_size": 958913984,
                                                                                                        "operator_timing": 0.34137599999997015,
                                                                                                        "operator_rows_scanned": 239970400,
                                                                                                        "cumulative_rows_scanned": 239970400,
                                                                                                        "operator_cardinality": 59932124,
                                                                                                        "cumulative_cardinality": 59932124,
                                                                                                        "extra_info": {
                                                                                                            "Text": "lineorder",
                                                                                                            "Projections": [
                                                                                                                "lo_orderdate",
                                                                                                                "lo_partkey",
                                                                                                                "lo_suppkey",
                                                                                                                "lo_revenue"
                                                                                                            ],
                                                                                                            "Estimated Cardinality": "59992600"
                                                                                                        },
                                                                                                        "operator_type": "TABLE_SCAN",
                                                                                                        "cpu_time": 0.34137599999997015,
                                                                                                        "children": []
                                                                                                    },
                                                                                                    {
                                                                                                        "result_set_size": 15896,
                                                                                                        "operator_timing": 0.00007999999999999999,
                                                                                                        "operator_rows_scanned": 20000,
                                                                                                        "cumulative_rows_scanned": 20000,
                                                                                                        "operator_cardinality": 3974,
                                                                                                        "cumulative_cardinality": 3974,
                                                                                                        "extra_info": {
                                                                                                            "Text": "supplier",
                                                                                                            "Projections": "s_suppkey",
                                                                                                            "Filters": "s_region='ASIA' AND s_region IS NOT NULL",
                                                                                                            "Estimated Cardinality": "4000"
                                                                                                        },
                                                                                                        "operator_type": "TABLE_SCAN",
                                                                                                        "cpu_time": 0.00007999999999999999,
                                                                                                        "children": []
                                                                                                    }
                                                                                                ]
                                                                                            },
                                                                                            {
                                                                                                "result_set_size": 95380,
                                                                                                "operator_timing": 0.0002479999999999997,
                                                                                                "operator_rows_scanned": 0,
                                                                                                "cumulative_rows_scanned": 3200000,
                                                                                                "operator_cardinality": 4769,
                                                                                                "cumulative_cardinality": 11162,
                                                                                                "extra_info": {
                                                                                                    "Expression": "(p_partkey <= 600000)",
                                                                                                    "Estimated Cardinality": "160000"
                                                                                                },
                                                                                                "operator_type": "FILTER",
                                                                                                "cpu_time": 0.004566000000000003,
                                                                                                "children": [
                                                                                                    {
                                                                                                        "result_set_size": 127860,
                                                                                                        "operator_timing": 0.004318000000000003,
                                                                                                        "operator_rows_scanned": 3200000,
                                                                                                        "cumulative_rows_scanned": 3200000,
                                                                                                        "operator_cardinality": 6393,
                                                                                                        "cumulative_cardinality": 6393,
                                                                                                        "extra_info": {
                                                                                                            "Text": "part",
                                                                                                            "Projections": [
                                                                                                                "p_partkey",
                                                                                                                "p_brand1"
                                                                                                            ],
                                                                                                            "Filters": "p_brand1>='MFGR#2221' AND p_brand1<='MFGR#2228' AND p_brand1 IS NOT NULL",
                                                                                                            "Estimated Cardinality": "160000"
                                                                                                        },
                                                                                                        "operator_type": "TABLE_SCAN",
                                                                                                        "cpu_time": 0.004318000000000003,
                                                                                                        "children": []
                                                                                                    }
                                                                                                ]
                                                                                            }
                                                                                        ]
                                                                                    },
                                                                                    {
                                                                                        "result_set_size": 15336,
                                                                                        "operator_timing": 0.000002,
                                                                                        "operator_rows_scanned": 2556,
                                                                                        "cumulative_rows_scanned": 2556,
                                                                                        "operator_cardinality": 2556,
                                                                                        "cumulative_cardinality": 2556,
                                                                                        "extra_info": {
                                                                                            "Text": "date",
                                                                                            "Projections": [
                                                                                                "d_datekey",
                                                                                                "d_year"
                                                                                            ],
                                                                                            "Estimated Cardinality": "2556"
                                                                                        },
                                                                                        "operator_type": "TABLE_SCAN",
                                                                                        "cpu_time": 0.000002,
                                                                                        "children": []
                                                                                    }
                                                                                ]
                                                                            }
                                                                        ]
                                                                    }
                                                                ]
                                                            }
                                                        ]
                                                    }
                                                ]
                                            }
                                        ]
                                    }
                                ]
                            }
                        ]
                    }
                ]
            }
        ]
    },
    {
        "benchmark_name": "SSBQ2v2S10T4",
        "scale_factor": "10",
        "thread_count": "4",
        "all_optimizers": 0.000217,
        "cumulative_optimizer_timing": 0.000213,
        "planner": 0.00009599999999999999,
        "planner_binding": 0.000094,
        "physical_planner": 0.000022999999999999997,
        "physical_planner_column_binding": 0.000004,
        "physical_planner_resolve_types": 0.000001,
        "physical_planner_create_plan": 0.000015,
        "optimizer_expression_rewriter": 0.00002,
        "optimizer_filter_pullup": 0.000001,
        "optimizer_filter_pushdown": 0.000034,
        "optimizer_cte_filter_pusher": 0.0,
        "optimizer_regex_range": 0.000001,
        "optimizer_in_clause": 0.0,
        "optimizer_join_order": 0.000061,
        "optimizer_deliminator": 0.0,
        "optimizer_unnest_rewriter": 0.0,
        "optimizer_unused_columns": 0.000005,
        "optimizer_statistics_propagation": 0.000061,
        "optimizer_limit_pushdown": 0.0,
        "optimizer_top_n": 0.0,
        "optimizer_compressed_materialization": 0.0,
        "optimizer_duplicate_groups": 0.000002,
        "optimizer_reorder_filter": 0.000002,
        "optimizer_join_filter_pushdown": 0.000006,
        "optimizer_extension": 0.0,
        "optimizer_materialized_cte": 0.0,
        "optimizer_build_side_probe_side": 0.000009,
        "result_set_size": 1904,
        "optimizer_column_lifetime": 0.000008000000000000001,
        "operator_timing": 0.16227,
        "optimizer_common_aggregate": 0.000002,
        "operator_rows_scanned": 0,
        "optimizer_common_subexpressions": 0.000001,
        "cumulative_rows_scanned": 243192956,
        "operator_cardinality": 0,
        "cumulative_cardinality": 72248540,
        "extra_info": {},
        "cpu_time": 0.7786299999999645,
        "blocked_thread_time": 0.0,
        "query_name": "SELECT SUM(lo_revenue), d_year, p_brand1 FROM lineorder, date, part, supplier WHERE lo_orderdate = d_datekey AND lo_partkey = p_partkey AND lo_suppkey = s_suppkey AND p_brand1 BETWEEN 'MFGR#2221' AND 'MFGR#2228' AND s_region = 'ASIA' GROUP BY d_year, p_brand1 ORDER BY d_year, p_brand1;",
        "children": [
            {
                "result_set_size": 1904,
                "operator_timing": 0.000002,
                "operator_rows_scanned": 0,
                "cumulative_rows_scanned": 243192956,
                "operator_cardinality": 56,
                "cumulative_cardinality": 72248540,
                "extra_info": {
                    "Projections": [
                        "#0",
                        "__internal_decompress_integral_smallint(#1, 1992)",
                        "__internal_decompress_string(#2)"
                    ],
                    "Estimated Cardinality": "679734"
                },
                "operator_type": "PROJECTION",
                "cpu_time": 0.6163599999999645,
                "children": [
                    {
                        "result_set_size": 1848,
                        "operator_timing": 0.000215,
                        "operator_rows_scanned": 0,
                        "cumulative_rows_scanned": 243192956,
                        "operator_cardinality": 56,
                        "cumulative_cardinality": 72248484,
                        "extra_info": {
                            "Order By": [
                                "date.d_year ASC",
                                "part.p_brand1 ASC"
                            ]
                        },
                        "operator_type": "ORDER_BY",
                        "cpu_time": 0.6163579999999645,
                        "children": [
                            {
                                "result_set_size": 1848,
                                "operator_timing": 0.000001,
                                "operator_rows_scanned": 0,
                                "cumulative_rows_scanned": 243192956,
                                "operator_cardinality": 56,
                                "cumulative_cardinality": 72248428,
                                "extra_info": {
                                    "Projections": [
                                        "#0",
                                        "__internal_compress_integral_utinyint(#1, 1992)",
                                        "__internal_compress_string_hugeint(#2)"
                                    ],
                                    "Estimated Cardinality": "679734"
                                },
                                "operator_type": "PROJECTION",
                                "cpu_time": 0.6161429999999646,
                                "children": [
                                    {
                                        "result_set_size": 1904,
                                        "operator_timing": 0.000001,
                                        "operator_rows_scanned": 0,
                                        "cumulative_rows_scanned": 243192956,
                                        "operator_cardinality": 56,
                                        "cumulative_cardinality": 72248372,
                                        "extra_info": {
                                            "Projections": [
                                                "sum(lo_revenue)",
                                                "d_year",
                                                "p_brand1"
                                            ],
                                            "Estimated Cardinality": "679734"
                                        },
                                        "operator_type": "PROJECTION",
                                        "cpu_time": 0.6161419999999646,
                                        "children": [
                                            {
                                                "result_set_size": 1904,
                                                "operator_timing": 0.0000049999999999999996,
                                                "operator_rows_scanned": 0,
                                                "cumulative_rows_scanned": 243192956,
                                                "operator_cardinality": 56,
                                                "cumulative_cardinality": 72248316,
                                                "extra_info": {
                                                    "Projections": [
                                                        "__internal_decompress_integral_smallint(#0, 1992)",
                                                        "__internal_decompress_string(#1)",
                                                        "#2"
                                                    ],
                                                    "Estimated Cardinality": "679734"
                                                },
                                                "operator_type": "PROJECTION",
                                                "cpu_time": 0.6161409999999645,
                                                "children": [
                                                    {
                                                        "result_set_size": 1848,
                                                        "operator_timing": 0.001296,
                                                        "operator_rows_scanned": 0,
                                                        "cumulative_rows_scanned": 243192956,
                                                        "operator_cardinality": 56,
                                                        "cumulative_cardinality": 72248260,
                                                        "extra_info": {
                                                            "Groups": [
                                                                "#0",
                                                                "#1"
                                                            ],
                                                            "Aggregates": "sum(#2)",
                                                            "Estimated Cardinality": "679734"
                                                        },
                                                        "operator_type": "HASH_GROUP_BY",
                                                        "cpu_time": 0.6161359999999645,
                                                        "children": [
                                                            {
                                                                "result_set_size": 2004408,
                                                                "operator_timing": 0.000019999999999999998,
                                                                "operator_rows_scanned": 0,
                                                                "cumulative_rows_scanned": 243192956,
                                                                "operator_cardinality": 95448,
                                                                "cumulative_cardinality": 72248204,
                                                                "extra_info": {
                                                                    "Projections": [
                                                                        "d_year",
                                                                        "p_brand1",
                                                                        "lo_revenue"
                                                                    ],
                                                                    "Estimated Cardinality": "3031087"
                                                                },
                                                                "operator_type": "PROJECTION",
                                                                "cpu_time": 0.6148399999999645,
                                                                "children": [
                                                                    {
                                                                        "result_set_size": 3913368,
                                                                        "operator_timing": 0.000456,
                                                                        "operator_rows_scanned": 0,
                                                                        "cumulative_rows_scanned": 243192956,
                                                                        "operator_cardinality": 95448,
                                                                        "cumulative_cardinality": 72152756,
                                                                        "extra_info": {
                                                                            "Projections": [
                                                                                "#0",
                                                                                "#1",
                                                                                "__internal_compress_integral_usmallint(#2, 1)",
                                                                                "#3",
                                                                                "__internal_compress_integral_usmallint(#4, 1)",
                                                                                "#5",
                                                                                "__internal_compress_string_hugeint(#6)",
                                                                                "#7",
                                                                                "__internal_compress_integral_utinyint(#8, 1992)"
                                                                            ],
                                                                            "Estimated Cardinality": "3031087"
                                                                        },
                                                                        "operator_type": "PROJECTION",
                                                                        "cpu_time": 0.6148199999999645,
                                                                        "children": [
                                                                            {
                                                                                "result_set_size": 4390608,
                                                                                "operator_timing": 0.000216,
                                                                                "operator_rows_scanned": 0,
                                                                                "cumulative_rows_scanned": 243192956,
                                                                                "operator_cardinality": 95448,
                                                                                "cumulative_cardinality": 72057308,
                                                                                "extra_info": {
                                                                                    "Join Type": "INNER",
                                                                                    "Conditions": "lo_orderdate = d_datekey",
                                                                                    "Build Min": "1992-01-01",
                                                                                    "Build Max": "1998-12-30",
                                                                                    "Estimated Cardinality": "3031087"
                                                                                },
                                                                                "operator_type": "HASH_JOIN",
                                                                                "cpu_time": 0.6143639999999645,
                                                                                "children": [
                                                                                    {
                                                                                        "result_set_size": 3817920,
                                                                                        "operator_timing": 0.07727899999999711,
                                                                                        "operator_rows_scanned": 0,
                                                                                        "cumulative_rows_scanned": 243190400,
                                                                                        "operator_cardinality": 95448,
                                                                                        "cumulative_cardinality": 71959304,
                                                                                        "extra_info": {
                                                                                            "Join Type": "INNER",
                                                                                            "Conditions": "lo_partkey = p_partkey",
                                                                                            "Build Min": "1",
                                                                                            "Build Max": "600000",
                                                                                            "Estimated Cardinality": "2752407"
                                                                                        },
                                                                                        "operator_type": "HASH_JOIN",
                                                                                        "cpu_time": 0.6141419999999645,
                                                                                        "children": [
                                                                                            {
                                                                                                "result_set_size": 238331920,
                                                                                                "operator_timing": 0.18678799999999351,
                                                                                                "operator_rows_scanned": 0,
                                                                                                "cumulative_rows_scanned": 239990400,
                                                                                                "operator_cardinality": 11916596,
                                                                                                "cumulative_cardinality": 71852694,
                                                                                                "extra_info": {
                                                                                                    "Join Type": "INNER",
                                                                                                    "Conditions": "lo_suppkey = s_suppkey",
                                                                                                    "Build Min": "1",
                                                                                                    "Build Max": "20000",
                                                                                                    "Estimated Cardinality": "11998520"
                                                                                                },
                                                                                                "operator_type": "HASH_JOIN",
                                                                                                "cpu_time": 0.5322899999999674,
                                                                                                "children": [
                                                                                                    {
                                                                                                        "result_set_size": 958913984,
                                                                                                        "operator_timing": 0.34541599999997386,
                                                                                                        "operator_rows_scanned": 239970400,
                                                                                                        "cumulative_rows_scanned": 239970400,
                                                                                                        "operator_cardinality": 59932124,
                                                                                                        "cumulative_cardinality": 59932124,
                                                                                                        "extra_info": {
                                                                                                            "Text": "lineorder",
                                                                                                            "Projections": [
                                                                                                                "lo_orderdate",
                                                                                                                "lo_partkey",
                                                                                                                "lo_suppkey",
                                                                                                                "lo_revenue"
                                                                                                            ],
                                                                                                            "Estimated Cardinality": "59992600"
                                                                                                        },
                                                                                                        "operator_type": "TABLE_SCAN",
                                                                                                        "cpu_time": 0.34541599999997386,
                                                                                                        "children": []
                                                                                                    },
                                                                                                    {
                                                                                                        "result_set_size": 15896,
                                                                                                        "operator_timing": 0.000086,
                                                                                                        "operator_rows_scanned": 20000,
                                                                                                        "cumulative_rows_scanned": 20000,
                                                                                                        "operator_cardinality": 3974,
                                                                                                        "cumulative_cardinality": 3974,
                                                                                                        "extra_info": {
                                                                                                            "Text": "supplier",
                                                                                                            "Projections": "s_suppkey",
                                                                                                            "Filters": "s_region='ASIA' AND s_region IS NOT NULL",
                                                                                                            "Estimated Cardinality": "4000"
                                                                                                        },
                                                                                                        "operator_type": "TABLE_SCAN",
                                                                                                        "cpu_time": 0.000086,
                                                                                                        "children": []
                                                                                                    }
                                                                                                ]
                                                                                            },
                                                                                            {
                                                                                                "result_set_size": 95380,
                                                                                                "operator_timing": 0.0002599999999999997,
                                                                                                "operator_rows_scanned": 0,
                                                                                                "cumulative_rows_scanned": 3200000,
                                                                                                "operator_cardinality": 4769,
                                                                                                "cumulative_cardinality": 11162,
                                                                                                "extra_info": {
                                                                                                    "Expression": "(p_partkey <= 600000)",
                                                                                                    "Estimated Cardinality": "160000"
                                                                                                },
                                                                                                "operator_type": "FILTER",
                                                                                                "cpu_time": 0.004573000000000004,
                                                                                                "children": [
                                                                                                    {
                                                                                                        "result_set_size": 127860,
                                                                                                        "operator_timing": 0.004313000000000004,
                                                                                                        "operator_rows_scanned": 3200000,
                                                                                                        "cumulative_rows_scanned": 3200000,
                                                                                                        "operator_cardinality": 6393,
                                                                                                        "cumulative_cardinality": 6393,
                                                                                                        "extra_info": {
                                                                                                            "Text": "part",
                                                                                                            "Projections": [
                                                                                                                "p_partkey",
                                                                                                                "p_brand1"
                                                                                                            ],
                                                                                                            "Filters": "p_brand1>='MFGR#2221' AND p_brand1<='MFGR#2228' AND p_brand1 IS NOT NULL",
                                                                                                            "Estimated Cardinality": "160000"
                                                                                                        },
                                                                                                        "operator_type": "TABLE_SCAN",
                                                                                                        "cpu_time": 0.004313000000000004,
                                                                                                        "children": []
                                                                                                    }
                                                                                                ]
                                                                                            }
                                                                                        ]
                                                                                    },
                                                                                    {
                                                                                        "result_set_size": 15336,
                                                                                        "operator_timing": 0.000006,
                                                                                        "operator_rows_scanned": 2556,
                                                                                        "cumulative_rows_scanned": 2556,
                                                                                        "operator_cardinality": 2556,
                                                                                        "cumulative_cardinality": 2556,
                                                                                        "extra_info": {
                                                                                            "Text": "date",
                                                                                            "Projections": [
                                                                                                "d_datekey",
                                                                                                "d_year"
                                                                                            ],
                                                                                            "Estimated Cardinality": "2556"
                                                                                        },
                                                                                        "operator_type": "TABLE_SCAN",
                                                                                        "cpu_time": 0.000006,
                                                                                        "children": []
                                                                                    }
                                                                                ]
                                                                            }
                                                                        ]
                                                                    }
                                                                ]
                                                            }
                                                        ]
                                                    }
                                                ]
                                            }
                                        ]
                                    }
                                ]
                            }
                        ]
                    }
                ]
            }
        ]
    },
    {
        "benchmark_name": "SSBQ2v2S10T4",
        "scale_factor": "10",
        "thread_count": "4",
        "all_optimizers": 0.00021700000000000002,
        "cumulative_optimizer_timing": 0.00021600000000000002,
        "planner": 0.000104,
        "planner_binding": 0.000102,
        "physical_planner": 0.000022,
        "physical_planner_column_binding": 0.000004,
        "physical_planner_resolve_types": 0.000001,
        "physical_planner_create_plan": 0.000014,
        "optimizer_expression_rewriter": 0.00002,
        "optimizer_filter_pullup": 0.000001,
        "optimizer_filter_pushdown": 0.000034,
        "optimizer_cte_filter_pusher": 0.0,
        "optimizer_regex_range": 0.000001,
        "optimizer_in_clause": 0.0,
        "optimizer_join_order": 0.000063,
        "optimizer_deliminator": 0.000001,
        "optimizer_unnest_rewriter": 0.0,
        "optimizer_unused_columns": 0.000005,
        "optimizer_statistics_propagation": 0.000062,
        "optimizer_limit_pushdown": 0.000001,
        "optimizer_top_n": 0.0,
        "optimizer_compressed_materialization": 0.0,
        "optimizer_duplicate_groups": 0.000002,
        "optimizer_reorder_filter": 0.000002,
        "optimizer_join_filter_pushdown": 0.000007,
        "optimizer_extension": 0.0,
        "optimizer_materialized_cte": 0.0,
        "optimizer_build_side_probe_side": 0.000006,
        "result_set_size": 1904,
        "optimizer_column_lifetime": 0.000009,
        "operator_timing": 0.16129,
        "optimizer_common_aggregate": 0.000001,
        "operator_rows_scanned": 0,
        "optimizer_common_subexpressions": 0.000001,
        "cumulative_rows_scanned": 243192956,
        "operator_cardinality": 0,
        "cumulative_cardinality": 72248540,
        "extra_info": {},
        "cpu_time": 0.7774069999999624,
        "blocked_thread_time": 0.0,
        "query_name": "SELECT SUM(lo_revenue), d_year, p_brand1 FROM lineorder, date, part, supplier WHERE lo_orderdate = d_datekey AND lo_partkey = p_partkey AND lo_suppkey = s_suppkey AND p_brand1 BETWEEN 'MFGR#2221' AND 'MFGR#2228' AND s_region = 'ASIA' GROUP BY d_year, p_brand1 ORDER BY d_year, p_brand1;",
        "children": [
            {
                "result_set_size": 1904,
                "operator_timing": 0.000002,
                "operator_rows_scanned": 0,
                "cumulative_rows_scanned": 243192956,
                "operator_cardinality": 56,
                "cumulative_cardinality": 72248540,
                "extra_info": {
                    "Projections": [
                        "#0",
                        "__internal_decompress_integral_smallint(#1, 1992)",
                        "__internal_decompress_string(#2)"
                    ],
                    "Estimated Cardinality": "679734"
                },
                "operator_type": "PROJECTION",
                "cpu_time": 0.6161169999999624,
                "children": [
                    {
                        "result_set_size": 1848,
                        "operator_timing": 0.00027600000000000004,
                        "operator_rows_scanned": 0,
                        "cumulative_rows_scanned": 243192956,
                        "operator_cardinality": 56,
                        "cumulative_cardinality": 72248484,
                        "extra_info": {
                            "Order By": [
                                "date.d_year ASC",
                                "part.p_brand1 ASC"
                            ]
                        },
                        "operator_type": "ORDER_BY",
                        "cpu_time": 0.6161149999999624,
                        "children": [
                            {
                                "result_set_size": 1848,
                                "operator_timing": 0.000002,
                                "operator_rows_scanned": 0,
                                "cumulative_rows_scanned": 243192956,
                                "operator_cardinality": 56,
                                "cumulative_cardinality": 72248428,
                                "extra_info": {
                                    "Projections": [
                                        "#0",
                                        "__internal_compress_integral_utinyint(#1, 1992)",
                                        "__internal_compress_string_hugeint(#2)"
                                    ],
                                    "Estimated Cardinality": "679734"
                                },
                                "operator_type": "PROJECTION",
                                "cpu_time": 0.6158389999999624,
                                "children": [
                                    {
                                        "result_set_size": 1904,
                                        "operator_timing": 0.000002,
                                        "operator_rows_scanned": 0,
                                        "cumulative_rows_scanned": 243192956,
                                        "operator_cardinality": 56,
                                        "cumulative_cardinality": 72248372,
                                        "extra_info": {
                                            "Projections": [
                                                "sum(lo_revenue)",
                                                "d_year",
                                                "p_brand1"
                                            ],
                                            "Estimated Cardinality": "679734"
                                        },
                                        "operator_type": "PROJECTION",
                                        "cpu_time": 0.6158369999999624,
                                        "children": [
                                            {
                                                "result_set_size": 1904,
                                                "operator_timing": 0.000004,
                                                "operator_rows_scanned": 0,
                                                "cumulative_rows_scanned": 243192956,
                                                "operator_cardinality": 56,
                                                "cumulative_cardinality": 72248316,
                                                "extra_info": {
                                                    "Projections": [
                                                        "__internal_decompress_integral_smallint(#0, 1992)",
                                                        "__internal_decompress_string(#1)",
                                                        "#2"
                                                    ],
                                                    "Estimated Cardinality": "679734"
                                                },
                                                "operator_type": "PROJECTION",
                                                "cpu_time": 0.6158349999999625,
                                                "children": [
                                                    {
                                                        "result_set_size": 1848,
                                                        "operator_timing": 0.001358,
                                                        "operator_rows_scanned": 0,
                                                        "cumulative_rows_scanned": 243192956,
                                                        "operator_cardinality": 56,
                                                        "cumulative_cardinality": 72248260,
                                                        "extra_info": {
                                                            "Groups": [
                                                                "#0",
                                                                "#1"
                                                            ],
                                                            "Aggregates": "sum(#2)",
                                                            "Estimated Cardinality": "679734"
                                                        },
                                                        "operator_type": "HASH_GROUP_BY",
                                                        "cpu_time": 0.6158309999999625,
                                                        "children": [
                                                            {
                                                                "result_set_size": 2004408,
                                                                "operator_timing": 0.000016,
                                                                "operator_rows_scanned": 0,
                                                                "cumulative_rows_scanned": 243192956,
                                                                "operator_cardinality": 95448,
                                                                "cumulative_cardinality": 72248204,
                                                                "extra_info": {
                                                                    "Projections": [
                                                                        "d_year",
                                                                        "p_brand1",
                                                                        "lo_revenue"
                                                                    ],
                                                                    "Estimated Cardinality": "3031087"
                                                                },
                                                                "operator_type": "PROJECTION",
                                                                "cpu_time": 0.6144729999999625,
                                                                "children": [
                                                                    {
                                                                        "result_set_size": 3913368,
                                                                        "operator_timing": 0.000447,
                                                                        "operator_rows_scanned": 0,
                                                                        "cumulative_rows_scanned": 243192956,
                                                                        "operator_cardinality": 95448,
                                                                        "cumulative_cardinality": 72152756,
                                                                        "extra_info": {
                                                                            "Projections": [
                                                                                "#0",
                                                                                "#1",
                                                                                "__internal_compress_integral_usmallint(#2, 1)",
                                                                                "#3",
                                                                                "__internal_compress_integral_usmallint(#4, 1)",
                                                                                "#5",
                                                                                "__internal_compress_string_hugeint(#6)",
                                                                                "#7",
                                                                                "__internal_compress_integral_utinyint(#8, 1992)"
                                                                            ],
                                                                            "Estimated Cardinality": "3031087"
                                                                        },
                                                                        "operator_type": "PROJECTION",
                                                                        "cpu_time": 0.6144569999999625,
                                                                        "children": [
                                                                            {
                                                                                "result_set_size": 4390608,
                                                                                "operator_timing": 0.00021099999999999998,
                                                                                "operator_rows_scanned": 0,
                                                                                "cumulative_rows_scanned": 243192956,
                                                                                "operator_cardinality": 95448,
                                                                                "cumulative_cardinality": 72057308,
                                                                                "extra_info": {
                                                                                    "Join Type": "INNER",
                                                                                    "Conditions": "lo_orderdate = d_datekey",
                                                                                    "Build Min": "1992-01-01",
                                                                                    "Build Max": "1998-12-30",
                                                                                    "Estimated Cardinality": "3031087"
                                                                                },
                                                                                "operator_type": "HASH_JOIN",
                                                                                "cpu_time": 0.6140099999999625,
                                                                                "children": [
                                                                                    {
                                                                                        "result_set_size": 3817920,
                                                                                        "operator_timing": 0.07869899999999697,
                                                                                        "operator_rows_scanned": 0,
                                                                                        "cumulative_rows_scanned": 243190400,
                                                                                        "operator_cardinality": 95448,
                                                                                        "cumulative_cardinality": 71959304,
                                                                                        "extra_info": {
                                                                                            "Join Type": "INNER",
                                                                                            "Conditions": "lo_partkey = p_partkey",
                                                                                            "Build Min": "1",
                                                                                            "Build Max": "600000",
                                                                                            "Estimated Cardinality": "2752407"
                                                                                        },
                                                                                        "operator_type": "HASH_JOIN",
                                                                                        "cpu_time": 0.6137919999999626,
                                                                                        "children": [
                                                                                            {
                                                                                                "result_set_size": 238331920,
                                                                                                "operator_timing": 0.18515899999999214,
                                                                                                "operator_rows_scanned": 0,
                                                                                                "cumulative_rows_scanned": 239990400,
                                                                                                "operator_cardinality": 11916596,
                                                                                                "cumulative_cardinality": 71852694,
                                                                                                "extra_info": {
                                                                                                    "Join Type": "INNER",
                                                                                                    "Conditions": "lo_suppkey = s_suppkey",
                                                                                                    "Build Min": "1",
                                                                                                    "Build Max": "20000",
                                                                                                    "Estimated Cardinality": "11998520"
                                                                                                },
                                                                                                "operator_type": "HASH_JOIN",
                                                                                                "cpu_time": 0.5305299999999656,
                                                                                                "children": [
                                                                                                    {
                                                                                                        "result_set_size": 958913984,
                                                                                                        "operator_timing": 0.34528599999997356,
                                                                                                        "operator_rows_scanned": 239970400,
                                                                                                        "cumulative_rows_scanned": 239970400,
                                                                                                        "operator_cardinality": 59932124,
                                                                                                        "cumulative_cardinality": 59932124,
                                                                                                        "extra_info": {
                                                                                                            "Text": "lineorder",
                                                                                                            "Projections": [
                                                                                                                "lo_orderdate",
                                                                                                                "lo_partkey",
                                                                                                                "lo_suppkey",
                                                                                                                "lo_revenue"
                                                                                                            ],
                                                                                                            "Estimated Cardinality": "59992600"
                                                                                                        },
                                                                                                        "operator_type": "TABLE_SCAN",
                                                                                                        "cpu_time": 0.34528599999997356,
                                                                                                        "children": []
                                                                                                    },
                                                                                                    {
                                                                                                        "result_set_size": 15896,
                                                                                                        "operator_timing": 0.000085,
                                                                                                        "operator_rows_scanned": 20000,
                                                                                                        "cumulative_rows_scanned": 20000,
                                                                                                        "operator_cardinality": 3974,
                                                                                                        "cumulative_cardinality": 3974,
                                                                                                        "extra_info": {
                                                                                                            "Text": "supplier",
                                                                                                            "Projections": "s_suppkey",
                                                                                                            "Filters": "s_region='ASIA' AND s_region IS NOT NULL",
                                                                                                            "Estimated Cardinality": "4000"
                                                                                                        },
                                                                                                        "operator_type": "TABLE_SCAN",
                                                                                                        "cpu_time": 0.000085,
                                                                                                        "children": []
                                                                                                    }
                                                                                                ]
                                                                                            },
                                                                                            {
                                                                                                "result_set_size": 95380,
                                                                                                "operator_timing": 0.0002449999999999997,
                                                                                                "operator_rows_scanned": 0,
                                                                                                "cumulative_rows_scanned": 3200000,
                                                                                                "operator_cardinality": 4769,
                                                                                                "cumulative_cardinality": 11162,
                                                                                                "extra_info": {
                                                                                                    "Expression": "(p_partkey <= 600000)",
                                                                                                    "Estimated Cardinality": "160000"
                                                                                                },
                                                                                                "operator_type": "FILTER",
                                                                                                "cpu_time": 0.004563000000000004,
                                                                                                "children": [
                                                                                                    {
                                                                                                        "result_set_size": 127860,
                                                                                                        "operator_timing": 0.004318000000000004,
                                                                                                        "operator_rows_scanned": 3200000,
                                                                                                        "cumulative_rows_scanned": 3200000,
                                                                                                        "operator_cardinality": 6393,
                                                                                                        "cumulative_cardinality": 6393,
                                                                                                        "extra_info": {
                                                                                                            "Text": "part",
                                                                                                            "Projections": [
                                                                                                                "p_partkey",
                                                                                                                "p_brand1"
                                                                                                            ],
                                                                                                            "Filters": "p_brand1>='MFGR#2221' AND p_brand1<='MFGR#2228' AND p_brand1 IS NOT NULL",
                                                                                                            "Estimated Cardinality": "160000"
                                                                                                        },
                                                                                                        "operator_type": "TABLE_SCAN",
                                                                                                        "cpu_time": 0.004318000000000004,
                                                                                                        "children": []
                                                                                                    }
                                                                                                ]
                                                                                            }
                                                                                        ]
                                                                                    },
                                                                                    {
                                                                                        "result_set_size": 15336,
                                                                                        "operator_timing": 0.000007,
                                                                                        "operator_rows_scanned": 2556,
                                                                                        "cumulative_rows_scanned": 2556,
                                                                                        "operator_cardinality": 2556,
                                                                                        "cumulative_cardinality": 2556,
                                                                                        "extra_info": {
                                                                                            "Text": "date",
                                                                                            "Projections": [
                                                                                                "d_datekey",
                                                                                                "d_year"
                                                                                            ],
                                                                                            "Estimated Cardinality": "2556"
                                                                                        },
                                                                                        "operator_type": "TABLE_SCAN",
                                                                                        "cpu_time": 0.000007,
                                                                                        "children": []
                                                                                    }
                                                                                ]
                                                                            }
                                                                        ]
                                                                    }
                                                                ]
                                                            }
                                                        ]
                                                    }
                                                ]
                                            }
                                        ]
                                    }
                                ]
                            }
                        ]
                    }
                ]
            }
        ]
    }
]