{
  "benchmark_name": "SSBQ2v2S100T1",
  "scale_factor": "100",
  "thread_count": "1",
  "all_optimizers": 0.00023900000000000004,
  "cumulative_optimizer_timing": 0.000239,
  "planner": 0.000114,
  "planner_binding": 0.000111,
  "physical_planner": 0.000024999999999999998,
  "physical_planner_column_binding": 0.000004,
  "physical_planner_resolve_types": 0.0,
  "physical_planner_create_plan": 0.000018,
  "optimizer_expression_rewriter": 0.000024,
  "optimizer_filter_pullup": 0.000002,
  "optimizer_filter_pushdown": 0.000038,
  "optimizer_cte_filter_pusher": 0.000001,
  "optimizer_regex_range": 0.0,
  "optimizer_in_clause": 0.000001,
  "optimizer_join_order": 0.00007,
  "optimizer_deliminator": 0.0,
  "optimizer_unnest_rewriter": 0.000001,
  "optimizer_unused_columns": 0.000005,
  "optimizer_statistics_propagation": 0.000062,
  "optimizer_limit_pushdown": 0.000001,
  "optimizer_top_n": 0.0,
  "optimizer_compressed_materialization": 0.0,
  "optimizer_duplicate_groups": 0.000003,
  "optimizer_reorder_filter": 0.000003,
  "optimizer_join_filter_pushdown": 0.000008,
  "optimizer_extension": 0.0,
  "optimizer_materialized_cte": 0.0,
  "optimizer_build_side_probe_side": 0.000006,
  "result_set_size": 1904,
  "optimizer_column_lifetime": 0.000011,
  "operator_timing": 7.278476,
  "optimizer_common_aggregate": 0.000002,
  "operator_rows_scanned": 0,
  "optimizer_common_subexpressions": 0.000001,
  "cumulative_rows_scanned": 601640701,
  "operator_cardinality": 0,
  "cumulative_cardinality": 724142810,
  "extra_info": {},
  "cpu_time": 14.423883999999532,
  "blocked_thread_time": 0.0,
  "query_name": "SELECT SUM(lo_revenue), d_year, p_brand1 FROM lineorder, date, part, supplier WHERE lo_orderdate = d_datekey AND lo_partkey = p_partkey AND lo_suppkey = s_suppkey AND p_brand1 BETWEEN 'MFGR#2221' AND 'MFGR#2228' AND s_region = 'ASIA' GROUP BY d_year, p_brand1 ORDER BY d_year, p_brand1;",
  "children": [
    {
      "result_set_size": 1904,
      "operator_timing": 0.0,
      "operator_rows_scanned": 0,
      "cumulative_rows_scanned": 601640701,
      "operator_cardinality": 56,
      "cumulative_cardinality": 724142810,
      "extra_info": {
        "Projections": [
          "#0",
          "__internal_decompress_integral_smallint(#1, 1992)",
          "__internal_decompress_string(#2)"
        ],
        "Estimated Cardinality": "953343"
      },
      "operator_type": "PROJECTION",
      "cpu_time": 7.145407999999531,
      "children": [
        {
          "result_set_size": 1848,
          "operator_timing": 0.000012,
          "operator_rows_scanned": 0,
          "cumulative_rows_scanned": 601640701,
          "operator_cardinality": 56,
          "cumulative_cardinality": 724142754,
          "extra_info": {
            "Order By": [
              "date.d_year ASC",
              "part.p_brand1 ASC"
            ]
          },
          "operator_type": "ORDER_BY",
          "cpu_time": 7.145407999999531,
          "children": [
            {
              "result_set_size": 1848,
              "operator_timing": 0.000001,
              "operator_rows_scanned": 0,
              "cumulative_rows_scanned": 601640701,
              "operator_cardinality": 56,
              "cumulative_cardinality": 724142698,
              "extra_info": {
                "Projections": [
                  "#0",
                  "__internal_compress_integral_utinyint(#1, 1992)",
                  "__internal_compress_string_hugeint(#2)"
                ],
                "Estimated Cardinality": "953343"
              },
              "operator_type": "PROJECTION",
              "cpu_time": 7.145395999999531,
              "children": [
                {
                  "result_set_size": 1904,
                  "operator_timing": 0.0,
                  "operator_rows_scanned": 0,
                  "cumulative_rows_scanned": 601640701,
                  "operator_cardinality": 56,
                  "cumulative_cardinality": 724142642,
                  "extra_info": {
                    "Projections": [
                      "sum(lo_revenue)",
                      "d_year",
                      "p_brand1"
                    ],
                    "Estimated Cardinality": "953343"
                  },
                  "operator_type": "PROJECTION",
                  "cpu_time": 7.145394999999531,
                  "children": [
                    {
                      "result_set_size": 1904,
                      "operator_timing": 0.000002,
                      "operator_rows_scanned": 0,
                      "cumulative_rows_scanned": 601640701,
                      "operator_cardinality": 56,
                      "cumulative_cardinality": 724142586,
                      "extra_info": {
                        "Projections": [
                          "__internal_decompress_integral_smallint(#0, 1992)",
                          "__internal_decompress_string(#1)",
                          "#2"
                        ],
                        "Estimated Cardinality": "953343"
                      },
                      "operator_type": "PROJECTION",
                      "cpu_time": 7.145394999999531,
                      "children": [
                        {
                          "result_set_size": 1848,
                          "operator_timing": 0.010033999999999982,
                          "operator_rows_scanned": 0,
                          "cumulative_rows_scanned": 601640701,
                          "operator_cardinality": 56,
                          "cumulative_cardinality": 724142530,
                          "extra_info": {
                            "Groups": [
                              "#0",
                              "#1"
                            ],
                            "Aggregates": "sum(#2)",
                            "Estimated Cardinality": "953343"
                          },
                          "operator_type": "HASH_GROUP_BY",
                          "cpu_time": 7.1453929999995305,
                          "children": [
                            {
                              "result_set_size": 20287953,
                              "operator_timing": 0.00009399999999999994,
                              "operator_rows_scanned": 0,
                              "cumulative_rows_scanned": 601640701,
                              "operator_cardinality": 966093,
                              "cumulative_cardinality": 724142474,
                              "extra_info": {
                                "Projections": [
                                  "d_year",
                                  "p_brand1",
                                  "lo_revenue"
                                ],
                                "Estimated Cardinality": "31908648"
                              },
                              "operator_type": "PROJECTION",
                              "cpu_time": 7.13535899999953,
                              "children": [
                                {
                                  "result_set_size": 43474185,
                                  "operator_timing": 0.003872000000000012,
                                  "operator_rows_scanned": 0,
                                  "cumulative_rows_scanned": 601640701,
                                  "operator_cardinality": 966093,
                                  "cumulative_cardinality": 723176381,
                                  "extra_info": {
                                    "Projections": [
                                      "#0",
                                      "#1",
                                      "#2",
                                      "#3",
                                      "#4",
                                      "#5",
                                      "__internal_compress_string_hugeint(#6)",
                                      "#7",
                                      "__internal_compress_integral_utinyint(#8, 1992)"
                                    ],
                                    "Estimated Cardinality": "31908648"
                                  },
                                  "operator_type": "PROJECTION",
                                  "cpu_time": 7.135264999999531,
                                  "children": [
                                    {
                                      "result_set_size": 44440278,
                                      "operator_timing": 0.001468999999999999,
                                      "operator_rows_scanned": 0,
                                      "cumulative_rows_scanned": 601640701,
                                      "operator_cardinality": 966093,
                                      "cumulative_cardinality": 722210288,
                                      "extra_info": {
                                        "Join Type": "INNER",
                                        "Conditions": "lo_orderdate = d_datekey",
                                        "Build Min": "1992-01-01",
                                        "Build Max": "1998-12-30",
                                        "Estimated Cardinality": "31908648"
                                      },
                                      "operator_type": "HASH_JOIN",
                                      "cpu_time": 7.13139299999953,
                                      "children": [
                                        {
                                          "result_set_size": 38643720,
                                          "operator_timing": 0.7782809999963501,
                                          "operator_rows_scanned": 0,
                                          "cumulative_rows_scanned": 601638145,
                                          "operator_cardinality": 966093,
                                          "cumulative_cardinality": 721241639,
                                          "extra_info": {
                                            "Join Type": "INNER",
                                            "Conditions": "lo_partkey = p_partkey",
                                            "Build Min": "1",
                                            "Build Max": "1000000",
                                            "Estimated Cardinality": "28974950"
                                          },
                                          "operator_type": "HASH_JOIN",
                                          "cpu_time": 7.12991899999953,
                                          "children": [
                                            {
                                              "result_set_size": 2406944580,
                                              "operator_timing": 1.8971179999984322,
                                              "operator_rows_scanned": 0,
                                              "cumulative_rows_scanned": 600238145,
                                              "operator_cardinality": 120347229,
                                              "cumulative_cardinality": 720256261,
                                              "extra_info": {
                                                "Join Type": "INNER",
                                                "Conditions": "lo_suppkey = s_suppkey",
                                                "Build Min": "1",
                                                "Build Max": "200000",
                                                "Estimated Cardinality": "128755261"
                                              },
                                              "operator_type": "HASH_JOIN",
                                              "cpu_time": 6.34412800000318,
                                              "children": [
                                                {
                                                  "result_set_size": 9597902608,
                                                  "operator_timing": 4.4464290000047475,
                                                  "operator_rows_scanned": 600038145,
                                                  "cumulative_rows_scanned": 600038145,
                                                  "operator_cardinality": 599868913,
                                                  "cumulative_cardinality": 599868913,
                                                  "extra_info": {
                                                    "Text": "lineorder",
                                                    "Projections": [
                                                      "lo_orderdate",
                                                      "lo_partkey",
                                                      "lo_suppkey",
                                                      "lo_revenue"
                                                    ],
                                                    "Estimated Cardinality": "600038145"
                                                  },
                                                  "operator_type": "TABLE_SCAN",
                                                  "cpu_time": 4.4464290000047475,
                                                  "children": []
                                                },
                                                {
                                                  "result_set_size": 160476,
                                                  "operator_timing": 0.0005810000000000005,
                                                  "operator_rows_scanned": 200000,
                                                  "cumulative_rows_scanned": 200000,
                                                  "operator_cardinality": 40119,
                                                  "cumulative_cardinality": 40119,
                                                  "extra_info": {
                                                    "Text": "supplier",
                                                    "Projections": "s_suppkey",
                                                    "Filters": "s_region='ASIA' AND s_region IS NOT NULL",
                                                    "Estimated Cardinality": "40000"
                                                  },
                                                  "operator_type": "TABLE_SCAN",
                                                  "cpu_time": 0.0005810000000000005,
                                                  "children": []
                                                }
                                              ]
                                            },
                                            {
                                              "result_set_size": 160300,
                                              "operator_timing": 0.00036400000000000234,
                                              "operator_rows_scanned": 0,
                                              "cumulative_rows_scanned": 1400000,
                                              "operator_cardinality": 8015,
                                              "cumulative_cardinality": 19285,
                                              "extra_info": {
                                                "Expression": "(p_partkey <= 1000000)",
                                                "Estimated Cardinality": "280000"
                                              },
                                              "operator_type": "FILTER",
                                              "cpu_time": 0.007509999999999905,
                                              "children": [
                                                {
                                                  "result_set_size": 225400,
                                                  "operator_timing": 0.007145999999999902,
                                                  "operator_rows_scanned": 1400000,
                                                  "cumulative_rows_scanned": 1400000,
                                                  "operator_cardinality": 11270,
                                                  "cumulative_cardinality": 11270,
                                                  "extra_info": {
                                                    "Text": "part",
                                                    "Projections": [
                                                      "p_partkey",
                                                      "p_brand1"
                                                    ],
                                                    "Filters": "p_brand1>='MFGR#2221' AND p_brand1<='MFGR#2228' AND p_brand1 IS NOT NULL",
                                                    "Estimated Cardinality": "280000"
                                                  },
                                                  "operator_type": "TABLE_SCAN",
                                                  "cpu_time": 0.007145999999999902,
                                                  "children": []
                                                }
                                              ]
                                            }
                                          ]
                                        },
                                        {
                                          "result_set_size": 15336,
                                          "operator_timing": 0.0000049999999999999996,
                                          "operator_rows_scanned": 2556,
                                          "cumulative_rows_scanned": 2556,
                                          "operator_cardinality": 2556,
                                          "cumulative_cardinality": 2556,
                                          "extra_info": {
                                            "Text": "date",
                                            "Projections": [
                                              "d_datekey",
                                              "d_year"
                                            ],
                                            "Estimated Cardinality": "2556"
                                          },
                                          "operator_type": "TABLE_SCAN",
                                          "cpu_time": 0.0000049999999999999996,
                                          "children": []
                                        }
                                      ]
                                    }
                                  ]
                                }
                              ]
                            }
                          ]
                        }
                      ]
                    }
                  ]
                }
              ]
            }
          ]
        }
      ]
    }
  ]
}
{
  "benchmark_name": "SSBQ2v2S100T1",
  "scale_factor": "100",
  "thread_count": "1",
  "all_optimizers": 0.00026900000000000003,
  "cumulative_optimizer_timing": 0.00026700000000000004,
  "planner": 0.00015199999999999998,
  "planner_binding": 0.000149,
  "physical_planner": 0.000041,
  "physical_planner_column_binding": 0.000008,
  "physical_planner_resolve_types": 0.000003,
  "physical_planner_create_plan": 0.000025,
  "optimizer_expression_rewriter": 0.000023,
  "optimizer_filter_pullup": 0.000001,
  "optimizer_filter_pushdown": 0.000037,
  "optimizer_cte_filter_pusher": 0.0,
  "optimizer_regex_range": 0.000001,
  "optimizer_in_clause": 0.000001,
  "optimizer_join_order": 0.000071,
  "optimizer_deliminator": 0.0,
  "optimizer_unnest_rewriter": 0.000001,
  "optimizer_unused_columns": 0.000005,
  "optimizer_statistics_propagation": 0.000067,
  "optimizer_limit_pushdown": 0.0,
  "optimizer_top_n": 0.0,
  "optimizer_compressed_materialization": 0.0,
  "optimizer_duplicate_groups": 0.000002,
  "optimizer_reorder_filter": 0.000003,
  "optimizer_join_filter_pushdown": 0.000034,
  "optimizer_extension": 0.0,
  "optimizer_materialized_cte": 0.0,
  "optimizer_build_side_probe_side": 0.000008,
  "result_set_size": 1904,
  "optimizer_column_lifetime": 0.00001,
  "operator_timing": 6.136186,
  "optimizer_common_aggregate": 0.000001,
  "operator_rows_scanned": 0,
  "optimizer_common_subexpressions": 0.000002,
  "cumulative_rows_scanned": 601640701,
  "operator_cardinality": 0,
  "cumulative_cardinality": 724142810,
  "extra_info": {},
  "cpu_time": 12.139399000002982,
  "blocked_thread_time": 0.0,
  "query_name": "SELECT SUM(lo_revenue), d_year, p_brand1 FROM lineorder, date, part, supplier WHERE lo_orderdate = d_datekey AND lo_partkey = p_partkey AND lo_suppkey = s_suppkey AND p_brand1 BETWEEN 'MFGR#2221' AND 'MFGR#2228' AND s_region = 'ASIA' GROUP BY d_year, p_brand1 ORDER BY d_year, p_brand1;",
  "children": [
    {
      "result_set_size": 1904,
      "operator_timing": 0.000001,
      "operator_rows_scanned": 0,
      "cumulative_rows_scanned": 601640701,
      "operator_cardinality": 56,
      "cumulative_cardinality": 724142810,
      "extra_info": {
        "Projections": [
          "#0",
          "__internal_decompress_integral_smallint(#1, 1992)",
          "__internal_decompress_string(#2)"
        ],
        "Estimated Cardinality": "953343"
      },
      "operator_type": "PROJECTION",
      "cpu_time": 6.003213000002981,
      "children": [
        {
          "result_set_size": 1848,
          "operator_timing": 0.000027,
          "operator_rows_scanned": 0,
          "cumulative_rows_scanned": 601640701,
          "operator_cardinality": 56,
          "cumulative_cardinality": 724142754,
          "extra_info": {
            "Order By": [
              "date.d_year ASC",
              "part.p_brand1 ASC"
            ]
          },
          "operator_type": "ORDER_BY",
          "cpu_time": 6.003212000002981,
          "children": [
            {
              "result_set_size": 1848,
              "operator_timing": 0.0,
              "operator_rows_scanned": 0,
              "cumulative_rows_scanned": 601640701,
              "operator_cardinality": 56,
              "cumulative_cardinality": 724142698,
              "extra_info": {
                "Projections": [
                  "#0",
                  "__internal_compress_integral_utinyint(#1, 1992)",
                  "__internal_compress_string_hugeint(#2)"
                ],
                "Estimated Cardinality": "953343"
              },
              "operator_type": "PROJECTION",
              "cpu_time": 6.003185000002981,
              "children": [
                {
                  "result_set_size": 1904,
                  "operator_timing": 0.0,
                  "operator_rows_scanned": 0,
                  "cumulative_rows_scanned": 601640701,
                  "operator_cardinality": 56,
                  "cumulative_cardinality": 724142642,
                  "extra_info": {
                    "Projections": [
                      "sum(lo_revenue)",
                      "d_year",
                      "p_brand1"
                    ],
                    "Estimated Cardinality": "953343"
                  },
                  "operator_type": "PROJECTION",
                  "cpu_time": 6.003185000002981,
                  "children": [
                    {
                      "result_set_size": 1904,
                      "operator_timing": 0.000001,
                      "operator_rows_scanned": 0,
                      "cumulative_rows_scanned": 601640701,
                      "operator_cardinality": 56,
                      "cumulative_cardinality": 724142586,
                      "extra_info": {
                        "Projections": [
                          "__internal_decompress_integral_smallint(#0, 1992)",
                          "__internal_decompress_string(#1)",
                          "#2"
                        ],
                        "Estimated Cardinality": "953343"
                      },
                      "operator_type": "PROJECTION",
                      "cpu_time": 6.003185000002981,
                      "children": [
                        {
                          "result_set_size": 1848,
                          "operator_timing": 0.008970000000000014,
                          "operator_rows_scanned": 0,
                          "cumulative_rows_scanned": 601640701,
                          "operator_cardinality": 56,
                          "cumulative_cardinality": 724142530,
                          "extra_info": {
                            "Groups": [
                              "#0",
                              "#1"
                            ],
                            "Aggregates": "sum(#2)",
                            "Estimated Cardinality": "953343"
                          },
                          "operator_type": "HASH_GROUP_BY",
                          "cpu_time": 6.003184000002981,
                          "children": [
                            {
                              "result_set_size": 20287953,
                              "operator_timing": 0.00009399999999999986,
                              "operator_rows_scanned": 0,
                              "cumulative_rows_scanned": 601640701,
                              "operator_cardinality": 966093,
                              "cumulative_cardinality": 724142474,
                              "extra_info": {
                                "Projections": [
                                  "d_year",
                                  "p_brand1",
                                  "lo_revenue"
                                ],
                                "Estimated Cardinality": "31908648"
                              },
                              "operator_type": "PROJECTION",
                              "cpu_time": 5.994214000002981,
                              "children": [
                                {
                                  "result_set_size": 43474185,
                                  "operator_timing": 0.0036670000000000036,
                                  "operator_rows_scanned": 0,
                                  "cumulative_rows_scanned": 601640701,
                                  "operator_cardinality": 966093,
                                  "cumulative_cardinality": 723176381,
                                  "extra_info": {
                                    "Projections": [
                                      "#0",
                                      "#1",
                                      "#2",
                                      "#3",
                                      "#4",
                                      "#5",
                                      "__internal_compress_string_hugeint(#6)",
                                      "#7",
                                      "__internal_compress_integral_utinyint(#8, 1992)"
                                    ],
                                    "Estimated Cardinality": "31908648"
                                  },
                                  "operator_type": "PROJECTION",
                                  "cpu_time": 5.994120000002981,
                                  "children": [
                                    {
                                      "result_set_size": 44440278,
                                      "operator_timing": 0.0014189999999999967,
                                      "operator_rows_scanned": 0,
                                      "cumulative_rows_scanned": 601640701,
                                      "operator_cardinality": 966093,
                                      "cumulative_cardinality": 722210288,
                                      "extra_info": {
                                        "Join Type": "INNER",
                                        "Conditions": "lo_orderdate = d_datekey",
                                        "Build Min": "1992-01-01",
                                        "Build Max": "1998-12-30",
                                        "Estimated Cardinality": "31908648"
                                      },
                                      "operator_type": "HASH_JOIN",
                                      "cpu_time": 5.990453000002981,
                                      "children": [
                                        {
                                          "result_set_size": 38643720,
                                          "operator_timing": 0.7896199999965922,
                                          "operator_rows_scanned": 0,
                                          "cumulative_rows_scanned": 601638145,
                                          "operator_cardinality": 966093,
                                          "cumulative_cardinality": 721241639,
                                          "extra_info": {
                                            "Join Type": "INNER",
                                            "Conditions": "lo_partkey = p_partkey",
                                            "Build Min": "1",
                                            "Build Max": "1000000",
                                            "Estimated Cardinality": "28974950"
                                          },
                                          "operator_type": "HASH_JOIN",
                                          "cpu_time": 5.989027000002981,
                                          "children": [
                                            {
                                              "result_set_size": 2406944580,
                                              "operator_timing": 1.8857139999973387,
                                              "operator_rows_scanned": 0,
                                              "cumulative_rows_scanned": 600238145,
                                              "operator_cardinality": 120347229,
                                              "cumulative_cardinality": 720256261,
                                              "extra_info": {
                                                "Join Type": "INNER",
                                                "Conditions": "lo_suppkey = s_suppkey",
                                                "Build Min": "1",
                                                "Build Max": "200000",
                                                "Estimated Cardinality": "128755261"
                                              },
                                              "operator_type": "HASH_JOIN",
                                              "cpu_time": 5.191936000006389,
                                              "children": [
                                                {
                                                  "result_set_size": 9597902608,
                                                  "operator_timing": 3.3056350000090498,
                                                  "operator_rows_scanned": 600038145,
                                                  "cumulative_rows_scanned": 600038145,
                                                  "operator_cardinality": 599868913,
                                                  "cumulative_cardinality": 599868913,
                                                  "extra_info": {
                                                    "Text": "lineorder",
                                                    "Projections": [
                                                      "lo_orderdate",
                                                      "lo_partkey",
                                                      "lo_suppkey",
                                                      "lo_revenue"
                                                    ],
                                                    "Estimated Cardinality": "600038145"
                                                  },
                                                  "operator_type": "TABLE_SCAN",
                                                  "cpu_time": 3.3056350000090498,
                                                  "children": []
                                                },
                                                {
                                                  "result_set_size": 160476,
                                                  "operator_timing": 0.0005870000000000003,
                                                  "operator_rows_scanned": 200000,
                                                  "cumulative_rows_scanned": 200000,
                                                  "operator_cardinality": 40119,
                                                  "cumulative_cardinality": 40119,
                                                  "extra_info": {
                                                    "Text": "supplier",
                                                    "Projections": "s_suppkey",
                                                    "Filters": "s_region='ASIA' AND s_region IS NOT NULL",
                                                    "Estimated Cardinality": "40000"
                                                  },
                                                  "operator_type": "TABLE_SCAN",
                                                  "cpu_time": 0.0005870000000000003,
                                                  "children": []
                                                }
                                              ]
                                            },
                                            {
                                              "result_set_size": 160300,
                                              "operator_timing": 0.00033900000000000173,
                                              "operator_rows_scanned": 0,
                                              "cumulative_rows_scanned": 1400000,
                                              "operator_cardinality": 8015,
                                              "cumulative_cardinality": 19285,
                                              "extra_info": {
                                                "Expression": "(p_partkey <= 1000000)",
                                                "Estimated Cardinality": "280000"
                                              },
                                              "operator_type": "FILTER",
                                              "cpu_time": 0.007470999999999896,
                                              "children": [
                                                {
                                                  "result_set_size": 225400,
                                                  "operator_timing": 0.0071319999999998945,
                                                  "operator_rows_scanned": 1400000,
                                                  "cumulative_rows_scanned": 1400000,
                                                  "operator_cardinality": 11270,
                                                  "cumulative_cardinality": 11270,
                                                  "extra_info": {
                                                    "Text": "part",
                                                    "Projections": [
                                                      "p_partkey",
                                                      "p_brand1"
                                                    ],
                                                    "Filters": "p_brand1>='MFGR#2221' AND p_brand1<='MFGR#2228' AND p_brand1 IS NOT NULL",
                                                    "Estimated Cardinality": "280000"
                                                  },
                                                  "operator_type": "TABLE_SCAN",
                                                  "cpu_time": 0.0071319999999998945,
                                                  "children": []
                                                }
                                              ]
                                            }
                                          ]
                                        },
                                        {
                                          "result_set_size": 15336,
                                          "operator_timing": 0.000007,
                                          "operator_rows_scanned": 2556,
                                          "cumulative_rows_scanned": 2556,
                                          "operator_cardinality": 2556,
                                          "cumulative_cardinality": 2556,
                                          "extra_info": {
                                            "Text": "date",
                                            "Projections": [
                                              "d_datekey",
                                              "d_year"
                                            ],
                                            "Estimated Cardinality": "2556"
                                          },
                                          "operator_type": "TABLE_SCAN",
                                          "cpu_time": 0.000007,
                                          "children": []
                                        }
                                      ]
                                    }
                                  ]
                                }
                              ]
                            }
                          ]
                        }
                      ]
                    }
                  ]
                }
              ]
            }
          ]
        }
      ]
    }
  ]
}
{
  "benchmark_name": "SSBQ2v2S100T1",
  "scale_factor": "100",
  "thread_count": "1",
  "all_optimizers": 0.000222,
  "cumulative_optimizer_timing": 0.000221,
  "planner": 0.000104,
  "planner_binding": 0.000102,
  "physical_planner": 0.000024999999999999998,
  "physical_planner_column_binding": 0.000004,
  "physical_planner_resolve_types": 0.000001,
  "physical_planner_create_plan": 0.000017,
  "optimizer_expression_rewriter": 0.000023,
  "optimizer_filter_pullup": 0.000001,
  "optimizer_filter_pushdown": 0.000035,
  "optimizer_cte_filter_pusher": 0.0,
  "optimizer_regex_range": 0.000001,
  "optimizer_in_clause": 0.000001,
  "optimizer_join_order": 0.000064,
  "optimizer_deliminator": 0.0,
  "optimizer_unnest_rewriter": 0.0,
  "optimizer_unused_columns": 0.000006,
  "optimizer_statistics_propagation": 0.000059,
  "optimizer_limit_pushdown": 0.000001,
  "optimizer_top_n": 0.0,
  "optimizer_compressed_materialization": 0.0,
  "optimizer_duplicate_groups": 0.000002,
  "optimizer_reorder_filter": 0.000003,
  "optimizer_join_filter_pushdown": 0.000007,
  "optimizer_extension": 0.0,
  "optimizer_materialized_cte": 0.0,
  "optimizer_build_side_probe_side": 0.000006,
  "result_set_size": 1904,
  "optimizer_column_lifetime": 0.000009999999999999999,
  "operator_timing": 6.095819,
  "optimizer_common_aggregate": 0.000001,
  "operator_rows_scanned": 0,
  "optimizer_common_subexpressions": 0.000001,
  "cumulative_rows_scanned": 601640701,
  "operator_cardinality": 0,
  "cumulative_cardinality": 724142810,
  "extra_info": {},
  "cpu_time": 12.063822000004134,
  "blocked_thread_time": 0.0,
  "query_name": "SELECT SUM(lo_revenue), d_year, p_brand1 FROM lineorder, date, part, supplier WHERE lo_orderdate = d_datekey AND lo_partkey = p_partkey AND lo_suppkey = s_suppkey AND p_brand1 BETWEEN 'MFGR#2221' AND 'MFGR#2228' AND s_region = 'ASIA' GROUP BY d_year, p_brand1 ORDER BY d_year, p_brand1;",
  "children": [
    {
      "result_set_size": 1904,
      "operator_timing": 0.0,
      "operator_rows_scanned": 0,
      "cumulative_rows_scanned": 601640701,
      "operator_cardinality": 56,
      "cumulative_cardinality": 724142810,
      "extra_info": {
        "Projections": [
          "#0",
          "__internal_decompress_integral_smallint(#1, 1992)",
          "__internal_decompress_string(#2)"
        ],
        "Estimated Cardinality": "953343"
      },
      "operator_type": "PROJECTION",
      "cpu_time": 5.968003000004135,
      "children": [
        {
          "result_set_size": 1848,
          "operator_timing": 0.000009,
          "operator_rows_scanned": 0,
          "cumulative_rows_scanned": 601640701,
          "operator_cardinality": 56,
          "cumulative_cardinality": 724142754,
          "extra_info": {
            "Order By": [
              "date.d_year ASC",
              "part.p_brand1 ASC"
            ]
          },
          "operator_type": "ORDER_BY",
          "cpu_time": 5.968003000004135,
          "children": [
            {
              "result_set_size": 1848,
              "operator_timing": 0.0,
              "operator_rows_scanned": 0,
              "cumulative_rows_scanned": 601640701,
              "operator_cardinality": 56,
              "cumulative_cardinality": 724142698,
              "extra_info": {
                "Projections": [
                  "#0",
                  "__internal_compress_integral_utinyint(#1, 1992)",
                  "__internal_compress_string_hugeint(#2)"
                ],
                "Estimated Cardinality": "953343"
              },
              "operator_type": "PROJECTION",
              "cpu_time": 5.9679940000041345,
              "children": [
                {
                  "result_set_size": 1904,
                  "operator_timing": 0.0,
                  "operator_rows_scanned": 0,
                  "cumulative_rows_scanned": 601640701,
                  "operator_cardinality": 56,
                  "cumulative_cardinality": 724142642,
                  "extra_info": {
                    "Projections": [
                      "sum(lo_revenue)",
                      "d_year",
                      "p_brand1"
                    ],
                    "Estimated Cardinality": "953343"
                  },
                  "operator_type": "PROJECTION",
                  "cpu_time": 5.9679940000041345,
                  "children": [
                    {
                      "result_set_size": 1904,
                      "operator_timing": 0.000001,
                      "operator_rows_scanned": 0,
                      "cumulative_rows_scanned": 601640701,
                      "operator_cardinality": 56,
                      "cumulative_cardinality": 724142586,
                      "extra_info": {
                        "Projections": [
                          "__internal_decompress_integral_smallint(#0, 1992)",
                          "__internal_decompress_string(#1)",
                          "#2"
                        ],
                        "Estimated Cardinality": "953343"
                      },
                      "operator_type": "PROJECTION",
                      "cpu_time": 5.9679940000041345,
                      "children": [
                        {
                          "result_set_size": 1848,
                          "operator_timing": 0.009326999999999992,
                          "operator_rows_scanned": 0,
                          "cumulative_rows_scanned": 601640701,
                          "operator_cardinality": 56,
                          "cumulative_cardinality": 724142530,
                          "extra_info": {
                            "Groups": [
                              "#0",
                              "#1"
                            ],
                            "Aggregates": "sum(#2)",
                            "Estimated Cardinality": "953343"
                          },
                          "operator_type": "HASH_GROUP_BY",
                          "cpu_time": 5.967993000004134,
                          "children": [
                            {
                              "result_set_size": 20287953,
                              "operator_timing": 0.00013399999999999981,
                              "operator_rows_scanned": 0,
                              "cumulative_rows_scanned": 601640701,
                              "operator_cardinality": 966093,
                              "cumulative_cardinality": 724142474,
                              "extra_info": {
                                "Projections": [
                                  "d_year",
                                  "p_brand1",
                                  "lo_revenue"
                                ],
                                "Estimated Cardinality": "31908648"
                              },
                              "operator_type": "PROJECTION",
                              "cpu_time": 5.9586660000041345,
                              "children": [
                                {
                                  "result_set_size": 43474185,
                                  "operator_timing": 0.0036940000000000076,
                                  "operator_rows_scanned": 0,
                                  "cumulative_rows_scanned": 601640701,
                                  "operator_cardinality": 966093,
                                  "cumulative_cardinality": 723176381,
                                  "extra_info": {
                                    "Projections": [
                                      "#0",
                                      "#1",
                                      "#2",
                                      "#3",
                                      "#4",
                                      "#5",
                                      "__internal_compress_string_hugeint(#6)",
                                      "#7",
                                      "__internal_compress_integral_utinyint(#8, 1992)"
                                    ],
                                    "Estimated Cardinality": "31908648"
                                  },
                                  "operator_type": "PROJECTION",
                                  "cpu_time": 5.958532000004134,
                                  "children": [
                                    {
                                      "result_set_size": 44440278,
                                      "operator_timing": 0.0013899999999999995,
                                      "operator_rows_scanned": 0,
                                      "cumulative_rows_scanned": 601640701,
                                      "operator_cardinality": 966093,
                                      "cumulative_cardinality": 722210288,
                                      "extra_info": {
                                        "Join Type": "INNER",
                                        "Conditions": "lo_orderdate = d_datekey",
                                        "Build Min": "1992-01-01",
                                        "Build Max": "1998-12-30",
                                        "Estimated Cardinality": "31908648"
                                      },
                                      "operator_type": "HASH_JOIN",
                                      "cpu_time": 5.954838000004134,
                                      "children": [
                                        {
                                          "result_set_size": 38643720,
                                          "operator_timing": 0.7936829999974121,
                                          "operator_rows_scanned": 0,
                                          "cumulative_rows_scanned": 601638145,
                                          "operator_cardinality": 966093,
                                          "cumulative_cardinality": 721241639,
                                          "extra_info": {
                                            "Join Type": "INNER",
                                            "Conditions": "lo_partkey = p_partkey",
                                            "Build Min": "1",
                                            "Build Max": "1000000",
                                            "Estimated Cardinality": "28974950"
                                          },
                                          "operator_type": "HASH_JOIN",
                                          "cpu_time": 5.953441000004134,
                                          "children": [
                                            {
                                              "result_set_size": 2406944580,
                                              "operator_timing": 1.8745429999967895,
                                              "operator_rows_scanned": 0,
                                              "cumulative_rows_scanned": 600238145,
                                              "operator_cardinality": 120347229,
                                              "cumulative_cardinality": 720256261,
                                              "extra_info": {
                                                "Join Type": "INNER",
                                                "Conditions": "lo_suppkey = s_suppkey",
                                                "Build Min": "1",
                                                "Build Max": "200000",
                                                "Estimated Cardinality": "128755261"
                                              },
                                              "operator_type": "HASH_JOIN",
                                              "cpu_time": 5.152297000006722,
                                              "children": [
                                                {
                                                  "result_set_size": 9597902608,
                                                  "operator_timing": 3.2771660000099323,
                                                  "operator_rows_scanned": 600038145,
                                                  "cumulative_rows_scanned": 600038145,
                                                  "operator_cardinality": 599868913,
                                                  "cumulative_cardinality": 599868913,
                                                  "extra_info": {
                                                    "Text": "lineorder",
                                                    "Projections": [
                                                      "lo_orderdate",
                                                      "lo_partkey",
                                                      "lo_suppkey",
                                                      "lo_revenue"
                                                    ],
                                                    "Estimated Cardinality": "600038145"
                                                  },
                                                  "operator_type": "TABLE_SCAN",
                                                  "cpu_time": 3.2771660000099323,
                                                  "children": []
                                                },
                                                {
                                                  "result_set_size": 160476,
                                                  "operator_timing": 0.0005880000000000002,
                                                  "operator_rows_scanned": 200000,
                                                  "cumulative_rows_scanned": 200000,
                                                  "operator_cardinality": 40119,
                                                  "cumulative_cardinality": 40119,
                                                  "extra_info": {
                                                    "Text": "supplier",
                                                    "Projections": "s_suppkey",
                                                    "Filters": "s_region='ASIA' AND s_region IS NOT NULL",
                                                    "Estimated Cardinality": "40000"
                                                  },
                                                  "operator_type": "TABLE_SCAN",
                                                  "cpu_time": 0.0005880000000000002,
                                                  "children": []
                                                }
                                              ]
                                            },
                                            {
                                              "result_set_size": 160300,
                                              "operator_timing": 0.00035500000000000207,
                                              "operator_rows_scanned": 0,
                                              "cumulative_rows_scanned": 1400000,
                                              "operator_cardinality": 8015,
                                              "cumulative_cardinality": 19285,
                                              "extra_info": {
                                                "Expression": "(p_partkey <= 1000000)",
                                                "Estimated Cardinality": "280000"
                                              },
                                              "operator_type": "FILTER",
                                              "cpu_time": 0.007460999999999902,
                                              "children": [
                                                {
                                                  "result_set_size": 225400,
                                                  "operator_timing": 0.0071059999999999,
                                                  "operator_rows_scanned": 1400000,
                                                  "cumulative_rows_scanned": 1400000,
                                                  "operator_cardinality": 11270,
                                                  "cumulative_cardinality": 11270,
                                                  "extra_info": {
                                                    "Text": "part",
                                                    "Projections": [
                                                      "p_partkey",
                                                      "p_brand1"
                                                    ],
                                                    "Filters": "p_brand1>='MFGR#2221' AND p_brand1<='MFGR#2228' AND p_brand1 IS NOT NULL",
                                                    "Estimated Cardinality": "280000"
                                                  },
                                                  "operator_type": "TABLE_SCAN",
                                                  "cpu_time": 0.0071059999999999,
                                                  "children": []
                                                }
                                              ]
                                            }
                                          ]
                                        },
                                        {
                                          "result_set_size": 15336,
                                          "operator_timing": 0.000007,
                                          "operator_rows_scanned": 2556,
                                          "cumulative_rows_scanned": 2556,
                                          "operator_cardinality": 2556,
                                          "cumulative_cardinality": 2556,
                                          "extra_info": {
                                            "Text": "date",
                                            "Projections": [
                                              "d_datekey",
                                              "d_year"
                                            ],
                                            "Estimated Cardinality": "2556"
                                          },
                                          "operator_type": "TABLE_SCAN",
                                          "cpu_time": 0.000007,
                                          "children": []
                                        }
                                      ]
                                    }
                                  ]
                                }
                              ]
                            }
                          ]
                        }
                      ]
                    }
                  ]
                }
              ]
            }
          ]
        }
      ]
    }
  ]
}
{
  "benchmark_name": "SSBQ2v2S100T1",
  "scale_factor": "100",
  "thread_count": "1",
  "all_optimizers": 0.00022100000000000003,
  "cumulative_optimizer_timing": 0.00021999999999999998,
  "planner": 0.000103,
  "planner_binding": 0.000101,
  "physical_planner": 0.000024999999999999998,
  "physical_planner_column_binding": 0.000005,
  "physical_planner_resolve_types": 0.0,
  "physical_planner_create_plan": 0.000017,
  "optimizer_expression_rewriter": 0.000022,
  "optimizer_filter_pullup": 0.000001,
  "optimizer_filter_pushdown": 0.000034,
  "optimizer_cte_filter_pusher": 0.000001,
  "optimizer_regex_range": 0.0,
  "optimizer_in_clause": 0.000001,
  "optimizer_join_order": 0.000065,
  "optimizer_deliminator": 0.000001,
  "optimizer_unnest_rewriter": 0.000001,
  "optimizer_unused_columns": 0.000005,
  "optimizer_statistics_propagation": 0.000058,
  "optimizer_limit_pushdown": 0.0,
  "optimizer_top_n": 0.0,
  "optimizer_compressed_materialization": 0.0,
  "optimizer_duplicate_groups": 0.000002,
  "optimizer_reorder_filter": 0.000003,
  "optimizer_join_filter_pushdown": 0.000007,
  "optimizer_extension": 0.0,
  "optimizer_materialized_cte": 0.0,
  "optimizer_build_side_probe_side": 0.000005,
  "result_set_size": 1904,
  "optimizer_column_lifetime": 0.000011,
  "operator_timing": 6.037979,
  "optimizer_common_aggregate": 0.000002,
  "operator_rows_scanned": 0,
  "optimizer_common_subexpressions": 0.000001,
  "cumulative_rows_scanned": 601640701,
  "operator_cardinality": 0,
  "cumulative_cardinality": 724142810,
  "extra_info": {},
  "cpu_time": 11.945411000003407,
  "blocked_thread_time": 0.0,
  "query_name": "SELECT SUM(lo_revenue), d_year, p_brand1 FROM lineorder, date, part, supplier WHERE lo_orderdate = d_datekey AND lo_partkey = p_partkey AND lo_suppkey = s_suppkey AND p_brand1 BETWEEN 'MFGR#2221' AND 'MFGR#2228' AND s_region = 'ASIA' GROUP BY d_year, p_brand1 ORDER BY d_year, p_brand1;",
  "children": [
    {
      "result_set_size": 1904,
      "operator_timing": 0.0,
      "operator_rows_scanned": 0,
      "cumulative_rows_scanned": 601640701,
      "operator_cardinality": 56,
      "cumulative_cardinality": 724142810,
      "extra_info": {
        "Projections": [
          "#0",
          "__internal_decompress_integral_smallint(#1, 1992)",
          "__internal_decompress_string(#2)"
        ],
        "Estimated Cardinality": "953343"
      },
      "operator_type": "PROJECTION",
      "cpu_time": 5.907432000003408,
      "children": [
        {
          "result_set_size": 1848,
          "operator_timing": 0.000031,
          "operator_rows_scanned": 0,
          "cumulative_rows_scanned": 601640701,
          "operator_cardinality": 56,
          "cumulative_cardinality": 724142754,
          "extra_info": {
            "Order By": [
              "date.d_year ASC",
              "part.p_brand1 ASC"
            ]
          },
          "operator_type": "ORDER_BY",
          "cpu_time": 5.907432000003408,
          "children": [
            {
              "result_set_size": 1848,
              "operator_timing": 0.0,
              "operator_rows_scanned": 0,
              "cumulative_rows_scanned": 601640701,
              "operator_cardinality": 56,
              "cumulative_cardinality": 724142698,
              "extra_info": {
                "Projections": [
                  "#0",
                  "__internal_compress_integral_utinyint(#1, 1992)",
                  "__internal_compress_string_hugeint(#2)"
                ],
                "Estimated Cardinality": "953343"
              },
              "operator_type": "PROJECTION",
              "cpu_time": 5.907401000003408,
              "children": [
                {
                  "result_set_size": 1904,
                  "operator_timing": 0.000001,
                  "operator_rows_scanned": 0,
                  "cumulative_rows_scanned": 601640701,
                  "operator_cardinality": 56,
                  "cumulative_cardinality": 724142642,
                  "extra_info": {
                    "Projections": [
                      "sum(lo_revenue)",
                      "d_year",
                      "p_brand1"
                    ],
                    "Estimated Cardinality": "953343"
                  },
                  "operator_type": "PROJECTION",
                  "cpu_time": 5.907401000003408,
                  "children": [
                    {
                      "result_set_size": 1904,
                      "operator_timing": 0.000001,
                      "operator_rows_scanned": 0,
                      "cumulative_rows_scanned": 601640701,
                      "operator_cardinality": 56,
                      "cumulative_cardinality": 724142586,
                      "extra_info": {
                        "Projections": [
                          "__internal_decompress_integral_smallint(#0, 1992)",
                          "__internal_decompress_string(#1)",
                          "#2"
                        ],
                        "Estimated Cardinality": "953343"
                      },
                      "operator_type": "PROJECTION",
                      "cpu_time": 5.907400000003408,
                      "children": [
                        {
                          "result_set_size": 1848,
                          "operator_timing": 0.009168999999999984,
                          "operator_rows_scanned": 0,
                          "cumulative_rows_scanned": 601640701,
                          "operator_cardinality": 56,
                          "cumulative_cardinality": 724142530,
                          "extra_info": {
                            "Groups": [
                              "#0",
                              "#1"
                            ],
                            "Aggregates": "sum(#2)",
                            "Estimated Cardinality": "953343"
                          },
                          "operator_type": "HASH_GROUP_BY",
                          "cpu_time": 5.907399000003408,
                          "children": [
                            {
                              "result_set_size": 20287953,
                              "operator_timing": 0.00013199999999999974,
                              "operator_rows_scanned": 0,
                              "cumulative_rows_scanned": 601640701,
                              "operator_cardinality": 966093,
                              "cumulative_cardinality": 724142474,
                              "extra_info": {
                                "Projections": [
                                  "d_year",
                                  "p_brand1",
                                  "lo_revenue"
                                ],
                                "Estimated Cardinality": "31908648"
                              },
                              "operator_type": "PROJECTION",
                              "cpu_time": 5.898230000003408,
                              "children": [
                                {
                                  "result_set_size": 43474185,
                                  "operator_timing": 0.0035080000000000024,
                                  "operator_rows_scanned": 0,
                                  "cumulative_rows_scanned": 601640701,
                                  "operator_cardinality": 966093,
                                  "cumulative_cardinality": 723176381,
                                  "extra_info": {
                                    "Projections": [
                                      "#0",
                                      "#1",
                                      "#2",
                                      "#3",
                                      "#4",
                                      "#5",
                                      "__internal_compress_string_hugeint(#6)",
                                      "#7",
                                      "__internal_compress_integral_utinyint(#8, 1992)"
                                    ],
                                    "Estimated Cardinality": "31908648"
                                  },
                                  "operator_type": "PROJECTION",
                                  "cpu_time": 5.898098000003408,
                                  "children": [
                                    {
                                      "result_set_size": 44440278,
                                      "operator_timing": 0.0013829999999999977,
                                      "operator_rows_scanned": 0,
                                      "cumulative_rows_scanned": 601640701,
                                      "operator_cardinality": 966093,
                                      "cumulative_cardinality": 722210288,
                                      "extra_info": {
                                        "Join Type": "INNER",
                                        "Conditions": "lo_orderdate = d_datekey",
                                        "Build Min": "1992-01-01",
                                        "Build Max": "1998-12-30",
                                        "Estimated Cardinality": "31908648"
                                      },
                                      "operator_type": "HASH_JOIN",
                                      "cpu_time": 5.894590000003408,
                                      "children": [
                                        {
                                          "result_set_size": 38643720,
                                          "operator_timing": 0.7312089999969772,
                                          "operator_rows_scanned": 0,
                                          "cumulative_rows_scanned": 601638145,
                                          "operator_cardinality": 966093,
                                          "cumulative_cardinality": 721241639,
                                          "extra_info": {
                                            "Join Type": "INNER",
                                            "Conditions": "lo_partkey = p_partkey",
                                            "Build Min": "1",
                                            "Build Max": "1000000",
                                            "Estimated Cardinality": "28974950"
                                          },
                                          "operator_type": "HASH_JOIN",
                                          "cpu_time": 5.893203000003409,
                                          "children": [
                                            {
                                              "result_set_size": 2406944580,
                                              "operator_timing": 1.8750299999967344,
                                              "operator_rows_scanned": 0,
                                              "cumulative_rows_scanned": 600238145,
                                              "operator_cardinality": 120347229,
                                              "cumulative_cardinality": 720256261,
                                              "extra_info": {
                                                "Join Type": "INNER",
                                                "Conditions": "lo_suppkey = s_suppkey",
                                                "Build Min": "1",
                                                "Build Max": "200000",
                                                "Estimated Cardinality": "128755261"
                                              },
                                              "operator_type": "HASH_JOIN",
                                              "cpu_time": 5.154495000006431,
                                              "children": [
                                                {
                                                  "result_set_size": 9597902608,
                                                  "operator_timing": 3.278898000009697,
                                                  "operator_rows_scanned": 600038145,
                                                  "cumulative_rows_scanned": 600038145,
                                                  "operator_cardinality": 599868913,
                                                  "cumulative_cardinality": 599868913,
                                                  "extra_info": {
                                                    "Text": "lineorder",
                                                    "Projections": [
                                                      "lo_orderdate",
                                                      "lo_partkey",
                                                      "lo_suppkey",
                                                      "lo_revenue"
                                                    ],
                                                    "Estimated Cardinality": "600038145"
                                                  },
                                                  "operator_type": "TABLE_SCAN",
                                                  "cpu_time": 3.278898000009697,
                                                  "children": []
                                                },
                                                {
                                                  "result_set_size": 160476,
                                                  "operator_timing": 0.0005670000000000002,
                                                  "operator_rows_scanned": 200000,
                                                  "cumulative_rows_scanned": 200000,
                                                  "operator_cardinality": 40119,
                                                  "cumulative_cardinality": 40119,
                                                  "extra_info": {
                                                    "Text": "supplier",
                                                    "Projections": "s_suppkey",
                                                    "Filters": "s_region='ASIA' AND s_region IS NOT NULL",
                                                    "Estimated Cardinality": "40000"
                                                  },
                                                  "operator_type": "TABLE_SCAN",
                                                  "cpu_time": 0.0005670000000000002,
                                                  "children": []
                                                }
                                              ]
                                            },
                                            {
                                              "result_set_size": 160300,
                                              "operator_timing": 0.0003980000000000032,
                                              "operator_rows_scanned": 0,
                                              "cumulative_rows_scanned": 1400000,
                                              "operator_cardinality": 8015,
                                              "cumulative_cardinality": 19285,
                                              "extra_info": {
                                                "Expression": "(p_partkey <= 1000000)",
                                                "Estimated Cardinality": "280000"
                                              },
                                              "operator_type": "FILTER",
                                              "cpu_time": 0.007498999999999898,
                                              "children": [
                                                {
                                                  "result_set_size": 225400,
                                                  "operator_timing": 0.007100999999999895,
                                                  "operator_rows_scanned": 1400000,
                                                  "cumulative_rows_scanned": 1400000,
                                                  "operator_cardinality": 11270,
                                                  "cumulative_cardinality": 11270,
                                                  "extra_info": {
                                                    "Text": "part",
                                                    "Projections": [
                                                      "p_partkey",
                                                      "p_brand1"
                                                    ],
                                                    "Filters": "p_brand1>='MFGR#2221' AND p_brand1<='MFGR#2228' AND p_brand1 IS NOT NULL",
                                                    "Estimated Cardinality": "280000"
                                                  },
                                                  "operator_type": "TABLE_SCAN",
                                                  "cpu_time": 0.007100999999999895,
                                                  "children": []
                                                }
                                              ]
                                            }
                                          ]
                                        },
                                        {
                                          "result_set_size": 15336,
                                          "operator_timing": 0.000004,
                                          "operator_rows_scanned": 2556,
                                          "cumulative_rows_scanned": 2556,
                                          "operator_cardinality": 2556,
                                          "cumulative_cardinality": 2556,
                                          "extra_info": {
                                            "Text": "date",
                                            "Projections": [
                                              "d_datekey",
                                              "d_year"
                                            ],
                                            "Estimated Cardinality": "2556"
                                          },
                                          "operator_type": "TABLE_SCAN",
                                          "cpu_time": 0.000004,
                                          "children": []
                                        }
                                      ]
                                    }
                                  ]
                                }
                              ]
                            }
                          ]
                        }
                      ]
                    }
                  ]
                }
              ]
            }
          ]
        }
      ]
    }
  ]
}
{
  "benchmark_name": "SSBQ2v2S100T1",
  "scale_factor": "100",
  "thread_count": "1",
  "all_optimizers": 0.00022999999999999998,
  "cumulative_optimizer_timing": 0.00022999999999999998,
  "planner": 0.00010899999999999999,
  "planner_binding": 0.000107,
  "physical_planner": 0.000026000000000000002,
  "physical_planner_column_binding": 0.000005,
  "physical_planner_resolve_types": 0.0,
  "physical_planner_create_plan": 0.000018,
  "optimizer_expression_rewriter": 0.000023,
  "optimizer_filter_pullup": 0.000001,
  "optimizer_filter_pushdown": 0.000035,
  "optimizer_cte_filter_pusher": 0.000001,
  "optimizer_regex_range": 0.0,
  "optimizer_in_clause": 0.000001,
  "optimizer_join_order": 0.000066,
  "optimizer_deliminator": 0.000001,
  "optimizer_unnest_rewriter": 0.0,
  "optimizer_unused_columns": 0.000006,
  "optimizer_statistics_propagation": 0.000062,
  "optimizer_limit_pushdown": 0.000001,
  "optimizer_top_n": 0.0,
  "optimizer_compressed_materialization": 0.0,
  "optimizer_duplicate_groups": 0.000003,
  "optimizer_reorder_filter": 0.000004,
  "optimizer_join_filter_pushdown": 0.000008,
  "optimizer_extension": 0.0,
  "optimizer_materialized_cte": 0.0,
  "optimizer_build_side_probe_side": 0.000006,
  "result_set_size": 1904,
  "optimizer_column_lifetime": 0.000009,
  "operator_timing": 6.044975,
  "optimizer_common_aggregate": 0.000002,
  "operator_rows_scanned": 0,
  "optimizer_common_subexpressions": 0.000001,
  "cumulative_rows_scanned": 601640701,
  "operator_cardinality": 0,
  "cumulative_cardinality": 724142810,
  "extra_info": {},
  "cpu_time": 11.960959000003587,
  "blocked_thread_time": 0.0,
  "query_name": "SELECT SUM(lo_revenue), d_year, p_brand1 FROM lineorder, date, part, supplier WHERE lo_orderdate = d_datekey AND lo_partkey = p_partkey AND lo_suppkey = s_suppkey AND p_brand1 BETWEEN 'MFGR#2221' AND 'MFGR#2228' AND s_region = 'ASIA' GROUP BY d_year, p_brand1 ORDER BY d_year, p_brand1;",
  "children": [
    {
      "result_set_size": 1904,
      "operator_timing": 0.000001,
      "operator_rows_scanned": 0,
      "cumulative_rows_scanned": 601640701,
      "operator_cardinality": 56,
      "cumulative_cardinality": 724142810,
      "extra_info": {
        "Projections": [
          "#0",
          "__internal_decompress_integral_smallint(#1, 1992)",
          "__internal_decompress_string(#2)"
        ],
        "Estimated Cardinality": "953343"
      },
      "operator_type": "PROJECTION",
      "cpu_time": 5.915984000003586,
      "children": [
        {
          "result_set_size": 1848,
          "operator_timing": 0.000016,
          "operator_rows_scanned": 0,
          "cumulative_rows_scanned": 601640701,
          "operator_cardinality": 56,
          "cumulative_cardinality": 724142754,
          "extra_info": {
            "Order By": [
              "date.d_year ASC",
              "part.p_brand1 ASC"
            ]
          },
          "operator_type": "ORDER_BY",
          "cpu_time": 5.915983000003586,
          "children": [
            {
              "result_set_size": 1848,
              "operator_timing": 0.000001,
              "operator_rows_scanned": 0,
              "cumulative_rows_scanned": 601640701,
              "operator_cardinality": 56,
              "cumulative_cardinality": 724142698,
              "extra_info": {
                "Projections": [
                  "#0",
                  "__internal_compress_integral_utinyint(#1, 1992)",
                  "__internal_compress_string_hugeint(#2)"
                ],
                "Estimated Cardinality": "953343"
              },
              "operator_type": "PROJECTION",
              "cpu_time": 5.915967000003587,
              "children": [
                {
                  "result_set_size": 1904,
                  "operator_timing": 0.000001,
                  "operator_rows_scanned": 0,
                  "cumulative_rows_scanned": 601640701,
                  "operator_cardinality": 56,
                  "cumulative_cardinality": 724142642,
                  "extra_info": {
                    "Projections": [
                      "sum(lo_revenue)",
                      "d_year",
                      "p_brand1"
                    ],
                    "Estimated Cardinality": "953343"
                  },
                  "operator_type": "PROJECTION",
                  "cpu_time": 5.9159660000035865,
                  "children": [
                    {
                      "result_set_size": 1904,
                      "operator_timing": 0.000001,
                      "operator_rows_scanned": 0,
                      "cumulative_rows_scanned": 601640701,
                      "operator_cardinality": 56,
                      "cumulative_cardinality": 724142586,
                      "extra_info": {
                        "Projections": [
                          "__internal_decompress_integral_smallint(#0, 1992)",
                          "__internal_decompress_string(#1)",
                          "#2"
                        ],
                        "Estimated Cardinality": "953343"
                      },
                      "operator_type": "PROJECTION",
                      "cpu_time": 5.915965000003586,
                      "children": [
                        {
                          "result_set_size": 1848,
                          "operator_timing": 0.009133999999999998,
                          "operator_rows_scanned": 0,
                          "cumulative_rows_scanned": 601640701,
                          "operator_cardinality": 56,
                          "cumulative_cardinality": 724142530,
                          "extra_info": {
                            "Groups": [
                              "#0",
                              "#1"
                            ],
                            "Aggregates": "sum(#2)",
                            "Estimated Cardinality": "953343"
                          },
                          "operator_type": "HASH_GROUP_BY",
                          "cpu_time": 5.915964000003586,
                          "children": [
                            {
                              "result_set_size": 20287953,
                              "operator_timing": 0.00018299999999999965,
                              "operator_rows_scanned": 0,
                              "cumulative_rows_scanned": 601640701,
                              "operator_cardinality": 966093,
                              "cumulative_cardinality": 724142474,
                              "extra_info": {
                                "Projections": [
                                  "d_year",
                                  "p_brand1",
                                  "lo_revenue"
                                ],
                                "Estimated Cardinality": "31908648"
                              },
                              "operator_type": "PROJECTION",
                              "cpu_time": 5.906830000003586,
                              "children": [
                                {
                                  "result_set_size": 43474185,
                                  "operator_timing": 0.003588000000000005,
                                  "operator_rows_scanned": 0,
                                  "cumulative_rows_scanned": 601640701,
                                  "operator_cardinality": 966093,
                                  "cumulative_cardinality": 723176381,
                                  "extra_info": {
                                    "Projections": [
                                      "#0",
                                      "#1",
                                      "#2",
                                      "#3",
                                      "#4",
                                      "#5",
                                      "__internal_compress_string_hugeint(#6)",
                                      "#7",
                                      "__internal_compress_integral_utinyint(#8, 1992)"
                                    ],
                                    "Estimated Cardinality": "31908648"
                                  },
                                  "operator_type": "PROJECTION",
                                  "cpu_time": 5.906647000003586,
                                  "children": [
                                    {
                                      "result_set_size": 44440278,
                                      "operator_timing": 0.0014769999999999996,
                                      "operator_rows_scanned": 0,
                                      "cumulative_rows_scanned": 601640701,
                                      "operator_cardinality": 966093,
                                      "cumulative_cardinality": 722210288,
                                      "extra_info": {
                                        "Join Type": "INNER",
                                        "Conditions": "lo_orderdate = d_datekey",
                                        "Build Min": "1992-01-01",
                                        "Build Max": "1998-12-30",
                                        "Estimated Cardinality": "31908648"
                                      },
                                      "operator_type": "HASH_JOIN",
                                      "cpu_time": 5.903059000003586,
                                      "children": [
                                        {
                                          "result_set_size": 38643720,
                                          "operator_timing": 0.7605749999964022,
                                          "operator_rows_scanned": 0,
                                          "cumulative_rows_scanned": 601638145,
                                          "operator_cardinality": 966093,
                                          "cumulative_cardinality": 721241639,
                                          "extra_info": {
                                            "Join Type": "INNER",
                                            "Conditions": "lo_partkey = p_partkey",
                                            "Build Min": "1",
                                            "Build Max": "1000000",
                                            "Estimated Cardinality": "28974950"
                                          },
                                          "operator_type": "HASH_JOIN",
                                          "cpu_time": 5.901577000003586,
                                          "children": [
                                            {
                                              "result_set_size": 2406944580,
                                              "operator_timing": 1.8718679999969576,
                                              "operator_rows_scanned": 0,
                                              "cumulative_rows_scanned": 600238145,
                                              "operator_cardinality": 120347229,
                                              "cumulative_cardinality": 720256261,
                                              "extra_info": {
                                                "Join Type": "INNER",
                                                "Conditions": "lo_suppkey = s_suppkey",
                                                "Build Min": "1",
                                                "Build Max": "200000",
                                                "Estimated Cardinality": "128755261"
                                              },
                                              "operator_type": "HASH_JOIN",
                                              "cpu_time": 5.133541000007184,
                                              "children": [
                                                {
                                                  "result_set_size": 9597902608,
                                                  "operator_timing": 3.2610930000102263,
                                                  "operator_rows_scanned": 600038145,
                                                  "cumulative_rows_scanned": 600038145,
                                                  "operator_cardinality": 599868913,
                                                  "cumulative_cardinality": 599868913,
                                                  "extra_info": {
                                                    "Text": "lineorder",
                                                    "Projections": [
                                                      "lo_orderdate",
                                                      "lo_partkey",
                                                      "lo_suppkey",
                                                      "lo_revenue"
                                                    ],
                                                    "Estimated Cardinality": "600038145"
                                                  },
                                                  "operator_type": "TABLE_SCAN",
                                                  "cpu_time": 3.2610930000102263,
                                                  "children": []
                                                },
                                                {
                                                  "result_set_size": 160476,
                                                  "operator_timing": 0.0005800000000000001,
                                                  "operator_rows_scanned": 200000,
                                                  "cumulative_rows_scanned": 200000,
                                                  "operator_cardinality": 40119,
                                                  "cumulative_cardinality": 40119,
                                                  "extra_info": {
                                                    "Text": "supplier",
                                                    "Projections": "s_suppkey",
                                                    "Filters": "s_region='ASIA' AND s_region IS NOT NULL",
                                                    "Estimated Cardinality": "40000"
                                                  },
                                                  "operator_type": "TABLE_SCAN",
                                                  "cpu_time": 0.0005800000000000001,
                                                  "children": []
                                                }
                                              ]
                                            },
                                            {
                                              "result_set_size": 160300,
                                              "operator_timing": 0.000354000000000002,
                                              "operator_rows_scanned": 0,
                                              "cumulative_rows_scanned": 1400000,
                                              "operator_cardinality": 8015,
                                              "cumulative_cardinality": 19285,
                                              "extra_info": {
                                                "Expression": "(p_partkey <= 1000000)",
                                                "Estimated Cardinality": "280000"
                                              },
                                              "operator_type": "FILTER",
                                              "cpu_time": 0.007460999999999899,
                                              "children": [
                                                {
                                                  "result_set_size": 225400,
                                                  "operator_timing": 0.007106999999999897,
                                                  "operator_rows_scanned": 1400000,
                                                  "cumulative_rows_scanned": 1400000,
                                                  "operator_cardinality": 11270,
                                                  "cumulative_cardinality": 11270,
                                                  "extra_info": {
                                                    "Text": "part",
                                                    "Projections": [
                                                      "p_partkey",
                                                      "p_brand1"
                                                    ],
                                                    "Filters": "p_brand1>='MFGR#2221' AND p_brand1<='MFGR#2228' AND p_brand1 IS NOT NULL",
                                                    "Estimated Cardinality": "280000"
                                                  },
                                                  "operator_type": "TABLE_SCAN",
                                                  "cpu_time": 0.007106999999999897,
                                                  "children": []
                                                }
                                              ]
                                            }
                                          ]
                                        },
                                        {
                                          "result_set_size": 15336,
                                          "operator_timing": 0.0000049999999999999996,
                                          "operator_rows_scanned": 2556,
                                          "cumulative_rows_scanned": 2556,
                                          "operator_cardinality": 2556,
                                          "cumulative_cardinality": 2556,
                                          "extra_info": {
                                            "Text": "date",
                                            "Projections": [
                                              "d_datekey",
                                              "d_year"
                                            ],
                                            "Estimated Cardinality": "2556"
                                          },
                                          "operator_type": "TABLE_SCAN",
                                          "cpu_time": 0.0000049999999999999996,
                                          "children": []
                                        }
                                      ]
                                    }
                                  ]
                                }
                              ]
                            }
                          ]
                        }
                      ]
                    }
                  ]
                }
              ]
            }
          ]
        }
      ]
    }
  ]
}
