[
    {
        "benchmark_name": "SSBQ2v2S100T8",
        "scale_factor": "100",
        "thread_count": "8",
        "all_optimizers": 0.000265,
        "cumulative_optimizer_timing": 0.00026399999999999997,
        "planner": 0.000116,
        "planner_binding": 0.000113,
        "physical_planner": 0.000027,
        "physical_planner_column_binding": 0.000004,
        "physical_planner_resolve_types": 0.000001,
        "physical_planner_create_plan": 0.000019,
        "optimizer_expression_rewriter": 0.000026,
        "optimizer_filter_pullup": 0.000001,
        "optimizer_filter_pushdown": 0.000041,
        "optimizer_cte_filter_pusher": 0.000001,
        "optimizer_regex_range": 0.0,
        "optimizer_in_clause": 0.000001,
        "optimizer_join_order": 0.000078,
        "optimizer_deliminator": 0.000001,
        "optimizer_unnest_rewriter": 0.0,
        "optimizer_unused_columns": 0.000006,
        "optimizer_statistics_propagation": 0.000073,
        "optimizer_limit_pushdown": 0.0,
        "optimizer_top_n": 0.000001,
        "optimizer_compressed_materialization": 0.0,
        "optimizer_duplicate_groups": 0.000002,
        "optimizer_reorder_filter": 0.000003,
        "optimizer_join_filter_pushdown": 0.000008,
        "optimizer_extension": 0.0,
        "optimizer_materialized_cte": 0.0,
        "optimizer_build_side_probe_side": 0.000009,
        "result_set_size": 1904,
        "optimizer_column_lifetime": 0.000009,
        "operator_timing": 1.108607,
        "optimizer_common_aggregate": 0.000002,
        "operator_rows_scanned": 0,
        "optimizer_common_subexpressions": 0.000002,
        "cumulative_rows_scanned": 4811907716,
        "operator_cardinality": 0,
        "cumulative_cardinality": 724142810,
        "extra_info": {},
        "cpu_time": 9.563210000001016,
        "blocked_thread_time": 0.0,
        "query_name": "SELECT SUM(lo_revenue), d_year, p_brand1 FROM lineorder, date, part, supplier WHERE lo_orderdate = d_datekey AND lo_partkey = p_partkey AND lo_suppkey = s_suppkey AND p_brand1 BETWEEN 'MFGR#2221' AND 'MFGR#2228' AND s_region = 'ASIA' GROUP BY d_year, p_brand1 ORDER BY d_year, p_brand1;",
        "children": [
            {
                "result_set_size": 1904,
                "operator_timing": 0.000004,
                "operator_rows_scanned": 0,
                "cumulative_rows_scanned": 4811907716,
                "operator_cardinality": 56,
                "cumulative_cardinality": 724142810,
                "extra_info": {
                    "Projections": [
                        "#0",
                        "__internal_decompress_integral_smallint(#1, 1992)",
                        "__internal_decompress_string(#2)"
                    ],
                    "Estimated Cardinality": "953343"
                },
                "operator_type": "PROJECTION",
                "cpu_time": 8.454603000001017,
                "children": [
                    {
                        "result_set_size": 1848,
                        "operator_timing": 0.00039900000000000005,
                        "operator_rows_scanned": 0,
                        "cumulative_rows_scanned": 4811907716,
                        "operator_cardinality": 56,
                        "cumulative_cardinality": 724142754,
                        "extra_info": {
                            "Order By": [
                                "date.d_year ASC",
                                "part.p_brand1 ASC"
                            ]
                        },
                        "operator_type": "ORDER_BY",
                        "cpu_time": 8.454599000001016,
                        "children": [
                            {
                                "result_set_size": 1848,
                                "operator_timing": 0.000006,
                                "operator_rows_scanned": 0,
                                "cumulative_rows_scanned": 4811907716,
                                "operator_cardinality": 56,
                                "cumulative_cardinality": 724142698,
                                "extra_info": {
                                    "Projections": [
                                        "#0",
                                        "__internal_compress_integral_utinyint(#1, 1992)",
                                        "__internal_compress_string_hugeint(#2)"
                                    ],
                                    "Estimated Cardinality": "953343"
                                },
                                "operator_type": "PROJECTION",
                                "cpu_time": 8.454200000001016,
                                "children": [
                                    {
                                        "result_set_size": 1904,
                                        "operator_timing": 0.000001,
                                        "operator_rows_scanned": 0,
                                        "cumulative_rows_scanned": 4811907716,
                                        "operator_cardinality": 56,
                                        "cumulative_cardinality": 724142642,
                                        "extra_info": {
                                            "Projections": [
                                                "sum(lo_revenue)",
                                                "d_year",
                                                "p_brand1"
                                            ],
                                            "Estimated Cardinality": "953343"
                                        },
                                        "operator_type": "PROJECTION",
                                        "cpu_time": 8.454194000001015,
                                        "children": [
                                            {
                                                "result_set_size": 1904,
                                                "operator_timing": 0.000008,
                                                "operator_rows_scanned": 0,
                                                "cumulative_rows_scanned": 4811907716,
                                                "operator_cardinality": 56,
                                                "cumulative_cardinality": 724142586,
                                                "extra_info": {
                                                    "Projections": [
                                                        "__internal_decompress_integral_smallint(#0, 1992)",
                                                        "__internal_decompress_string(#1)",
                                                        "#2"
                                                    ],
                                                    "Estimated Cardinality": "953343"
                                                },
                                                "operator_type": "PROJECTION",
                                                "cpu_time": 8.454193000001016,
                                                "children": [
                                                    {
                                                        "result_set_size": 1848,
                                                        "operator_timing": 0.015038000000000003,
                                                        "operator_rows_scanned": 0,
                                                        "cumulative_rows_scanned": 4811907716,
                                                        "operator_cardinality": 56,
                                                        "cumulative_cardinality": 724142530,
                                                        "extra_info": {
                                                            "Groups": [
                                                                "#0",
                                                                "#1"
                                                            ],
                                                            "Aggregates": "sum(#2)",
                                                            "Estimated Cardinality": "953343"
                                                        },
                                                        "operator_type": "HASH_GROUP_BY",
                                                        "cpu_time": 8.454185000001017,
                                                        "children": [
                                                            {
                                                                "result_set_size": 20287953,
                                                                "operator_timing": 0.00018500000000000005,
                                                                "operator_rows_scanned": 0,
                                                                "cumulative_rows_scanned": 4811907716,
                                                                "operator_cardinality": 966093,
                                                                "cumulative_cardinality": 724142474,
                                                                "extra_info": {
                                                                    "Projections": [
                                                                        "d_year",
                                                                        "p_brand1",
                                                                        "lo_revenue"
                                                                    ],
                                                                    "Estimated Cardinality": "31908648"
                                                                },
                                                                "operator_type": "PROJECTION",
                                                                "cpu_time": 8.439147000001016,
                                                                "children": [
                                                                    {
                                                                        "result_set_size": 43474185,
                                                                        "operator_timing": 0.005016999999999997,
                                                                        "operator_rows_scanned": 0,
                                                                        "cumulative_rows_scanned": 4811907716,
                                                                        "operator_cardinality": 966093,
                                                                        "cumulative_cardinality": 723176381,
                                                                        "extra_info": {
                                                                            "Projections": [
                                                                                "#0",
                                                                                "#1",
                                                                                "#2",
                                                                                "#3",
                                                                                "#4",
                                                                                "#5",
                                                                                "__internal_compress_string_hugeint(#6)",
                                                                                "#7",
                                                                                "__internal_compress_integral_utinyint(#8, 1992)"
                                                                            ],
                                                                            "Estimated Cardinality": "31908648"
                                                                        },
                                                                        "operator_type": "PROJECTION",
                                                                        "cpu_time": 8.438962000001016,
                                                                        "children": [
                                                                            {
                                                                                "result_set_size": 44440278,
                                                                                "operator_timing": 0.0021759999999999987,
                                                                                "operator_rows_scanned": 0,
                                                                                "cumulative_rows_scanned": 4811907716,
                                                                                "operator_cardinality": 966093,
                                                                                "cumulative_cardinality": 722210288,
                                                                                "extra_info": {
                                                                                    "Join Type": "INNER",
                                                                                    "Conditions": "lo_orderdate = d_datekey",
                                                                                    "Build Min": "1992-01-01",
                                                                                    "Build Max": "1998-12-30",
                                                                                    "Estimated Cardinality": "31908648"
                                                                                },
                                                                                "operator_type": "HASH_JOIN",
                                                                                "cpu_time": 8.433945000001016,
                                                                                "children": [
                                                                                    {
                                                                                        "result_set_size": 38643720,
                                                                                        "operator_timing": 1.3508570000005822,
                                                                                        "operator_rows_scanned": 0,
                                                                                        "cumulative_rows_scanned": 4811905160,
                                                                                        "operator_cardinality": 966093,
                                                                                        "cumulative_cardinality": 721241639,
                                                                                        "extra_info": {
                                                                                            "Join Type": "INNER",
                                                                                            "Conditions": "lo_partkey = p_partkey",
                                                                                            "Build Min": "1",
                                                                                            "Build Max": "1000000",
                                                                                            "Estimated Cardinality": "28974950"
                                                                                        },
                                                                                        "operator_type": "HASH_JOIN",
                                                                                        "cpu_time": 8.431762000001015,
                                                                                        "children": [
                                                                                            {
                                                                                                "result_set_size": 2406944580,
                                                                                                "operator_timing": 2.549347999999883,
                                                                                                "operator_rows_scanned": 0,
                                                                                                "cumulative_rows_scanned": 4800705160,
                                                                                                "operator_cardinality": 120347229,
                                                                                                "cumulative_cardinality": 720256261,
                                                                                                "extra_info": {
                                                                                                    "Join Type": "INNER",
                                                                                                    "Conditions": "lo_suppkey = s_suppkey",
                                                                                                    "Build Min": "1",
                                                                                                    "Build Max": "200000",
                                                                                                    "Estimated Cardinality": "128755261"
                                                                                                },
                                                                                                "operator_type": "HASH_JOIN",
                                                                                                "cpu_time": 7.067457000000432,
                                                                                                "children": [
                                                                                                    {
                                                                                                        "result_set_size": 9597902608,
                                                                                                        "operator_timing": 4.517360000000549,
                                                                                                        "operator_rows_scanned": 4800305160,
                                                                                                        "cumulative_rows_scanned": 4800305160,
                                                                                                        "operator_cardinality": 599868913,
                                                                                                        "cumulative_cardinality": 599868913,
                                                                                                        "extra_info": {
                                                                                                            "Text": "lineorder",
                                                                                                            "Projections": [
                                                                                                                "lo_orderdate",
                                                                                                                "lo_partkey",
                                                                                                                "lo_suppkey",
                                                                                                                "lo_revenue"
                                                                                                            ],
                                                                                                            "Estimated Cardinality": "600038145"
                                                                                                        },
                                                                                                        "operator_type": "TABLE_SCAN",
                                                                                                        "cpu_time": 4.517360000000549,
                                                                                                        "children": []
                                                                                                    },
                                                                                                    {
                                                                                                        "result_set_size": 160476,
                                                                                                        "operator_timing": 0.0007489999999999999,
                                                                                                        "operator_rows_scanned": 400000,
                                                                                                        "cumulative_rows_scanned": 400000,
                                                                                                        "operator_cardinality": 40119,
                                                                                                        "cumulative_cardinality": 40119,
                                                                                                        "extra_info": {
                                                                                                            "Text": "supplier",
                                                                                                            "Projections": "s_suppkey",
                                                                                                            "Filters": "s_region='ASIA' AND s_region IS NOT NULL",
                                                                                                            "Estimated Cardinality": "40000"
                                                                                                        },
                                                                                                        "operator_type": "TABLE_SCAN",
                                                                                                        "cpu_time": 0.0007489999999999999,
                                                                                                        "children": []
                                                                                                    }
                                                                                                ]
                                                                                            },
                                                                                            {
                                                                                                "result_set_size": 160300,
                                                                                                "operator_timing": 0.0007029999999999992,
                                                                                                "operator_rows_scanned": 0,
                                                                                                "cumulative_rows_scanned": 11200000,
                                                                                                "operator_cardinality": 8015,
                                                                                                "cumulative_cardinality": 19285,
                                                                                                "extra_info": {
                                                                                                    "Expression": "(p_partkey <= 1000000)",
                                                                                                    "Estimated Cardinality": "280000"
                                                                                                },
                                                                                                "operator_type": "FILTER",
                                                                                                "cpu_time": 0.013448000000000002,
                                                                                                "children": [
                                                                                                    {
                                                                                                        "result_set_size": 225400,
                                                                                                        "operator_timing": 0.012745000000000003,
                                                                                                        "operator_rows_scanned": 11200000,
                                                                                                        "cumulative_rows_scanned": 11200000,
                                                                                                        "operator_cardinality": 11270,
                                                                                                        "cumulative_cardinality": 11270,
                                                                                                        "extra_info": {
                                                                                                            "Text": "part",
                                                                                                            "Projections": [
                                                                                                                "p_partkey",
                                                                                                                "p_brand1"
                                                                                                            ],
                                                                                                            "Filters": "p_brand1>='MFGR#2221' AND p_brand1<='MFGR#2228' AND p_brand1 IS NOT NULL",
                                                                                                            "Estimated Cardinality": "280000"
                                                                                                        },
                                                                                                        "operator_type": "TABLE_SCAN",
                                                                                                        "cpu_time": 0.012745000000000003,
                                                                                                        "children": []
                                                                                                    }
                                                                                                ]
                                                                                            }
                                                                                        ]
                                                                                    },
                                                                                    {
                                                                                        "result_set_size": 15336,
                                                                                        "operator_timing": 0.000007,
                                                                                        "operator_rows_scanned": 2556,
                                                                                        "cumulative_rows_scanned": 2556,
                                                                                        "operator_cardinality": 2556,
                                                                                        "cumulative_cardinality": 2556,
                                                                                        "extra_info": {
                                                                                            "Text": "date",
                                                                                            "Projections": [
                                                                                                "d_datekey",
                                                                                                "d_year"
                                                                                            ],
                                                                                            "Estimated Cardinality": "2556"
                                                                                        },
                                                                                        "operator_type": "TABLE_SCAN",
                                                                                        "cpu_time": 0.000007,
                                                                                        "children": []
                                                                                    }
                                                                                ]
                                                                            }
                                                                        ]
                                                                    }
                                                                ]
                                                            }
                                                        ]
                                                    }
                                                ]
                                            }
                                        ]
                                    }
                                ]
                            }
                        ]
                    }
                ]
            }
        ]
    },
    {
        "benchmark_name": "SSBQ2v2S100T8",
        "scale_factor": "100",
        "thread_count": "8",
        "all_optimizers": 0.00023700000000000004,
        "cumulative_optimizer_timing": 0.00023600000000000002,
        "planner": 0.000104,
        "planner_binding": 0.000102,
        "physical_planner": 0.000024,
        "physical_planner_column_binding": 0.000004,
        "physical_planner_resolve_types": 0.000001,
        "physical_planner_create_plan": 0.000016,
        "optimizer_expression_rewriter": 0.00002,
        "optimizer_filter_pullup": 0.000002,
        "optimizer_filter_pushdown": 0.000038,
        "optimizer_cte_filter_pusher": 0.000001,
        "optimizer_regex_range": 0.0,
        "optimizer_in_clause": 0.000001,
        "optimizer_join_order": 0.000068,
        "optimizer_deliminator": 0.0,
        "optimizer_unnest_rewriter": 0.0,
        "optimizer_unused_columns": 0.000005,
        "optimizer_statistics_propagation": 0.000063,
        "optimizer_limit_pushdown": 0.000001,
        "optimizer_top_n": 0.0,
        "optimizer_compressed_materialization": 0.0,
        "optimizer_duplicate_groups": 0.000002,
        "optimizer_reorder_filter": 0.000007,
        "optimizer_join_filter_pushdown": 0.000007,
        "optimizer_extension": 0.0,
        "optimizer_materialized_cte": 0.0,
        "optimizer_build_side_probe_side": 0.000008,
        "result_set_size": 1904,
        "optimizer_column_lifetime": 0.000009,
        "operator_timing": 1.06285,
        "optimizer_common_aggregate": 0.000002,
        "operator_rows_scanned": 0,
        "optimizer_common_subexpressions": 0.000002,
        "cumulative_rows_scanned": 4811907716,
        "operator_cardinality": 0,
        "cumulative_cardinality": 724142810,
        "extra_info": {},
        "cpu_time": 9.179103000001259,
        "blocked_thread_time": 0.0,
        "query_name": "SELECT SUM(lo_revenue), d_year, p_brand1 FROM lineorder, date, part, supplier WHERE lo_orderdate = d_datekey AND lo_partkey = p_partkey AND lo_suppkey = s_suppkey AND p_brand1 BETWEEN 'MFGR#2221' AND 'MFGR#2228' AND s_region = 'ASIA' GROUP BY d_year, p_brand1 ORDER BY d_year, p_brand1;",
        "children": [
            {
                "result_set_size": 1904,
                "operator_timing": 0.000004,
                "operator_rows_scanned": 0,
                "cumulative_rows_scanned": 4811907716,
                "operator_cardinality": 56,
                "cumulative_cardinality": 724142810,
                "extra_info": {
                    "Projections": [
                        "#0",
                        "__internal_decompress_integral_smallint(#1, 1992)",
                        "__internal_decompress_string(#2)"
                    ],
                    "Estimated Cardinality": "953343"
                },
                "operator_type": "PROJECTION",
                "cpu_time": 8.116253000001258,
                "children": [
                    {
                        "result_set_size": 1848,
                        "operator_timing": 0.0006529999999999999,
                        "operator_rows_scanned": 0,
                        "cumulative_rows_scanned": 4811907716,
                        "operator_cardinality": 56,
                        "cumulative_cardinality": 724142754,
                        "extra_info": {
                            "Order By": [
                                "date.d_year ASC",
                                "part.p_brand1 ASC"
                            ]
                        },
                        "operator_type": "ORDER_BY",
                        "cpu_time": 8.116249000001257,
                        "children": [
                            {
                                "result_set_size": 1848,
                                "operator_timing": 0.000006,
                                "operator_rows_scanned": 0,
                                "cumulative_rows_scanned": 4811907716,
                                "operator_cardinality": 56,
                                "cumulative_cardinality": 724142698,
                                "extra_info": {
                                    "Projections": [
                                        "#0",
                                        "__internal_compress_integral_utinyint(#1, 1992)",
                                        "__internal_compress_string_hugeint(#2)"
                                    ],
                                    "Estimated Cardinality": "953343"
                                },
                                "operator_type": "PROJECTION",
                                "cpu_time": 8.115596000001258,
                                "children": [
                                    {
                                        "result_set_size": 1904,
                                        "operator_timing": 0.000002,
                                        "operator_rows_scanned": 0,
                                        "cumulative_rows_scanned": 4811907716,
                                        "operator_cardinality": 56,
                                        "cumulative_cardinality": 724142642,
                                        "extra_info": {
                                            "Projections": [
                                                "sum(lo_revenue)",
                                                "d_year",
                                                "p_brand1"
                                            ],
                                            "Estimated Cardinality": "953343"
                                        },
                                        "operator_type": "PROJECTION",
                                        "cpu_time": 8.115590000001257,
                                        "children": [
                                            {
                                                "result_set_size": 1904,
                                                "operator_timing": 0.000011999999999999999,
                                                "operator_rows_scanned": 0,
                                                "cumulative_rows_scanned": 4811907716,
                                                "operator_cardinality": 56,
                                                "cumulative_cardinality": 724142586,
                                                "extra_info": {
                                                    "Projections": [
                                                        "__internal_decompress_integral_smallint(#0, 1992)",
                                                        "__internal_decompress_string(#1)",
                                                        "#2"
                                                    ],
                                                    "Estimated Cardinality": "953343"
                                                },
                                                "operator_type": "PROJECTION",
                                                "cpu_time": 8.115588000001257,
                                                "children": [
                                                    {
                                                        "result_set_size": 1848,
                                                        "operator_timing": 0.01661100000000001,
                                                        "operator_rows_scanned": 0,
                                                        "cumulative_rows_scanned": 4811907716,
                                                        "operator_cardinality": 56,
                                                        "cumulative_cardinality": 724142530,
                                                        "extra_info": {
                                                            "Groups": [
                                                                "#0",
                                                                "#1"
                                                            ],
                                                            "Aggregates": "sum(#2)",
                                                            "Estimated Cardinality": "953343"
                                                        },
                                                        "operator_type": "HASH_GROUP_BY",
                                                        "cpu_time": 8.115576000001257,
                                                        "children": [
                                                            {
                                                                "result_set_size": 20287953,
                                                                "operator_timing": 0.00021800000000000007,
                                                                "operator_rows_scanned": 0,
                                                                "cumulative_rows_scanned": 4811907716,
                                                                "operator_cardinality": 966093,
                                                                "cumulative_cardinality": 724142474,
                                                                "extra_info": {
                                                                    "Projections": [
                                                                        "d_year",
                                                                        "p_brand1",
                                                                        "lo_revenue"
                                                                    ],
                                                                    "Estimated Cardinality": "31908648"
                                                                },
                                                                "operator_type": "PROJECTION",
                                                                "cpu_time": 8.098965000001257,
                                                                "children": [
                                                                    {
                                                                        "result_set_size": 43474185,
                                                                        "operator_timing": 0.004976999999999997,
                                                                        "operator_rows_scanned": 0,
                                                                        "cumulative_rows_scanned": 4811907716,
                                                                        "operator_cardinality": 966093,
                                                                        "cumulative_cardinality": 723176381,
                                                                        "extra_info": {
                                                                            "Projections": [
                                                                                "#0",
                                                                                "#1",
                                                                                "#2",
                                                                                "#3",
                                                                                "#4",
                                                                                "#5",
                                                                                "__internal_compress_string_hugeint(#6)",
                                                                                "#7",
                                                                                "__internal_compress_integral_utinyint(#8, 1992)"
                                                                            ],
                                                                            "Estimated Cardinality": "31908648"
                                                                        },
                                                                        "operator_type": "PROJECTION",
                                                                        "cpu_time": 8.098747000001257,
                                                                        "children": [
                                                                            {
                                                                                "result_set_size": 44440278,
                                                                                "operator_timing": 0.0020619999999999987,
                                                                                "operator_rows_scanned": 0,
                                                                                "cumulative_rows_scanned": 4811907716,
                                                                                "operator_cardinality": 966093,
                                                                                "cumulative_cardinality": 722210288,
                                                                                "extra_info": {
                                                                                    "Join Type": "INNER",
                                                                                    "Conditions": "lo_orderdate = d_datekey",
                                                                                    "Build Min": "1992-01-01",
                                                                                    "Build Max": "1998-12-30",
                                                                                    "Estimated Cardinality": "31908648"
                                                                                },
                                                                                "operator_type": "HASH_JOIN",
                                                                                "cpu_time": 8.093770000001257,
                                                                                "children": [
                                                                                    {
                                                                                        "result_set_size": 38643720,
                                                                                        "operator_timing": 1.272332000000591,
                                                                                        "operator_rows_scanned": 0,
                                                                                        "cumulative_rows_scanned": 4811905160,
                                                                                        "operator_cardinality": 966093,
                                                                                        "cumulative_cardinality": 721241639,
                                                                                        "extra_info": {
                                                                                            "Join Type": "INNER",
                                                                                            "Conditions": "lo_partkey = p_partkey",
                                                                                            "Build Min": "1",
                                                                                            "Build Max": "1000000",
                                                                                            "Estimated Cardinality": "28974950"
                                                                                        },
                                                                                        "operator_type": "HASH_JOIN",
                                                                                        "cpu_time": 8.091704000001256,
                                                                                        "children": [
                                                                                            {
                                                                                                "result_set_size": 2406944580,
                                                                                                "operator_timing": 2.5306109999998116,
                                                                                                "operator_rows_scanned": 0,
                                                                                                "cumulative_rows_scanned": 4800705160,
                                                                                                "operator_cardinality": 120347229,
                                                                                                "cumulative_cardinality": 720256261,
                                                                                                "extra_info": {
                                                                                                    "Join Type": "INNER",
                                                                                                    "Conditions": "lo_suppkey = s_suppkey",
                                                                                                    "Build Min": "1",
                                                                                                    "Build Max": "200000",
                                                                                                    "Estimated Cardinality": "128755261"
                                                                                                },
                                                                                                "operator_type": "HASH_JOIN",
                                                                                                "cpu_time": 6.809333000000665,
                                                                                                "children": [
                                                                                                    {
                                                                                                        "result_set_size": 9597902608,
                                                                                                        "operator_timing": 4.278079000000853,
                                                                                                        "operator_rows_scanned": 4800305160,
                                                                                                        "cumulative_rows_scanned": 4800305160,
                                                                                                        "operator_cardinality": 599868913,
                                                                                                        "cumulative_cardinality": 599868913,
                                                                                                        "extra_info": {
                                                                                                            "Text": "lineorder",
                                                                                                            "Projections": [
                                                                                                                "lo_orderdate",
                                                                                                                "lo_partkey",
                                                                                                                "lo_suppkey",
                                                                                                                "lo_revenue"
                                                                                                            ],
                                                                                                            "Estimated Cardinality": "600038145"
                                                                                                        },
                                                                                                        "operator_type": "TABLE_SCAN",
                                                                                                        "cpu_time": 4.278079000000853,
                                                                                                        "children": []
                                                                                                    },
                                                                                                    {
                                                                                                        "result_set_size": 160476,
                                                                                                        "operator_timing": 0.0006430000000000001,
                                                                                                        "operator_rows_scanned": 400000,
                                                                                                        "cumulative_rows_scanned": 400000,
                                                                                                        "operator_cardinality": 40119,
                                                                                                        "cumulative_cardinality": 40119,
                                                                                                        "extra_info": {
                                                                                                            "Text": "supplier",
                                                                                                            "Projections": "s_suppkey",
                                                                                                            "Filters": "s_region='ASIA' AND s_region IS NOT NULL",
                                                                                                            "Estimated Cardinality": "40000"
                                                                                                        },
                                                                                                        "operator_type": "TABLE_SCAN",
                                                                                                        "cpu_time": 0.0006430000000000001,
                                                                                                        "children": []
                                                                                                    }
                                                                                                ]
                                                                                            },
                                                                                            {
                                                                                                "result_set_size": 160300,
                                                                                                "operator_timing": 0.0005969999999999993,
                                                                                                "operator_rows_scanned": 0,
                                                                                                "cumulative_rows_scanned": 11200000,
                                                                                                "operator_cardinality": 8015,
                                                                                                "cumulative_cardinality": 19285,
                                                                                                "extra_info": {
                                                                                                    "Expression": "(p_partkey <= 1000000)",
                                                                                                    "Estimated Cardinality": "280000"
                                                                                                },
                                                                                                "operator_type": "FILTER",
                                                                                                "cpu_time": 0.010039000000000001,
                                                                                                "children": [
                                                                                                    {
                                                                                                        "result_set_size": 225400,
                                                                                                        "operator_timing": 0.009442000000000002,
                                                                                                        "operator_rows_scanned": 11200000,
                                                                                                        "cumulative_rows_scanned": 11200000,
                                                                                                        "operator_cardinality": 11270,
                                                                                                        "cumulative_cardinality": 11270,
                                                                                                        "extra_info": {
                                                                                                            "Text": "part",
                                                                                                            "Projections": [
                                                                                                                "p_partkey",
                                                                                                                "p_brand1"
                                                                                                            ],
                                                                                                            "Filters": "p_brand1>='MFGR#2221' AND p_brand1<='MFGR#2228' AND p_brand1 IS NOT NULL",
                                                                                                            "Estimated Cardinality": "280000"
                                                                                                        },
                                                                                                        "operator_type": "TABLE_SCAN",
                                                                                                        "cpu_time": 0.009442000000000002,
                                                                                                        "children": []
                                                                                                    }
                                                                                                ]
                                                                                            }
                                                                                        ]
                                                                                    },
                                                                                    {
                                                                                        "result_set_size": 15336,
                                                                                        "operator_timing": 0.000004,
                                                                                        "operator_rows_scanned": 2556,
                                                                                        "cumulative_rows_scanned": 2556,
                                                                                        "operator_cardinality": 2556,
                                                                                        "cumulative_cardinality": 2556,
                                                                                        "extra_info": {
                                                                                            "Text": "date",
                                                                                            "Projections": [
                                                                                                "d_datekey",
                                                                                                "d_year"
                                                                                            ],
                                                                                            "Estimated Cardinality": "2556"
                                                                                        },
                                                                                        "operator_type": "TABLE_SCAN",
                                                                                        "cpu_time": 0.000004,
                                                                                        "children": []
                                                                                    }
                                                                                ]
                                                                            }
                                                                        ]
                                                                    }
                                                                ]
                                                            }
                                                        ]
                                                    }
                                                ]
                                            }
                                        ]
                                    }
                                ]
                            }
                        ]
                    }
                ]
            }
        ]
    },
    {
        "benchmark_name": "SSBQ2v2S100T8",
        "scale_factor": "100",
        "thread_count": "8",
        "all_optimizers": 0.00023100000000000003,
        "cumulative_optimizer_timing": 0.00022999999999999998,
        "planner": 0.000104,
        "planner_binding": 0.000102,
        "physical_planner": 0.000029,
        "physical_planner_column_binding": 0.000006,
        "physical_planner_resolve_types": 0.000001,
        "physical_planner_create_plan": 0.000019,
        "optimizer_expression_rewriter": 0.000022,
        "optimizer_filter_pullup": 0.000002,
        "optimizer_filter_pushdown": 0.000036,
        "optimizer_cte_filter_pusher": 0.0,
        "optimizer_regex_range": 0.000001,
        "optimizer_in_clause": 0.000001,
        "optimizer_join_order": 0.00007,
        "optimizer_deliminator": 0.0,
        "optimizer_unnest_rewriter": 0.0,
        "optimizer_unused_columns": 0.000005,
        "optimizer_statistics_propagation": 0.000059,
        "optimizer_limit_pushdown": 0.0,
        "optimizer_top_n": 0.0,
        "optimizer_compressed_materialization": 0.0,
        "optimizer_duplicate_groups": 0.000003,
        "optimizer_reorder_filter": 0.000003,
        "optimizer_join_filter_pushdown": 0.000007,
        "optimizer_extension": 0.0,
        "optimizer_materialized_cte": 0.0,
        "optimizer_build_side_probe_side": 0.000008,
        "result_set_size": 1904,
        "optimizer_column_lifetime": 0.000011,
        "operator_timing": 1.08093,
        "optimizer_common_aggregate": 0.000001,
        "operator_rows_scanned": 0,
        "optimizer_common_subexpressions": 0.000001,
        "cumulative_rows_scanned": 4811907716,
        "operator_cardinality": 0,
        "cumulative_cardinality": 724142810,
        "extra_info": {},
        "cpu_time": 9.330831000001258,
        "blocked_thread_time": 0.0,
        "query_name": "SELECT SUM(lo_revenue), d_year, p_brand1 FROM lineorder, date, part, supplier WHERE lo_orderdate = d_datekey AND lo_partkey = p_partkey AND lo_suppkey = s_suppkey AND p_brand1 BETWEEN 'MFGR#2221' AND 'MFGR#2228' AND s_region = 'ASIA' GROUP BY d_year, p_brand1 ORDER BY d_year, p_brand1;",
        "children": [
            {
                "result_set_size": 1904,
                "operator_timing": 0.000003,
                "operator_rows_scanned": 0,
                "cumulative_rows_scanned": 4811907716,
                "operator_cardinality": 56,
                "cumulative_cardinality": 724142810,
                "extra_info": {
                    "Projections": [
                        "#0",
                        "__internal_decompress_integral_smallint(#1, 1992)",
                        "__internal_decompress_string(#2)"
                    ],
                    "Estimated Cardinality": "953343"
                },
                "operator_type": "PROJECTION",
                "cpu_time": 8.249901000001257,
                "children": [
                    {
                        "result_set_size": 1848,
                        "operator_timing": 0.000654,
                        "operator_rows_scanned": 0,
                        "cumulative_rows_scanned": 4811907716,
                        "operator_cardinality": 56,
                        "cumulative_cardinality": 724142754,
                        "extra_info": {
                            "Order By": [
                                "date.d_year ASC",
                                "part.p_brand1 ASC"
                            ]
                        },
                        "operator_type": "ORDER_BY",
                        "cpu_time": 8.249898000001258,
                        "children": [
                            {
                                "result_set_size": 1848,
                                "operator_timing": 0.000007,
                                "operator_rows_scanned": 0,
                                "cumulative_rows_scanned": 4811907716,
                                "operator_cardinality": 56,
                                "cumulative_cardinality": 724142698,
                                "extra_info": {
                                    "Projections": [
                                        "#0",
                                        "__internal_compress_integral_utinyint(#1, 1992)",
                                        "__internal_compress_string_hugeint(#2)"
                                    ],
                                    "Estimated Cardinality": "953343"
                                },
                                "operator_type": "PROJECTION",
                                "cpu_time": 8.249244000001257,
                                "children": [
                                    {
                                        "result_set_size": 1904,
                                        "operator_timing": 0.000005999999999999999,
                                        "operator_rows_scanned": 0,
                                        "cumulative_rows_scanned": 4811907716,
                                        "operator_cardinality": 56,
                                        "cumulative_cardinality": 724142642,
                                        "extra_info": {
                                            "Projections": [
                                                "sum(lo_revenue)",
                                                "d_year",
                                                "p_brand1"
                                            ],
                                            "Estimated Cardinality": "953343"
                                        },
                                        "operator_type": "PROJECTION",
                                        "cpu_time": 8.249237000001257,
                                        "children": [
                                            {
                                                "result_set_size": 1904,
                                                "operator_timing": 0.000009999999999999999,
                                                "operator_rows_scanned": 0,
                                                "cumulative_rows_scanned": 4811907716,
                                                "operator_cardinality": 56,
                                                "cumulative_cardinality": 724142586,
                                                "extra_info": {
                                                    "Projections": [
                                                        "__internal_decompress_integral_smallint(#0, 1992)",
                                                        "__internal_decompress_string(#1)",
                                                        "#2"
                                                    ],
                                                    "Estimated Cardinality": "953343"
                                                },
                                                "operator_type": "PROJECTION",
                                                "cpu_time": 8.249231000001256,
                                                "children": [
                                                    {
                                                        "result_set_size": 1848,
                                                        "operator_timing": 0.014741000000000004,
                                                        "operator_rows_scanned": 0,
                                                        "cumulative_rows_scanned": 4811907716,
                                                        "operator_cardinality": 56,
                                                        "cumulative_cardinality": 724142530,
                                                        "extra_info": {
                                                            "Groups": [
                                                                "#0",
                                                                "#1"
                                                            ],
                                                            "Aggregates": "sum(#2)",
                                                            "Estimated Cardinality": "953343"
                                                        },
                                                        "operator_type": "HASH_GROUP_BY",
                                                        "cpu_time": 8.249221000001256,
                                                        "children": [
                                                            {
                                                                "result_set_size": 20287953,
                                                                "operator_timing": 0.00019300000000000003,
                                                                "operator_rows_scanned": 0,
                                                                "cumulative_rows_scanned": 4811907716,
                                                                "operator_cardinality": 966093,
                                                                "cumulative_cardinality": 724142474,
                                                                "extra_info": {
                                                                    "Projections": [
                                                                        "d_year",
                                                                        "p_brand1",
                                                                        "lo_revenue"
                                                                    ],
                                                                    "Estimated Cardinality": "31908648"
                                                                },
                                                                "operator_type": "PROJECTION",
                                                                "cpu_time": 8.234480000001255,
                                                                "children": [
                                                                    {
                                                                        "result_set_size": 43474185,
                                                                        "operator_timing": 0.004694999999999997,
                                                                        "operator_rows_scanned": 0,
                                                                        "cumulative_rows_scanned": 4811907716,
                                                                        "operator_cardinality": 966093,
                                                                        "cumulative_cardinality": 723176381,
                                                                        "extra_info": {
                                                                            "Projections": [
                                                                                "#0",
                                                                                "#1",
                                                                                "#2",
                                                                                "#3",
                                                                                "#4",
                                                                                "#5",
                                                                                "__internal_compress_string_hugeint(#6)",
                                                                                "#7",
                                                                                "__internal_compress_integral_utinyint(#8, 1992)"
                                                                            ],
                                                                            "Estimated Cardinality": "31908648"
                                                                        },
                                                                        "operator_type": "PROJECTION",
                                                                        "cpu_time": 8.234287000001256,
                                                                        "children": [
                                                                            {
                                                                                "result_set_size": 44440278,
                                                                                "operator_timing": 0.002241999999999999,
                                                                                "operator_rows_scanned": 0,
                                                                                "cumulative_rows_scanned": 4811907716,
                                                                                "operator_cardinality": 966093,
                                                                                "cumulative_cardinality": 722210288,
                                                                                "extra_info": {
                                                                                    "Join Type": "INNER",
                                                                                    "Conditions": "lo_orderdate = d_datekey",
                                                                                    "Build Min": "1992-01-01",
                                                                                    "Build Max": "1998-12-30",
                                                                                    "Estimated Cardinality": "31908648"
                                                                                },
                                                                                "operator_type": "HASH_JOIN",
                                                                                "cpu_time": 8.229592000001256,
                                                                                "children": [
                                                                                    {
                                                                                        "result_set_size": 38643720,
                                                                                        "operator_timing": 1.3248340000006178,
                                                                                        "operator_rows_scanned": 0,
                                                                                        "cumulative_rows_scanned": 4811905160,
                                                                                        "operator_cardinality": 966093,
                                                                                        "cumulative_cardinality": 721241639,
                                                                                        "extra_info": {
                                                                                            "Join Type": "INNER",
                                                                                            "Conditions": "lo_partkey = p_partkey",
                                                                                            "Build Min": "1",
                                                                                            "Build Max": "1000000",
                                                                                            "Estimated Cardinality": "28974950"
                                                                                        },
                                                                                        "operator_type": "HASH_JOIN",
                                                                                        "cpu_time": 8.227345000001256,
                                                                                        "children": [
                                                                                            {
                                                                                                "result_set_size": 2406944580,
                                                                                                "operator_timing": 2.560392999999772,
                                                                                                "operator_rows_scanned": 0,
                                                                                                "cumulative_rows_scanned": 4800705160,
                                                                                                "operator_cardinality": 120347229,
                                                                                                "cumulative_cardinality": 720256261,
                                                                                                "extra_info": {
                                                                                                    "Join Type": "INNER",
                                                                                                    "Conditions": "lo_suppkey = s_suppkey",
                                                                                                    "Build Min": "1",
                                                                                                    "Build Max": "200000",
                                                                                                    "Estimated Cardinality": "128755261"
                                                                                                },
                                                                                                "operator_type": "HASH_JOIN",
                                                                                                "cpu_time": 6.892682000000638,
                                                                                                "children": [
                                                                                                    {
                                                                                                        "result_set_size": 9597902608,
                                                                                                        "operator_timing": 4.331645000000866,
                                                                                                        "operator_rows_scanned": 4800305160,
                                                                                                        "cumulative_rows_scanned": 4800305160,
                                                                                                        "operator_cardinality": 599868913,
                                                                                                        "cumulative_cardinality": 599868913,
                                                                                                        "extra_info": {
                                                                                                            "Text": "lineorder",
                                                                                                            "Projections": [
                                                                                                                "lo_orderdate",
                                                                                                                "lo_partkey",
                                                                                                                "lo_suppkey",
                                                                                                                "lo_revenue"
                                                                                                            ],
                                                                                                            "Estimated Cardinality": "600038145"
                                                                                                        },
                                                                                                        "operator_type": "TABLE_SCAN",
                                                                                                        "cpu_time": 4.331645000000866,
                                                                                                        "children": []
                                                                                                    },
                                                                                                    {
                                                                                                        "result_set_size": 160476,
                                                                                                        "operator_timing": 0.000644,
                                                                                                        "operator_rows_scanned": 400000,
                                                                                                        "cumulative_rows_scanned": 400000,
                                                                                                        "operator_cardinality": 40119,
                                                                                                        "cumulative_cardinality": 40119,
                                                                                                        "extra_info": {
                                                                                                            "Text": "supplier",
                                                                                                            "Projections": "s_suppkey",
                                                                                                            "Filters": "s_region='ASIA' AND s_region IS NOT NULL",
                                                                                                            "Estimated Cardinality": "40000"
                                                                                                        },
                                                                                                        "operator_type": "TABLE_SCAN",
                                                                                                        "cpu_time": 0.000644,
                                                                                                        "children": []
                                                                                                    }
                                                                                                ]
                                                                                            },
                                                                                            {
                                                                                                "result_set_size": 160300,
                                                                                                "operator_timing": 0.0005749999999999996,
                                                                                                "operator_rows_scanned": 0,
                                                                                                "cumulative_rows_scanned": 11200000,
                                                                                                "operator_cardinality": 8015,
                                                                                                "cumulative_cardinality": 19285,
                                                                                                "extra_info": {
                                                                                                    "Expression": "(p_partkey <= 1000000)",
                                                                                                    "Estimated Cardinality": "280000"
                                                                                                },
                                                                                                "operator_type": "FILTER",
                                                                                                "cpu_time": 0.009829000000000001,
                                                                                                "children": [
                                                                                                    {
                                                                                                        "result_set_size": 225400,
                                                                                                        "operator_timing": 0.009254000000000002,
                                                                                                        "operator_rows_scanned": 11200000,
                                                                                                        "cumulative_rows_scanned": 11200000,
                                                                                                        "operator_cardinality": 11270,
                                                                                                        "cumulative_cardinality": 11270,
                                                                                                        "extra_info": {
                                                                                                            "Text": "part",
                                                                                                            "Projections": [
                                                                                                                "p_partkey",
                                                                                                                "p_brand1"
                                                                                                            ],
                                                                                                            "Filters": "p_brand1>='MFGR#2221' AND p_brand1<='MFGR#2228' AND p_brand1 IS NOT NULL",
                                                                                                            "Estimated Cardinality": "280000"
                                                                                                        },
                                                                                                        "operator_type": "TABLE_SCAN",
                                                                                                        "cpu_time": 0.009254000000000002,
                                                                                                        "children": []
                                                                                                    }
                                                                                                ]
                                                                                            }
                                                                                        ]
                                                                                    },
                                                                                    {
                                                                                        "result_set_size": 15336,
                                                                                        "operator_timing": 0.0000049999999999999996,
                                                                                        "operator_rows_scanned": 2556,
                                                                                        "cumulative_rows_scanned": 2556,
                                                                                        "operator_cardinality": 2556,
                                                                                        "cumulative_cardinality": 2556,
                                                                                        "extra_info": {
                                                                                            "Text": "date",
                                                                                            "Projections": [
                                                                                                "d_datekey",
                                                                                                "d_year"
                                                                                            ],
                                                                                            "Estimated Cardinality": "2556"
                                                                                        },
                                                                                        "operator_type": "TABLE_SCAN",
                                                                                        "cpu_time": 0.0000049999999999999996,
                                                                                        "children": []
                                                                                    }
                                                                                ]
                                                                            }
                                                                        ]
                                                                    }
                                                                ]
                                                            }
                                                        ]
                                                    }
                                                ]
                                            }
                                        ]
                                    }
                                ]
                            }
                        ]
                    }
                ]
            }
        ]
    },
    {
        "benchmark_name": "SSBQ2v2S100T8",
        "scale_factor": "100",
        "thread_count": "8",
        "all_optimizers": 0.000237,
        "cumulative_optimizer_timing": 0.000236,
        "planner": 0.000108,
        "planner_binding": 0.000106,
        "physical_planner": 0.000027000000000000002,
        "physical_planner_column_binding": 0.000005,
        "physical_planner_resolve_types": 0.0,
        "physical_planner_create_plan": 0.00002,
        "optimizer_expression_rewriter": 0.000024,
        "optimizer_filter_pullup": 0.000001,
        "optimizer_filter_pushdown": 0.00004,
        "optimizer_cte_filter_pusher": 0.000001,
        "optimizer_regex_range": 0.0,
        "optimizer_in_clause": 0.000001,
        "optimizer_join_order": 0.000069,
        "optimizer_deliminator": 0.000001,
        "optimizer_unnest_rewriter": 0.0,
        "optimizer_unused_columns": 0.000005,
        "optimizer_statistics_propagation": 0.00006,
        "optimizer_limit_pushdown": 0.000001,
        "optimizer_top_n": 0.0,
        "optimizer_compressed_materialization": 0.0,
        "optimizer_duplicate_groups": 0.000003,
        "optimizer_reorder_filter": 0.000003,
        "optimizer_join_filter_pushdown": 0.000007,
        "optimizer_extension": 0.0,
        "optimizer_materialized_cte": 0.0,
        "optimizer_build_side_probe_side": 0.000008,
        "result_set_size": 1904,
        "optimizer_column_lifetime": 0.000009999999999999999,
        "operator_timing": 1.127943,
        "optimizer_common_aggregate": 0.000001,
        "operator_rows_scanned": 0,
        "optimizer_common_subexpressions": 0.000001,
        "cumulative_rows_scanned": 4811907716,
        "operator_cardinality": 0,
        "cumulative_cardinality": 724142810,
        "extra_info": {},
        "cpu_time": 9.703799000001359,
        "blocked_thread_time": 0.0,
        "query_name": "SELECT SUM(lo_revenue), d_year, p_brand1 FROM lineorder, date, part, supplier WHERE lo_orderdate = d_datekey AND lo_partkey = p_partkey AND lo_suppkey = s_suppkey AND p_brand1 BETWEEN 'MFGR#2221' AND 'MFGR#2228' AND s_region = 'ASIA' GROUP BY d_year, p_brand1 ORDER BY d_year, p_brand1;",
        "children": [
            {
                "result_set_size": 1904,
                "operator_timing": 0.000002,
                "operator_rows_scanned": 0,
                "cumulative_rows_scanned": 4811907716,
                "operator_cardinality": 56,
                "cumulative_cardinality": 724142810,
                "extra_info": {
                    "Projections": [
                        "#0",
                        "__internal_decompress_integral_smallint(#1, 1992)",
                        "__internal_decompress_string(#2)"
                    ],
                    "Estimated Cardinality": "953343"
                },
                "operator_type": "PROJECTION",
                "cpu_time": 8.575856000001359,
                "children": [
                    {
                        "result_set_size": 1848,
                        "operator_timing": 0.000492,
                        "operator_rows_scanned": 0,
                        "cumulative_rows_scanned": 4811907716,
                        "operator_cardinality": 56,
                        "cumulative_cardinality": 724142754,
                        "extra_info": {
                            "Order By": [
                                "date.d_year ASC",
                                "part.p_brand1 ASC"
                            ]
                        },
                        "operator_type": "ORDER_BY",
                        "cpu_time": 8.575854000001359,
                        "children": [
                            {
                                "result_set_size": 1848,
                                "operator_timing": 0.000004,
                                "operator_rows_scanned": 0,
                                "cumulative_rows_scanned": 4811907716,
                                "operator_cardinality": 56,
                                "cumulative_cardinality": 724142698,
                                "extra_info": {
                                    "Projections": [
                                        "#0",
                                        "__internal_compress_integral_utinyint(#1, 1992)",
                                        "__internal_compress_string_hugeint(#2)"
                                    ],
                                    "Estimated Cardinality": "953343"
                                },
                                "operator_type": "PROJECTION",
                                "cpu_time": 8.575362000001359,
                                "children": [
                                    {
                                        "result_set_size": 1904,
                                        "operator_timing": 0.000004,
                                        "operator_rows_scanned": 0,
                                        "cumulative_rows_scanned": 4811907716,
                                        "operator_cardinality": 56,
                                        "cumulative_cardinality": 724142642,
                                        "extra_info": {
                                            "Projections": [
                                                "sum(lo_revenue)",
                                                "d_year",
                                                "p_brand1"
                                            ],
                                            "Estimated Cardinality": "953343"
                                        },
                                        "operator_type": "PROJECTION",
                                        "cpu_time": 8.575358000001359,
                                        "children": [
                                            {
                                                "result_set_size": 1904,
                                                "operator_timing": 0.000009,
                                                "operator_rows_scanned": 0,
                                                "cumulative_rows_scanned": 4811907716,
                                                "operator_cardinality": 56,
                                                "cumulative_cardinality": 724142586,
                                                "extra_info": {
                                                    "Projections": [
                                                        "__internal_decompress_integral_smallint(#0, 1992)",
                                                        "__internal_decompress_string(#1)",
                                                        "#2"
                                                    ],
                                                    "Estimated Cardinality": "953343"
                                                },
                                                "operator_type": "PROJECTION",
                                                "cpu_time": 8.575354000001358,
                                                "children": [
                                                    {
                                                        "result_set_size": 1848,
                                                        "operator_timing": 0.016315000000000003,
                                                        "operator_rows_scanned": 0,
                                                        "cumulative_rows_scanned": 4811907716,
                                                        "operator_cardinality": 56,
                                                        "cumulative_cardinality": 724142530,
                                                        "extra_info": {
                                                            "Groups": [
                                                                "#0",
                                                                "#1"
                                                            ],
                                                            "Aggregates": "sum(#2)",
                                                            "Estimated Cardinality": "953343"
                                                        },
                                                        "operator_type": "HASH_GROUP_BY",
                                                        "cpu_time": 8.575345000001358,
                                                        "children": [
                                                            {
                                                                "result_set_size": 20287953,
                                                                "operator_timing": 0.00024500000000000005,
                                                                "operator_rows_scanned": 0,
                                                                "cumulative_rows_scanned": 4811907716,
                                                                "operator_cardinality": 966093,
                                                                "cumulative_cardinality": 724142474,
                                                                "extra_info": {
                                                                    "Projections": [
                                                                        "d_year",
                                                                        "p_brand1",
                                                                        "lo_revenue"
                                                                    ],
                                                                    "Estimated Cardinality": "31908648"
                                                                },
                                                                "operator_type": "PROJECTION",
                                                                "cpu_time": 8.559030000001357,
                                                                "children": [
                                                                    {
                                                                        "result_set_size": 43474185,
                                                                        "operator_timing": 0.005000999999999997,
                                                                        "operator_rows_scanned": 0,
                                                                        "cumulative_rows_scanned": 4811907716,
                                                                        "operator_cardinality": 966093,
                                                                        "cumulative_cardinality": 723176381,
                                                                        "extra_info": {
                                                                            "Projections": [
                                                                                "#0",
                                                                                "#1",
                                                                                "#2",
                                                                                "#3",
                                                                                "#4",
                                                                                "#5",
                                                                                "__internal_compress_string_hugeint(#6)",
                                                                                "#7",
                                                                                "__internal_compress_integral_utinyint(#8, 1992)"
                                                                            ],
                                                                            "Estimated Cardinality": "31908648"
                                                                        },
                                                                        "operator_type": "PROJECTION",
                                                                        "cpu_time": 8.558785000001357,
                                                                        "children": [
                                                                            {
                                                                                "result_set_size": 44440278,
                                                                                "operator_timing": 0.0022969999999999996,
                                                                                "operator_rows_scanned": 0,
                                                                                "cumulative_rows_scanned": 4811907716,
                                                                                "operator_cardinality": 966093,
                                                                                "cumulative_cardinality": 722210288,
                                                                                "extra_info": {
                                                                                    "Join Type": "INNER",
                                                                                    "Conditions": "lo_orderdate = d_datekey",
                                                                                    "Build Min": "1992-01-01",
                                                                                    "Build Max": "1998-12-30",
                                                                                    "Estimated Cardinality": "31908648"
                                                                                },
                                                                                "operator_type": "HASH_JOIN",
                                                                                "cpu_time": 8.553784000001357,
                                                                                "children": [
                                                                                    {
                                                                                        "result_set_size": 38643720,
                                                                                        "operator_timing": 1.38718700000067,
                                                                                        "operator_rows_scanned": 0,
                                                                                        "cumulative_rows_scanned": 4811905160,
                                                                                        "operator_cardinality": 966093,
                                                                                        "cumulative_cardinality": 721241639,
                                                                                        "extra_info": {
                                                                                            "Join Type": "INNER",
                                                                                            "Conditions": "lo_partkey = p_partkey",
                                                                                            "Build Min": "1",
                                                                                            "Build Max": "1000000",
                                                                                            "Estimated Cardinality": "28974950"
                                                                                        },
                                                                                        "operator_type": "HASH_JOIN",
                                                                                        "cpu_time": 8.551484000001357,
                                                                                        "children": [
                                                                                            {
                                                                                                "result_set_size": 2406944580,
                                                                                                "operator_timing": 2.6560069999997147,
                                                                                                "operator_rows_scanned": 0,
                                                                                                "cumulative_rows_scanned": 4800705160,
                                                                                                "operator_cardinality": 120347229,
                                                                                                "cumulative_cardinality": 720256261,
                                                                                                "extra_info": {
                                                                                                    "Join Type": "INNER",
                                                                                                    "Conditions": "lo_suppkey = s_suppkey",
                                                                                                    "Build Min": "1",
                                                                                                    "Build Max": "200000",
                                                                                                    "Estimated Cardinality": "128755261"
                                                                                                },
                                                                                                "operator_type": "HASH_JOIN",
                                                                                                "cpu_time": 7.154338000000687,
                                                                                                "children": [
                                                                                                    {
                                                                                                        "result_set_size": 9597902608,
                                                                                                        "operator_timing": 4.497681000000972,
                                                                                                        "operator_rows_scanned": 4800305160,
                                                                                                        "cumulative_rows_scanned": 4800305160,
                                                                                                        "operator_cardinality": 599868913,
                                                                                                        "cumulative_cardinality": 599868913,
                                                                                                        "extra_info": {
                                                                                                            "Text": "lineorder",
                                                                                                            "Projections": [
                                                                                                                "lo_orderdate",
                                                                                                                "lo_partkey",
                                                                                                                "lo_suppkey",
                                                                                                                "lo_revenue"
                                                                                                            ],
                                                                                                            "Estimated Cardinality": "600038145"
                                                                                                        },
                                                                                                        "operator_type": "TABLE_SCAN",
                                                                                                        "cpu_time": 4.497681000000972,
                                                                                                        "children": []
                                                                                                    },
                                                                                                    {
                                                                                                        "result_set_size": 160476,
                                                                                                        "operator_timing": 0.00065,
                                                                                                        "operator_rows_scanned": 400000,
                                                                                                        "cumulative_rows_scanned": 400000,
                                                                                                        "operator_cardinality": 40119,
                                                                                                        "cumulative_cardinality": 40119,
                                                                                                        "extra_info": {
                                                                                                            "Text": "supplier",
                                                                                                            "Projections": "s_suppkey",
                                                                                                            "Filters": "s_region='ASIA' AND s_region IS NOT NULL",
                                                                                                            "Estimated Cardinality": "40000"
                                                                                                        },
                                                                                                        "operator_type": "TABLE_SCAN",
                                                                                                        "cpu_time": 0.00065,
                                                                                                        "children": []
                                                                                                    }
                                                                                                ]
                                                                                            },
                                                                                            {
                                                                                                "result_set_size": 160300,
                                                                                                "operator_timing": 0.0005509999999999993,
                                                                                                "operator_rows_scanned": 0,
                                                                                                "cumulative_rows_scanned": 11200000,
                                                                                                "operator_cardinality": 8015,
                                                                                                "cumulative_cardinality": 19285,
                                                                                                "extra_info": {
                                                                                                    "Expression": "(p_partkey <= 1000000)",
                                                                                                    "Estimated Cardinality": "280000"
                                                                                                },
                                                                                                "operator_type": "FILTER",
                                                                                                "cpu_time": 0.009959000000000003,
                                                                                                "children": [
                                                                                                    {
                                                                                                        "result_set_size": 225400,
                                                                                                        "operator_timing": 0.009408000000000003,
                                                                                                        "operator_rows_scanned": 11200000,
                                                                                                        "cumulative_rows_scanned": 11200000,
                                                                                                        "operator_cardinality": 11270,
                                                                                                        "cumulative_cardinality": 11270,
                                                                                                        "extra_info": {
                                                                                                            "Text": "part",
                                                                                                            "Projections": [
                                                                                                                "p_partkey",
                                                                                                                "p_brand1"
                                                                                                            ],
                                                                                                            "Filters": "p_brand1>='MFGR#2221' AND p_brand1<='MFGR#2228' AND p_brand1 IS NOT NULL",
                                                                                                            "Estimated Cardinality": "280000"
                                                                                                        },
                                                                                                        "operator_type": "TABLE_SCAN",
                                                                                                        "cpu_time": 0.009408000000000003,
                                                                                                        "children": []
                                                                                                    }
                                                                                                ]
                                                                                            }
                                                                                        ]
                                                                                    },
                                                                                    {
                                                                                        "result_set_size": 15336,
                                                                                        "operator_timing": 0.000003,
                                                                                        "operator_rows_scanned": 2556,
                                                                                        "cumulative_rows_scanned": 2556,
                                                                                        "operator_cardinality": 2556,
                                                                                        "cumulative_cardinality": 2556,
                                                                                        "extra_info": {
                                                                                            "Text": "date",
                                                                                            "Projections": [
                                                                                                "d_datekey",
                                                                                                "d_year"
                                                                                            ],
                                                                                            "Estimated Cardinality": "2556"
                                                                                        },
                                                                                        "operator_type": "TABLE_SCAN",
                                                                                        "cpu_time": 0.000003,
                                                                                        "children": []
                                                                                    }
                                                                                ]
                                                                            }
                                                                        ]
                                                                    }
                                                                ]
                                                            }
                                                        ]
                                                    }
                                                ]
                                            }
                                        ]
                                    }
                                ]
                            }
                        ]
                    }
                ]
            }
        ]
    },
    {
        "benchmark_name": "SSBQ2v2S100T8",
        "scale_factor": "100",
        "thread_count": "8",
        "all_optimizers": 0.00024000000000000003,
        "cumulative_optimizer_timing": 0.00024000000000000003,
        "planner": 0.000117,
        "planner_binding": 0.000112,
        "physical_planner": 0.000032,
        "physical_planner_column_binding": 0.000008,
        "physical_planner_resolve_types": 0.000001,
        "physical_planner_create_plan": 0.00002,
        "optimizer_expression_rewriter": 0.000023,
        "optimizer_filter_pullup": 0.000001,
        "optimizer_filter_pushdown": 0.000037,
        "optimizer_cte_filter_pusher": 0.0,
        "optimizer_regex_range": 0.000001,
        "optimizer_in_clause": 0.0,
        "optimizer_join_order": 0.000069,
        "optimizer_deliminator": 0.000001,
        "optimizer_unnest_rewriter": 0.000001,
        "optimizer_unused_columns": 0.000005,
        "optimizer_statistics_propagation": 0.000068,
        "optimizer_limit_pushdown": 0.0,
        "optimizer_top_n": 0.000001,
        "optimizer_compressed_materialization": 0.0,
        "optimizer_duplicate_groups": 0.000002,
        "optimizer_reorder_filter": 0.000006,
        "optimizer_join_filter_pushdown": 0.000008,
        "optimizer_extension": 0.0,
        "optimizer_materialized_cte": 0.0,
        "optimizer_build_side_probe_side": 0.000005,
        "result_set_size": 1904,
        "optimizer_column_lifetime": 0.000009,
        "operator_timing": 1.068874,
        "optimizer_common_aggregate": 0.000001,
        "operator_rows_scanned": 0,
        "optimizer_common_subexpressions": 0.000002,
        "cumulative_rows_scanned": 4811907716,
        "operator_cardinality": 0,
        "cumulative_cardinality": 724142810,
        "extra_info": {},
        "cpu_time": 9.242743000001266,
        "blocked_thread_time": 0.0,
        "query_name": "SELECT SUM(lo_revenue), d_year, p_brand1 FROM lineorder, date, part, supplier WHERE lo_orderdate = d_datekey AND lo_partkey = p_partkey AND lo_suppkey = s_suppkey AND p_brand1 BETWEEN 'MFGR#2221' AND 'MFGR#2228' AND s_region = 'ASIA' GROUP BY d_year, p_brand1 ORDER BY d_year, p_brand1;",
        "children": [
            {
                "result_set_size": 1904,
                "operator_timing": 0.000004,
                "operator_rows_scanned": 0,
                "cumulative_rows_scanned": 4811907716,
                "operator_cardinality": 56,
                "cumulative_cardinality": 724142810,
                "extra_info": {
                    "Projections": [
                        "#0",
                        "__internal_decompress_integral_smallint(#1, 1992)",
                        "__internal_decompress_string(#2)"
                    ],
                    "Estimated Cardinality": "953343"
                },
                "operator_type": "PROJECTION",
                "cpu_time": 8.173869000001266,
                "children": [
                    {
                        "result_set_size": 1848,
                        "operator_timing": 0.0006790000000000001,
                        "operator_rows_scanned": 0,
                        "cumulative_rows_scanned": 4811907716,
                        "operator_cardinality": 56,
                        "cumulative_cardinality": 724142754,
                        "extra_info": {
                            "Order By": [
                                "date.d_year ASC",
                                "part.p_brand1 ASC"
                            ]
                        },
                        "operator_type": "ORDER_BY",
                        "cpu_time": 8.173865000001266,
                        "children": [
                            {
                                "result_set_size": 1848,
                                "operator_timing": 0.000004,
                                "operator_rows_scanned": 0,
                                "cumulative_rows_scanned": 4811907716,
                                "operator_cardinality": 56,
                                "cumulative_cardinality": 724142698,
                                "extra_info": {
                                    "Projections": [
                                        "#0",
                                        "__internal_compress_integral_utinyint(#1, 1992)",
                                        "__internal_compress_string_hugeint(#2)"
                                    ],
                                    "Estimated Cardinality": "953343"
                                },
                                "operator_type": "PROJECTION",
                                "cpu_time": 8.173186000001266,
                                "children": [
                                    {
                                        "result_set_size": 1904,
                                        "operator_timing": 0.000003,
                                        "operator_rows_scanned": 0,
                                        "cumulative_rows_scanned": 4811907716,
                                        "operator_cardinality": 56,
                                        "cumulative_cardinality": 724142642,
                                        "extra_info": {
                                            "Projections": [
                                                "sum(lo_revenue)",
                                                "d_year",
                                                "p_brand1"
                                            ],
                                            "Estimated Cardinality": "953343"
                                        },
                                        "operator_type": "PROJECTION",
                                        "cpu_time": 8.173182000001265,
                                        "children": [
                                            {
                                                "result_set_size": 1904,
                                                "operator_timing": 0.000008999999999999999,
                                                "operator_rows_scanned": 0,
                                                "cumulative_rows_scanned": 4811907716,
                                                "operator_cardinality": 56,
                                                "cumulative_cardinality": 724142586,
                                                "extra_info": {
                                                    "Projections": [
                                                        "__internal_decompress_integral_smallint(#0, 1992)",
                                                        "__internal_decompress_string(#1)",
                                                        "#2"
                                                    ],
                                                    "Estimated Cardinality": "953343"
                                                },
                                                "operator_type": "PROJECTION",
                                                "cpu_time": 8.173179000001266,
                                                "children": [
                                                    {
                                                        "result_set_size": 1848,
                                                        "operator_timing": 0.013874000000000004,
                                                        "operator_rows_scanned": 0,
                                                        "cumulative_rows_scanned": 4811907716,
                                                        "operator_cardinality": 56,
                                                        "cumulative_cardinality": 724142530,
                                                        "extra_info": {
                                                            "Groups": [
                                                                "#0",
                                                                "#1"
                                                            ],
                                                            "Aggregates": "sum(#2)",
                                                            "Estimated Cardinality": "953343"
                                                        },
                                                        "operator_type": "HASH_GROUP_BY",
                                                        "cpu_time": 8.173170000001265,
                                                        "children": [
                                                            {
                                                                "result_set_size": 20287953,
                                                                "operator_timing": 0.00018800000000000004,
                                                                "operator_rows_scanned": 0,
                                                                "cumulative_rows_scanned": 4811907716,
                                                                "operator_cardinality": 966093,
                                                                "cumulative_cardinality": 724142474,
                                                                "extra_info": {
                                                                    "Projections": [
                                                                        "d_year",
                                                                        "p_brand1",
                                                                        "lo_revenue"
                                                                    ],
                                                                    "Estimated Cardinality": "31908648"
                                                                },
                                                                "operator_type": "PROJECTION",
                                                                "cpu_time": 8.159296000001266,
                                                                "children": [
                                                                    {
                                                                        "result_set_size": 43474185,
                                                                        "operator_timing": 0.0047699999999999965,
                                                                        "operator_rows_scanned": 0,
                                                                        "cumulative_rows_scanned": 4811907716,
                                                                        "operator_cardinality": 966093,
                                                                        "cumulative_cardinality": 723176381,
                                                                        "extra_info": {
                                                                            "Projections": [
                                                                                "#0",
                                                                                "#1",
                                                                                "#2",
                                                                                "#3",
                                                                                "#4",
                                                                                "#5",
                                                                                "__internal_compress_string_hugeint(#6)",
                                                                                "#7",
                                                                                "__internal_compress_integral_utinyint(#8, 1992)"
                                                                            ],
                                                                            "Estimated Cardinality": "31908648"
                                                                        },
                                                                        "operator_type": "PROJECTION",
                                                                        "cpu_time": 8.159108000001266,
                                                                        "children": [
                                                                            {
                                                                                "result_set_size": 44440278,
                                                                                "operator_timing": 0.0020439999999999985,
                                                                                "operator_rows_scanned": 0,
                                                                                "cumulative_rows_scanned": 4811907716,
                                                                                "operator_cardinality": 966093,
                                                                                "cumulative_cardinality": 722210288,
                                                                                "extra_info": {
                                                                                    "Join Type": "INNER",
                                                                                    "Conditions": "lo_orderdate = d_datekey",
                                                                                    "Build Min": "1992-01-01",
                                                                                    "Build Max": "1998-12-30",
                                                                                    "Estimated Cardinality": "31908648"
                                                                                },
                                                                                "operator_type": "HASH_JOIN",
                                                                                "cpu_time": 8.154338000001266,
                                                                                "children": [
                                                                                    {
                                                                                        "result_set_size": 38643720,
                                                                                        "operator_timing": 1.2845210000005947,
                                                                                        "operator_rows_scanned": 0,
                                                                                        "cumulative_rows_scanned": 4811905160,
                                                                                        "operator_cardinality": 966093,
                                                                                        "cumulative_cardinality": 721241639,
                                                                                        "extra_info": {
                                                                                            "Join Type": "INNER",
                                                                                            "Conditions": "lo_partkey = p_partkey",
                                                                                            "Build Min": "1",
                                                                                            "Build Max": "1000000",
                                                                                            "Estimated Cardinality": "28974950"
                                                                                        },
                                                                                        "operator_type": "HASH_JOIN",
                                                                                        "cpu_time": 8.152289000001266,
                                                                                        "children": [
                                                                                            {
                                                                                                "result_set_size": 2406944580,
                                                                                                "operator_timing": 2.557755999999732,
                                                                                                "operator_rows_scanned": 0,
                                                                                                "cumulative_rows_scanned": 4800705160,
                                                                                                "operator_cardinality": 120347229,
                                                                                                "cumulative_cardinality": 720256261,
                                                                                                "extra_info": {
                                                                                                    "Join Type": "INNER",
                                                                                                    "Conditions": "lo_suppkey = s_suppkey",
                                                                                                    "Build Min": "1",
                                                                                                    "Build Max": "200000",
                                                                                                    "Estimated Cardinality": "128755261"
                                                                                                },
                                                                                                "operator_type": "HASH_JOIN",
                                                                                                "cpu_time": 6.857905000000672,
                                                                                                "children": [
                                                                                                    {
                                                                                                        "result_set_size": 9597902608,
                                                                                                        "operator_timing": 4.29950200000094,
                                                                                                        "operator_rows_scanned": 4800305160,
                                                                                                        "cumulative_rows_scanned": 4800305160,
                                                                                                        "operator_cardinality": 599868913,
                                                                                                        "cumulative_cardinality": 599868913,
                                                                                                        "extra_info": {
                                                                                                            "Text": "lineorder",
                                                                                                            "Projections": [
                                                                                                                "lo_orderdate",
                                                                                                                "lo_partkey",
                                                                                                                "lo_suppkey",
                                                                                                                "lo_revenue"
                                                                                                            ],
                                                                                                            "Estimated Cardinality": "600038145"
                                                                                                        },
                                                                                                        "operator_type": "TABLE_SCAN",
                                                                                                        "cpu_time": 4.29950200000094,
                                                                                                        "children": []
                                                                                                    },
                                                                                                    {
                                                                                                        "result_set_size": 160476,
                                                                                                        "operator_timing": 0.0006470000000000001,
                                                                                                        "operator_rows_scanned": 400000,
                                                                                                        "cumulative_rows_scanned": 400000,
                                                                                                        "operator_cardinality": 40119,
                                                                                                        "cumulative_cardinality": 40119,
                                                                                                        "extra_info": {
                                                                                                            "Text": "supplier",
                                                                                                            "Projections": "s_suppkey",
                                                                                                            "Filters": "s_region='ASIA' AND s_region IS NOT NULL",
                                                                                                            "Estimated Cardinality": "40000"
                                                                                                        },
                                                                                                        "operator_type": "TABLE_SCAN",
                                                                                                        "cpu_time": 0.0006470000000000001,
                                                                                                        "children": []
                                                                                                    }
                                                                                                ]
                                                                                            },
                                                                                            {
                                                                                                "result_set_size": 160300,
                                                                                                "operator_timing": 0.0005839999999999993,
                                                                                                "operator_rows_scanned": 0,
                                                                                                "cumulative_rows_scanned": 11200000,
                                                                                                "operator_cardinality": 8015,
                                                                                                "cumulative_cardinality": 19285,
                                                                                                "extra_info": {
                                                                                                    "Expression": "(p_partkey <= 1000000)",
                                                                                                    "Estimated Cardinality": "280000"
                                                                                                },
                                                                                                "operator_type": "FILTER",
                                                                                                "cpu_time": 0.009863,
                                                                                                "children": [
                                                                                                    {
                                                                                                        "result_set_size": 225400,
                                                                                                        "operator_timing": 0.009279,
                                                                                                        "operator_rows_scanned": 11200000,
                                                                                                        "cumulative_rows_scanned": 11200000,
                                                                                                        "operator_cardinality": 11270,
                                                                                                        "cumulative_cardinality": 11270,
                                                                                                        "extra_info": {
                                                                                                            "Text": "part",
                                                                                                            "Projections": [
                                                                                                                "p_partkey",
                                                                                                                "p_brand1"
                                                                                                            ],
                                                                                                            "Filters": "p_brand1>='MFGR#2221' AND p_brand1<='MFGR#2228' AND p_brand1 IS NOT NULL",
                                                                                                            "Estimated Cardinality": "280000"
                                                                                                        },
                                                                                                        "operator_type": "TABLE_SCAN",
                                                                                                        "cpu_time": 0.009279,
                                                                                                        "children": []
                                                                                                    }
                                                                                                ]
                                                                                            }
                                                                                        ]
                                                                                    },
                                                                                    {
                                                                                        "result_set_size": 15336,
                                                                                        "operator_timing": 0.0000049999999999999996,
                                                                                        "operator_rows_scanned": 2556,
                                                                                        "cumulative_rows_scanned": 2556,
                                                                                        "operator_cardinality": 2556,
                                                                                        "cumulative_cardinality": 2556,
                                                                                        "extra_info": {
                                                                                            "Text": "date",
                                                                                            "Projections": [
                                                                                                "d_datekey",
                                                                                                "d_year"
                                                                                            ],
                                                                                            "Estimated Cardinality": "2556"
                                                                                        },
                                                                                        "operator_type": "TABLE_SCAN",
                                                                                        "cpu_time": 0.0000049999999999999996,
                                                                                        "children": []
                                                                                    }
                                                                                ]
                                                                            }
                                                                        ]
                                                                    }
                                                                ]
                                                            }
                                                        ]
                                                    }
                                                ]
                                            }
                                        ]
                                    }
                                ]
                            }
                        ]
                    }
                ]
            }
        ]
    }
]