{
  "benchmark_name": "SSBQ4v1S100T4",
  "scale_factor": "100",
  "thread_count": "4",
  "all_optimizers": 0.00034,
  "cumulative_optimizer_timing": 0.00033899999999999995,
  "planner": 0.000137,
  "planner_binding": 0.000135,
  "physical_planner": 0.000056000000000000006,
  "physical_planner_column_binding": 0.000007,
  "physical_planner_resolve_types": 0.000001,
  "physical_planner_create_plan": 0.000025,
  "optimizer_expression_rewriter": 0.000036,
  "optimizer_filter_pullup": 0.000001,
  "optimizer_filter_pushdown": 0.00004,
  "optimizer_cte_filter_pusher": 0.000001,
  "optimizer_regex_range": 0.000001,
  "optimizer_in_clause": 0.000001,
  "optimizer_join_order": 0.000127,
  "optimizer_deliminator": 0.0,
  "optimizer_unnest_rewriter": 0.0,
  "optimizer_unused_columns": 0.000007,
  "optimizer_statistics_propagation": 0.000082,
  "optimizer_limit_pushdown": 0.0,
  "optimizer_top_n": 0.0,
  "optimizer_compressed_materialization": 0.0,
  "optimizer_duplicate_groups": 0.000003,
  "optimizer_reorder_filter": 0.000004,
  "optimizer_join_filter_pushdown": 0.000009,
  "optimizer_extension": 0.0,
  "optimizer_materialized_cte": 0.0,
  "optimizer_build_side_probe_side": 0.000008,
  "result_set_size": 1190,
  "optimizer_column_lifetime": 0.000014999999999999999,
  "operator_timing": 3.495521,
  "optimizer_common_aggregate": 0.000002,
  "operator_rows_scanned": 0,
  "optimizer_common_subexpressions": 0.000002,
  "cumulative_rows_scanned": 2418155136,
  "operator_cardinality": 0,
  "cumulative_cardinality": 809563021,
  "extra_info": {},
  "cpu_time": 16.794195999998873,
  "blocked_thread_time": 0.0,
  "query_name": "SELECT d_year, c_nation, SUM(lo_revenue - lo_supplycost) AS profit FROM date, customer, supplier, part, lineorder WHERE lo_custkey = c_custkey AND lo_suppkey = s_suppkey AND lo_partkey = p_partkey AND lo_orderdate = d_datekey AND c_region = 'AMERICA' AND s_region = 'AMERICA' AND (p_mfgr = 'MFGR#1' OR p_mfgr = 'MFGR#2') GROUP BY d_year, c_nation ORDER BY d_year, c_nation;",
  "children": [
    {
      "result_set_size": 1190,
      "operator_timing": 0.000003,
      "operator_rows_scanned": 0,
      "cumulative_rows_scanned": 2418155136,
      "operator_cardinality": 35,
      "cumulative_cardinality": 809563021,
      "extra_info": {
        "Projections": [
          "__internal_decompress_integral_smallint(#0, 1992)",
          "__internal_decompress_string(#1)",
          "#2"
        ],
        "Estimated Cardinality": "154231"
      },
      "operator_type": "PROJECTION",
      "cpu_time": 13.298674999998873,
      "children": [
        {
          "result_set_size": 1155,
          "operator_timing": 0.00029499999999999996,
          "operator_rows_scanned": 0,
          "cumulative_rows_scanned": 2418155136,
          "operator_cardinality": 35,
          "cumulative_cardinality": 809562986,
          "extra_info": {
            "Order By": [
              "date.d_year ASC",
              "customer.c_nation ASC"
            ]
          },
          "operator_type": "ORDER_BY",
          "cpu_time": 13.298671999998874,
          "children": [
            {
              "result_set_size": 1155,
              "operator_timing": 0.000004,
              "operator_rows_scanned": 0,
              "cumulative_rows_scanned": 2418155136,
              "operator_cardinality": 35,
              "cumulative_cardinality": 809562951,
              "extra_info": {
                "Projections": [
                  "__internal_compress_integral_utinyint(#0, 1992)",
                  "__internal_compress_string_hugeint(#1)",
                  "#2"
                ],
                "Estimated Cardinality": "154231"
              },
              "operator_type": "PROJECTION",
              "cpu_time": 13.298376999998874,
              "children": [
                {
                  "result_set_size": 1190,
                  "operator_timing": 0.0000049999999999999996,
                  "operator_rows_scanned": 0,
                  "cumulative_rows_scanned": 2418155136,
                  "operator_cardinality": 35,
                  "cumulative_cardinality": 809562916,
                  "extra_info": {
                    "Projections": [
                      "__internal_decompress_integral_smallint(#0, 1992)",
                      "__internal_decompress_string(#1)",
                      "#2"
                    ],
                    "Estimated Cardinality": "154231"
                  },
                  "operator_type": "PROJECTION",
                  "cpu_time": 13.298372999998874,
                  "children": [
                    {
                      "result_set_size": 1155,
                      "operator_timing": 0.10044200000000039,
                      "operator_rows_scanned": 0,
                      "cumulative_rows_scanned": 2418155136,
                      "operator_cardinality": 35,
                      "cumulative_cardinality": 809562881,
                      "extra_info": {
                        "Groups": [
                          "#0",
                          "#1"
                        ],
                        "Aggregates": "sum(#2)",
                        "Estimated Cardinality": "154231"
                      },
                      "operator_type": "HASH_GROUP_BY",
                      "cpu_time": 13.298367999998874,
                      "children": [
                        {
                          "result_set_size": 201608253,
                          "operator_timing": 0.006282999999999943,
                          "operator_rows_scanned": 0,
                          "cumulative_rows_scanned": 2418155136,
                          "operator_cardinality": 9600393,
                          "cumulative_cardinality": 809562846,
                          "extra_info": {
                            "Projections": [
                              "d_year",
                              "c_nation",
                              "(lo_revenue - lo_supplycost)"
                            ],
                            "Estimated Cardinality": "7851106"
                          },
                          "operator_type": "PROJECTION",
                          "cpu_time": 13.197925999998873,
                          "children": [
                            {
                              "result_set_size": 547222401,
                              "operator_timing": 0.06500100000000072,
                              "operator_rows_scanned": 0,
                              "cumulative_rows_scanned": 2418155136,
                              "operator_cardinality": 9600393,
                              "cumulative_cardinality": 799962453,
                              "extra_info": {
                                "Projections": [
                                  "#0",
                                  "#1",
                                  "#2",
                                  "#3",
                                  "#4",
                                  "#5",
                                  "#6",
                                  "#7",
                                  "#8",
                                  "__internal_compress_string_hugeint(#9)",
                                  "#10",
                                  "__internal_compress_integral_utinyint(#11, 1992)"
                                ],
                                "Estimated Cardinality": "7851106"
                              },
                              "operator_type": "PROJECTION",
                              "cpu_time": 13.191642999998873,
                              "children": [
                                {
                                  "result_set_size": 556822794,
                                  "operator_timing": 0.016214999999999986,
                                  "operator_rows_scanned": 0,
                                  "cumulative_rows_scanned": 2418155136,
                                  "operator_cardinality": 9600393,
                                  "cumulative_cardinality": 790362060,
                                  "extra_info": {
                                    "Join Type": "INNER",
                                    "Conditions": "lo_orderdate = d_datekey",
                                    "Build Min": "1992-01-01",
                                    "Build Max": "1998-12-30",
                                    "Estimated Cardinality": "7851106"
                                  },
                                  "operator_type": "HASH_JOIN",
                                  "cpu_time": 13.126641999998872,
                                  "children": [
                                    {
                                      "result_set_size": 499220436,
                                      "operator_timing": 2.0981079999989083,
                                      "operator_rows_scanned": 0,
                                      "cumulative_rows_scanned": 2418152580,
                                      "operator_cardinality": 9600393,
                                      "cumulative_cardinality": 780759111,
                                      "extra_info": {
                                        "Join Type": "INNER",
                                        "Conditions": "lo_custkey = c_custkey",
                                        "Estimated Cardinality": "7129271"
                                      },
                                      "operator_type": "HASH_JOIN",
                                      "cpu_time": 13.110418999998872,
                                      "children": [
                                        {
                                          "result_set_size": 1539313760,
                                          "operator_timing": 1.1595300000003161,
                                          "operator_rows_scanned": 0,
                                          "cumulative_rows_scanned": 2406152580,
                                          "operator_cardinality": 48103555,
                                          "cumulative_cardinality": 769959340,
                                          "extra_info": {
                                            "Join Type": "INNER",
                                            "Conditions": "lo_partkey = p_partkey",
                                            "Build Min": "1",
                                            "Build Max": "1000000",
                                            "Estimated Cardinality": "28974950"
                                          },
                                          "operator_type": "HASH_JOIN",
                                          "cpu_time": 10.999587999999966,
                                          "children": [
                                            {
                                              "result_set_size": 3370834208,
                                              "operator_timing": 2.287215999998767,
                                              "operator_rows_scanned": 0,
                                              "cumulative_rows_scanned": 2400552580,
                                              "operator_cardinality": 120386936,
                                              "cumulative_cardinality": 720456188,
                                              "extra_info": {
                                                "Join Type": "INNER",
                                                "Conditions": "lo_suppkey = s_suppkey",
                                                "Build Min": "1",
                                                "Build Max": "200000",
                                                "Estimated Cardinality": "128755261"
                                              },
                                              "operator_type": "HASH_JOIN",
                                              "cpu_time": 9.831185999999649,
                                              "children": [
                                                {
                                                  "result_set_size": 14400699048,
                                                  "operator_timing": 7.543319000000881,
                                                  "operator_rows_scanned": 2400152580,
                                                  "cumulative_rows_scanned": 2400152580,
                                                  "operator_cardinality": 600029127,
                                                  "cumulative_cardinality": 600029127,
                                                  "extra_info": {
                                                    "Text": "lineorder",
                                                    "Projections": [
                                                      "lo_custkey",
                                                      "lo_suppkey",
                                                      "lo_partkey",
                                                      "lo_orderdate",
                                                      "lo_revenue",
                                                      "lo_supplycost"
                                                    ],
                                                    "Estimated Cardinality": "600038145"
                                                  },
                                                  "operator_type": "TABLE_SCAN",
                                                  "cpu_time": 7.543319000000881,
                                                  "children": []
                                                },
                                                {
                                                  "result_set_size": 160500,
                                                  "operator_timing": 0.0006510000000000001,
                                                  "operator_rows_scanned": 400000,
                                                  "cumulative_rows_scanned": 400000,
                                                  "operator_cardinality": 40125,
                                                  "cumulative_cardinality": 40125,
                                                  "extra_info": {
                                                    "Text": "supplier",
                                                    "Projections": "s_suppkey",
                                                    "Filters": "s_region='AMERICA' AND s_region IS NOT NULL",
                                                    "Estimated Cardinality": "40000"
                                                  },
                                                  "operator_type": "TABLE_SCAN",
                                                  "cpu_time": 0.0006510000000000001,
                                                  "children": []
                                                }
                                              ]
                                            },
                                            {
                                              "result_set_size": 7991940,
                                              "operator_timing": 0.007977,
                                              "operator_rows_scanned": 0,
                                              "cumulative_rows_scanned": 5600000,
                                              "operator_cardinality": 399597,
                                              "cumulative_cardinality": 1399597,
                                              "extra_info": {
                                                "Expression": "((p_mfgr = 'MFGR#1') OR (p_mfgr = 'MFGR#2'))",
                                                "Estimated Cardinality": "1400000"
                                              },
                                              "operator_type": "FILTER",
                                              "cpu_time": 0.008871999999999998,
                                              "children": [
                                                {
                                                  "result_set_size": 20000000,
                                                  "operator_timing": 0.0008949999999999987,
                                                  "operator_rows_scanned": 5600000,
                                                  "cumulative_rows_scanned": 5600000,
                                                  "operator_cardinality": 1000000,
                                                  "cumulative_cardinality": 1000000,
                                                  "extra_info": {
                                                    "Text": "part",
                                                    "Projections": [
                                                      "p_partkey",
                                                      "p_mfgr"
                                                    ],
                                                    "Filters": "p_partkey<=1000000 AND p_partkey IS NOT NULL",
                                                    "Estimated Cardinality": "1400000"
                                                  },
                                                  "operator_type": "TABLE_SCAN",
                                                  "cpu_time": 0.0008949999999999987,
                                                  "children": []
                                                }
                                              ]
                                            }
                                          ]
                                        },
                                        {
                                          "result_set_size": 11993780,
                                          "operator_timing": 0.0012840000000000043,
                                          "operator_rows_scanned": 0,
                                          "cumulative_rows_scanned": 12000000,
                                          "operator_cardinality": 599689,
                                          "cumulative_cardinality": 1199378,
                                          "extra_info": {
                                            "Expression": "(c_custkey <= 2999999)",
                                            "Estimated Cardinality": "600000"
                                          },
                                          "operator_type": "FILTER",
                                          "cpu_time": 0.012723000000000054,
                                          "children": [
                                            {
                                              "result_set_size": 11993780,
                                              "operator_timing": 0.01143900000000005,
                                              "operator_rows_scanned": 12000000,
                                              "cumulative_rows_scanned": 12000000,
                                              "operator_cardinality": 599689,
                                              "cumulative_cardinality": 599689,
                                              "extra_info": {
                                                "Text": "customer",
                                                "Projections": [
                                                  "c_custkey",
                                                  "c_nation"
                                                ],
                                                "Filters": "c_region='AMERICA' AND c_region IS NOT NULL",
                                                "Estimated Cardinality": "600000"
                                              },
                                              "operator_type": "TABLE_SCAN",
                                              "cpu_time": 0.01143900000000005,
                                              "children": []
                                            }
                                          ]
                                        }
                                      ]
                                    },
                                    {
                                      "result_set_size": 15336,
                                      "operator_timing": 0.000008,
                                      "operator_rows_scanned": 2556,
                                      "cumulative_rows_scanned": 2556,
                                      "operator_cardinality": 2556,
                                      "cumulative_cardinality": 2556,
                                      "extra_info": {
                                        "Text": "date",
                                        "Projections": [
                                          "d_datekey",
                                          "d_year"
                                        ],
                                        "Estimated Cardinality": "2556"
                                      },
                                      "operator_type": "TABLE_SCAN",
                                      "cpu_time": 0.000008,
                                      "children": []
                                    }
                                  ]
                                }
                              ]
                            }
                          ]
                        }
                      ]
                    }
                  ]
                }
              ]
            }
          ]
        }
      ]
    }
  ]
}
{
  "benchmark_name": "SSBQ4v1S100T4",
  "scale_factor": "100",
  "thread_count": "4",
  "all_optimizers": 0.000406,
  "cumulative_optimizer_timing": 0.00040500000000000003,
  "planner": 0.000173,
  "planner_binding": 0.000171,
  "physical_planner": 0.000034,
  "physical_planner_column_binding": 0.000007,
  "physical_planner_resolve_types": 0.000001,
  "physical_planner_create_plan": 0.000022,
  "optimizer_expression_rewriter": 0.000034,
  "optimizer_filter_pullup": 0.000002,
  "optimizer_filter_pushdown": 0.000041,
  "optimizer_cte_filter_pusher": 0.000001,
  "optimizer_regex_range": 0.0,
  "optimizer_in_clause": 0.000002,
  "optimizer_join_order": 0.000166,
  "optimizer_deliminator": 0.0,
  "optimizer_unnest_rewriter": 0.0,
  "optimizer_unused_columns": 0.000011,
  "optimizer_statistics_propagation": 0.000098,
  "optimizer_limit_pushdown": 0.0,
  "optimizer_top_n": 0.0,
  "optimizer_compressed_materialization": 0.0,
  "optimizer_duplicate_groups": 0.000006,
  "optimizer_reorder_filter": 0.000003,
  "optimizer_join_filter_pushdown": 0.000011,
  "optimizer_extension": 0.0,
  "optimizer_materialized_cte": 0.0,
  "optimizer_build_side_probe_side": 0.000009,
  "result_set_size": 1190,
  "optimizer_column_lifetime": 0.000016,
  "operator_timing": 2.781179,
  "optimizer_common_aggregate": 0.000002,
  "operator_rows_scanned": 0,
  "optimizer_common_subexpressions": 0.000003,
  "cumulative_rows_scanned": 2418155136,
  "operator_cardinality": 0,
  "cumulative_cardinality": 809563021,
  "extra_info": {},
  "cpu_time": 13.361098000001219,
  "blocked_thread_time": 0.0,
  "query_name": "SELECT d_year, c_nation, SUM(lo_revenue - lo_supplycost) AS profit FROM date, customer, supplier, part, lineorder WHERE lo_custkey = c_custkey AND lo_suppkey = s_suppkey AND lo_partkey = p_partkey AND lo_orderdate = d_datekey AND c_region = 'AMERICA' AND s_region = 'AMERICA' AND (p_mfgr = 'MFGR#1' OR p_mfgr = 'MFGR#2') GROUP BY d_year, c_nation ORDER BY d_year, c_nation;",
  "children": [
    {
      "result_set_size": 1190,
      "operator_timing": 0.000003,
      "operator_rows_scanned": 0,
      "cumulative_rows_scanned": 2418155136,
      "operator_cardinality": 35,
      "cumulative_cardinality": 809563021,
      "extra_info": {
        "Projections": [
          "__internal_decompress_integral_smallint(#0, 1992)",
          "__internal_decompress_string(#1)",
          "#2"
        ],
        "Estimated Cardinality": "154231"
      },
      "operator_type": "PROJECTION",
      "cpu_time": 10.579919000001219,
      "children": [
        {
          "result_set_size": 1155,
          "operator_timing": 0.00020299999999999995,
          "operator_rows_scanned": 0,
          "cumulative_rows_scanned": 2418155136,
          "operator_cardinality": 35,
          "cumulative_cardinality": 809562986,
          "extra_info": {
            "Order By": [
              "date.d_year ASC",
              "customer.c_nation ASC"
            ]
          },
          "operator_type": "ORDER_BY",
          "cpu_time": 10.57991600000122,
          "children": [
            {
              "result_set_size": 1155,
              "operator_timing": 0.000001,
              "operator_rows_scanned": 0,
              "cumulative_rows_scanned": 2418155136,
              "operator_cardinality": 35,
              "cumulative_cardinality": 809562951,
              "extra_info": {
                "Projections": [
                  "__internal_compress_integral_utinyint(#0, 1992)",
                  "__internal_compress_string_hugeint(#1)",
                  "#2"
                ],
                "Estimated Cardinality": "154231"
              },
              "operator_type": "PROJECTION",
              "cpu_time": 10.579713000001219,
              "children": [
                {
                  "result_set_size": 1190,
                  "operator_timing": 0.0000049999999999999996,
                  "operator_rows_scanned": 0,
                  "cumulative_rows_scanned": 2418155136,
                  "operator_cardinality": 35,
                  "cumulative_cardinality": 809562916,
                  "extra_info": {
                    "Projections": [
                      "__internal_decompress_integral_smallint(#0, 1992)",
                      "__internal_decompress_string(#1)",
                      "#2"
                    ],
                    "Estimated Cardinality": "154231"
                  },
                  "operator_type": "PROJECTION",
                  "cpu_time": 10.57971200000122,
                  "children": [
                    {
                      "result_set_size": 1155,
                      "operator_timing": 0.08771800000000005,
                      "operator_rows_scanned": 0,
                      "cumulative_rows_scanned": 2418155136,
                      "operator_cardinality": 35,
                      "cumulative_cardinality": 809562881,
                      "extra_info": {
                        "Groups": [
                          "#0",
                          "#1"
                        ],
                        "Aggregates": "sum(#2)",
                        "Estimated Cardinality": "154231"
                      },
                      "operator_type": "HASH_GROUP_BY",
                      "cpu_time": 10.57970700000122,
                      "children": [
                        {
                          "result_set_size": 201608253,
                          "operator_timing": 0.004930000000000002,
                          "operator_rows_scanned": 0,
                          "cumulative_rows_scanned": 2418155136,
                          "operator_cardinality": 9600393,
                          "cumulative_cardinality": 809562846,
                          "extra_info": {
                            "Projections": [
                              "d_year",
                              "c_nation",
                              "(lo_revenue - lo_supplycost)"
                            ],
                            "Estimated Cardinality": "7851106"
                          },
                          "operator_type": "PROJECTION",
                          "cpu_time": 10.491989000001219,
                          "children": [
                            {
                              "result_set_size": 547222401,
                              "operator_timing": 0.06200700000000031,
                              "operator_rows_scanned": 0,
                              "cumulative_rows_scanned": 2418155136,
                              "operator_cardinality": 9600393,
                              "cumulative_cardinality": 799962453,
                              "extra_info": {
                                "Projections": [
                                  "#0",
                                  "#1",
                                  "#2",
                                  "#3",
                                  "#4",
                                  "#5",
                                  "#6",
                                  "#7",
                                  "#8",
                                  "__internal_compress_string_hugeint(#9)",
                                  "#10",
                                  "__internal_compress_integral_utinyint(#11, 1992)"
                                ],
                                "Estimated Cardinality": "7851106"
                              },
                              "operator_type": "PROJECTION",
                              "cpu_time": 10.487059000001219,
                              "children": [
                                {
                                  "result_set_size": 556822794,
                                  "operator_timing": 0.01425299999999986,
                                  "operator_rows_scanned": 0,
                                  "cumulative_rows_scanned": 2418155136,
                                  "operator_cardinality": 9600393,
                                  "cumulative_cardinality": 790362060,
                                  "extra_info": {
                                    "Join Type": "INNER",
                                    "Conditions": "lo_orderdate = d_datekey",
                                    "Build Min": "1992-01-01",
                                    "Build Max": "1998-12-30",
                                    "Estimated Cardinality": "7851106"
                                  },
                                  "operator_type": "HASH_JOIN",
                                  "cpu_time": 10.42505200000122,
                                  "children": [
                                    {
                                      "result_set_size": 499220436,
                                      "operator_timing": 1.8486549999991688,
                                      "operator_rows_scanned": 0,
                                      "cumulative_rows_scanned": 2418152580,
                                      "operator_cardinality": 9600393,
                                      "cumulative_cardinality": 780759111,
                                      "extra_info": {
                                        "Join Type": "INNER",
                                        "Conditions": "lo_custkey = c_custkey",
                                        "Estimated Cardinality": "7129271"
                                      },
                                      "operator_type": "HASH_JOIN",
                                      "cpu_time": 10.41079100000122,
                                      "children": [
                                        {
                                          "result_set_size": 1539313760,
                                          "operator_timing": 1.0235400000006525,
                                          "operator_rows_scanned": 0,
                                          "cumulative_rows_scanned": 2406152580,
                                          "operator_cardinality": 48103555,
                                          "cumulative_cardinality": 769959340,
                                          "extra_info": {
                                            "Join Type": "INNER",
                                            "Conditions": "lo_partkey = p_partkey",
                                            "Build Min": "1",
                                            "Build Max": "1000000",
                                            "Estimated Cardinality": "28974950"
                                          },
                                          "operator_type": "HASH_JOIN",
                                          "cpu_time": 8.54913000000205,
                                          "children": [
                                            {
                                              "result_set_size": 3370834208,
                                              "operator_timing": 2.1495069999987964,
                                              "operator_rows_scanned": 0,
                                              "cumulative_rows_scanned": 2400552580,
                                              "operator_cardinality": 120386936,
                                              "cumulative_cardinality": 720456188,
                                              "extra_info": {
                                                "Join Type": "INNER",
                                                "Conditions": "lo_suppkey = s_suppkey",
                                                "Build Min": "1",
                                                "Build Max": "200000",
                                                "Estimated Cardinality": "128755261"
                                              },
                                              "operator_type": "HASH_JOIN",
                                              "cpu_time": 7.517587000001398,
                                              "children": [
                                                {
                                                  "result_set_size": 14400699048,
                                                  "operator_timing": 5.367463000002601,
                                                  "operator_rows_scanned": 2400152580,
                                                  "cumulative_rows_scanned": 2400152580,
                                                  "operator_cardinality": 600029127,
                                                  "cumulative_cardinality": 600029127,
                                                  "extra_info": {
                                                    "Text": "lineorder",
                                                    "Projections": [
                                                      "lo_custkey",
                                                      "lo_suppkey",
                                                      "lo_partkey",
                                                      "lo_orderdate",
                                                      "lo_revenue",
                                                      "lo_supplycost"
                                                    ],
                                                    "Estimated Cardinality": "600038145"
                                                  },
                                                  "operator_type": "TABLE_SCAN",
                                                  "cpu_time": 5.367463000002601,
                                                  "children": []
                                                },
                                                {
                                                  "result_set_size": 160500,
                                                  "operator_timing": 0.0006170000000000001,
                                                  "operator_rows_scanned": 400000,
                                                  "cumulative_rows_scanned": 400000,
                                                  "operator_cardinality": 40125,
                                                  "cumulative_cardinality": 40125,
                                                  "extra_info": {
                                                    "Text": "supplier",
                                                    "Projections": "s_suppkey",
                                                    "Filters": "s_region='AMERICA' AND s_region IS NOT NULL",
                                                    "Estimated Cardinality": "40000"
                                                  },
                                                  "operator_type": "TABLE_SCAN",
                                                  "cpu_time": 0.0006170000000000001,
                                                  "children": []
                                                }
                                              ]
                                            },
                                            {
                                              "result_set_size": 7991940,
                                              "operator_timing": 0.007205999999999996,
                                              "operator_rows_scanned": 0,
                                              "cumulative_rows_scanned": 5600000,
                                              "operator_cardinality": 399597,
                                              "cumulative_cardinality": 1399597,
                                              "extra_info": {
                                                "Expression": "((p_mfgr = 'MFGR#1') OR (p_mfgr = 'MFGR#2'))",
                                                "Estimated Cardinality": "1400000"
                                              },
                                              "operator_type": "FILTER",
                                              "cpu_time": 0.008002999999999994,
                                              "children": [
                                                {
                                                  "result_set_size": 20000000,
                                                  "operator_timing": 0.0007969999999999988,
                                                  "operator_rows_scanned": 5600000,
                                                  "cumulative_rows_scanned": 5600000,
                                                  "operator_cardinality": 1000000,
                                                  "cumulative_cardinality": 1000000,
                                                  "extra_info": {
                                                    "Text": "part",
                                                    "Projections": [
                                                      "p_partkey",
                                                      "p_mfgr"
                                                    ],
                                                    "Filters": "p_partkey<=1000000 AND p_partkey IS NOT NULL",
                                                    "Estimated Cardinality": "1400000"
                                                  },
                                                  "operator_type": "TABLE_SCAN",
                                                  "cpu_time": 0.0007969999999999988,
                                                  "children": []
                                                }
                                              ]
                                            }
                                          ]
                                        },
                                        {
                                          "result_set_size": 11993780,
                                          "operator_timing": 0.0012090000000000035,
                                          "operator_rows_scanned": 0,
                                          "cumulative_rows_scanned": 12000000,
                                          "operator_cardinality": 599689,
                                          "cumulative_cardinality": 1199378,
                                          "extra_info": {
                                            "Expression": "(c_custkey <= 2999999)",
                                            "Estimated Cardinality": "600000"
                                          },
                                          "operator_type": "FILTER",
                                          "cpu_time": 0.01300600000000005,
                                          "children": [
                                            {
                                              "result_set_size": 11993780,
                                              "operator_timing": 0.011797000000000047,
                                              "operator_rows_scanned": 12000000,
                                              "cumulative_rows_scanned": 12000000,
                                              "operator_cardinality": 599689,
                                              "cumulative_cardinality": 599689,
                                              "extra_info": {
                                                "Text": "customer",
                                                "Projections": [
                                                  "c_custkey",
                                                  "c_nation"
                                                ],
                                                "Filters": "c_region='AMERICA' AND c_region IS NOT NULL",
                                                "Estimated Cardinality": "600000"
                                              },
                                              "operator_type": "TABLE_SCAN",
                                              "cpu_time": 0.011797000000000047,
                                              "children": []
                                            }
                                          ]
                                        }
                                      ]
                                    },
                                    {
                                      "result_set_size": 15336,
                                      "operator_timing": 0.000008,
                                      "operator_rows_scanned": 2556,
                                      "cumulative_rows_scanned": 2556,
                                      "operator_cardinality": 2556,
                                      "cumulative_cardinality": 2556,
                                      "extra_info": {
                                        "Text": "date",
                                        "Projections": [
                                          "d_datekey",
                                          "d_year"
                                        ],
                                        "Estimated Cardinality": "2556"
                                      },
                                      "operator_type": "TABLE_SCAN",
                                      "cpu_time": 0.000008,
                                      "children": []
                                    }
                                  ]
                                }
                              ]
                            }
                          ]
                        }
                      ]
                    }
                  ]
                }
              ]
            }
          ]
        }
      ]
    }
  ]
}
{
  "benchmark_name": "SSBQ4v1S100T4",
  "scale_factor": "100",
  "thread_count": "4",
  "all_optimizers": 0.000342,
  "cumulative_optimizer_timing": 0.000341,
  "planner": 0.00013,
  "planner_binding": 0.000128,
  "physical_planner": 0.000031,
  "physical_planner_column_binding": 0.000006,
  "physical_planner_resolve_types": 0.000001,
  "physical_planner_create_plan": 0.00002,
  "optimizer_expression_rewriter": 0.000034,
  "optimizer_filter_pullup": 0.000002,
  "optimizer_filter_pushdown": 0.000038,
  "optimizer_cte_filter_pusher": 0.000001,
  "optimizer_regex_range": 0.0,
  "optimizer_in_clause": 0.000001,
  "optimizer_join_order": 0.000122,
  "optimizer_deliminator": 0.000001,
  "optimizer_unnest_rewriter": 0.0,
  "optimizer_unused_columns": 0.000007,
  "optimizer_statistics_propagation": 0.000088,
  "optimizer_limit_pushdown": 0.000001,
  "optimizer_top_n": 0.0,
  "optimizer_compressed_materialization": 0.0,
  "optimizer_duplicate_groups": 0.000003,
  "optimizer_reorder_filter": 0.000004,
  "optimizer_join_filter_pushdown": 0.000009,
  "optimizer_extension": 0.0,
  "optimizer_materialized_cte": 0.0,
  "optimizer_build_side_probe_side": 0.000009,
  "result_set_size": 1190,
  "optimizer_column_lifetime": 0.000016,
  "operator_timing": 2.57743,
  "optimizer_common_aggregate": 0.000002,
  "operator_rows_scanned": 0,
  "optimizer_common_subexpressions": 0.000003,
  "cumulative_rows_scanned": 2418155136,
  "operator_cardinality": 0,
  "cumulative_cardinality": 809563021,
  "extra_info": {},
  "cpu_time": 12.308285000000193,
  "blocked_thread_time": 0.0,
  "query_name": "SELECT d_year, c_nation, SUM(lo_revenue - lo_supplycost) AS profit FROM date, customer, supplier, part, lineorder WHERE lo_custkey = c_custkey AND lo_suppkey = s_suppkey AND lo_partkey = p_partkey AND lo_orderdate = d_datekey AND c_region = 'AMERICA' AND s_region = 'AMERICA' AND (p_mfgr = 'MFGR#1' OR p_mfgr = 'MFGR#2') GROUP BY d_year, c_nation ORDER BY d_year, c_nation;",
  "children": [
    {
      "result_set_size": 1190,
      "operator_timing": 0.000006,
      "operator_rows_scanned": 0,
      "cumulative_rows_scanned": 2418155136,
      "operator_cardinality": 35,
      "cumulative_cardinality": 809563021,
      "extra_info": {
        "Projections": [
          "__internal_decompress_integral_smallint(#0, 1992)",
          "__internal_decompress_string(#1)",
          "#2"
        ],
        "Estimated Cardinality": "154231"
      },
      "operator_type": "PROJECTION",
      "cpu_time": 9.730855000000194,
      "children": [
        {
          "result_set_size": 1155,
          "operator_timing": 0.00037900000000000005,
          "operator_rows_scanned": 0,
          "cumulative_rows_scanned": 2418155136,
          "operator_cardinality": 35,
          "cumulative_cardinality": 809562986,
          "extra_info": {
            "Order By": [
              "date.d_year ASC",
              "customer.c_nation ASC"
            ]
          },
          "operator_type": "ORDER_BY",
          "cpu_time": 9.730849000000193,
          "children": [
            {
              "result_set_size": 1155,
              "operator_timing": 0.000003,
              "operator_rows_scanned": 0,
              "cumulative_rows_scanned": 2418155136,
              "operator_cardinality": 35,
              "cumulative_cardinality": 809562951,
              "extra_info": {
                "Projections": [
                  "__internal_compress_integral_utinyint(#0, 1992)",
                  "__internal_compress_string_hugeint(#1)",
                  "#2"
                ],
                "Estimated Cardinality": "154231"
              },
              "operator_type": "PROJECTION",
              "cpu_time": 9.730470000000192,
              "children": [
                {
                  "result_set_size": 1190,
                  "operator_timing": 0.0000049999999999999996,
                  "operator_rows_scanned": 0,
                  "cumulative_rows_scanned": 2418155136,
                  "operator_cardinality": 35,
                  "cumulative_cardinality": 809562916,
                  "extra_info": {
                    "Projections": [
                      "__internal_decompress_integral_smallint(#0, 1992)",
                      "__internal_decompress_string(#1)",
                      "#2"
                    ],
                    "Estimated Cardinality": "154231"
                  },
                  "operator_type": "PROJECTION",
                  "cpu_time": 9.730467000000193,
                  "children": [
                    {
                      "result_set_size": 1155,
                      "operator_timing": 0.08674900000000003,
                      "operator_rows_scanned": 0,
                      "cumulative_rows_scanned": 2418155136,
                      "operator_cardinality": 35,
                      "cumulative_cardinality": 809562881,
                      "extra_info": {
                        "Groups": [
                          "#0",
                          "#1"
                        ],
                        "Aggregates": "sum(#2)",
                        "Estimated Cardinality": "154231"
                      },
                      "operator_type": "HASH_GROUP_BY",
                      "cpu_time": 9.730462000000193,
                      "children": [
                        {
                          "result_set_size": 201608253,
                          "operator_timing": 0.005159999999999989,
                          "operator_rows_scanned": 0,
                          "cumulative_rows_scanned": 2418155136,
                          "operator_cardinality": 9600393,
                          "cumulative_cardinality": 809562846,
                          "extra_info": {
                            "Projections": [
                              "d_year",
                              "c_nation",
                              "(lo_revenue - lo_supplycost)"
                            ],
                            "Estimated Cardinality": "7851106"
                          },
                          "operator_type": "PROJECTION",
                          "cpu_time": 9.643713000000194,
                          "children": [
                            {
                              "result_set_size": 547222401,
                              "operator_timing": 0.058992000000000266,
                              "operator_rows_scanned": 0,
                              "cumulative_rows_scanned": 2418155136,
                              "operator_cardinality": 9600393,
                              "cumulative_cardinality": 799962453,
                              "extra_info": {
                                "Projections": [
                                  "#0",
                                  "#1",
                                  "#2",
                                  "#3",
                                  "#4",
                                  "#5",
                                  "#6",
                                  "#7",
                                  "#8",
                                  "__internal_compress_string_hugeint(#9)",
                                  "#10",
                                  "__internal_compress_integral_utinyint(#11, 1992)"
                                ],
                                "Estimated Cardinality": "7851106"
                              },
                              "operator_type": "PROJECTION",
                              "cpu_time": 9.638553000000194,
                              "children": [
                                {
                                  "result_set_size": 556822794,
                                  "operator_timing": 0.014357999999999886,
                                  "operator_rows_scanned": 0,
                                  "cumulative_rows_scanned": 2418155136,
                                  "operator_cardinality": 9600393,
                                  "cumulative_cardinality": 790362060,
                                  "extra_info": {
                                    "Join Type": "INNER",
                                    "Conditions": "lo_orderdate = d_datekey",
                                    "Build Min": "1992-01-01",
                                    "Build Max": "1998-12-30",
                                    "Estimated Cardinality": "7851106"
                                  },
                                  "operator_type": "HASH_JOIN",
                                  "cpu_time": 9.579561000000194,
                                  "children": [
                                    {
                                      "result_set_size": 499220436,
                                      "operator_timing": 1.8203619999992535,
                                      "operator_rows_scanned": 0,
                                      "cumulative_rows_scanned": 2418152580,
                                      "operator_cardinality": 9600393,
                                      "cumulative_cardinality": 780759111,
                                      "extra_info": {
                                        "Join Type": "INNER",
                                        "Conditions": "lo_custkey = c_custkey",
                                        "Estimated Cardinality": "7129271"
                                      },
                                      "operator_type": "HASH_JOIN",
                                      "cpu_time": 9.565198000000194,
                                      "children": [
                                        {
                                          "result_set_size": 1539313760,
                                          "operator_timing": 1.0157190000007192,
                                          "operator_rows_scanned": 0,
                                          "cumulative_rows_scanned": 2406152580,
                                          "operator_cardinality": 48103555,
                                          "cumulative_cardinality": 769959340,
                                          "extra_info": {
                                            "Join Type": "INNER",
                                            "Conditions": "lo_partkey = p_partkey",
                                            "Build Min": "1",
                                            "Build Max": "1000000",
                                            "Estimated Cardinality": "28974950"
                                          },
                                          "operator_type": "HASH_JOIN",
                                          "cpu_time": 7.730390000000941,
                                          "children": [
                                            {
                                              "result_set_size": 3370834208,
                                              "operator_timing": 2.138928999998839,
                                              "operator_rows_scanned": 0,
                                              "cumulative_rows_scanned": 2400552580,
                                              "operator_cardinality": 120386936,
                                              "cumulative_cardinality": 720456188,
                                              "extra_info": {
                                                "Join Type": "INNER",
                                                "Conditions": "lo_suppkey = s_suppkey",
                                                "Build Min": "1",
                                                "Build Max": "200000",
                                                "Estimated Cardinality": "128755261"
                                              },
                                              "operator_type": "HASH_JOIN",
                                              "cpu_time": 6.706695000000222,
                                              "children": [
                                                {
                                                  "result_set_size": 14400699048,
                                                  "operator_timing": 4.567080000001384,
                                                  "operator_rows_scanned": 2400152580,
                                                  "cumulative_rows_scanned": 2400152580,
                                                  "operator_cardinality": 600029127,
                                                  "cumulative_cardinality": 600029127,
                                                  "extra_info": {
                                                    "Text": "lineorder",
                                                    "Projections": [
                                                      "lo_custkey",
                                                      "lo_suppkey",
                                                      "lo_partkey",
                                                      "lo_orderdate",
                                                      "lo_revenue",
                                                      "lo_supplycost"
                                                    ],
                                                    "Estimated Cardinality": "600038145"
                                                  },
                                                  "operator_type": "TABLE_SCAN",
                                                  "cpu_time": 4.567080000001384,
                                                  "children": []
                                                },
                                                {
                                                  "result_set_size": 160500,
                                                  "operator_timing": 0.000686,
                                                  "operator_rows_scanned": 400000,
                                                  "cumulative_rows_scanned": 400000,
                                                  "operator_cardinality": 40125,
                                                  "cumulative_cardinality": 40125,
                                                  "extra_info": {
                                                    "Text": "supplier",
                                                    "Projections": "s_suppkey",
                                                    "Filters": "s_region='AMERICA' AND s_region IS NOT NULL",
                                                    "Estimated Cardinality": "40000"
                                                  },
                                                  "operator_type": "TABLE_SCAN",
                                                  "cpu_time": 0.000686,
                                                  "children": []
                                                }
                                              ]
                                            },
                                            {
                                              "result_set_size": 7991940,
                                              "operator_timing": 0.007258999999999998,
                                              "operator_rows_scanned": 0,
                                              "cumulative_rows_scanned": 5600000,
                                              "operator_cardinality": 399597,
                                              "cumulative_cardinality": 1399597,
                                              "extra_info": {
                                                "Expression": "((p_mfgr = 'MFGR#1') OR (p_mfgr = 'MFGR#2'))",
                                                "Estimated Cardinality": "1400000"
                                              },
                                              "operator_type": "FILTER",
                                              "cpu_time": 0.007975999999999997,
                                              "children": [
                                                {
                                                  "result_set_size": 20000000,
                                                  "operator_timing": 0.0007169999999999989,
                                                  "operator_rows_scanned": 5600000,
                                                  "cumulative_rows_scanned": 5600000,
                                                  "operator_cardinality": 1000000,
                                                  "cumulative_cardinality": 1000000,
                                                  "extra_info": {
                                                    "Text": "part",
                                                    "Projections": [
                                                      "p_partkey",
                                                      "p_mfgr"
                                                    ],
                                                    "Filters": "p_partkey<=1000000 AND p_partkey IS NOT NULL",
                                                    "Estimated Cardinality": "1400000"
                                                  },
                                                  "operator_type": "TABLE_SCAN",
                                                  "cpu_time": 0.0007169999999999989,
                                                  "children": []
                                                }
                                              ]
                                            }
                                          ]
                                        },
                                        {
                                          "result_set_size": 11993780,
                                          "operator_timing": 0.0014480000000000053,
                                          "operator_rows_scanned": 0,
                                          "cumulative_rows_scanned": 12000000,
                                          "operator_cardinality": 599689,
                                          "cumulative_cardinality": 1199378,
                                          "extra_info": {
                                            "Expression": "(c_custkey <= 2999999)",
                                            "Estimated Cardinality": "600000"
                                          },
                                          "operator_type": "FILTER",
                                          "cpu_time": 0.01444600000000006,
                                          "children": [
                                            {
                                              "result_set_size": 11993780,
                                              "operator_timing": 0.012998000000000055,
                                              "operator_rows_scanned": 12000000,
                                              "cumulative_rows_scanned": 12000000,
                                              "operator_cardinality": 599689,
                                              "cumulative_cardinality": 599689,
                                              "extra_info": {
                                                "Text": "customer",
                                                "Projections": [
                                                  "c_custkey",
                                                  "c_nation"
                                                ],
                                                "Filters": "c_region='AMERICA' AND c_region IS NOT NULL",
                                                "Estimated Cardinality": "600000"
                                              },
                                              "operator_type": "TABLE_SCAN",
                                              "cpu_time": 0.012998000000000055,
                                              "children": []
                                            }
                                          ]
                                        }
                                      ]
                                    },
                                    {
                                      "result_set_size": 15336,
                                      "operator_timing": 0.0000049999999999999996,
                                      "operator_rows_scanned": 2556,
                                      "cumulative_rows_scanned": 2556,
                                      "operator_cardinality": 2556,
                                      "cumulative_cardinality": 2556,
                                      "extra_info": {
                                        "Text": "date",
                                        "Projections": [
                                          "d_datekey",
                                          "d_year"
                                        ],
                                        "Estimated Cardinality": "2556"
                                      },
                                      "operator_type": "TABLE_SCAN",
                                      "cpu_time": 0.0000049999999999999996,
                                      "children": []
                                    }
                                  ]
                                }
                              ]
                            }
                          ]
                        }
                      ]
                    }
                  ]
                }
              ]
            }
          ]
        }
      ]
    }
  ]
}
{
  "benchmark_name": "SSBQ4v1S100T4",
  "scale_factor": "100",
  "thread_count": "4",
  "all_optimizers": 0.00033,
  "cumulative_optimizer_timing": 0.00032999999999999994,
  "planner": 0.000122,
  "planner_binding": 0.00012,
  "physical_planner": 0.000029,
  "physical_planner_column_binding": 0.000006,
  "physical_planner_resolve_types": 0.000001,
  "physical_planner_create_plan": 0.000018,
  "optimizer_expression_rewriter": 0.000033,
  "optimizer_filter_pullup": 0.000002,
  "optimizer_filter_pushdown": 0.000036,
  "optimizer_cte_filter_pusher": 0.000001,
  "optimizer_regex_range": 0.0,
  "optimizer_in_clause": 0.000001,
  "optimizer_join_order": 0.000119,
  "optimizer_deliminator": 0.0,
  "optimizer_unnest_rewriter": 0.000001,
  "optimizer_unused_columns": 0.000007,
  "optimizer_statistics_propagation": 0.000087,
  "optimizer_limit_pushdown": 0.000001,
  "optimizer_top_n": 0.0,
  "optimizer_compressed_materialization": 0.0,
  "optimizer_duplicate_groups": 0.000003,
  "optimizer_reorder_filter": 0.000004,
  "optimizer_join_filter_pushdown": 0.000008,
  "optimizer_extension": 0.0,
  "optimizer_materialized_cte": 0.0,
  "optimizer_build_side_probe_side": 0.000008,
  "result_set_size": 1190,
  "optimizer_column_lifetime": 0.000014999999999999999,
  "operator_timing": 4.4145,
  "optimizer_common_aggregate": 0.000002,
  "operator_rows_scanned": 0,
  "optimizer_common_subexpressions": 0.000002,
  "cumulative_rows_scanned": 2418155136,
  "operator_cardinality": 0,
  "cumulative_cardinality": 809563021,
  "extra_info": {},
  "cpu_time": 21.362205999996252,
  "blocked_thread_time": 0.0,
  "query_name": "SELECT d_year, c_nation, SUM(lo_revenue - lo_supplycost) AS profit FROM date, customer, supplier, part, lineorder WHERE lo_custkey = c_custkey AND lo_suppkey = s_suppkey AND lo_partkey = p_partkey AND lo_orderdate = d_datekey AND c_region = 'AMERICA' AND s_region = 'AMERICA' AND (p_mfgr = 'MFGR#1' OR p_mfgr = 'MFGR#2') GROUP BY d_year, c_nation ORDER BY d_year, c_nation;",
  "children": [
    {
      "result_set_size": 1190,
      "operator_timing": 0.000004,
      "operator_rows_scanned": 0,
      "cumulative_rows_scanned": 2418155136,
      "operator_cardinality": 35,
      "cumulative_cardinality": 809563021,
      "extra_info": {
        "Projections": [
          "__internal_decompress_integral_smallint(#0, 1992)",
          "__internal_decompress_string(#1)",
          "#2"
        ],
        "Estimated Cardinality": "154231"
      },
      "operator_type": "PROJECTION",
      "cpu_time": 16.947705999996252,
      "children": [
        {
          "result_set_size": 1155,
          "operator_timing": 0.00026700000000000004,
          "operator_rows_scanned": 0,
          "cumulative_rows_scanned": 2418155136,
          "operator_cardinality": 35,
          "cumulative_cardinality": 809562986,
          "extra_info": {
            "Order By": [
              "date.d_year ASC",
              "customer.c_nation ASC"
            ]
          },
          "operator_type": "ORDER_BY",
          "cpu_time": 16.94770199999625,
          "children": [
            {
              "result_set_size": 1155,
              "operator_timing": 0.000004,
              "operator_rows_scanned": 0,
              "cumulative_rows_scanned": 2418155136,
              "operator_cardinality": 35,
              "cumulative_cardinality": 809562951,
              "extra_info": {
                "Projections": [
                  "__internal_compress_integral_utinyint(#0, 1992)",
                  "__internal_compress_string_hugeint(#1)",
                  "#2"
                ],
                "Estimated Cardinality": "154231"
              },
              "operator_type": "PROJECTION",
              "cpu_time": 16.94743499999625,
              "children": [
                {
                  "result_set_size": 1190,
                  "operator_timing": 0.000004,
                  "operator_rows_scanned": 0,
                  "cumulative_rows_scanned": 2418155136,
                  "operator_cardinality": 35,
                  "cumulative_cardinality": 809562916,
                  "extra_info": {
                    "Projections": [
                      "__internal_decompress_integral_smallint(#0, 1992)",
                      "__internal_decompress_string(#1)",
                      "#2"
                    ],
                    "Estimated Cardinality": "154231"
                  },
                  "operator_type": "PROJECTION",
                  "cpu_time": 16.94743099999625,
                  "children": [
                    {
                      "result_set_size": 1155,
                      "operator_timing": 0.10585800000000078,
                      "operator_rows_scanned": 0,
                      "cumulative_rows_scanned": 2418155136,
                      "operator_cardinality": 35,
                      "cumulative_cardinality": 809562881,
                      "extra_info": {
                        "Groups": [
                          "#0",
                          "#1"
                        ],
                        "Aggregates": "sum(#2)",
                        "Estimated Cardinality": "154231"
                      },
                      "operator_type": "HASH_GROUP_BY",
                      "cpu_time": 16.94742699999625,
                      "children": [
                        {
                          "result_set_size": 201608253,
                          "operator_timing": 0.006752999999999965,
                          "operator_rows_scanned": 0,
                          "cumulative_rows_scanned": 2418155136,
                          "operator_cardinality": 9600393,
                          "cumulative_cardinality": 809562846,
                          "extra_info": {
                            "Projections": [
                              "d_year",
                              "c_nation",
                              "(lo_revenue - lo_supplycost)"
                            ],
                            "Estimated Cardinality": "7851106"
                          },
                          "operator_type": "PROJECTION",
                          "cpu_time": 16.841568999996248,
                          "children": [
                            {
                              "result_set_size": 547222401,
                              "operator_timing": 0.06756300000000078,
                              "operator_rows_scanned": 0,
                              "cumulative_rows_scanned": 2418155136,
                              "operator_cardinality": 9600393,
                              "cumulative_cardinality": 799962453,
                              "extra_info": {
                                "Projections": [
                                  "#0",
                                  "#1",
                                  "#2",
                                  "#3",
                                  "#4",
                                  "#5",
                                  "#6",
                                  "#7",
                                  "#8",
                                  "__internal_compress_string_hugeint(#9)",
                                  "#10",
                                  "__internal_compress_integral_utinyint(#11, 1992)"
                                ],
                                "Estimated Cardinality": "7851106"
                              },
                              "operator_type": "PROJECTION",
                              "cpu_time": 16.83481599999625,
                              "children": [
                                {
                                  "result_set_size": 556822794,
                                  "operator_timing": 0.016532,
                                  "operator_rows_scanned": 0,
                                  "cumulative_rows_scanned": 2418155136,
                                  "operator_cardinality": 9600393,
                                  "cumulative_cardinality": 790362060,
                                  "extra_info": {
                                    "Join Type": "INNER",
                                    "Conditions": "lo_orderdate = d_datekey",
                                    "Build Min": "1992-01-01",
                                    "Build Max": "1998-12-30",
                                    "Estimated Cardinality": "7851106"
                                  },
                                  "operator_type": "HASH_JOIN",
                                  "cpu_time": 16.76725299999625,
                                  "children": [
                                    {
                                      "result_set_size": 499220436,
                                      "operator_timing": 4.583081999996744,
                                      "operator_rows_scanned": 0,
                                      "cumulative_rows_scanned": 2418152580,
                                      "operator_cardinality": 9600393,
                                      "cumulative_cardinality": 780759111,
                                      "extra_info": {
                                        "Join Type": "INNER",
                                        "Conditions": "lo_custkey = c_custkey",
                                        "Estimated Cardinality": "7129271"
                                      },
                                      "operator_type": "HASH_JOIN",
                                      "cpu_time": 16.750714999996248,
                                      "children": [
                                        {
                                          "result_set_size": 1539313760,
                                          "operator_timing": 1.2822790000001096,
                                          "operator_rows_scanned": 0,
                                          "cumulative_rows_scanned": 2406152580,
                                          "operator_cardinality": 48103555,
                                          "cumulative_cardinality": 769959340,
                                          "extra_info": {
                                            "Join Type": "INNER",
                                            "Conditions": "lo_partkey = p_partkey",
                                            "Build Min": "1",
                                            "Build Max": "1000000",
                                            "Estimated Cardinality": "28974950"
                                          },
                                          "operator_type": "HASH_JOIN",
                                          "cpu_time": 12.155459999999504,
                                          "children": [
                                            {
                                              "result_set_size": 3370834208,
                                              "operator_timing": 2.5828199999983315,
                                              "operator_rows_scanned": 0,
                                              "cumulative_rows_scanned": 2400552580,
                                              "operator_cardinality": 120386936,
                                              "cumulative_cardinality": 720456188,
                                              "extra_info": {
                                                "Join Type": "INNER",
                                                "Conditions": "lo_suppkey = s_suppkey",
                                                "Build Min": "1",
                                                "Build Max": "200000",
                                                "Estimated Cardinality": "128755261"
                                              },
                                              "operator_type": "HASH_JOIN",
                                              "cpu_time": 10.864571999999395,
                                              "children": [
                                                {
                                                  "result_set_size": 14400699048,
                                                  "operator_timing": 8.281141000001064,
                                                  "operator_rows_scanned": 2400152580,
                                                  "cumulative_rows_scanned": 2400152580,
                                                  "operator_cardinality": 600029127,
                                                  "cumulative_cardinality": 600029127,
                                                  "extra_info": {
                                                    "Text": "lineorder",
                                                    "Projections": [
                                                      "lo_custkey",
                                                      "lo_suppkey",
                                                      "lo_partkey",
                                                      "lo_orderdate",
                                                      "lo_revenue",
                                                      "lo_supplycost"
                                                    ],
                                                    "Estimated Cardinality": "600038145"
                                                  },
                                                  "operator_type": "TABLE_SCAN",
                                                  "cpu_time": 8.281141000001064,
                                                  "children": []
                                                },
                                                {
                                                  "result_set_size": 160500,
                                                  "operator_timing": 0.0006110000000000001,
                                                  "operator_rows_scanned": 400000,
                                                  "cumulative_rows_scanned": 400000,
                                                  "operator_cardinality": 40125,
                                                  "cumulative_cardinality": 40125,
                                                  "extra_info": {
                                                    "Text": "supplier",
                                                    "Projections": "s_suppkey",
                                                    "Filters": "s_region='AMERICA' AND s_region IS NOT NULL",
                                                    "Estimated Cardinality": "40000"
                                                  },
                                                  "operator_type": "TABLE_SCAN",
                                                  "cpu_time": 0.0006110000000000001,
                                                  "children": []
                                                }
                                              ]
                                            },
                                            {
                                              "result_set_size": 7991940,
                                              "operator_timing": 0.00778299999999999,
                                              "operator_rows_scanned": 0,
                                              "cumulative_rows_scanned": 5600000,
                                              "operator_cardinality": 399597,
                                              "cumulative_cardinality": 1399597,
                                              "extra_info": {
                                                "Expression": "((p_mfgr = 'MFGR#1') OR (p_mfgr = 'MFGR#2'))",
                                                "Estimated Cardinality": "1400000"
                                              },
                                              "operator_type": "FILTER",
                                              "cpu_time": 0.008608999999999988,
                                              "children": [
                                                {
                                                  "result_set_size": 20000000,
                                                  "operator_timing": 0.000825999999999999,
                                                  "operator_rows_scanned": 5600000,
                                                  "cumulative_rows_scanned": 5600000,
                                                  "operator_cardinality": 1000000,
                                                  "cumulative_cardinality": 1000000,
                                                  "extra_info": {
                                                    "Text": "part",
                                                    "Projections": [
                                                      "p_partkey",
                                                      "p_mfgr"
                                                    ],
                                                    "Filters": "p_partkey<=1000000 AND p_partkey IS NOT NULL",
                                                    "Estimated Cardinality": "1400000"
                                                  },
                                                  "operator_type": "TABLE_SCAN",
                                                  "cpu_time": 0.000825999999999999,
                                                  "children": []
                                                }
                                              ]
                                            }
                                          ]
                                        },
                                        {
                                          "result_set_size": 11993780,
                                          "operator_timing": 0.0010230000000000026,
                                          "operator_rows_scanned": 0,
                                          "cumulative_rows_scanned": 12000000,
                                          "operator_cardinality": 599689,
                                          "cumulative_cardinality": 1199378,
                                          "extra_info": {
                                            "Expression": "(c_custkey <= 2999999)",
                                            "Estimated Cardinality": "600000"
                                          },
                                          "operator_type": "FILTER",
                                          "cpu_time": 0.012173000000000052,
                                          "children": [
                                            {
                                              "result_set_size": 11993780,
                                              "operator_timing": 0.011150000000000049,
                                              "operator_rows_scanned": 12000000,
                                              "cumulative_rows_scanned": 12000000,
                                              "operator_cardinality": 599689,
                                              "cumulative_cardinality": 599689,
                                              "extra_info": {
                                                "Text": "customer",
                                                "Projections": [
                                                  "c_custkey",
                                                  "c_nation"
                                                ],
                                                "Filters": "c_region='AMERICA' AND c_region IS NOT NULL",
                                                "Estimated Cardinality": "600000"
                                              },
                                              "operator_type": "TABLE_SCAN",
                                              "cpu_time": 0.011150000000000049,
                                              "children": []
                                            }
                                          ]
                                        }
                                      ]
                                    },
                                    {
                                      "result_set_size": 15336,
                                      "operator_timing": 0.000006,
                                      "operator_rows_scanned": 2556,
                                      "cumulative_rows_scanned": 2556,
                                      "operator_cardinality": 2556,
                                      "cumulative_cardinality": 2556,
                                      "extra_info": {
                                        "Text": "date",
                                        "Projections": [
                                          "d_datekey",
                                          "d_year"
                                        ],
                                        "Estimated Cardinality": "2556"
                                      },
                                      "operator_type": "TABLE_SCAN",
                                      "cpu_time": 0.000006,
                                      "children": []
                                    }
                                  ]
                                }
                              ]
                            }
                          ]
                        }
                      ]
                    }
                  ]
                }
              ]
            }
          ]
        }
      ]
    }
  ]
}
{
  "benchmark_name": "SSBQ4v1S100T4",
  "scale_factor": "100",
  "thread_count": "4",
  "all_optimizers": 0.000339,
  "cumulative_optimizer_timing": 0.000338,
  "planner": 0.00015099999999999998,
  "planner_binding": 0.000149,
  "physical_planner": 0.000032000000000000005,
  "physical_planner_column_binding": 0.000009,
  "physical_planner_resolve_types": 0.000001,
  "physical_planner_create_plan": 0.000018,
  "optimizer_expression_rewriter": 0.000033,
  "optimizer_filter_pullup": 0.000004,
  "optimizer_filter_pushdown": 0.000038,
  "optimizer_cte_filter_pusher": 0.000001,
  "optimizer_regex_range": 0.0,
  "optimizer_in_clause": 0.000001,
  "optimizer_join_order": 0.00012,
  "optimizer_deliminator": 0.0,
  "optimizer_unnest_rewriter": 0.000001,
  "optimizer_unused_columns": 0.00001,
  "optimizer_statistics_propagation": 0.000085,
  "optimizer_limit_pushdown": 0.0,
  "optimizer_top_n": 0.0,
  "optimizer_compressed_materialization": 0.0,
  "optimizer_duplicate_groups": 0.000003,
  "optimizer_reorder_filter": 0.000003,
  "optimizer_join_filter_pushdown": 0.000009,
  "optimizer_extension": 0.0,
  "optimizer_materialized_cte": 0.0,
  "optimizer_build_side_probe_side": 0.000011,
  "result_set_size": 1190,
  "optimizer_column_lifetime": 0.000014999999999999999,
  "operator_timing": 2.749147,
  "optimizer_common_aggregate": 0.000002,
  "operator_rows_scanned": 0,
  "optimizer_common_subexpressions": 0.000002,
  "cumulative_rows_scanned": 2418155136,
  "operator_cardinality": 0,
  "cumulative_cardinality": 809563021,
  "extra_info": {},
  "cpu_time": 13.148277000000778,
  "blocked_thread_time": 0.0,
  "query_name": "SELECT d_year, c_nation, SUM(lo_revenue - lo_supplycost) AS profit FROM date, customer, supplier, part, lineorder WHERE lo_custkey = c_custkey AND lo_suppkey = s_suppkey AND lo_partkey = p_partkey AND lo_orderdate = d_datekey AND c_region = 'AMERICA' AND s_region = 'AMERICA' AND (p_mfgr = 'MFGR#1' OR p_mfgr = 'MFGR#2') GROUP BY d_year, c_nation ORDER BY d_year, c_nation;",
  "children": [
    {
      "result_set_size": 1190,
      "operator_timing": 0.000004,
      "operator_rows_scanned": 0,
      "cumulative_rows_scanned": 2418155136,
      "operator_cardinality": 35,
      "cumulative_cardinality": 809563021,
      "extra_info": {
        "Projections": [
          "__internal_decompress_integral_smallint(#0, 1992)",
          "__internal_decompress_string(#1)",
          "#2"
        ],
        "Estimated Cardinality": "154231"
      },
      "operator_type": "PROJECTION",
      "cpu_time": 10.39913000000078,
      "children": [
        {
          "result_set_size": 1155,
          "operator_timing": 0.00019999999999999996,
          "operator_rows_scanned": 0,
          "cumulative_rows_scanned": 2418155136,
          "operator_cardinality": 35,
          "cumulative_cardinality": 809562986,
          "extra_info": {
            "Order By": [
              "date.d_year ASC",
              "customer.c_nation ASC"
            ]
          },
          "operator_type": "ORDER_BY",
          "cpu_time": 10.399126000000779,
          "children": [
            {
              "result_set_size": 1155,
              "operator_timing": 0.000003,
              "operator_rows_scanned": 0,
              "cumulative_rows_scanned": 2418155136,
              "operator_cardinality": 35,
              "cumulative_cardinality": 809562951,
              "extra_info": {
                "Projections": [
                  "__internal_compress_integral_utinyint(#0, 1992)",
                  "__internal_compress_string_hugeint(#1)",
                  "#2"
                ],
                "Estimated Cardinality": "154231"
              },
              "operator_type": "PROJECTION",
              "cpu_time": 10.39892600000078,
              "children": [
                {
                  "result_set_size": 1190,
                  "operator_timing": 0.000004,
                  "operator_rows_scanned": 0,
                  "cumulative_rows_scanned": 2418155136,
                  "operator_cardinality": 35,
                  "cumulative_cardinality": 809562916,
                  "extra_info": {
                    "Projections": [
                      "__internal_decompress_integral_smallint(#0, 1992)",
                      "__internal_decompress_string(#1)",
                      "#2"
                    ],
                    "Estimated Cardinality": "154231"
                  },
                  "operator_type": "PROJECTION",
                  "cpu_time": 10.39892300000078,
                  "children": [
                    {
                      "result_set_size": 1155,
                      "operator_timing": 0.08753899999999988,
                      "operator_rows_scanned": 0,
                      "cumulative_rows_scanned": 2418155136,
                      "operator_cardinality": 35,
                      "cumulative_cardinality": 809562881,
                      "extra_info": {
                        "Groups": [
                          "#0",
                          "#1"
                        ],
                        "Aggregates": "sum(#2)",
                        "Estimated Cardinality": "154231"
                      },
                      "operator_type": "HASH_GROUP_BY",
                      "cpu_time": 10.39891900000078,
                      "children": [
                        {
                          "result_set_size": 201608253,
                          "operator_timing": 0.005846999999999973,
                          "operator_rows_scanned": 0,
                          "cumulative_rows_scanned": 2418155136,
                          "operator_cardinality": 9600393,
                          "cumulative_cardinality": 809562846,
                          "extra_info": {
                            "Projections": [
                              "d_year",
                              "c_nation",
                              "(lo_revenue - lo_supplycost)"
                            ],
                            "Estimated Cardinality": "7851106"
                          },
                          "operator_type": "PROJECTION",
                          "cpu_time": 10.31138000000078,
                          "children": [
                            {
                              "result_set_size": 547222401,
                              "operator_timing": 0.060975000000000425,
                              "operator_rows_scanned": 0,
                              "cumulative_rows_scanned": 2418155136,
                              "operator_cardinality": 9600393,
                              "cumulative_cardinality": 799962453,
                              "extra_info": {
                                "Projections": [
                                  "#0",
                                  "#1",
                                  "#2",
                                  "#3",
                                  "#4",
                                  "#5",
                                  "#6",
                                  "#7",
                                  "#8",
                                  "__internal_compress_string_hugeint(#9)",
                                  "#10",
                                  "__internal_compress_integral_utinyint(#11, 1992)"
                                ],
                                "Estimated Cardinality": "7851106"
                              },
                              "operator_type": "PROJECTION",
                              "cpu_time": 10.30553300000078,
                              "children": [
                                {
                                  "result_set_size": 556822794,
                                  "operator_timing": 0.016569999999999953,
                                  "operator_rows_scanned": 0,
                                  "cumulative_rows_scanned": 2418155136,
                                  "operator_cardinality": 9600393,
                                  "cumulative_cardinality": 790362060,
                                  "extra_info": {
                                    "Join Type": "INNER",
                                    "Conditions": "lo_orderdate = d_datekey",
                                    "Build Min": "1992-01-01",
                                    "Build Max": "1998-12-30",
                                    "Estimated Cardinality": "7851106"
                                  },
                                  "operator_type": "HASH_JOIN",
                                  "cpu_time": 10.24455800000078,
                                  "children": [
                                    {
                                      "result_set_size": 499220436,
                                      "operator_timing": 1.9078989999992002,
                                      "operator_rows_scanned": 0,
                                      "cumulative_rows_scanned": 2418152580,
                                      "operator_cardinality": 9600393,
                                      "cumulative_cardinality": 780759111,
                                      "extra_info": {
                                        "Join Type": "INNER",
                                        "Conditions": "lo_custkey = c_custkey",
                                        "Estimated Cardinality": "7129271"
                                      },
                                      "operator_type": "HASH_JOIN",
                                      "cpu_time": 10.22798000000078,
                                      "children": [
                                        {
                                          "result_set_size": 1539313760,
                                          "operator_timing": 1.0832380000004516,
                                          "operator_rows_scanned": 0,
                                          "cumulative_rows_scanned": 2406152580,
                                          "operator_cardinality": 48103555,
                                          "cumulative_cardinality": 769959340,
                                          "extra_info": {
                                            "Join Type": "INNER",
                                            "Conditions": "lo_partkey = p_partkey",
                                            "Build Min": "1",
                                            "Build Max": "1000000",
                                            "Estimated Cardinality": "28974950"
                                          },
                                          "operator_type": "HASH_JOIN",
                                          "cpu_time": 8.306851000001581,
                                          "children": [
                                            {
                                              "result_set_size": 3370834208,
                                              "operator_timing": 2.197814999999033,
                                              "operator_rows_scanned": 0,
                                              "cumulative_rows_scanned": 2400552580,
                                              "operator_cardinality": 120386936,
                                              "cumulative_cardinality": 720456188,
                                              "extra_info": {
                                                "Join Type": "INNER",
                                                "Conditions": "lo_suppkey = s_suppkey",
                                                "Build Min": "1",
                                                "Build Max": "200000",
                                                "Estimated Cardinality": "128755261"
                                              },
                                              "operator_type": "HASH_JOIN",
                                              "cpu_time": 7.21566700000113,
                                              "children": [
                                                {
                                                  "result_set_size": 14400699048,
                                                  "operator_timing": 5.017201000002096,
                                                  "operator_rows_scanned": 2400152580,
                                                  "cumulative_rows_scanned": 2400152580,
                                                  "operator_cardinality": 600029127,
                                                  "cumulative_cardinality": 600029127,
                                                  "extra_info": {
                                                    "Text": "lineorder",
                                                    "Projections": [
                                                      "lo_custkey",
                                                      "lo_suppkey",
                                                      "lo_partkey",
                                                      "lo_orderdate",
                                                      "lo_revenue",
                                                      "lo_supplycost"
                                                    ],
                                                    "Estimated Cardinality": "600038145"
                                                  },
                                                  "operator_type": "TABLE_SCAN",
                                                  "cpu_time": 5.017201000002096,
                                                  "children": []
                                                },
                                                {
                                                  "result_set_size": 160500,
                                                  "operator_timing": 0.0006510000000000001,
                                                  "operator_rows_scanned": 400000,
                                                  "cumulative_rows_scanned": 400000,
                                                  "operator_cardinality": 40125,
                                                  "cumulative_cardinality": 40125,
                                                  "extra_info": {
                                                    "Text": "supplier",
                                                    "Projections": "s_suppkey",
                                                    "Filters": "s_region='AMERICA' AND s_region IS NOT NULL",
                                                    "Estimated Cardinality": "40000"
                                                  },
                                                  "operator_type": "TABLE_SCAN",
                                                  "cpu_time": 0.0006510000000000001,
                                                  "children": []
                                                }
                                              ]
                                            },
                                            {
                                              "result_set_size": 7991940,
                                              "operator_timing": 0.007103999999999997,
                                              "operator_rows_scanned": 0,
                                              "cumulative_rows_scanned": 5600000,
                                              "operator_cardinality": 399597,
                                              "cumulative_cardinality": 1399597,
                                              "extra_info": {
                                                "Expression": "((p_mfgr = 'MFGR#1') OR (p_mfgr = 'MFGR#2'))",
                                                "Estimated Cardinality": "1400000"
                                              },
                                              "operator_type": "FILTER",
                                              "cpu_time": 0.007945999999999995,
                                              "children": [
                                                {
                                                  "result_set_size": 20000000,
                                                  "operator_timing": 0.0008419999999999987,
                                                  "operator_rows_scanned": 5600000,
                                                  "cumulative_rows_scanned": 5600000,
                                                  "operator_cardinality": 1000000,
                                                  "cumulative_cardinality": 1000000,
                                                  "extra_info": {
                                                    "Text": "part",
                                                    "Projections": [
                                                      "p_partkey",
                                                      "p_mfgr"
                                                    ],
                                                    "Filters": "p_partkey<=1000000 AND p_partkey IS NOT NULL",
                                                    "Estimated Cardinality": "1400000"
                                                  },
                                                  "operator_type": "TABLE_SCAN",
                                                  "cpu_time": 0.0008419999999999987,
                                                  "children": []
                                                }
                                              ]
                                            }
                                          ]
                                        },
                                        {
                                          "result_set_size": 11993780,
                                          "operator_timing": 0.0012160000000000033,
                                          "operator_rows_scanned": 0,
                                          "cumulative_rows_scanned": 12000000,
                                          "operator_cardinality": 599689,
                                          "cumulative_cardinality": 1199378,
                                          "extra_info": {
                                            "Expression": "(c_custkey <= 2999999)",
                                            "Estimated Cardinality": "600000"
                                          },
                                          "operator_type": "FILTER",
                                          "cpu_time": 0.013230000000000047,
                                          "children": [
                                            {
                                              "result_set_size": 11993780,
                                              "operator_timing": 0.012014000000000044,
                                              "operator_rows_scanned": 12000000,
                                              "cumulative_rows_scanned": 12000000,
                                              "operator_cardinality": 599689,
                                              "cumulative_cardinality": 599689,
                                              "extra_info": {
                                                "Text": "customer",
                                                "Projections": [
                                                  "c_custkey",
                                                  "c_nation"
                                                ],
                                                "Filters": "c_region='AMERICA' AND c_region IS NOT NULL",
                                                "Estimated Cardinality": "600000"
                                              },
                                              "operator_type": "TABLE_SCAN",
                                              "cpu_time": 0.012014000000000044,
                                              "children": []
                                            }
                                          ]
                                        }
                                      ]
                                    },
                                    {
                                      "result_set_size": 15336,
                                      "operator_timing": 0.000008,
                                      "operator_rows_scanned": 2556,
                                      "cumulative_rows_scanned": 2556,
                                      "operator_cardinality": 2556,
                                      "cumulative_cardinality": 2556,
                                      "extra_info": {
                                        "Text": "date",
                                        "Projections": [
                                          "d_datekey",
                                          "d_year"
                                        ],
                                        "Estimated Cardinality": "2556"
                                      },
                                      "operator_type": "TABLE_SCAN",
                                      "cpu_time": 0.000008,
                                      "children": []
                                    }
                                  ]
                                }
                              ]
                            }
                          ]
                        }
                      ]
                    }
                  ]
                }
              ]
            }
          ]
        }
      ]
    }
  ]
}
