[
{ "benchmark_name": "SSBQ4v1S100T1", "scale_factor": "100", "thread_count": "1", "all_optimizers": 0.000322, "cumulative_optimizer_timing": 0.000321, "planner": 0.000144, "planner_binding": 0.000141, "physical_planner": 0.00003, "physical_planner_column_binding": 0.000006, "physical_planner_resolve_types": 0.000001, "physical_planner_create_plan": 0.000019, "optimizer_expression_rewriter": 0.000033, "optimizer_filter_pullup": 0.000002, "optimizer_filter_pushdown": 0.000041, "optimizer_cte_filter_pusher": 0.000001, "optimizer_regex_range": 0.000001, "optimizer_in_clause": 0.000001, "optimizer_join_order": 0.000116, "optimizer_deliminator": 0.0, "optimizer_unnest_rewriter": 0.0, "optimizer_unused_columns": 0.000007, "optimizer_statistics_propagation": 0.000077, "optimizer_limit_pushdown": 0.0, "optimizer_top_n": 0.000001, "optimizer_compressed_materialization": 0.0, "optimizer_duplicate_groups": 0.000003, "optimizer_reorder_filter": 0.000003, "optimizer_join_filter_pushdown": 0.000008, "optimizer_extension": 0.0, "optimizer_materialized_cte": 0.0, "optimizer_build_side_probe_side": 0.000008, "result_set_size": 1190, "optimizer_column_lifetime": 0.000014999999999999999, "operator_timing": 11.102733, "optimizer_common_aggregate": 0.000002, "operator_rows_scanned": 0, "optimizer_common_subexpressions": 0.000002, "cumulative_rows_scanned": 604640701, "operator_cardinality": 0, "cumulative_cardinality": 809563021, "extra_info": {}, "cpu_time": 21.879543999995803, "blocked_thread_time": 0.0, "query_name": "SELECT d_year, c_nation, SUM(lo_revenue - lo_supplycost) AS profit FROM date, customer, supplier, part, lineorder WHERE lo_custkey = c_custkey AND lo_suppkey = s_suppkey AND lo_partkey = p_partkey AND lo_orderdate = d_datekey AND c_region = 'AMERICA' AND s_region = 'AMERICA' AND (p_mfgr = 'MFGR#1' OR p_mfgr = 'MFGR#2') GROUP BY d_year, c_nation ORDER BY d_year, c_nation;", "children": [ { "result_set_size": 1190, "operator_timing": 0.0, "operator_rows_scanned": 0, "cumulative_rows_scanned": 604640701, "operator_cardinality": 35, "cumulative_cardinality": 809563021, "extra_info": { "Projections": [ "__internal_decompress_integral_smallint(#0, 1992)", "__internal_decompress_string(#1)", "#2" ], "Estimated Cardinality": "154231" }, "operator_type": "PROJECTION", "cpu_time": 10.776810999995805, "children": [ { "result_set_size": 1155, "operator_timing": 0.000024999999999999998, "operator_rows_scanned": 0, "cumulative_rows_scanned": 604640701, "operator_cardinality": 35, "cumulative_cardinality": 809562986, "extra_info": { "Order By": [ "date.d_year ASC", "customer.c_nation ASC" ] }, "operator_type": "ORDER_BY", "cpu_time": 10.776810999995805, "children": [ { "result_set_size": 1155, "operator_timing": 0.0, "operator_rows_scanned": 0, "cumulative_rows_scanned": 604640701, "operator_cardinality": 35, "cumulative_cardinality": 809562951, "extra_info": { "Projections": [ "__internal_compress_integral_utinyint(#0, 1992)", "__internal_compress_string_hugeint(#1)", "#2" ], "Estimated Cardinality": "154231" }, "operator_type": "PROJECTION", "cpu_time": 10.776785999995804, "children": [ { "result_set_size": 1190, "operator_timing": 0.000002, "operator_rows_scanned": 0, "cumulative_rows_scanned": 604640701, "operator_cardinality": 35, "cumulative_cardinality": 809562916, "extra_info": { "Projections": [ "__internal_decompress_integral_smallint(#0, 1992)", "__internal_decompress_string(#1)", "#2" ], "Estimated Cardinality": "154231" }, "operator_type": "PROJECTION", "cpu_time": 10.776785999995804, "children": [ { "result_set_size": 1155, "operator_timing": 0.07666200000000369, "operator_rows_scanned": 0, "cumulative_rows_scanned": 604640701, "operator_cardinality": 35, "cumulative_cardinality": 809562881, "extra_info": { "Groups": [ "#0", "#1" ], "Aggregates": "sum(#2)", "Estimated Cardinality": "154231" }, "operator_type": "HASH_GROUP_BY", "cpu_time": 10.776783999995803, "children": [ { "result_set_size": 201608253, "operator_timing": 0.003468000000000127, "operator_rows_scanned": 0, "cumulative_rows_scanned": 604640701, "operator_cardinality": 9600393, "cumulative_cardinality": 809562846, "extra_info": { "Projections": [ "d_year", "c_nation", "(lo_revenue - lo_supplycost)" ], "Estimated Cardinality": "7851106" }, "operator_type": "PROJECTION", "cpu_time": 10.7001219999958, "children": [ { "result_set_size": 547222401, "operator_timing": 0.053998999999997584, "operator_rows_scanned": 0, "cumulative_rows_scanned": 604640701, "operator_cardinality": 9600393, "cumulative_cardinality": 799962453, "extra_info": { "Projections": [ "#0", "#1", "#2", "#3", "#4", "#5", "#6", "#7", "#8", "__internal_compress_string_hugeint(#9)", "#10", "__internal_compress_integral_utinyint(#11, 1992)" ], "Estimated Cardinality": "7851106" }, "operator_type": "PROJECTION", "cpu_time": 10.6966539999958, "children": [ { "result_set_size": 556822794, "operator_timing": 0.012011000000000393, "operator_rows_scanned": 0, "cumulative_rows_scanned": 604640701, "operator_cardinality": 9600393, "cumulative_cardinality": 790362060, "extra_info": { "Join Type": "INNER", "Conditions": "lo_orderdate = d_datekey", "Build Min": "1992-01-01", "Build Max": "1998-12-30", "Estimated Cardinality": "7851106" }, "operator_type": "HASH_JOIN", "cpu_time": 10.642654999995802, "children": [ { "result_set_size": 499220436, "operator_timing": 1.7153189999997418, "operator_rows_scanned": 0, "cumulative_rows_scanned": 604638145, "operator_cardinality": 9600393, "cumulative_cardinality": 780759111, "extra_info": { "Join Type": "INNER", "Conditions": "lo_custkey = c_custkey", "Estimated Cardinality": "7129271" }, "operator_type": "HASH_JOIN", "cpu_time": 10.630638999995801, "children": [ { "result_set_size": 1539313760, "operator_timing": 0.8944169999949565, "operator_rows_scanned": 0, "cumulative_rows_scanned": 601638145, "operator_cardinality": 48103555, "cumulative_cardinality": 769959340, "extra_info": { "Join Type": "INNER", "Conditions": "lo_partkey = p_partkey", "Build Min": "1", "Build Max": "1000000", "Estimated Cardinality": "28974950" }, "operator_type": "HASH_JOIN", "cpu_time": 8.90361399999606, "children": [ { "result_set_size": 3370834208, "operator_timing": 1.9232660000012185, "operator_rows_scanned": 0, "cumulative_rows_scanned": 600238145, "operator_cardinality": 120386936, "cumulative_cardinality": 720456188, "extra_info": { "Join Type": "INNER", "Conditions": "lo_suppkey = s_suppkey", "Build Min": "1", "Build Max": "200000", "Estimated Cardinality": "128755261" }, "operator_type": "HASH_JOIN", "cpu_time": 8.001658000001104, "children": [ { "result_set_size": 14400699048, "operator_timing": 6.077789999999885, "operator_rows_scanned": 600038145, "cumulative_rows_scanned": 600038145, "operator_cardinality": 600029127, "cumulative_cardinality": 600029127, "extra_info": { "Text": "lineorder", "Projections": [ "lo_custkey", "lo_suppkey", "lo_partkey", "lo_orderdate", "lo_revenue", "lo_supplycost" ], "Estimated Cardinality": "600038145" }, "operator_type": "TABLE_SCAN", "cpu_time": 6.077789999999885, "children": [] }, { "result_set_size": 160500, "operator_timing": 0.0006020000000000004, "operator_rows_scanned": 200000, "cumulative_rows_scanned": 200000, "operator_cardinality": 40125, "cumulative_cardinality": 40125, "extra_info": { "Text": "supplier", "Projections": "s_suppkey", "Filters": "s_region='AMERICA' AND s_region IS NOT NULL", "Estimated Cardinality": "40000" }, "operator_type": "TABLE_SCAN", "cpu_time": 0.0006020000000000004, "children": [] } ] }, { "result_set_size": 7991940, "operator_timing": 0.006805000000000018, "operator_rows_scanned": 0, "cumulative_rows_scanned": 1400000, "operator_cardinality": 399597, "cumulative_cardinality": 1399597, "extra_info": { "Expression": "((p_mfgr = 'MFGR#1') OR (p_mfgr = 'MFGR#2'))", "Estimated Cardinality": "1400000" }, "operator_type": "FILTER", "cpu_time": 0.007539000000000024, "children": [ { "result_set_size": 20000000, "operator_timing": 0.0007340000000000067, "operator_rows_scanned": 1400000, "cumulative_rows_scanned": 1400000, "operator_cardinality": 1000000, "cumulative_cardinality": 1000000, "extra_info": { "Text": "part", "Projections": [ "p_partkey", "p_mfgr" ], "Filters": "p_partkey<=1000000 AND p_partkey IS NOT NULL", "Estimated Cardinality": "1400000" }, "operator_type": "TABLE_SCAN", "cpu_time": 0.0007340000000000067, "children": [] } ] } ] }, { "result_set_size": 11993780, "operator_timing": 0.0009260000000000159, "operator_rows_scanned": 0, "cumulative_rows_scanned": 3000000, "operator_cardinality": 599689, "cumulative_cardinality": 1199378, "extra_info": { "Expression": "(c_custkey <= 2999999)", "Estimated Cardinality": "600000" }, "operator_type": "FILTER", "cpu_time": 0.011706000000000168, "children": [ { "result_set_size": 11993780, "operator_timing": 0.010780000000000152, "operator_rows_scanned": 3000000, "cumulative_rows_scanned": 3000000, "operator_cardinality": 599689, "cumulative_cardinality": 599689, "extra_info": { "Text": "customer", "Projections": [ "c_custkey", "c_nation" ], "Filters": "c_region='AMERICA' AND c_region IS NOT NULL", "Estimated Cardinality": "600000" }, "operator_type": "TABLE_SCAN", "cpu_time": 0.010780000000000152, "children": [] } ] } ] }, { "result_set_size": 15336, "operator_timing": 0.0000049999999999999996, "operator_rows_scanned": 2556, "cumulative_rows_scanned": 2556, "operator_cardinality": 2556, "cumulative_cardinality": 2556, "extra_info": { "Text": "date", "Projections": [ "d_datekey", "d_year" ], "Estimated Cardinality": "2556" }, "operator_type": "TABLE_SCAN", "cpu_time": 0.0000049999999999999996, "children": [] } ] } ] } ] } ] } ] } ] } ] } ] } ] }, { "benchmark_name": "SSBQ4v1S100T1", "scale_factor": "100", "thread_count": "1", "all_optimizers": 0.00034500000000000004, "cumulative_optimizer_timing": 0.00034399999999999996, "planner": 0.00017999999999999998, "planner_binding": 0.000176, "physical_planner": 0.000051, "physical_planner_column_binding": 0.000007, "physical_planner_resolve_types": 0.000001, "physical_planner_create_plan": 0.000038, "optimizer_expression_rewriter": 0.000032, "optimizer_filter_pullup": 0.000002, "optimizer_filter_pushdown": 0.000041, "optimizer_cte_filter_pusher": 0.0, "optimizer_regex_range": 0.0, "optimizer_in_clause": 0.000002, "optimizer_join_order": 0.000119, "optimizer_deliminator": 0.0, "optimizer_unnest_rewriter": 0.0, "optimizer_unused_columns": 0.000006, "optimizer_statistics_propagation": 0.000096, "optimizer_limit_pushdown": 0.000001, "optimizer_top_n": 0.0, "optimizer_compressed_materialization": 0.0, "optimizer_duplicate_groups": 0.000003, "optimizer_reorder_filter": 0.000004, "optimizer_join_filter_pushdown": 0.000013, "optimizer_extension": 0.0, "optimizer_materialized_cte": 0.0, "optimizer_build_side_probe_side": 0.000008, "result_set_size": 1190, "optimizer_column_lifetime": 0.000014, "operator_timing": 9.259771, "optimizer_common_aggregate": 0.000001, "operator_rows_scanned": 0, "optimizer_common_subexpressions": 0.000002, "cumulative_rows_scanned": 604640701, "operator_cardinality": 0, "cumulative_cardinality": 809563021, "extra_info": {}, "cpu_time": 18.198163000000704, "blocked_thread_time": 0.0, "query_name": "SELECT d_year, c_nation, SUM(lo_revenue - lo_supplycost) AS profit FROM date, customer, supplier, part, lineorder WHERE lo_custkey = c_custkey AND lo_suppkey = s_suppkey AND lo_partkey = p_partkey AND lo_orderdate = d_datekey AND c_region = 'AMERICA' AND s_region = 'AMERICA' AND (p_mfgr = 'MFGR#1' OR p_mfgr = 'MFGR#2') GROUP BY d_year, c_nation ORDER BY d_year, c_nation;", "children": [ { "result_set_size": 1190, "operator_timing": 0.000001, "operator_rows_scanned": 0, "cumulative_rows_scanned": 604640701, "operator_cardinality": 35, "cumulative_cardinality": 809563021, "extra_info": { "Projections": [ "__internal_decompress_integral_smallint(#0, 1992)", "__internal_decompress_string(#1)", "#2" ], "Estimated Cardinality": "154231" }, "operator_type": "PROJECTION", "cpu_time": 8.938392000000704, "children": [ { "result_set_size": 1155, "operator_timing": 0.000012, "operator_rows_scanned": 0, "cumulative_rows_scanned": 604640701, "operator_cardinality": 35, "cumulative_cardinality": 809562986, "extra_info": { "Order By": [ "date.d_year ASC", "customer.c_nation ASC" ] }, "operator_type": "ORDER_BY", "cpu_time": 8.938391000000705, "children": [ { "result_set_size": 1155, "operator_timing": 0.000001, "operator_rows_scanned": 0, "cumulative_rows_scanned": 604640701, "operator_cardinality": 35, "cumulative_cardinality": 809562951, "extra_info": { "Projections": [ "__internal_compress_integral_utinyint(#0, 1992)", "__internal_compress_string_hugeint(#1)", "#2" ], "Estimated Cardinality": "154231" }, "operator_type": "PROJECTION", "cpu_time": 8.938379000000705, "children": [ { "result_set_size": 1190, "operator_timing": 0.000002, "operator_rows_scanned": 0, "cumulative_rows_scanned": 604640701, "operator_cardinality": 35, "cumulative_cardinality": 809562916, "extra_info": { "Projections": [ "__internal_decompress_integral_smallint(#0, 1992)", "__internal_decompress_string(#1)", "#2" ], "Estimated Cardinality": "154231" }, "operator_type": "PROJECTION", "cpu_time": 8.938378000000705, "children": [ { "result_set_size": 1155, "operator_timing": 0.07503100000000357, "operator_rows_scanned": 0, "cumulative_rows_scanned": 604640701, "operator_cardinality": 35, "cumulative_cardinality": 809562881, "extra_info": { "Groups": [ "#0", "#1" ], "Aggregates": "sum(#2)", "Estimated Cardinality": "154231" }, "operator_type": "HASH_GROUP_BY", "cpu_time": 8.938376000000705, "children": [ { "result_set_size": 201608253, "operator_timing": 0.0033780000000001153, "operator_rows_scanned": 0, "cumulative_rows_scanned": 604640701, "operator_cardinality": 9600393, "cumulative_cardinality": 809562846, "extra_info": { "Projections": [ "d_year", "c_nation", "(lo_revenue - lo_supplycost)" ], "Estimated Cardinality": "7851106" }, "operator_type": "PROJECTION", "cpu_time": 8.863345000000702, "children": [ { "result_set_size": 547222401, "operator_timing": 0.052788999999998365, "operator_rows_scanned": 0, "cumulative_rows_scanned": 604640701, "operator_cardinality": 9600393, "cumulative_cardinality": 799962453, "extra_info": { "Projections": [ "#0", "#1", "#2", "#3", "#4", "#5", "#6", "#7", "#8", "__internal_compress_string_hugeint(#9)", "#10", "__internal_compress_integral_utinyint(#11, 1992)" ], "Estimated Cardinality": "7851106" }, "operator_type": "PROJECTION", "cpu_time": 8.859967000000703, "children": [ { "result_set_size": 556822794, "operator_timing": 0.011575000000000474, "operator_rows_scanned": 0, "cumulative_rows_scanned": 604640701, "operator_cardinality": 9600393, "cumulative_cardinality": 790362060, "extra_info": { "Join Type": "INNER", "Conditions": "lo_orderdate = d_datekey", "Build Min": "1992-01-01", "Build Max": "1998-12-30", "Estimated Cardinality": "7851106" }, "operator_type": "HASH_JOIN", "cpu_time": 8.807178000000704, "children": [ { "result_set_size": 499220436, "operator_timing": 1.6915260000000263, "operator_rows_scanned": 0, "cumulative_rows_scanned": 604638145, "operator_cardinality": 9600393, "cumulative_cardinality": 780759111, "extra_info": { "Join Type": "INNER", "Conditions": "lo_custkey = c_custkey", "Estimated Cardinality": "7129271" }, "operator_type": "HASH_JOIN", "cpu_time": 8.795597000000702, "children": [ { "result_set_size": 1539313760, "operator_timing": 0.8551389999950791, "operator_rows_scanned": 0, "cumulative_rows_scanned": 601638145, "operator_cardinality": 48103555, "cumulative_cardinality": 769959340, "extra_info": { "Join Type": "INNER", "Conditions": "lo_partkey = p_partkey", "Build Min": "1", "Build Max": "1000000", "Estimated Cardinality": "28974950" }, "operator_type": "HASH_JOIN", "cpu_time": 7.093058000000675, "children": [ { "result_set_size": 3370834208, "operator_timing": 1.9176010000010022, "operator_rows_scanned": 0, "cumulative_rows_scanned": 600238145, "operator_cardinality": 120386936, "cumulative_cardinality": 720456188, "extra_info": { "Join Type": "INNER", "Conditions": "lo_suppkey = s_suppkey", "Build Min": "1", "Build Max": "200000", "Estimated Cardinality": "128755261" }, "operator_type": "HASH_JOIN", "cpu_time": 6.230376000005596, "children": [ { "result_set_size": 14400699048, "operator_timing": 4.3121810000045935, "operator_rows_scanned": 600038145, "cumulative_rows_scanned": 600038145, "operator_cardinality": 600029127, "cumulative_cardinality": 600029127, "extra_info": { "Text": "lineorder", "Projections": [ "lo_custkey", "lo_suppkey", "lo_partkey", "lo_orderdate", "lo_revenue", "lo_supplycost" ], "Estimated Cardinality": "600038145" }, "operator_type": "TABLE_SCAN", "cpu_time": 4.3121810000045935, "children": [] }, { "result_set_size": 160500, "operator_timing": 0.0005940000000000002, "operator_rows_scanned": 200000, "cumulative_rows_scanned": 200000, "operator_cardinality": 40125, "cumulative_cardinality": 40125, "extra_info": { "Text": "supplier", "Projections": "s_suppkey", "Filters": "s_region='AMERICA' AND s_region IS NOT NULL", "Estimated Cardinality": "40000" }, "operator_type": "TABLE_SCAN", "cpu_time": 0.0005940000000000002, "children": [] } ] }, { "result_set_size": 7991940, "operator_timing": 0.006881000000000021, "operator_rows_scanned": 0, "cumulative_rows_scanned": 1400000, "operator_cardinality": 399597, "cumulative_cardinality": 1399597, "extra_info": { "Expression": "((p_mfgr = 'MFGR#1') OR (p_mfgr = 'MFGR#2'))", "Estimated Cardinality": "1400000" }, "operator_type": "FILTER", "cpu_time": 0.007543000000000026, "children": [ { "result_set_size": 20000000, "operator_timing": 0.0006620000000000054, "operator_rows_scanned": 1400000, "cumulative_rows_scanned": 1400000, "operator_cardinality": 1000000, "cumulative_cardinality": 1000000, "extra_info": { "Text": "part", "Projections": [ "p_partkey", "p_mfgr" ], "Filters": "p_partkey<=1000000 AND p_partkey IS NOT NULL", "Estimated Cardinality": "1400000" }, "operator_type": "TABLE_SCAN", "cpu_time": 0.0006620000000000054, "children": [] } ] } ] }, { "result_set_size": 11993780, "operator_timing": 0.0009370000000000162, "operator_rows_scanned": 0, "cumulative_rows_scanned": 3000000, "operator_cardinality": 599689, "cumulative_cardinality": 1199378, "extra_info": { "Expression": "(c_custkey <= 2999999)", "Estimated Cardinality": "600000" }, "operator_type": "FILTER", "cpu_time": 0.011013000000000139, "children": [ { "result_set_size": 11993780, "operator_timing": 0.010076000000000123, "operator_rows_scanned": 3000000, "cumulative_rows_scanned": 3000000, "operator_cardinality": 599689, "cumulative_cardinality": 599689, "extra_info": { "Text": "customer", "Projections": [ "c_custkey", "c_nation" ], "Filters": "c_region='AMERICA' AND c_region IS NOT NULL", "Estimated Cardinality": "600000" }, "operator_type": "TABLE_SCAN", "cpu_time": 0.010076000000000123, "children": [] } ] } ] }, { "result_set_size": 15336, "operator_timing": 0.000006, "operator_rows_scanned": 2556, "cumulative_rows_scanned": 2556, "operator_cardinality": 2556, "cumulative_cardinality": 2556, "extra_info": { "Text": "date", "Projections": [ "d_datekey", "d_year" ], "Estimated Cardinality": "2556" }, "operator_type": "TABLE_SCAN", "cpu_time": 0.000006, "children": [] } ] } ] } ] } ] } ] } ] } ] } ] } ] }, { "benchmark_name": "SSBQ4v1S100T1", "scale_factor": "100", "thread_count": "1", "all_optimizers": 0.00037900000000000005, "cumulative_optimizer_timing": 0.000378, "planner": 0.000149, "planner_binding": 0.000146, "physical_planner": 0.000033, "physical_planner_column_binding": 0.000007, "physical_planner_resolve_types": 0.000001, "physical_planner_create_plan": 0.00002, "optimizer_expression_rewriter": 0.000038, "optimizer_filter_pullup": 0.000001, "optimizer_filter_pushdown": 0.000038, "optimizer_cte_filter_pusher": 0.0, "optimizer_regex_range": 0.0, "optimizer_in_clause": 0.000001, "optimizer_join_order": 0.000123, "optimizer_deliminator": 0.0, "optimizer_unnest_rewriter": 0.0, "optimizer_unused_columns": 0.000008, "optimizer_statistics_propagation": 0.000123, "optimizer_limit_pushdown": 0.0, "optimizer_top_n": 0.000001, "optimizer_compressed_materialization": 0.0, "optimizer_duplicate_groups": 0.000003, "optimizer_reorder_filter": 0.000004, "optimizer_join_filter_pushdown": 0.000008, "optimizer_extension": 0.0, "optimizer_materialized_cte": 0.0, "optimizer_build_side_probe_side": 0.000009, "result_set_size": 1190, "optimizer_column_lifetime": 0.000016, "operator_timing": 9.26833, "optimizer_common_aggregate": 0.000003, "operator_rows_scanned": 0, "optimizer_common_subexpressions": 0.000002, "cumulative_rows_scanned": 604640701, "operator_cardinality": 0, "cumulative_cardinality": 809563021, "extra_info": {}, "cpu_time": 18.21281500000003, "blocked_thread_time": 0.0, "query_name": "SELECT d_year, c_nation, SUM(lo_revenue - lo_supplycost) AS profit FROM date, customer, supplier, part, lineorder WHERE lo_custkey = c_custkey AND lo_suppkey = s_suppkey AND lo_partkey = p_partkey AND lo_orderdate = d_datekey AND c_region = 'AMERICA' AND s_region = 'AMERICA' AND (p_mfgr = 'MFGR#1' OR p_mfgr = 'MFGR#2') GROUP BY d_year, c_nation ORDER BY d_year, c_nation;", "children": [ { "result_set_size": 1190, "operator_timing": 0.0, "operator_rows_scanned": 0, "cumulative_rows_scanned": 604640701, "operator_cardinality": 35, "cumulative_cardinality": 809563021, "extra_info": { "Projections": [ "__internal_decompress_integral_smallint(#0, 1992)", "__internal_decompress_string(#1)", "#2" ], "Estimated Cardinality": "154231" }, "operator_type": "PROJECTION", "cpu_time": 8.94448500000003, "children": [ { "result_set_size": 1155, "operator_timing": 0.000023000000000000003, "operator_rows_scanned": 0, "cumulative_rows_scanned": 604640701, "operator_cardinality": 35, "cumulative_cardinality": 809562986, "extra_info": { "Order By": [ "date.d_year ASC", "customer.c_nation ASC" ] }, "operator_type": "ORDER_BY", "cpu_time": 8.94448500000003, "children": [ { "result_set_size": 1155, "operator_timing": 0.000001, "operator_rows_scanned": 0, "cumulative_rows_scanned": 604640701, "operator_cardinality": 35, "cumulative_cardinality": 809562951, "extra_info": { "Projections": [ "__internal_compress_integral_utinyint(#0, 1992)", "__internal_compress_string_hugeint(#1)", "#2" ], "Estimated Cardinality": "154231" }, "operator_type": "PROJECTION", "cpu_time": 8.94446200000003, "children": [ { "result_set_size": 1190, "operator_timing": 0.000003, "operator_rows_scanned": 0, "cumulative_rows_scanned": 604640701, "operator_cardinality": 35, "cumulative_cardinality": 809562916, "extra_info": { "Projections": [ "__internal_decompress_integral_smallint(#0, 1992)", "__internal_decompress_string(#1)", "#2" ], "Estimated Cardinality": "154231" }, "operator_type": "PROJECTION", "cpu_time": 8.94446100000003, "children": [ { "result_set_size": 1155, "operator_timing": 0.07540700000000318, "operator_rows_scanned": 0, "cumulative_rows_scanned": 604640701, "operator_cardinality": 35, "cumulative_cardinality": 809562881, "extra_info": { "Groups": [ "#0", "#1" ], "Aggregates": "sum(#2)", "Estimated Cardinality": "154231" }, "operator_type": "HASH_GROUP_BY", "cpu_time": 8.944458000000031, "children": [ { "result_set_size": 201608253, "operator_timing": 0.0034640000000001245, "operator_rows_scanned": 0, "cumulative_rows_scanned": 604640701, "operator_cardinality": 9600393, "cumulative_cardinality": 809562846, "extra_info": { "Projections": [ "d_year", "c_nation", "(lo_revenue - lo_supplycost)" ], "Estimated Cardinality": "7851106" }, "operator_type": "PROJECTION", "cpu_time": 8.869051000000027, "children": [ { "result_set_size": 547222401, "operator_timing": 0.05360299999999806, "operator_rows_scanned": 0, "cumulative_rows_scanned": 604640701, "operator_cardinality": 9600393, "cumulative_cardinality": 799962453, "extra_info": { "Projections": [ "#0", "#1", "#2", "#3", "#4", "#5", "#6", "#7", "#8", "__internal_compress_string_hugeint(#9)", "#10", "__internal_compress_integral_utinyint(#11, 1992)" ], "Estimated Cardinality": "7851106" }, "operator_type": "PROJECTION", "cpu_time": 8.865587000000028, "children": [ { "result_set_size": 556822794, "operator_timing": 0.011536000000000431, "operator_rows_scanned": 0, "cumulative_rows_scanned": 604640701, "operator_cardinality": 9600393, "cumulative_cardinality": 790362060, "extra_info": { "Join Type": "INNER", "Conditions": "lo_orderdate = d_datekey", "Build Min": "1992-01-01", "Build Max": "1998-12-30", "Estimated Cardinality": "7851106" }, "operator_type": "HASH_JOIN", "cpu_time": 8.811984000000031, "children": [ { "result_set_size": 499220436, "operator_timing": 1.7400719999995495, "operator_rows_scanned": 0, "cumulative_rows_scanned": 604638145, "operator_cardinality": 9600393, "cumulative_cardinality": 780759111, "extra_info": { "Join Type": "INNER", "Conditions": "lo_custkey = c_custkey", "Estimated Cardinality": "7129271" }, "operator_type": "HASH_JOIN", "cpu_time": 8.800443000000032, "children": [ { "result_set_size": 1539313760, "operator_timing": 0.875329999994927, "operator_rows_scanned": 0, "cumulative_rows_scanned": 601638145, "operator_cardinality": 48103555, "cumulative_cardinality": 769959340, "extra_info": { "Join Type": "INNER", "Conditions": "lo_partkey = p_partkey", "Build Min": "1", "Build Max": "1000000", "Estimated Cardinality": "28974950" }, "operator_type": "HASH_JOIN", "cpu_time": 7.049408000000481, "children": [ { "result_set_size": 3370834208, "operator_timing": 1.9217920000009117, "operator_rows_scanned": 0, "cumulative_rows_scanned": 600238145, "operator_cardinality": 120386936, "cumulative_cardinality": 720456188, "extra_info": { "Join Type": "INNER", "Conditions": "lo_suppkey = s_suppkey", "Build Min": "1", "Build Max": "200000", "Estimated Cardinality": "128755261" }, "operator_type": "HASH_JOIN", "cpu_time": 6.166596000005554, "children": [ { "result_set_size": 14400699048, "operator_timing": 4.244245000004643, "operator_rows_scanned": 600038145, "cumulative_rows_scanned": 600038145, "operator_cardinality": 600029127, "cumulative_cardinality": 600029127, "extra_info": { "Text": "lineorder", "Projections": [ "lo_custkey", "lo_suppkey", "lo_partkey", "lo_orderdate", "lo_revenue", "lo_supplycost" ], "Estimated Cardinality": "600038145" }, "operator_type": "TABLE_SCAN", "cpu_time": 4.244245000004643, "children": [] }, { "result_set_size": 160500, "operator_timing": 0.0005590000000000005, "operator_rows_scanned": 200000, "cumulative_rows_scanned": 200000, "operator_cardinality": 40125, "cumulative_cardinality": 40125, "extra_info": { "Text": "supplier", "Projections": "s_suppkey", "Filters": "s_region='AMERICA' AND s_region IS NOT NULL", "Estimated Cardinality": "40000" }, "operator_type": "TABLE_SCAN", "cpu_time": 0.0005590000000000005, "children": [] } ] }, { "result_set_size": 7991940, "operator_timing": 0.006864000000000017, "operator_rows_scanned": 0, "cumulative_rows_scanned": 1400000, "operator_cardinality": 399597, "cumulative_cardinality": 1399597, "extra_info": { "Expression": "((p_mfgr = 'MFGR#1') OR (p_mfgr = 'MFGR#2'))", "Estimated Cardinality": "1400000" }, "operator_type": "FILTER", "cpu_time": 0.007482000000000022, "children": [ { "result_set_size": 20000000, "operator_timing": 0.0006180000000000052, "operator_rows_scanned": 1400000, "cumulative_rows_scanned": 1400000, "operator_cardinality": 1000000, "cumulative_cardinality": 1000000, "extra_info": { "Text": "part", "Projections": [ "p_partkey", "p_mfgr" ], "Filters": "p_partkey<=1000000 AND p_partkey IS NOT NULL", "Estimated Cardinality": "1400000" }, "operator_type": "TABLE_SCAN", "cpu_time": 0.0006180000000000052, "children": [] } ] } ] }, { "result_set_size": 11993780, "operator_timing": 0.000955000000000016, "operator_rows_scanned": 0, "cumulative_rows_scanned": 3000000, "operator_cardinality": 599689, "cumulative_cardinality": 1199378, "extra_info": { "Expression": "(c_custkey <= 2999999)", "Estimated Cardinality": "600000" }, "operator_type": "FILTER", "cpu_time": 0.010963000000000094, "children": [ { "result_set_size": 11993780, "operator_timing": 0.010008000000000078, "operator_rows_scanned": 3000000, "cumulative_rows_scanned": 3000000, "operator_cardinality": 599689, "cumulative_cardinality": 599689, "extra_info": { "Text": "customer", "Projections": [ "c_custkey", "c_nation" ], "Filters": "c_region='AMERICA' AND c_region IS NOT NULL", "Estimated Cardinality": "600000" }, "operator_type": "TABLE_SCAN", "cpu_time": 0.010008000000000078, "children": [] } ] } ] }, { "result_set_size": 15336, "operator_timing": 0.0000049999999999999996, "operator_rows_scanned": 2556, "cumulative_rows_scanned": 2556, "operator_cardinality": 2556, "cumulative_cardinality": 2556, "extra_info": { "Text": "date", "Projections": [ "d_datekey", "d_year" ], "Estimated Cardinality": "2556" }, "operator_type": "TABLE_SCAN", "cpu_time": 0.0000049999999999999996, "children": [] } ] } ] } ] } ] } ] } ] } ] } ] } ] }, { "benchmark_name": "SSBQ4v1S100T1", "scale_factor": "100", "thread_count": "1", "all_optimizers": 0.00032999999999999994, "cumulative_optimizer_timing": 0.0003289999999999999, "planner": 0.000124, "planner_binding": 0.000122, "physical_planner": 0.000032000000000000005, "physical_planner_column_binding": 0.000006, "physical_planner_resolve_types": 0.000001, "physical_planner_create_plan": 0.00002, "optimizer_expression_rewriter": 0.000034, "optimizer_filter_pullup": 0.000002, "optimizer_filter_pushdown": 0.000035, "optimizer_cte_filter_pusher": 0.000001, "optimizer_regex_range": 0.0, "optimizer_in_clause": 0.000002, "optimizer_join_order": 0.000117, "optimizer_deliminator": 0.0, "optimizer_unnest_rewriter": 0.0, "optimizer_unused_columns": 0.000008, "optimizer_statistics_propagation": 0.000087, "optimizer_limit_pushdown": 0.0, "optimizer_top_n": 0.0, "optimizer_compressed_materialization": 0.0, "optimizer_duplicate_groups": 0.000002, "optimizer_reorder_filter": 0.000004, "optimizer_join_filter_pushdown": 0.000009, "optimizer_extension": 0.0, "optimizer_materialized_cte": 0.0, "optimizer_build_side_probe_side": 0.000009, "result_set_size": 1190, "optimizer_column_lifetime": 0.000014999999999999999, "operator_timing": 9.253125, "optimizer_common_aggregate": 0.000002, "operator_rows_scanned": 0, "optimizer_common_subexpressions": 0.000002, "cumulative_rows_scanned": 604640701, "operator_cardinality": 0, "cumulative_cardinality": 809563021, "extra_info": {}, "cpu_time": 18.181548999999972, "blocked_thread_time": 0.0, "query_name": "SELECT d_year, c_nation, SUM(lo_revenue - lo_supplycost) AS profit FROM date, customer, supplier, part, lineorder WHERE lo_custkey = c_custkey AND lo_suppkey = s_suppkey AND lo_partkey = p_partkey AND lo_orderdate = d_datekey AND c_region = 'AMERICA' AND s_region = 'AMERICA' AND (p_mfgr = 'MFGR#1' OR p_mfgr = 'MFGR#2') GROUP BY d_year, c_nation ORDER BY d_year, c_nation;", "children": [ { "result_set_size": 1190, "operator_timing": 0.000001, "operator_rows_scanned": 0, "cumulative_rows_scanned": 604640701, "operator_cardinality": 35, "cumulative_cardinality": 809563021, "extra_info": { "Projections": [ "__internal_decompress_integral_smallint(#0, 1992)", "__internal_decompress_string(#1)", "#2" ], "Estimated Cardinality": "154231" }, "operator_type": "PROJECTION", "cpu_time": 8.928423999999971, "children": [ { "result_set_size": 1155, "operator_timing": 0.000024999999999999998, "operator_rows_scanned": 0, "cumulative_rows_scanned": 604640701, "operator_cardinality": 35, "cumulative_cardinality": 809562986, "extra_info": { "Order By": [ "date.d_year ASC", "customer.c_nation ASC" ] }, "operator_type": "ORDER_BY", "cpu_time": 8.928422999999972, "children": [ { "result_set_size": 1155, "operator_timing": 0.0, "operator_rows_scanned": 0, "cumulative_rows_scanned": 604640701, "operator_cardinality": 35, "cumulative_cardinality": 809562951, "extra_info": { "Projections": [ "__internal_compress_integral_utinyint(#0, 1992)", "__internal_compress_string_hugeint(#1)", "#2" ], "Estimated Cardinality": "154231" }, "operator_type": "PROJECTION", "cpu_time": 8.928397999999971, "children": [ { "result_set_size": 1190, "operator_timing": 0.000002, "operator_rows_scanned": 0, "cumulative_rows_scanned": 604640701, "operator_cardinality": 35, "cumulative_cardinality": 809562916, "extra_info": { "Projections": [ "__internal_decompress_integral_smallint(#0, 1992)", "__internal_decompress_string(#1)", "#2" ], "Estimated Cardinality": "154231" }, "operator_type": "PROJECTION", "cpu_time": 8.928397999999971, "children": [ { "result_set_size": 1155, "operator_timing": 0.0752010000000038, "operator_rows_scanned": 0, "cumulative_rows_scanned": 604640701, "operator_cardinality": 35, "cumulative_cardinality": 809562881, "extra_info": { "Groups": [ "#0", "#1" ], "Aggregates": "sum(#2)", "Estimated Cardinality": "154231" }, "operator_type": "HASH_GROUP_BY", "cpu_time": 8.928395999999971, "children": [ { "result_set_size": 201608253, "operator_timing": 0.0034560000000001053, "operator_rows_scanned": 0, "cumulative_rows_scanned": 604640701, "operator_cardinality": 9600393, "cumulative_cardinality": 809562846, "extra_info": { "Projections": [ "d_year", "c_nation", "(lo_revenue - lo_supplycost)" ], "Estimated Cardinality": "7851106" }, "operator_type": "PROJECTION", "cpu_time": 8.853194999999968, "children": [ { "result_set_size": 547222401, "operator_timing": 0.05368799999999799, "operator_rows_scanned": 0, "cumulative_rows_scanned": 604640701, "operator_cardinality": 9600393, "cumulative_cardinality": 799962453, "extra_info": { "Projections": [ "#0", "#1", "#2", "#3", "#4", "#5", "#6", "#7", "#8", "__internal_compress_string_hugeint(#9)", "#10", "__internal_compress_integral_utinyint(#11, 1992)" ], "Estimated Cardinality": "7851106" }, "operator_type": "PROJECTION", "cpu_time": 8.849738999999968, "children": [ { "result_set_size": 556822794, "operator_timing": 0.011648000000000415, "operator_rows_scanned": 0, "cumulative_rows_scanned": 604640701, "operator_cardinality": 9600393, "cumulative_cardinality": 790362060, "extra_info": { "Join Type": "INNER", "Conditions": "lo_orderdate = d_datekey", "Build Min": "1992-01-01", "Build Max": "1998-12-30", "Estimated Cardinality": "7851106" }, "operator_type": "HASH_JOIN", "cpu_time": 8.79605099999997, "children": [ { "result_set_size": 499220436, "operator_timing": 1.731587999999987, "operator_rows_scanned": 0, "cumulative_rows_scanned": 604638145, "operator_cardinality": 9600393, "cumulative_cardinality": 780759111, "extra_info": { "Join Type": "INNER", "Conditions": "lo_custkey = c_custkey", "Estimated Cardinality": "7129271" }, "operator_type": "HASH_JOIN", "cpu_time": 8.784396999999968, "children": [ { "result_set_size": 1539313760, "operator_timing": 0.856499999995172, "operator_rows_scanned": 0, "cumulative_rows_scanned": 601638145, "operator_cardinality": 48103555, "cumulative_cardinality": 769959340, "extra_info": { "Join Type": "INNER", "Conditions": "lo_partkey = p_partkey", "Build Min": "1", "Build Max": "1000000", "Estimated Cardinality": "28974950" }, "operator_type": "HASH_JOIN", "cpu_time": 7.042095999999981, "children": [ { "result_set_size": 3370834208, "operator_timing": 1.927296000000959, "operator_rows_scanned": 0, "cumulative_rows_scanned": 600238145, "operator_cardinality": 120386936, "cumulative_cardinality": 720456188, "extra_info": { "Join Type": "INNER", "Conditions": "lo_suppkey = s_suppkey", "Build Min": "1", "Build Max": "200000", "Estimated Cardinality": "128755261" }, "operator_type": "HASH_JOIN", "cpu_time": 6.178225000004809, "children": [ { "result_set_size": 14400699048, "operator_timing": 4.250365000003851, "operator_rows_scanned": 600038145, "cumulative_rows_scanned": 600038145, "operator_cardinality": 600029127, "cumulative_cardinality": 600029127, "extra_info": { "Text": "lineorder", "Projections": [ "lo_custkey", "lo_suppkey", "lo_partkey", "lo_orderdate", "lo_revenue", "lo_supplycost" ], "Estimated Cardinality": "600038145" }, "operator_type": "TABLE_SCAN", "cpu_time": 4.250365000003851, "children": [] }, { "result_set_size": 160500, "operator_timing": 0.0005640000000000003, "operator_rows_scanned": 200000, "cumulative_rows_scanned": 200000, "operator_cardinality": 40125, "cumulative_cardinality": 40125, "extra_info": { "Text": "supplier", "Projections": "s_suppkey", "Filters": "s_region='AMERICA' AND s_region IS NOT NULL", "Estimated Cardinality": "40000" }, "operator_type": "TABLE_SCAN", "cpu_time": 0.0005640000000000003, "children": [] } ] }, { "result_set_size": 7991940, "operator_timing": 0.006754000000000024, "operator_rows_scanned": 0, "cumulative_rows_scanned": 1400000, "operator_cardinality": 399597, "cumulative_cardinality": 1399597, "extra_info": { "Expression": "((p_mfgr = 'MFGR#1') OR (p_mfgr = 'MFGR#2'))", "Estimated Cardinality": "1400000" }, "operator_type": "FILTER", "cpu_time": 0.007371000000000029, "children": [ { "result_set_size": 20000000, "operator_timing": 0.000617000000000005, "operator_rows_scanned": 1400000, "cumulative_rows_scanned": 1400000, "operator_cardinality": 1000000, "cumulative_cardinality": 1000000, "extra_info": { "Text": "part", "Projections": [ "p_partkey", "p_mfgr" ], "Filters": "p_partkey<=1000000 AND p_partkey IS NOT NULL", "Estimated Cardinality": "1400000" }, "operator_type": "TABLE_SCAN", "cpu_time": 0.000617000000000005, "children": [] } ] } ] }, { "result_set_size": 11993780, "operator_timing": 0.0009130000000000156, "operator_rows_scanned": 0, "cumulative_rows_scanned": 3000000, "operator_cardinality": 599689, "cumulative_cardinality": 1199378, "extra_info": { "Expression": "(c_custkey <= 2999999)", "Estimated Cardinality": "600000" }, "operator_type": "FILTER", "cpu_time": 0.01071300000000014, "children": [ { "result_set_size": 11993780, "operator_timing": 0.009800000000000125, "operator_rows_scanned": 3000000, "cumulative_rows_scanned": 3000000, "operator_cardinality": 599689, "cumulative_cardinality": 599689, "extra_info": { "Text": "customer", "Projections": [ "c_custkey", "c_nation" ], "Filters": "c_region='AMERICA' AND c_region IS NOT NULL", "Estimated Cardinality": "600000" }, "operator_type": "TABLE_SCAN", "cpu_time": 0.009800000000000125, "children": [] } ] } ] }, { "result_set_size": 15336, "operator_timing": 0.000006, "operator_rows_scanned": 2556, "cumulative_rows_scanned": 2556, "operator_cardinality": 2556, "cumulative_cardinality": 2556, "extra_info": { "Text": "date", "Projections": [ "d_datekey", "d_year" ], "Estimated Cardinality": "2556" }, "operator_type": "TABLE_SCAN", "cpu_time": 0.000006, "children": [] } ] } ] } ] } ] } ] } ] } ] } ] } ] }, { "benchmark_name": "SSBQ4v1S100T1", "scale_factor": "100", "thread_count": "1", "all_optimizers": 0.00033500000000000007, "cumulative_optimizer_timing": 0.000335, "planner": 0.000147, "planner_binding": 0.000145, "physical_planner": 0.000031, "physical_planner_column_binding": 0.000006, "physical_planner_resolve_types": 0.000001, "physical_planner_create_plan": 0.00002, "optimizer_expression_rewriter": 0.000037, "optimizer_filter_pullup": 0.000001, "optimizer_filter_pushdown": 0.000039, "optimizer_cte_filter_pusher": 0.000001, "optimizer_regex_range": 0.0, "optimizer_in_clause": 0.000002, "optimizer_join_order": 0.000117, "optimizer_deliminator": 0.0, "optimizer_unnest_rewriter": 0.0, "optimizer_unused_columns": 0.000007, "optimizer_statistics_propagation": 0.000087, "optimizer_limit_pushdown": 0.0, "optimizer_top_n": 0.0, "optimizer_compressed_materialization": 0.0, "optimizer_duplicate_groups": 0.000003, "optimizer_reorder_filter": 0.000003, "optimizer_join_filter_pushdown": 0.00001, "optimizer_extension": 0.0, "optimizer_materialized_cte": 0.0, "optimizer_build_side_probe_side": 0.000008, "result_set_size": 1190, "optimizer_column_lifetime": 0.000014999999999999999, "operator_timing": 11.342828, "optimizer_common_aggregate": 0.000002, "operator_rows_scanned": 0, "optimizer_common_subexpressions": 0.000003, "cumulative_rows_scanned": 604640701, "operator_cardinality": 0, "cumulative_cardinality": 809563021, "extra_info": {}, "cpu_time": 22.33852499999746, "blocked_thread_time": 0.0, "query_name": "SELECT d_year, c_nation, SUM(lo_revenue - lo_supplycost) AS profit FROM date, customer, supplier, part, lineorder WHERE lo_custkey = c_custkey AND lo_suppkey = s_suppkey AND lo_partkey = p_partkey AND lo_orderdate = d_datekey AND c_region = 'AMERICA' AND s_region = 'AMERICA' AND (p_mfgr = 'MFGR#1' OR p_mfgr = 'MFGR#2') GROUP BY d_year, c_nation ORDER BY d_year, c_nation;", "children": [ { "result_set_size": 1190, "operator_timing": 0.0, "operator_rows_scanned": 0, "cumulative_rows_scanned": 604640701, "operator_cardinality": 35, "cumulative_cardinality": 809563021, "extra_info": { "Projections": [ "__internal_decompress_integral_smallint(#0, 1992)", "__internal_decompress_string(#1)", "#2" ], "Estimated Cardinality": "154231" }, "operator_type": "PROJECTION", "cpu_time": 10.995696999997461, "children": [ { "result_set_size": 1155, "operator_timing": 0.000021000000000000002, "operator_rows_scanned": 0, "cumulative_rows_scanned": 604640701, "operator_cardinality": 35, "cumulative_cardinality": 809562986, "extra_info": { "Order By": [ "date.d_year ASC", "customer.c_nation ASC" ] }, "operator_type": "ORDER_BY", "cpu_time": 10.995696999997461, "children": [ { "result_set_size": 1155, "operator_timing": 0.000001, "operator_rows_scanned": 0, "cumulative_rows_scanned": 604640701, "operator_cardinality": 35, "cumulative_cardinality": 809562951, "extra_info": { "Projections": [ "__internal_compress_integral_utinyint(#0, 1992)", "__internal_compress_string_hugeint(#1)", "#2" ], "Estimated Cardinality": "154231" }, "operator_type": "PROJECTION", "cpu_time": 10.995675999997461, "children": [ { "result_set_size": 1190, "operator_timing": 0.000002, "operator_rows_scanned": 0, "cumulative_rows_scanned": 604640701, "operator_cardinality": 35, "cumulative_cardinality": 809562916, "extra_info": { "Projections": [ "__internal_decompress_integral_smallint(#0, 1992)", "__internal_decompress_string(#1)", "#2" ], "Estimated Cardinality": "154231" }, "operator_type": "PROJECTION", "cpu_time": 10.995674999997462, "children": [ { "result_set_size": 1155, "operator_timing": 0.0828410000000041, "operator_rows_scanned": 0, "cumulative_rows_scanned": 604640701, "operator_cardinality": 35, "cumulative_cardinality": 809562881, "extra_info": { "Groups": [ "#0", "#1" ], "Aggregates": "sum(#2)", "Estimated Cardinality": "154231" }, "operator_type": "HASH_GROUP_BY", "cpu_time": 10.995672999997462, "children": [ { "result_set_size": 201608253, "operator_timing": 0.004725000000000176, "operator_rows_scanned": 0, "cumulative_rows_scanned": 604640701, "operator_cardinality": 9600393, "cumulative_cardinality": 809562846, "extra_info": { "Projections": [ "d_year", "c_nation", "(lo_revenue - lo_supplycost)" ], "Estimated Cardinality": "7851106" }, "operator_type": "PROJECTION", "cpu_time": 10.912831999997458, "children": [ { "result_set_size": 547222401, "operator_timing": 0.05787699999999792, "operator_rows_scanned": 0, "cumulative_rows_scanned": 604640701, "operator_cardinality": 9600393, "cumulative_cardinality": 799962453, "extra_info": { "Projections": [ "#0", "#1", "#2", "#3", "#4", "#5", "#6", "#7", "#8", "__internal_compress_string_hugeint(#9)", "#10", "__internal_compress_integral_utinyint(#11, 1992)" ], "Estimated Cardinality": "7851106" }, "operator_type": "PROJECTION", "cpu_time": 10.908106999997457, "children": [ { "result_set_size": 556822794, "operator_timing": 0.012543000000000231, "operator_rows_scanned": 0, "cumulative_rows_scanned": 604640701, "operator_cardinality": 9600393, "cumulative_cardinality": 790362060, "extra_info": { "Join Type": "INNER", "Conditions": "lo_orderdate = d_datekey", "Build Min": "1992-01-01", "Build Max": "1998-12-30", "Estimated Cardinality": "7851106" }, "operator_type": "HASH_JOIN", "cpu_time": 10.85022999999746, "children": [ { "result_set_size": 499220436, "operator_timing": 1.8861659999997247, "operator_rows_scanned": 0, "cumulative_rows_scanned": 604638145, "operator_cardinality": 9600393, "cumulative_cardinality": 780759111, "extra_info": { "Join Type": "INNER", "Conditions": "lo_custkey = c_custkey", "Estimated Cardinality": "7129271" }, "operator_type": "HASH_JOIN", "cpu_time": 10.83767899999746, "children": [ { "result_set_size": 1539313760, "operator_timing": 1.0033669999953438, "operator_rows_scanned": 0, "cumulative_rows_scanned": 601638145, "operator_cardinality": 48103555, "cumulative_cardinality": 769959340, "extra_info": { "Join Type": "INNER", "Conditions": "lo_partkey = p_partkey", "Build Min": "1", "Build Max": "1000000", "Estimated Cardinality": "28974950" }, "operator_type": "HASH_JOIN", "cpu_time": 8.940719999997736, "children": [ { "result_set_size": 3370834208, "operator_timing": 1.9641610000018634, "operator_rows_scanned": 0, "cumulative_rows_scanned": 600238145, "operator_cardinality": 120386936, "cumulative_cardinality": 720456188, "extra_info": { "Join Type": "INNER", "Conditions": "lo_suppkey = s_suppkey", "Build Min": "1", "Build Max": "200000", "Estimated Cardinality": "128755261" }, "operator_type": "HASH_JOIN", "cpu_time": 7.929858000002391, "children": [ { "result_set_size": 14400699048, "operator_timing": 5.965135000000528, "operator_rows_scanned": 600038145, "cumulative_rows_scanned": 600038145, "operator_cardinality": 600029127, "cumulative_cardinality": 600029127, "extra_info": { "Text": "lineorder", "Projections": [ "lo_custkey", "lo_suppkey", "lo_partkey", "lo_orderdate", "lo_revenue", "lo_supplycost" ], "Estimated Cardinality": "600038145" }, "operator_type": "TABLE_SCAN", "cpu_time": 5.965135000000528, "children": [] }, { "result_set_size": 160500, "operator_timing": 0.0005620000000000002, "operator_rows_scanned": 200000, "cumulative_rows_scanned": 200000, "operator_cardinality": 40125, "cumulative_cardinality": 40125, "extra_info": { "Text": "supplier", "Projections": "s_suppkey", "Filters": "s_region='AMERICA' AND s_region IS NOT NULL", "Estimated Cardinality": "40000" }, "operator_type": "TABLE_SCAN", "cpu_time": 0.0005620000000000002, "children": [] } ] }, { "result_set_size": 7991940, "operator_timing": 0.0068740000000000225, "operator_rows_scanned": 0, "cumulative_rows_scanned": 1400000, "operator_cardinality": 399597, "cumulative_cardinality": 1399597, "extra_info": { "Expression": "((p_mfgr = 'MFGR#1') OR (p_mfgr = 'MFGR#2'))", "Estimated Cardinality": "1400000" }, "operator_type": "FILTER", "cpu_time": 0.007495000000000028, "children": [ { "result_set_size": 20000000, "operator_timing": 0.0006210000000000048, "operator_rows_scanned": 1400000, "cumulative_rows_scanned": 1400000, "operator_cardinality": 1000000, "cumulative_cardinality": 1000000, "extra_info": { "Text": "part", "Projections": [ "p_partkey", "p_mfgr" ], "Filters": "p_partkey<=1000000 AND p_partkey IS NOT NULL", "Estimated Cardinality": "1400000" }, "operator_type": "TABLE_SCAN", "cpu_time": 0.0006210000000000048, "children": [] } ] } ] }, { "result_set_size": 11993780, "operator_timing": 0.0008840000000000149, "operator_rows_scanned": 0, "cumulative_rows_scanned": 3000000, "operator_cardinality": 599689, "cumulative_cardinality": 1199378, "extra_info": { "Expression": "(c_custkey <= 2999999)", "Estimated Cardinality": "600000" }, "operator_type": "FILTER", "cpu_time": 0.010793000000000132, "children": [ { "result_set_size": 11993780, "operator_timing": 0.009909000000000117, "operator_rows_scanned": 3000000, "cumulative_rows_scanned": 3000000, "operator_cardinality": 599689, "cumulative_cardinality": 599689, "extra_info": { "Text": "customer", "Projections": [ "c_custkey", "c_nation" ], "Filters": "c_region='AMERICA' AND c_region IS NOT NULL", "Estimated Cardinality": "600000" }, "operator_type": "TABLE_SCAN", "cpu_time": 0.009909000000000117, "children": [] } ] } ] }, { "result_set_size": 15336, "operator_timing": 0.000008, "operator_rows_scanned": 2556, "cumulative_rows_scanned": 2556, "operator_cardinality": 2556, "cumulative_cardinality": 2556, "extra_info": { "Text": "date", "Projections": [ "d_datekey", "d_year" ], "Estimated Cardinality": "2556" }, "operator_type": "TABLE_SCAN", "cpu_time": 0.000008, "children": [] } ] } ] } ] } ] } ] } ] } ] } ] } ] }
]
